#
# A fatal error has been detected by the Java Runtime Environment:
#
#  SIGSEGV (0xb) at pc=0xb70cda79, pid=6873, tid=0x63b5db40
#
# JRE version: OpenJDK Runtime Environment (8.0_151-b12) (build 1.8.0_151-8u151-b12-1-b12)
# Java VM: OpenJDK Server VM (25.151-b12 mixed mode linux-x86 )
# Problematic frame:
# V  [libjvm.so+0x36fa79]
#
# Failed to write core dump. Core dumps have been disabled. To enable core dumping, try "ulimit -c unlimited" before starting Java again
#
# If you would like to submit a bug report, please visit:
#   http://bugreport.java.com/bugreport/crash.jsp
#

---------------  T H R E A D  ---------------

Current thread (0xb6afc800):  JavaThread "C2 CompilerThread0" daemon [_thread_in_native, id=6888, stack(0x63add000,0x63b5e000)]

siginfo: si_signo: 11 (SIGSEGV), si_code: 1 (SEGV_MAPERR), si_addr: 0xf214c504

Registers:
EAX=0xf214c500, EBX=0xb789d000, ECX=0x027068b0, EDX=0x027068b0
ESP=0x63b5b980, EBP=0x63b5b9a8, ESI=0xb78a79e0, EDI=0x63b5c934
EIP=0xb70cda79, EFLAGS=0x00010202, CR2=0xf214c504

Top of Stack: (sp=0x63b5b980)
0x63b5b980:   63c13d98 00000008 b742346b 0000779c
0x63b5b990:   b789d000 0268796c b70cda5b b789d000
0x63b5b9a0:   027068b0 63b5be64 63b5ba08 b75048c6
0x63b5b9b0:   63b5c934 027068b0 63b5ba08 b74fee07
0x63b5b9c0:   02510908 0250af4c 63b5ba08 b75ac49c
0x63b5b9d0:   02510908 025f1264 b789d000 02510908
0x63b5b9e0:   025f1264 0272e1e4 63c13d98 0250af4c
0x63b5b9f0:   02510908 b789d000 b75ac3db 000026cb 

Instructions: (pc=0xb70cda79)
0xb70cda59:   d4 ff 81 c3 a5 f5 7c 00 83 ec 1c 8b 55 0c 8b 7d
0xb70cda69:   08 8d b3 e0 a9 00 00 8b 42 08 8d 04 40 8d 04 c6
0xb70cda79:   8b 40 04 83 e8 06 83 f8 0c 0f 87 d8 00 00 00 8b
0xb70cda89:   8c 83 3c 1a e0 ff 01 d9 ff e1 90 8d 74 26 00 83 

Register to memory mapping:

EAX=0xf214c500 is an unknown value
EBX=0xb789d000: <offset 0xb3f000> in /usr/lib/jvm/java-8-openjdk-i386/jre/lib/i386/server/libjvm.so at 0xb6d5e000
ECX=0x027068b0 is an unknown value
EDX=0x027068b0 is an unknown value
ESP=0x63b5b980 is pointing into the stack for thread: 0xb6afc800
EBP=0x63b5b9a8 is pointing into the stack for thread: 0xb6afc800
ESI=0xb78a79e0: <offset 0xb499e0> in /usr/lib/jvm/java-8-openjdk-i386/jre/lib/i386/server/libjvm.so at 0xb6d5e000
EDI=0x63b5c934 is pointing into the stack for thread: 0xb6afc800


Stack: [0x63add000,0x63b5e000],  sp=0x63b5b980,  free space=506k
Native frames: (J=compiled Java code, j=interpreted, Vv=VM code, C=native code)
V  [libjvm.so+0x36fa79]
V  [libjvm.so+0x7a68c6]
V  [libjvm.so+0x7a6139]
V  [libjvm.so+0x7a3572]
V  [libjvm.so+0x328920]
V  [libjvm.so+0x32a91e]
V  [libjvm.so+0x27a468]
V  [libjvm.so+0x335816]
V  [libjvm.so+0x337a96]
V  [libjvm.so+0x898327]
V  [libjvm.so+0x89d126]
V  [libjvm.so+0x89d560]
V  [libjvm.so+0x74fec5]
C  [libpthread.so.0+0x627a]  start_thread+0xda
C  [libc.so.6+0xe7ae6]  clone+0x66


Current CompileTask:
C2:  46191 4223   !   4       org.eclipse.osgi.internal.loader.classpath.ClasspathManager::defineClass (636 bytes)


---------------  P R O C E S S  ---------------

Java Threads: ( => current thread )
  0x5f48f400 JavaThread "Worker-5" [_thread_blocked, id=6955, stack(0x5ef5e000,0x5efaf000)]
  0x01d32800 JavaThread "Worker-4" [_thread_blocked, id=6954, stack(0x5f0af000,0x5f100000)]
  0x01d4f400 JavaThread "Worker-3" [_thread_blocked, id=6952, stack(0x5f680000,0x5f6d1000)]
  0xa74fe000 JavaThread "Bundle File Closer" daemon [_thread_blocked, id=6951, stack(0x5fbbc000,0x5fc0d000)]
  0x63776000 JavaThread "pool-1-thread-1" [_thread_in_native, id=6950, stack(0x5fc0d000,0x5fc5e000)]
  0x60c8a000 JavaThread "pool-2-thread-1" [_thread_blocked, id=6949, stack(0x5fd5e000,0x5fdaf000)]
  0x6079a800 JavaThread "Worker-2" [_thread_blocked, id=6942, stack(0x5fdaf000,0x5fe00000)]
  0xa723ec00 JavaThread "Worker-1" [_thread_blocked, id=6927, stack(0x5fb04000,0x5fb55000)]
  0x5fed0400 JavaThread "Java indexing" daemon [_thread_blocked, id=6926, stack(0x5fb55000,0x5fba6000)]
  0x63778400 JavaThread "Worker-0" [_thread_blocked, id=6912, stack(0x61156000,0x611a7000)]
  0x6109b000 JavaThread "Worker-JM" [_thread_blocked, id=6911, stack(0x611a7000,0x611f8000)]
  0x637c6400 JavaThread "Start Level: Equinox Container: bee3f92e-fafd-444e-b3c8-8ca574d64c70" daemon [_thread_blocked, id=6910, stack(0x616fc000,0x6174d000)]
  0xa721d800 JavaThread "Framework Event Dispatcher: org.eclipse.osgi.internal.framework.EquinoxEventPublisher@e955a8" daemon [_thread_blocked, id=6909, stack(0x6174d000,0x6179e000)]
  0x637bc800 JavaThread "Refresh Thread: Equinox Container: bee3f92e-fafd-444e-b3c8-8ca574d64c70" daemon [_thread_blocked, id=6908, stack(0x617ae000,0x617ff000)]
  0x63628000 JavaThread "Active Thread: Equinox Container: bee3f92e-fafd-444e-b3c8-8ca574d64c70" [_thread_blocked, id=6907, stack(0x6390b000,0x6395c000)]
  0x63857000 JavaThread "process reaper" daemon [_thread_blocked, id=6906, stack(0xa7003000,0xa701c000)]
  0x63c02c00 JavaThread "Service Thread" daemon [_thread_blocked, id=6890, stack(0x63a0b000,0x63a5c000)]
  0xb6afe800 JavaThread "C1 CompilerThread1" daemon [_thread_blocked, id=6889, stack(0x63a5c000,0x63add000)]
=>0xb6afc800 JavaThread "C2 CompilerThread0" daemon [_thread_in_native, id=6888, stack(0x63add000,0x63b5e000)]
  0xb6afb000 JavaThread "Signal Dispatcher" daemon [_thread_blocked, id=6887, stack(0x63b5e000,0x63baf000)]
  0xb6af9800 JavaThread "Surrogate Locker Thread (Concurrent GC)" daemon [_thread_blocked, id=6886, stack(0x63baf000,0x63c00000)]
  0xb6adb800 JavaThread "Finalizer" daemon [_thread_blocked, id=6885, stack(0x63e96000,0x63ee7000)]
  0xb6ad5400 JavaThread "Reference Handler" daemon [_thread_blocked, id=6884, stack(0x63ee7000,0x63f38000)]
  0xb6a08000 JavaThread "main" [_thread_blocked, id=6874, stack(0xb6b1f000,0xb6b70000)]

Other Threads:
  0xb6ad0800 VMThread [stack: 0x63f38000,0x63fb9000] [id=6883]
  0x63c04c00 WatcherThread [stack: 0x6398a000,0x63a0b000] [id=6891]

VM state:not at safepoint (normal execution)

VM Mutex/Monitor currently owned by a thread: None

Heap:
 garbage-first heap   total 95232K, used 34816K [0x67000000, 0x67100174, 0xa7000000)
  region size 1024K, 10 young (10240K), 6 survivors (6144K)
 Metaspace       used 30003K, capacity 31017K, committed 31128K, reserved 32048K

Heap Regions: (Y=young(eden), SU=young(survivor), HS=humongous(starts), HC=humongous(continues), CS=collection set, F=free, TS=gc time stamp, PTAMS=previous top-at-mark-start, NTAMS=next top-at-mark-start)
AC   0  O    TS     0 PTAMS 0x67100000 NTAMS 0x67100000 space 1024K, 100% used [0x67000000, 0x67100000)
AC   0  O    TS     0 PTAMS 0x67200000 NTAMS 0x67200000 space 1024K, 100% used [0x67100000, 0x67200000)
AC   0  O    TS     0 PTAMS 0x67300000 NTAMS 0x67300000 space 1024K, 100% used [0x67200000, 0x67300000)
AC   0  F    TS     0 PTAMS 0x67300000 NTAMS 0x67300000 space 1024K,   0% used [0x67300000, 0x67400000)
AC   0  O    TS     0 PTAMS 0x67500000 NTAMS 0x67500000 space 1024K, 100% used [0x67400000, 0x67500000)
AC   0  O    TS     0 PTAMS 0x67600000 NTAMS 0x67600000 space 1024K, 100% used [0x67500000, 0x67600000)
AC   0  O    TS     0 PTAMS 0x67700000 NTAMS 0x67700000 space 1024K, 100% used [0x67600000, 0x67700000)
AC   0  O    TS     0 PTAMS 0x67800000 NTAMS 0x67800000 space 1024K, 100% used [0x67700000, 0x67800000)
AC   0  F    TS     0 PTAMS 0x67800000 NTAMS 0x67800000 space 1024K,   0% used [0x67800000, 0x67900000)
AC   0  O    TS     0 PTAMS 0x67a00000 NTAMS 0x67a00000 space 1024K, 100% used [0x67900000, 0x67a00000)
AC   0  F    TS     0 PTAMS 0x67a00000 NTAMS 0x67a00000 space 1024K,   0% used [0x67a00000, 0x67b00000)
AC   0  F    TS     0 PTAMS 0x67b00000 NTAMS 0x67b00000 space 1024K,   0% used [0x67b00000, 0x67c00000)
AC   0  O    TS     0 PTAMS 0x67d00000 NTAMS 0x67d00000 space 1024K, 100% used [0x67c00000, 0x67d00000)
AC   0  O    TS     0 PTAMS 0x67e00000 NTAMS 0x67e00000 space 1024K, 100% used [0x67d00000, 0x67e00000)
AC   0  O    TS     0 PTAMS 0x67f00000 NTAMS 0x67f00000 space 1024K, 100% used [0x67e00000, 0x67f00000)
AC   0  O    TS     0 PTAMS 0x68000000 NTAMS 0x68000000 space 1024K, 100% used [0x67f00000, 0x68000000)
AC   0  O    TS     0 PTAMS 0x68100000 NTAMS 0x68100000 space 1024K, 100% used [0x68000000, 0x68100000)
AC   0  O    TS     0 PTAMS 0x68200000 NTAMS 0x68200000 space 1024K, 100% used [0x68100000, 0x68200000)
AC   0  F    TS     0 PTAMS 0x68200000 NTAMS 0x68200000 space 1024K,   0% used [0x68200000, 0x68300000)
AC   0  O    TS     0 PTAMS 0x68400000 NTAMS 0x68400000 space 1024K, 100% used [0x68300000, 0x68400000)
AC   0  O    TS     0 PTAMS 0x68500000 NTAMS 0x68500000 space 1024K, 100% used [0x68400000, 0x68500000)
AC   0  O    TS     0 PTAMS 0x68600000 NTAMS 0x68600000 space 1024K, 100% used [0x68500000, 0x68600000)
AC   0  O    TS     0 PTAMS 0x68700000 NTAMS 0x68700000 space 1024K, 100% used [0x68600000, 0x68700000)
AC   0  O    TS     0 PTAMS 0x68800000 NTAMS 0x68800000 space 1024K, 100% used [0x68700000, 0x68800000)
AC   0  O    TS     0 PTAMS 0x68900000 NTAMS 0x68900000 space 1024K, 100% used [0x68800000, 0x68900000)
AC   0  O    TS     0 PTAMS 0x68a00000 NTAMS 0x68a00000 space 1024K, 100% used [0x68900000, 0x68a00000)
AC   0  O    TS     0 PTAMS 0x68b00000 NTAMS 0x68b00000 space 1024K, 100% used [0x68a00000, 0x68b00000)
AC   0  O    TS     0 PTAMS 0x68c00000 NTAMS 0x68c00000 space 1024K, 100% used [0x68b00000, 0x68c00000)
AC   0  O    TS     0 PTAMS 0x68d00000 NTAMS 0x68d00000 space 1024K, 100% used [0x68c00000, 0x68d00000)
AC   0  O    TS     0 PTAMS 0x68d80000 NTAMS 0x68d80000 space 1024K,  50% used [0x68d00000, 0x68e00000)
AC   0 HS    TS     0 PTAMS 0x68e00000 NTAMS 0x68e00000 space 1024K,  50% used [0x68e00000, 0x68f00000)
AC   0  F    TS     0 PTAMS 0x68f00000 NTAMS 0x68f00000 space 1024K,   0% used [0x68f00000, 0x69000000)
AC   0  F    TS     0 PTAMS 0x69000000 NTAMS 0x69000000 space 1024K,   0% used [0x69000000, 0x69100000)
AC   0  F    TS     0 PTAMS 0x69100000 NTAMS 0x69100000 space 1024K,   0% used [0x69100000, 0x69200000)
AC   0  F    TS     0 PTAMS 0x69200000 NTAMS 0x69200000 space 1024K,   0% used [0x69200000, 0x69300000)
AC   0  F    TS     0 PTAMS 0x69300000 NTAMS 0x69300000 space 1024K,   0% used [0x69300000, 0x69400000)
AC   0  F    TS     0 PTAMS 0x69400000 NTAMS 0x69400000 space 1024K,   0% used [0x69400000, 0x69500000)
AC   0  F    TS     0 PTAMS 0x69500000 NTAMS 0x69500000 space 1024K,   0% used [0x69500000, 0x69600000)
AC   0  F    TS     0 PTAMS 0x69600000 NTAMS 0x69600000 space 1024K,   0% used [0x69600000, 0x69700000)
AC   0  F    TS     0 PTAMS 0x69700000 NTAMS 0x69700000 space 1024K,   0% used [0x69700000, 0x69800000)
AC   0  F    TS     0 PTAMS 0x69800000 NTAMS 0x69800000 space 1024K,   0% used [0x69800000, 0x69900000)
AC   0  F    TS     0 PTAMS 0x69900000 NTAMS 0x69900000 space 1024K,   0% used [0x69900000, 0x69a00000)
AC   0  F    TS     0 PTAMS 0x69a00000 NTAMS 0x69a00000 space 1024K,   0% used [0x69a00000, 0x69b00000)
AC   0  F    TS     0 PTAMS 0x69b00000 NTAMS 0x69b00000 space 1024K,   0% used [0x69b00000, 0x69c00000)
AC   0  F    TS     0 PTAMS 0x69c00000 NTAMS 0x69c00000 space 1024K,   0% used [0x69c00000, 0x69d00000)
AC   0  F    TS     0 PTAMS 0x69d00000 NTAMS 0x69d00000 space 1024K,   0% used [0x69d00000, 0x69e00000)
AC   0  F    TS     0 PTAMS 0x69e00000 NTAMS 0x69e00000 space 1024K,   0% used [0x69e00000, 0x69f00000)
AC   0  F    TS     0 PTAMS 0x69f00000 NTAMS 0x69f00000 space 1024K,   0% used [0x69f00000, 0x6a000000)
AC   0  F    TS     0 PTAMS 0x6a000000 NTAMS 0x6a000000 space 1024K,   0% used [0x6a000000, 0x6a100000)
AC   0  F    TS     0 PTAMS 0x6a100000 NTAMS 0x6a100000 space 1024K,   0% used [0x6a100000, 0x6a200000)
AC   0  F    TS     0 PTAMS 0x6a200000 NTAMS 0x6a200000 space 1024K,   0% used [0x6a200000, 0x6a300000)
AC   0  F    TS     0 PTAMS 0x6a300000 NTAMS 0x6a300000 space 1024K,   0% used [0x6a300000, 0x6a400000)
AC   0  F    TS     0 PTAMS 0x6a400000 NTAMS 0x6a400000 space 1024K,   0% used [0x6a400000, 0x6a500000)
AC   0  F    TS     0 PTAMS 0x6a500000 NTAMS 0x6a500000 space 1024K,   0% used [0x6a500000, 0x6a600000)
AC   0  F    TS     0 PTAMS 0x6a600000 NTAMS 0x6a600000 space 1024K,   0% used [0x6a600000, 0x6a700000)
AC   0  S CS TS     0 PTAMS 0x6a700000 NTAMS 0x6a700000 space 1024K, 100% used [0x6a700000, 0x6a800000)
AC   0  S CS TS     0 PTAMS 0x6a800000 NTAMS 0x6a800000 space 1024K, 100% used [0x6a800000, 0x6a900000)
AC   0  S CS TS     0 PTAMS 0x6a900000 NTAMS 0x6a900000 space 1024K, 100% used [0x6a900000, 0x6aa00000)
AC   0  S CS TS     0 PTAMS 0x6aa00000 NTAMS 0x6aa00000 space 1024K, 100% used [0x6aa00000, 0x6ab00000)
AC   0  S CS TS     0 PTAMS 0x6ab00000 NTAMS 0x6ab00000 space 1024K, 100% used [0x6ab00000, 0x6ac00000)
AC   0  S CS TS     0 PTAMS 0x6ac00000 NTAMS 0x6ac00000 space 1024K, 100% used [0x6ac00000, 0x6ad00000)
AC   0  F    TS     0 PTAMS 0x6ad00000 NTAMS 0x6ad00000 space 1024K,   0% used [0x6ad00000, 0x6ae00000)
AC   0  F    TS     0 PTAMS 0x6ae00000 NTAMS 0x6ae00000 space 1024K,   0% used [0x6ae00000, 0x6af00000)
AC   0  F    TS     0 PTAMS 0x6af00000 NTAMS 0x6af00000 space 1024K,   0% used [0x6af00000, 0x6b000000)
AC   0  F    TS     0 PTAMS 0x6b000000 NTAMS 0x6b000000 space 1024K,   0% used [0x6b000000, 0x6b100000)
AC   0  F    TS     0 PTAMS 0x6b100000 NTAMS 0x6b100000 space 1024K,   0% used [0x6b100000, 0x6b200000)
AC   0  F    TS     0 PTAMS 0x6b200000 NTAMS 0x6b200000 space 1024K,   0% used [0x6b200000, 0x6b300000)
AC   0  F    TS     0 PTAMS 0x6b300000 NTAMS 0x6b300000 space 1024K,   0% used [0x6b300000, 0x6b400000)
AC   0  F    TS     0 PTAMS 0x6b400000 NTAMS 0x6b400000 space 1024K,   0% used [0x6b400000, 0x6b500000)
AC   0  F    TS     0 PTAMS 0x6b500000 NTAMS 0x6b500000 space 1024K,   0% used [0x6b500000, 0x6b600000)
AC   0  F    TS     0 PTAMS 0x6b600000 NTAMS 0x6b600000 space 1024K,   0% used [0x6b600000, 0x6b700000)
AC   0  F    TS     0 PTAMS 0x6b700000 NTAMS 0x6b700000 space 1024K,   0% used [0x6b700000, 0x6b800000)
AC   0  F    TS     0 PTAMS 0x6b800000 NTAMS 0x6b800000 space 1024K,   0% used [0x6b800000, 0x6b900000)
AC   0  F    TS     0 PTAMS 0x6b900000 NTAMS 0x6b900000 space 1024K,   0% used [0x6b900000, 0x6ba00000)
AC   0  F    TS     0 PTAMS 0x6ba00000 NTAMS 0x6ba00000 space 1024K,   0% used [0x6ba00000, 0x6bb00000)
AC   0  F    TS     0 PTAMS 0x6bb00000 NTAMS 0x6bb00000 space 1024K,   0% used [0x6bb00000, 0x6bc00000)
AC   0  F    TS     0 PTAMS 0x6bc00000 NTAMS 0x6bc00000 space 1024K,   0% used [0x6bc00000, 0x6bd00000)
AC   0  F    TS     0 PTAMS 0x6bd00000 NTAMS 0x6bd00000 space 1024K,   0% used [0x6bd00000, 0x6be00000)
AC   0  F    TS     0 PTAMS 0x6be00000 NTAMS 0x6be00000 space 1024K,   0% used [0x6be00000, 0x6bf00000)
AC   0  F    TS     0 PTAMS 0x6bf00000 NTAMS 0x6bf00000 space 1024K,   0% used [0x6bf00000, 0x6c000000)
AC   0  F    TS     0 PTAMS 0x6c000000 NTAMS 0x6c000000 space 1024K,   0% used [0x6c000000, 0x6c100000)
AC   0  F    TS     0 PTAMS 0x6c100000 NTAMS 0x6c100000 space 1024K,   0% used [0x6c100000, 0x6c200000)
AC   0  F    TS     0 PTAMS 0x6c200000 NTAMS 0x6c200000 space 1024K,   0% used [0x6c200000, 0x6c300000)
AC   0  F    TS     0 PTAMS 0x6c300000 NTAMS 0x6c300000 space 1024K,   0% used [0x6c300000, 0x6c400000)
AC   0  F    TS     0 PTAMS 0x6c400000 NTAMS 0x6c400000 space 1024K,   0% used [0x6c400000, 0x6c500000)
AC   0  F    TS     0 PTAMS 0x6c500000 NTAMS 0x6c500000 space 1024K,   0% used [0x6c500000, 0x6c600000)
AC   0  F    TS     0 PTAMS 0x6c600000 NTAMS 0x6c600000 space 1024K,   0% used [0x6c600000, 0x6c700000)
AC   0  F    TS     0 PTAMS 0x6c700000 NTAMS 0x6c700000 space 1024K,   0% used [0x6c700000, 0x6c800000)
AC   0  F    TS     0 PTAMS 0x6c800000 NTAMS 0x6c800000 space 1024K,   0% used [0x6c800000, 0x6c900000)
AC   0  E CS TS     0 PTAMS 0x6c900000 NTAMS 0x6c900000 space 1024K, 100% used [0x6c900000, 0x6ca00000)
AC   0  E CS TS     0 PTAMS 0x6ca00000 NTAMS 0x6ca00000 space 1024K, 100% used [0x6ca00000, 0x6cb00000)
AC   0  E CS TS     0 PTAMS 0x6cb00000 NTAMS 0x6cb00000 space 1024K, 100% used [0x6cb00000, 0x6cc00000)
AC   0  E CS TS     0 PTAMS 0x6cc00000 NTAMS 0x6cc00000 space 1024K, 100% used [0x6cc00000, 0x6cd00000)

Card table byte_map: [0x66a00000,0x66c00000] byte_map_base: 0x666c8000

Marking Bits (Prev, Next): (CMBitMap*) 0xb6a450ec, (CMBitMap*) 0xb6a450c0
 Prev Bits: [0x64800000, 0x65800000)
 Next Bits: [0x65800000, 0x66800000)

Polling page: 0xb7ef4000

CodeCache: size=245760Kb used=9589Kb max_used=9589Kb free=236170Kb
 bounds [0xa798e000, 0xa8316000, 0xb698e000]
 total_blobs=3843 nmethods=3626 adapters=131
 compilation: enabled

Compilation events (10 events):
Event: 46.140 Thread 0xb6afe800 4227       3       java.net.URI::<init> (81 bytes)
Event: 46.145 Thread 0xb6afe800 nmethod 4227 0xa7c26148 code [0xa7c26320, 0xa7c269c4]
Event: 46.145 Thread 0xb6afe800 4228       3       java.net.URI::appendSchemeSpecificPart (183 bytes)
Event: 46.149 Thread 0xb6afe800 nmethod 4228 0xa830a988 code [0xa830ad80, 0xa830cbec]
Event: 46.149 Thread 0xb6afe800 4229       3       org.eclipse.core.internal.resources.Project::checkAccessible (42 bytes)
Event: 46.150 Thread 0xb6afe800 nmethod 4229 0xa7d95048 code [0xa7d95200, 0xa7d959b0]
Event: 46.150 Thread 0xb6afe800 4230       1       org.eclipse.jdt.internal.core.ClasspathEntry::getOutputLocation (5 bytes)
Event: 46.150 Thread 0xb6afe800 nmethod 4230 0xa830a788 code [0xa830a880, 0xa830a920]
Event: 46.164 Thread 0xb6afe800 4231       3       com.google.common.base.Preconditions::checkNotNull (14 bytes)
Event: 46.165 Thread 0xb6afe800 nmethod 4231 0xa8095448 code [0xa8095560, 0xa809568c]

GC Heap History (10 events):
Event: 12.003 GC heap before
{Heap before GC invocations=19 (full 0):
 garbage-first heap   total 32768K, used 25967K [0x67000000, 0x67100080, 0xa7000000)
  region size 1024K, 11 young (11264K), 1 survivors (1024K)
 Metaspace       used 17508K, capacity 18186K, committed 18200K, reserved 18736K
Event: 12.032 GC heap after
Heap after GC invocations=20 (full 0):
 garbage-first heap   total 65536K, used 15849K [0x67000000, 0x67100100, 0xa7000000)
  region size 1024K, 1 young (1024K), 1 survivors (1024K)
 Metaspace       used 17508K, capacity 18186K, committed 18200K, reserved 18736K
}
Event: 14.201 GC heap before
{Heap before GC invocations=20 (full 0):
 garbage-first heap   total 65536K, used 52713K [0x67000000, 0x67100100, 0xa7000000)
  region size 1024K, 37 young (37888K), 1 survivors (1024K)
 Metaspace       used 20434K, capacity 21182K, committed 21272K, reserved 21808K
Event: 14.232 GC heap after
Heap after GC invocations=21 (full 0):
 garbage-first heap   total 95232K, used 22334K [0x67000000, 0x67100174, 0xa7000000)
  region size 1024K, 5 young (5120K), 5 survivors (5120K)
 Metaspace       used 20434K, capacity 21182K, committed 21272K, reserved 21808K
}
Event: 17.837 GC heap before
{Heap before GC invocations=21 (full 0):
 garbage-first heap   total 95232K, used 73534K [0x67000000, 0x67100174, 0xa7000000)
  region size 1024K, 55 young (56320K), 5 survivors (5120K)
 Metaspace       used 23257K, capacity 24140K, committed 24216K, reserved 24880K
Event: 17.890 GC heap after
Heap after GC invocations=22 (full 0):
 garbage-first heap   total 95232K, used 29184K [0x67000000, 0x67100174, 0xa7000000)
  region size 1024K, 7 young (7168K), 7 survivors (7168K)
 Metaspace       used 23257K, capacity 24140K, committed 24216K, reserved 24880K
}
Event: 20.345 GC heap before
{Heap before GC invocations=22 (full 0):
 garbage-first heap   total 95232K, used 77312K [0x67000000, 0x67100174, 0xa7000000)
  region size 1024K, 54 young (55296K), 7 survivors (7168K)
 Metaspace       used 25510K, capacity 26372K, committed 26392K, reserved 26928K
Event: 20.386 GC heap after
Heap after GC invocations=23 (full 0):
 garbage-first heap   total 95232K, used 35327K [0x67000000, 0x67100174, 0xa7000000)
  region size 1024K, 7 young (7168K), 7 survivors (7168K)
 Metaspace       used 25510K, capacity 26372K, committed 26392K, reserved 26928K
}
Event: 45.488 GC heap before
{Heap before GC invocations=23 (full 0):
 garbage-first heap   total 95232K, used 67071K [0x67000000, 0x67100174, 0xa7000000)
  region size 1024K, 39 young (39936K), 7 survivors (7168K)
 Metaspace       used 28901K, capacity 29880K, committed 29908K, reserved 30000K
Event: 45.518 GC heap after
Heap after GC invocations=24 (full 0):
 garbage-first heap   total 95232K, used 36352K [0x67000000, 0x67100174, 0xa7000000)
  region size 1024K, 6 young (6144K), 6 survivors (6144K)
 Metaspace       used 28901K, capacity 29880K, committed 29908K, reserved 30000K
}

Deoptimization events (10 events):
Event: 44.173 Thread 0x01d32800 Uncommon trap: reason=bimorphic action=maybe_recompile pc=0xa82757cc method=java.io.DataOutputStream.writeInt(I)V @ 12
Event: 44.459 Thread 0x63776000 Uncommon trap: reason=unstable_if action=reinterpret pc=0xa802152c method=com.google.gson.stream.JsonReader.nextQuotedValue(C)Ljava/lang/String; @ 81
Event: 44.585 Thread 0x63776000 Uncommon trap: reason=unstable_if action=reinterpret pc=0xa829dcb0 method=org.eclipse.core.runtime.Path.computeLength()I @ 37
Event: 44.986 Thread 0x63776000 Uncommon trap: reason=class_check action=maybe_recompile pc=0xa8060270 method=java.io.DataOutputStream.write(I)V @ 5
Event: 44.986 Thread 0x63776000 Uncommon trap: reason=bimorphic action=maybe_recompile pc=0xa8064cf0 method=java.io.DataOutputStream.writeShort(I)V @ 12
Event: 45.232 Thread 0x63776000 Uncommon trap: reason=unstable_if action=reinterpret pc=0xa7cd9b38 method=java.util.Properties$LineReader.readLine()I @ 328
Event: 45.535 Thread 0xb6adb800 Uncommon trap: reason=unstable_if action=reinterpret pc=0xa7b39728 method=java.util.WeakHashMap.expungeStaleEntries()V @ 9
Event: 46.119 Thread 0xa723ec00 Uncommon trap: reason=class_check action=maybe_recompile pc=0xa82b31c0 method=org.eclipse.core.internal.resources.MarkerManager$4.visitElement(Lorg/eclipse/core/internal/watson/ElementTree;Lorg/eclipse/core/internal/watson/IPathRequestor;Ljava/lang/Object
Event: 46.137 Thread 0xa723ec00 Uncommon trap: reason=class_check action=maybe_recompile pc=0xa82b31c0 method=org.eclipse.core.internal.resources.MarkerManager$4.visitElement(Lorg/eclipse/core/internal/watson/ElementTree;Lorg/eclipse/core/internal/watson/IPathRequestor;Ljava/lang/Object
Event: 46.137 Thread 0xa723ec00 Uncommon trap: reason=class_check action=maybe_recompile pc=0xa82b31c0 method=org.eclipse.core.internal.resources.MarkerManager$4.visitElement(Lorg/eclipse/core/internal/watson/ElementTree;Lorg/eclipse/core/internal/watson/IPathRequestor;Ljava/lang/Object

Internal exceptions (10 events):
Event: 23.575 Thread 0x01b95000 Exception <a 'java/lang/NoSuchMethodError': <clinit>> (0x6b994130) thrown at [/build/openjdk-8-pEipKT/openjdk-8-8u151-b12/src/hotspot/src/share/vm/prims/jni.cpp, line 1613]
Event: 23.584 Thread 0x01b95000 Exception <a 'java/lang/NoSuchMethodError': <clinit>> (0x6b99d468) thrown at [/build/openjdk-8-pEipKT/openjdk-8-8u151-b12/src/hotspot/src/share/vm/prims/jni.cpp, line 1613]
Event: 33.290 Thread 0x63628000 Implicit null exception at 0xa7eb6d7f to 0xa7eb733d
Event: 33.290 Thread 0x63628000 Implicit null exception at 0xa81f95fc to 0xa81f9a31
Event: 43.360 Thread 0x6079a800 Exception <a 'java/lang/reflect/InvocationTargetException'> (0x6c4cd918) thrown at [/build/openjdk-8-pEipKT/openjdk-8-8u151-b12/src/hotspot/src/share/vm/runtime/reflection.cpp, line 1092]
Event: 44.166 Thread 0x01d32800 Exception <a 'java/io/FileNotFoundException'> (0x6b2b9b10) thrown at [/build/openjdk-8-pEipKT/openjdk-8-8u151-b12/src/hotspot/src/share/vm/prims/jni.cpp, line 709]
Event: 44.634 Thread 0x63776000 Exception <a 'java/io/FileNotFoundException'> (0x6b1f41e0) thrown at [/build/openjdk-8-pEipKT/openjdk-8-8u151-b12/src/hotspot/src/share/vm/prims/jni.cpp, line 709]
Event: 44.635 Thread 0x63776000 Exception <a 'java/io/FileNotFoundException'> (0x6b1f6b40) thrown at [/build/openjdk-8-pEipKT/openjdk-8-8u151-b12/src/hotspot/src/share/vm/prims/jni.cpp, line 709]
Event: 45.096 Thread 0x63776000 Exception <a 'java/io/FileNotFoundException'> (0x6af23070) thrown at [/build/openjdk-8-pEipKT/openjdk-8-8u151-b12/src/hotspot/src/share/vm/prims/jni.cpp, line 709]
Event: 45.809 Thread 0x63776000 Exception <a 'java/lang/ArrayIndexOutOfBoundsException': 1076> (0x6cbbde18) thrown at [/build/openjdk-8-pEipKT/openjdk-8-8u151-b12/src/hotspot/src/share/vm/interpreter/interpreterRuntime.cpp, line 366]

Events (10 events):
Event: 46.168 loading class org/eclipse/core/resources/IResource
Event: 46.168 loading class org/eclipse/core/resources/IResource done
Event: 46.169 loading class java/util/stream/ReferencePipeline$2
Event: 46.169 loading class java/util/stream/ReferencePipeline$2 done
Event: 46.169 loading class java/util/stream/FindOps
Event: 46.169 loading class java/util/stream/FindOps done
Event: 46.169 loading class java/util/stream/FindOps$FindOp
Event: 46.169 loading class java/util/stream/FindOps$FindOp done
Event: 46.169 loading class java/util/Optional
Event: 46.169 loading class java/util/Optional done


Dynamic libraries:
0048d000-0048e000 r-xp 00000000 08:06 139295     /usr/lib/jvm/java-8-openjdk-i386/jre/bin/java
0048e000-0048f000 r-xp 00000000 08:06 139295     /usr/lib/jvm/java-8-openjdk-i386/jre/bin/java
0048f000-00490000 rwxp 00001000 08:06 139295     /usr/lib/jvm/java-8-openjdk-i386/jre/bin/java
01b20000-02792000 rwxp 00000000 00:00 0          [heap]
5cf00000-5cf20000 rwxp 00000000 00:00 0 
5cf20000-5d000000 ---p 00000000 00:00 0 
5d000000-5d024000 rwxp 00000000 00:00 0 
5d024000-5d100000 ---p 00000000 00:00 0 
5d15e000-5d25e000 rwxp 00000000 00:00 0 
5d25e000-5d35e000 rwxp 00000000 00:00 0 
5d35e000-5d45e000 rwxp 00000000 00:00 0 
5d45e000-5d461000 ---p 00000000 00:00 0 
5d461000-5d4af000 rwxp 00000000 00:00 0 
5d4af000-5d4b2000 ---p 00000000 00:00 0 
5d4b2000-5d600000 rwxp 00000000 00:00 0 
5d600000-5d6fe000 rwxp 00000000 00:00 0 
5d6fe000-5d700000 ---p 00000000 00:00 0 
5d704000-5d709000 r-xs 002f9000 08:06 139309     /usr/lib/jvm/java-8-openjdk-i386/jre/lib/charsets.jar
5d709000-5d70c000 ---p 00000000 00:00 0 
5d70c000-5d75a000 rwxp 00000000 00:00 0 
5d75a000-5d75d000 ---p 00000000 00:00 0 
5d75d000-5d7ab000 rwxp 00000000 00:00 0 
5d7ab000-5d7b4000 r-xp 00000000 08:06 139358     /usr/lib/jvm/java-8-openjdk-i386/jre/lib/i386/libmanagement.so
5d7b4000-5d7b5000 r-xp 00008000 08:06 139358     /usr/lib/jvm/java-8-openjdk-i386/jre/lib/i386/libmanagement.so
5d7b5000-5d7b6000 rwxp 00009000 08:06 139358     /usr/lib/jvm/java-8-openjdk-i386/jre/lib/i386/libmanagement.so
5d7b6000-5d7b8000 r-xs 00007000 08:06 441540     /home/sharath/.gradle/wrapper/dists/gradle-2.14.1-all/8bnwg5hd3w55iofp58khbp6yv/gradle-2.14.1/lib/plugins/gradle-tooling-api-builders-2.14.1.jar
5d7b8000-5d7bb000 r-xs 00008000 08:06 441533     /home/sharath/.gradle/wrapper/dists/gradle-2.14.1-all/8bnwg5hd3w55iofp58khbp6yv/gradle-2.14.1/lib/plugins/gradle-testing-native-2.14.1.jar
5d7bb000-5d7bd000 r-xs 00009000 08:06 441612     /home/sharath/.gradle/wrapper/dists/gradle-2.14.1-all/8bnwg5hd3w55iofp58khbp6yv/gradle-2.14.1/lib/plugins/hamcrest-core-1.3.jar
5d7bd000-5d7c3000 r-xs 00033000 08:06 441606     /home/sharath/.gradle/wrapper/dists/gradle-2.14.1-all/8bnwg5hd3w55iofp58khbp6yv/gradle-2.14.1/lib/plugins/snakeyaml-1.6.jar
5d7c3000-5d7c5000 r-xs 00006000 08:06 441605     /home/sharath/.gradle/wrapper/dists/gradle-2.14.1-all/8bnwg5hd3w55iofp58khbp6yv/gradle-2.14.1/lib/plugins/jcommander-1.12.jar
5d7c5000-5d7ca000 r-xs 00040000 08:06 441604     /home/sharath/.gradle/wrapper/dists/gradle-2.14.1-all/8bnwg5hd3w55iofp58khbp6yv/gradle-2.14.1/lib/plugins/bsh-2.0b4.jar
5d7ca000-5d7d3000 r-xs 00089000 08:06 441563     /home/sharath/.gradle/wrapper/dists/gradle-2.14.1-all/8bnwg5hd3w55iofp58khbp6yv/gradle-2.14.1/lib/plugins/testng-6.3.1.jar
5d7d3000-5d7db000 r-xs 00045000 08:06 441562     /home/sharath/.gradle/wrapper/dists/gradle-2.14.1-all/8bnwg5hd3w55iofp58khbp6yv/gradle-2.14.1/lib/plugins/junit-4.12.jar
5d7db000-5d7e1000 r-xs 0002e000 08:06 441534     /home/sharath/.gradle/wrapper/dists/gradle-2.14.1-all/8bnwg5hd3w55iofp58khbp6yv/gradle-2.14.1/lib/plugins/gradle-testing-jvm-2.14.1.jar
5d7e1000-5d7e6000 r-xs 00015000 08:06 441532     /home/sharath/.gradle/wrapper/dists/gradle-2.14.1-all/8bnwg5hd3w55iofp58khbp6yv/gradle-2.14.1/lib/plugins/gradle-testing-base-2.14.1.jar
5d7e6000-5d7e9000 r-xs 00015000 08:06 441510     /home/sharath/.gradle/wrapper/dists/gradle-2.14.1-all/8bnwg5hd3w55iofp58khbp6yv/gradle-2.14.1/lib/plugins/gradle-sonar-2.14.1.jar
5d7e9000-5d7f0000 r-xs 00038000 08:06 441557     /home/sharath/.gradle/wrapper/dists/gradle-2.14.1-all/8bnwg5hd3w55iofp58khbp6yv/gradle-2.14.1/lib/plugins/bcpg-jdk15on-1.51.jar
5d7f0000-5d800000 r-xs 00088000 08:06 441573     /home/sharath/.gradle/wrapper/dists/gradle-2.14.1-all/8bnwg5hd3w55iofp58khbp6yv/gradle-2.14.1/lib/plugins/joda-time-2.8.2.jar
5d800000-5d8fc000 rwxp 00000000 00:00 0 
5d8fc000-5d900000 ---p 00000000 00:00 0 
5d901000-5d902000 r-xs 00002000 08:06 441556     /home/sharath/.gradle/wrapper/dists/gradle-2.14.1-all/8bnwg5hd3w55iofp58khbp6yv/gradle-2.14.1/lib/plugins/sonar-batch-bootstrapper-2.9.jar
5d902000-5d904000 r-xs 0000d000 08:06 441511     /home/sharath/.gradle/wrapper/dists/gradle-2.14.1-all/8bnwg5hd3w55iofp58khbp6yv/gradle-2.14.1/lib/plugins/gradle-signing-2.14.1.jar
5d904000-5d907000 r-xs 00009000 08:06 441509     /home/sharath/.gradle/wrapper/dists/gradle-2.14.1-all/8bnwg5hd3w55iofp58khbp6yv/gradle-2.14.1/lib/plugins/gradle-scala-2.14.1.jar
5d907000-5d908000 r-xs 00004000 08:06 441538     /home/sharath/.gradle/wrapper/dists/gradle-2.14.1-all/8bnwg5hd3w55iofp58khbp6yv/gradle-2.14.1/lib/plugins/gradle-resources-sftp-2.14.1.jar
5d908000-5d919000 r-xs 000cf000 08:06 441572     /home/sharath/.gradle/wrapper/dists/gradle-2.14.1-all/8bnwg5hd3w55iofp58khbp6yv/gradle-2.14.1/lib/plugins/jackson-databind-2.3.2.jar
5d919000-5d91b000 r-xs 00007000 08:06 441571     /home/sharath/.gradle/wrapper/dists/gradle-2.14.1-all/8bnwg5hd3w55iofp58khbp6yv/gradle-2.14.1/lib/plugins/jackson-annotations-2.3.2.jar
5d91b000-5d91e000 r-xs 0002e000 08:06 441570     /home/sharath/.gradle/wrapper/dists/gradle-2.14.1-all/8bnwg5hd3w55iofp58khbp6yv/gradle-2.14.1/lib/plugins/jackson-core-2.3.2.jar
5d91e000-5d929000 r-xs 0006b000 08:06 441569     /home/sharath/.gradle/wrapper/dists/gradle-2.14.1-all/8bnwg5hd3w55iofp58khbp6yv/gradle-2.14.1/lib/plugins/aws-java-sdk-core-1.9.19.jar
5d929000-5d92f000 r-xs 00036000 08:06 441568     /home/sharath/.gradle/wrapper/dists/gradle-2.14.1-all/8bnwg5hd3w55iofp58khbp6yv/gradle-2.14.1/lib/plugins/aws-java-sdk-kms-1.9.19.jar
5d92f000-5d93a000 r-xs 00079000 08:06 441567     /home/sharath/.gradle/wrapper/dists/gradle-2.14.1-all/8bnwg5hd3w55iofp58khbp6yv/gradle-2.14.1/lib/plugins/aws-java-sdk-s3-1.9.19.jar
5d93a000-5d93b000 r-xs 00003000 08:06 441539     /home/sharath/.gradle/wrapper/dists/gradle-2.14.1-all/8bnwg5hd3w55iofp58khbp6yv/gradle-2.14.1/lib/plugins/gradle-resources-s3-2.14.1.jar
5d93b000-5d93d000 r-xs 00005000 08:06 441561     /home/sharath/.gradle/wrapper/dists/gradle-2.14.1-all/8bnwg5hd3w55iofp58khbp6yv/gradle-2.14.1/lib/plugins/jatl-0.2.2.jar
5d93d000-5d93f000 r-xs 0000f000 08:06 441516     /home/sharath/.gradle/wrapper/dists/gradle-2.14.1-all/8bnwg5hd3w55iofp58khbp6yv/gradle-2.14.1/lib/plugins/gradle-reporting-2.14.1.jar
5d93f000-5d941000 r-xs 00002000 08:06 441517     /home/sharath/.gradle/wrapper/dists/gradle-2.14.1-all/8bnwg5hd3w55iofp58khbp6yv/gradle-2.14.1/lib/plugins/gradle-publish-2.14.1.jar
5d941000-5d943000 r-xs 00009000 08:06 441543     /home/sharath/.gradle/wrapper/dists/gradle-2.14.1-all/8bnwg5hd3w55iofp58khbp6yv/gradle-2.14.1/lib/plugins/commons-cli-1.2.jar
5d943000-5d949000 r-xs 00033000 08:06 441501     /home/sharath/.gradle/wrapper/dists/gradle-2.14.1-all/8bnwg5hd3w55iofp58khbp6yv/gradle-2.14.1/lib/plugins/gradle-plugins-2.14.1.jar
5d949000-5d94b000 r-xs 00007000 08:06 441535     /home/sharath/.gradle/wrapper/dists/gradle-2.14.1-all/8bnwg5hd3w55iofp58khbp6yv/gradle-2.14.1/lib/plugins/gradle-plugin-development-2.14.1.jar
5d94b000-5d951000 r-xs 0002a000 08:06 441528     /home/sharath/.gradle/wrapper/dists/gradle-2.14.1-all/8bnwg5hd3w55iofp58khbp6yv/gradle-2.14.1/lib/plugins/gradle-platform-play-2.14.1.jar
5d951000-5d95e000 r-xs 0004d000 08:06 441527     /home/sharath/.gradle/wrapper/dists/gradle-2.14.1-all/8bnwg5hd3w55iofp58khbp6yv/gradle-2.14.1/lib/plugins/gradle-platform-native-2.14.1.jar
5d95e000-5d962000 r-xs 0001a000 08:06 441522     /home/sharath/.gradle/wrapper/dists/gradle-2.14.1-all/8bnwg5hd3w55iofp58khbp6yv/gradle-2.14.1/lib/plugins/gradle-platform-jvm-2.14.1.jar
5d962000-5d969000 r-xs 00029000 08:06 441521     /home/sharath/.gradle/wrapper/dists/gradle-2.14.1-all/8bnwg5hd3w55iofp58khbp6yv/gradle-2.14.1/lib/plugins/gradle-platform-base-2.14.1.jar
5d969000-5d98a000 r-xs 001c3000 08:06 441551     /home/sharath/.gradle/wrapper/dists/gradle-2.14.1-all/8bnwg5hd3w55iofp58khbp6yv/gradle-2.14.1/lib/plugins/bndlib-2.4.0.jar
5d98a000-5d98c000 r-xs 00003000 08:06 441505     /home/sharath/.gradle/wrapper/dists/gradle-2.14.1-all/8bnwg5hd3w55iofp58khbp6yv/gradle-2.14.1/lib/plugins/gradle-osgi-2.14.1.jar
5d98c000-5d98f000 r-xs 0000c000 08:06 441554     /home/sharath/.gradle/wrapper/dists/gradle-2.14.1-all/8bnwg5hd3w55iofp58khbp6yv/gradle-2.14.1/lib/plugins/pmaven-groovy-0.8-20100325.jar
5d98f000-5d990000 r-xs 00004000 08:06 441553     /home/sharath/.gradle/wrapper/dists/gradle-2.14.1-all/8bnwg5hd3w55iofp58khbp6yv/gradle-2.14.1/lib/plugins/pmaven-common-0.8-20100325.jar
5d990000-5d996000 r-xs 00022000 08:06 441506     /home/sharath/.gradle/wrapper/dists/gradle-2.14.1-all/8bnwg5hd3w55iofp58khbp6yv/gradle-2.14.1/lib/plugins/gradle-maven-2.14.1.jar
5d996000-5d998000 r-xs 0000a000 08:06 441526     /home/sharath/.gradle/wrapper/dists/gradle-2.14.1-all/8bnwg5hd3w55iofp58khbp6yv/gradle-2.14.1/lib/plugins/gradle-language-scala-2.14.1.jar
5d998000-5d99e000 r-xs 0001a000 08:06 441530     /home/sharath/.gradle/wrapper/dists/gradle-2.14.1-all/8bnwg5hd3w55iofp58khbp6yv/gradle-2.14.1/lib/plugins/gradle-language-native-2.14.1.jar
5d99e000-5d9a0000 r-xs 00008000 08:06 441523     /home/sharath/.gradle/wrapper/dists/gradle-2.14.1-all/8bnwg5hd3w55iofp58khbp6yv/gradle-2.14.1/lib/plugins/gradle-language-jvm-2.14.1.jar
5d9a0000-5d9a6000 r-xs 00024000 08:06 441524     /home/sharath/.gradle/wrapper/dists/gradle-2.14.1-all/8bnwg5hd3w55iofp58khbp6yv/gradle-2.14.1/lib/plugins/gradle-language-java-2.14.1.jar
5d9a6000-5d9a8000 r-xs 0000a000 08:06 441525     /home/sharath/.gradle/wrapper/dists/gradle-2.14.1-all/8bnwg5hd3w55iofp58khbp6yv/gradle-2.14.1/lib/plugins/gradle-language-groovy-2.14.1.jar
5d9a8000-5d9ab000 r-xs 0001e000 08:06 441579     /home/sharath/.gradle/wrapper/dists/gradle-2.14.1-all/8bnwg5hd3w55iofp58khbp6yv/gradle-2.14.1/lib/plugins/jsp-api-2.1-6.1.14.jar
5d9ab000-5d9ce000 r-xs 00344000 08:06 441578     /home/sharath/.gradle/wrapper/dists/gradle-2.14.1-all/8bnwg5hd3w55iofp58khbp6yv/gradle-2.14.1/lib/plugins/core-3.1.1.jar
5d9ce000-5d9cf000 r-xs 00006000 08:06 441577     /home/sharath/.gradle/wrapper/dists/gradle-2.14.1-all/8bnwg5hd3w55iofp58khbp6yv/gradle-2.14.1/lib/plugins/jetty-naming-6.1.25.jar
5d9cf000-5d9d0000 r-xs 00002000 08:06 441550     /home/sharath/.gradle/wrapper/dists/gradle-2.14.1-all/8bnwg5hd3w55iofp58khbp6yv/gradle-2.14.1/lib/plugins/geronimo-annotation_1.0_spec-1.0.jar
5d9d0000-5d9d2000 r-xs 00002000 08:06 441549     /home/sharath/.gradle/wrapper/dists/gradle-2.14.1-all/8bnwg5hd3w55iofp58khbp6yv/gradle-2.14.1/lib/plugins/jetty-annotations-6.1.25.jar
5d9d2000-5d9e3000 r-xs 000ea000 08:06 441548     /home/sharath/.gradle/wrapper/dists/gradle-2.14.1-all/8bnwg5hd3w55iofp58khbp6yv/gradle-2.14.1/lib/plugins/jsp-2.1-6.1.14.jar
5d9e3000-5d9e5000 r-xs 0000d000 08:06 441547     /home/sharath/.gradle/wrapper/dists/gradle-2.14.1-all/8bnwg5hd3w55iofp58khbp6yv/gradle-2.14.1/lib/plugins/jetty-plus-6.1.25.jar
5d9e5000-5d9e7000 r-xs 0001f000 08:06 441546     /home/sharath/.gradle/wrapper/dists/gradle-2.14.1-all/8bnwg5hd3w55iofp58khbp6yv/gradle-2.14.1/lib/plugins/servlet-api-2.5-20081211.jar
5d9e7000-5d9eb000 r-xs 00028000 08:06 441545     /home/sharath/.gradle/wrapper/dists/gradle-2.14.1-all/8bnwg5hd3w55iofp58khbp6yv/gradle-2.14.1/lib/plugins/jetty-util-6.1.25.jar
5d9eb000-5d9f2000 r-xs 0007d000 08:06 441544     /home/sharath/.gradle/wrapper/dists/gradle-2.14.1-all/8bnwg5hd3w55iofp58khbp6yv/gradle-2.14.1/lib/plugins/jetty-6.1.25.jar
5d9f2000-5d9f4000 r-xs 00009000 08:06 441503     /home/sharath/.gradle/wrapper/dists/gradle-2.14.1-all/8bnwg5hd3w55iofp58khbp6yv/gradle-2.14.1/lib/plugins/gradle-jetty-2.14.1.jar
5d9f4000-5da00000 r-xs 00100000 08:06 441558     /home/sharath/.gradle/wrapper/dists/gradle-2.14.1-all/8bnwg5hd3w55iofp58khbp6yv/gradle-2.14.1/lib/plugins/rhino-1.7R3.jar
5da00000-5dbfd000 rwxp 00000000 00:00 0 
5dbfd000-5dc00000 ---p 00000000 00:00 0 
5dc00000-5dd00000 rwxp 00000000 00:00 0 
5dd00000-5dd07000 r-xs 00035000 08:06 441560     /home/sharath/.gradle/wrapper/dists/gradle-2.14.1-all/8bnwg5hd3w55iofp58khbp6yv/gradle-2.14.1/lib/plugins/simple-4.1.21.jar
5dd07000-5dd0b000 r-xs 00011000 08:06 441513     /home/sharath/.gradle/wrapper/dists/gradle-2.14.1-all/8bnwg5hd3w55iofp58khbp6yv/gradle-2.14.1/lib/plugins/gradle-javascript-2.14.1.jar
5dd0b000-5dd0d000 r-xs 0000c000 08:06 441519     /home/sharath/.gradle/wrapper/dists/gradle-2.14.1-all/8bnwg5hd3w55iofp58khbp6yv/gradle-2.14.1/lib/plugins/gradle-jacoco-2.14.1.jar
5dd0d000-5dd10000 r-xs 0000e000 08:06 441518     /home/sharath/.gradle/wrapper/dists/gradle-2.14.1-all/8bnwg5hd3w55iofp58khbp6yv/gradle-2.14.1/lib/plugins/gradle-ivy-2.14.1.jar
5dd10000-5dd11000 r-xs 00002000 08:06 441529     /home/sharath/.gradle/wrapper/dists/gradle-2.14.1-all/8bnwg5hd3w55iofp58khbp6yv/gradle-2.14.1/lib/plugins/gradle-ide-play-2.14.1.jar
5dd11000-5dd16000 r-xs 0002b000 08:06 441531     /home/sharath/.gradle/wrapper/dists/gradle-2.14.1-all/8bnwg5hd3w55iofp58khbp6yv/gradle-2.14.1/lib/plugins/gradle-ide-native-2.14.1.jar
5dd16000-5dd21000 r-xs 00066000 08:06 441507     /home/sharath/.gradle/wrapper/dists/gradle-2.14.1-all/8bnwg5hd3w55iofp58khbp6yv/gradle-2.14.1/lib/plugins/gradle-ide-2.14.1.jar
5dd21000-5dd22000 r-xs 00008000 08:06 441512     /home/sharath/.gradle/wrapper/dists/gradle-2.14.1-all/8bnwg5hd3w55iofp58khbp6yv/gradle-2.14.1/lib/plugins/gradle-ear-2.14.1.jar
5dd22000-5dd28000 r-xs 00032000 08:06 441515     /home/sharath/.gradle/wrapper/dists/gradle-2.14.1-all/8bnwg5hd3w55iofp58khbp6yv/gradle-2.14.1/lib/plugins/gradle-diagnostics-2.14.1.jar
5dd28000-5dd2c000 r-xs 00021000 08:06 441502     /home/sharath/.gradle/wrapper/dists/gradle-2.14.1-all/8bnwg5hd3w55iofp58khbp6yv/gradle-2.14.1/lib/plugins/gradle-code-quality-2.14.1.jar
5dd2c000-5dd30000 r-xs 0001f000 08:06 441520     /home/sharath/.gradle/wrapper/dists/gradle-2.14.1-all/8bnwg5hd3w55iofp58khbp6yv/gradle-2.14.1/lib/plugins/gradle-build-init-2.14.1.jar
5dd30000-5dd37000 r-xs 0008e000 08:06 441514     /home/sharath/.gradle/wrapper/dists/gradle-2.14.1-all/8bnwg5hd3w55iofp58khbp6yv/gradle-2.14.1/lib/plugins/gradle-build-comparison-2.14.1.jar
5dd37000-5dd39000 r-xs 00008000 08:06 441504     /home/sharath/.gradle/wrapper/dists/gradle-2.14.1-all/8bnwg5hd3w55iofp58khbp6yv/gradle-2.14.1/lib/plugins/gradle-antlr-2.14.1.jar
5dd39000-5dd3b000 r-xs 00004000 08:06 441508     /home/sharath/.gradle/wrapper/dists/gradle-2.14.1-all/8bnwg5hd3w55iofp58khbp6yv/gradle-2.14.1/lib/plugins/gradle-announce-2.14.1.jar
5dd3b000-5dd53000 r-xs 00115000 08:06 441609     /home/sharath/.gradle/wrapper/dists/gradle-2.14.1-all/8bnwg5hd3w55iofp58khbp6yv/gradle-2.14.1/lib/plugins/xercesImpl-2.9.1.jar
5dd53000-5dd5b000 r-xs 00028000 08:06 441610     /home/sharath/.gradle/wrapper/dists/gradle-2.14.1-all/8bnwg5hd3w55iofp58khbp6yv/gradle-2.14.1/lib/plugins/xml-apis-1.3.04.jar
5dd5b000-5dd61000 r-xs 0005b000 08:06 441608     /home/sharath/.gradle/wrapper/dists/gradle-2.14.1-all/8bnwg5hd3w55iofp58khbp6yv/gradle-2.14.1/lib/plugins/jcifs-1.3.17.jar
5dd61000-5dd68000 r-xs 00049000 08:06 441607     /home/sharath/.gradle/wrapper/dists/gradle-2.14.1-all/8bnwg5hd3w55iofp58khbp6yv/gradle-2.14.1/lib/plugins/httpcore-4.4.4.jar
5dd68000-5dd6e000 r-xs 00033000 08:06 441555     /home/sharath/.gradle/wrapper/dists/gradle-2.14.1-all/8bnwg5hd3w55iofp58khbp6yv/gradle-2.14.1/lib/plugins/commons-codec-1.6.jar
5dd6e000-5dd71000 r-xs 0001c000 08:06 441565     /home/sharath/.gradle/wrapper/dists/gradle-2.14.1-all/8bnwg5hd3w55iofp58khbp6yv/gradle-2.14.1/lib/plugins/nekohtml-1.9.14.jar
5dd71000-5dd7e000 r-xs 000a4000 08:06 441564     /home/sharath/.gradle/wrapper/dists/gradle-2.14.1-all/8bnwg5hd3w55iofp58khbp6yv/gradle-2.14.1/lib/plugins/httpclient-4.4.1.jar
5dd7e000-5dd80000 r-xs 0000a000 08:06 441537     /home/sharath/.gradle/wrapper/dists/gradle-2.14.1-all/8bnwg5hd3w55iofp58khbp6yv/gradle-2.14.1/lib/plugins/gradle-resources-http-2.14.1.jar
5dd80000-5dd84000 r-xs 00014000 08:06 441536     /home/sharath/.gradle/wrapper/dists/gradle-2.14.1-all/8bnwg5hd3w55iofp58khbp6yv/gradle-2.14.1/lib/plugins/gradle-plugin-use-2.14.1.jar
5dd84000-5dd85000 r-xs 00007000 08:06 441603     /home/sharath/.gradle/wrapper/dists/gradle-2.14.1-all/8bnwg5hd3w55iofp58khbp6yv/gradle-2.14.1/lib/plugins/wagon-http-shared4-2.4.jar
5dd85000-5dd89000 r-xs 00033000 08:06 441602     /home/sharath/.gradle/wrapper/dists/gradle-2.14.1-all/8bnwg5hd3w55iofp58khbp6yv/gradle-2.14.1/lib/plugins/plexus-utils-2.0.6.jar
5dd89000-5dd8d000 r-xs 00021000 08:06 441601     /home/sharath/.gradle/wrapper/dists/gradle-2.14.1-all/8bnwg5hd3w55iofp58khbp6yv/gradle-2.14.1/lib/plugins/maven-model-builder-3.0.4.jar
5dd8d000-5dd8e000 r-xs 00002000 08:06 441600     /home/sharath/.gradle/wrapper/dists/gradle-2.14.1-all/8bnwg5hd3w55iofp58khbp6yv/gradle-2.14.1/lib/plugins/wagon-file-2.4.jar
5dd8e000-5dd90000 r-xs 00002000 08:06 441599     /home/sharath/.gradle/wrapper/dists/gradle-2.14.1-all/8bnwg5hd3w55iofp58khbp6yv/gradle-2.14.1/lib/plugins/plexus-cipher-1.7.jar
5dd90000-5dd93000 r-xs 00013000 08:06 441598     /home/sharath/.gradle/wrapper/dists/gradle-2.14.1-all/8bnwg5hd3w55iofp58khbp6yv/gradle-2.14.1/lib/plugins/aether-api-1.13.1.jar
5dd93000-5dd95000 r-xs 0000a000 08:06 441597     /home/sharath/.gradle/wrapper/dists/gradle-2.14.1-all/8bnwg5hd3w55iofp58khbp6yv/gradle-2.14.1/lib/plugins/maven-settings-3.0.4.jar
5dd95000-5dd97000 r-xs 0000d000 08:06 441596     /home/sharath/.gradle/wrapper/dists/gradle-2.14.1-all/8bnwg5hd3w55iofp58khbp6yv/gradle-2.14.1/lib/plugins/plexus-interpolation-1.14.jar
5dd97000-5dd99000 r-xs 0000b000 08:06 441595     /home/sharath/.gradle/wrapper/dists/gradle-2.14.1-all/8bnwg5hd3w55iofp58khbp6yv/gradle-2.14.1/lib/plugins/maven-artifact-3.0.4.jar
5dd99000-5dda0000 r-xs 0002e000 08:06 441594     /home/sharath/.gradle/wrapper/dists/gradle-2.14.1-all/8bnwg5hd3w55iofp58khbp6yv/gradle-2.14.1/lib/plugins/plexus-container-default-1.5.5.jar
5dda0000-5dda2000 r-xs 0000b000 08:06 441593     /home/sharath/.gradle/wrapper/dists/gradle-2.14.1-all/8bnwg5hd3w55iofp58khbp6yv/gradle-2.14.1/lib/plugins/maven-plugin-api-3.0.4.jar
5dda2000-5dda4000 r-xs 00000000 08:06 441611     /home/sharath/.gradle/wrapper/dists/gradle-2.14.1-all/8bnwg5hd3w55iofp58khbp6yv/gradle-2.14.1/lib/plugins/plexus-component-annotations-1.5.5.jar
5dda4000-5ddaa000 r-xs 0003f000 08:06 441592     /home/sharath/.gradle/wrapper/dists/gradle-2.14.1-all/8bnwg5hd3w55iofp58khbp6yv/gradle-2.14.1/lib/plugins/maven-compat-3.0.4.jar
5ddaa000-5ddad000 r-xs 00008000 08:06 441591     /home/sharath/.gradle/wrapper/dists/gradle-2.14.1-all/8bnwg5hd3w55iofp58khbp6yv/gradle-2.14.1/lib/plugins/maven-settings-builder-3.0.4.jar
5ddad000-5ddaf000 r-xs 00026000 08:06 441589     /home/sharath/.gradle/wrapper/dists/gradle-2.14.1-all/8bnwg5hd3w55iofp58khbp6yv/gradle-2.14.1/lib/plugins/maven-model-3.0.4.jar
5ddaf000-5ddb1000 r-xs 00006000 08:06 441588     /home/sharath/.gradle/wrapper/dists/gradle-2.14.1-all/8bnwg5hd3w55iofp58khbp6yv/gradle-2.14.1/lib/plugins/aether-connector-wagon-1.13.1.jar
5ddb1000-5ddb3000 r-xs 0000a000 08:06 441587     /home/sharath/.gradle/wrapper/dists/gradle-2.14.1-all/8bnwg5hd3w55iofp58khbp6yv/gradle-2.14.1/lib/plugins/plexus-classworlds-2.4.jar
5ddb3000-5ddb5000 r-xs 00006000 08:06 441586     /home/sharath/.gradle/wrapper/dists/gradle-2.14.1-all/8bnwg5hd3w55iofp58khbp6yv/gradle-2.14.1/lib/plugins/maven-repository-metadata-3.0.4.jar
5ddb5000-5ddb7000 r-xs 0000c000 08:06 441585     /home/sharath/.gradle/wrapper/dists/gradle-2.14.1-all/8bnwg5hd3w55iofp58khbp6yv/gradle-2.14.1/lib/plugins/maven-aether-provider-3.0.4.jar
5ddb7000-5ddb9000 r-xs 0000b000 08:06 441584     /home/sharath/.gradle/wrapper/dists/gradle-2.14.1-all/8bnwg5hd3w55iofp58khbp6yv/gradle-2.14.1/lib/plugins/wagon-provider-api-2.4.jar
5ddb9000-5ddbd000 r-xs 0001c000 08:06 441582     /home/sharath/.gradle/wrapper/dists/gradle-2.14.1-all/8bnwg5hd3w55iofp58khbp6yv/gradle-2.14.1/lib/plugins/aether-util-1.13.1.jar
5ddbd000-5ddc0000 r-xs 0001d000 08:06 441581     /home/sharath/.gradle/wrapper/dists/gradle-2.14.1-all/8bnwg5hd3w55iofp58khbp6yv/gradle-2.14.1/lib/plugins/aether-impl-1.13.1.jar
5ddc0000-5de00000 r-xs 00277000 08:06 441576     /home/sharath/.gradle/wrapper/dists/gradle-2.14.1-all/8bnwg5hd3w55iofp58khbp6yv/gradle-2.14.1/lib/plugins/bcprov-jdk15on-1.51.jar
5de00000-5df00000 rwxp 00000000 00:00 0 
5df00000-5dff9000 rwxp 00000000 00:00 0 
5dff9000-5e000000 ---p 00000000 00:00 0 
5e000000-5e100000 rwxp 00000000 00:00 0 
5e100000-5e1fe000 rwxp 00000000 00:00 0 
5e1fe000-5e200000 ---p 00000000 00:00 0 
5e200000-5e201000 r-xs 00002000 08:06 441590     /home/sharath/.gradle/wrapper/dists/gradle-2.14.1-all/8bnwg5hd3w55iofp58khbp6yv/gradle-2.14.1/lib/plugins/wagon-http-2.4.jar
5e201000-5e202000 r-xs 00003000 08:06 441583     /home/sharath/.gradle/wrapper/dists/gradle-2.14.1-all/8bnwg5hd3w55iofp58khbp6yv/gradle-2.14.1/lib/plugins/aether-spi-1.13.1.jar
5e202000-5e203000 r-xs 00006000 08:06 441580     /home/sharath/.gradle/wrapper/dists/gradle-2.14.1-all/8bnwg5hd3w55iofp58khbp6yv/gradle-2.14.1/lib/plugins/plexus-sec-dispatcher-1.3.jar
5e203000-5e208000 r-xs 00040000 08:06 441566     /home/sharath/.gradle/wrapper/dists/gradle-2.14.1-all/8bnwg5hd3w55iofp58khbp6yv/gradle-2.14.1/lib/plugins/jsch-0.1.53.jar
5e208000-5e20c000 r-xs 0001d000 08:06 441575     /home/sharath/.gradle/wrapper/dists/gradle-2.14.1-all/8bnwg5hd3w55iofp58khbp6yv/gradle-2.14.1/lib/plugins/xbean-reflect-3.4.jar
5e20c000-5e218000 r-xs 0007d000 08:06 441552     /home/sharath/.gradle/wrapper/dists/gradle-2.14.1-all/8bnwg5hd3w55iofp58khbp6yv/gradle-2.14.1/lib/plugins/maven-core-3.0.4.jar
5e218000-5e21d000 r-xs 0002a000 08:06 441559     /home/sharath/.gradle/wrapper/dists/gradle-2.14.1-all/8bnwg5hd3w55iofp58khbp6yv/gradle-2.14.1/lib/plugins/gson-2.2.4.jar
5e21d000-5e22c000 r-xs 000d9000 08:06 441574     /home/sharath/.gradle/wrapper/dists/gradle-2.14.1-all/8bnwg5hd3w55iofp58khbp6yv/gradle-2.14.1/lib/plugins/ivy-2.2.0.jar
5e22c000-5e248000 r-xs 000d3000 08:06 441541     /home/sharath/.gradle/wrapper/dists/gradle-2.14.1-all/8bnwg5hd3w55iofp58khbp6yv/gradle-2.14.1/lib/plugins/gradle-dependency-management-2.14.1.jar
5e248000-5e24c000 r-xp 00000000 08:06 443662     /home/sharath/.gradle/native/19/linux-i386/libnative-platform.so
5e24c000-5e24d000 rwxp 00003000 08:06 443662     /home/sharath/.gradle/native/19/linux-i386/libnative-platform.so
5e24d000-5e24e000 r-xs 00007000 08:06 441460     /home/sharath/.gradle/wrapper/dists/gradle-2.14.1-all/8bnwg5hd3w55iofp58khbp6yv/gradle-2.14.1/lib/slf4j-api-1.7.10.jar
5e24e000-5e250000 r-xs 0000f000 08:06 441497     /home/sharath/.gradle/wrapper/dists/gradle-2.14.1-all/8bnwg5hd3w55iofp58khbp6yv/gradle-2.14.1/lib/reflectasm-1.07-shaded.jar
5e250000-5e252000 r-xs 00007000 08:06 441499     /home/sharath/.gradle/wrapper/dists/gradle-2.14.1-all/8bnwg5hd3w55iofp58khbp6yv/gradle-2.14.1/lib/objenesis-1.2.jar
5e252000-5e253000 r-xs 00005000 08:06 441494     /home/sharath/.gradle/wrapper/dists/gradle-2.14.1-all/8bnwg5hd3w55iofp58khbp6yv/gradle-2.14.1/lib/native-platform-windows-i386-0.10.jar
5e253000-5e254000 r-xs 00005000 08:06 441493     /home/sharath/.gradle/wrapper/dists/gradle-2.14.1-all/8bnwg5hd3w55iofp58khbp6yv/gradle-2.14.1/lib/native-platform-windows-amd64-0.10.jar
5e254000-5e255000 r-xs 00002000 08:06 441489     /home/sharath/.gradle/wrapper/dists/gradle-2.14.1-all/8bnwg5hd3w55iofp58khbp6yv/gradle-2.14.1/lib/native-platform-osx-i386-0.10.jar
5e255000-5e256000 r-xs 00002000 08:06 441490     /home/sharath/.gradle/wrapper/dists/gradle-2.14.1-all/8bnwg5hd3w55iofp58khbp6yv/gradle-2.14.1/lib/native-platform-osx-amd64-0.10.jar
5e256000-5e257000 r-xs 00003000 08:06 441492     /home/sharath/.gradle/wrapper/dists/gradle-2.14.1-all/8bnwg5hd3w55iofp58khbp6yv/gradle-2.14.1/lib/native-platform-linux-i386-0.10.jar
5e257000-5e258000 r-xs 00003000 08:06 441491     /home/sharath/.gradle/wrapper/dists/gradle-2.14.1-all/8bnwg5hd3w55iofp58khbp6yv/gradle-2.14.1/lib/native-platform-linux-amd64-0.10.jar
5e258000-5e259000 r-xs 00003000 08:06 441495     /home/sharath/.gradle/wrapper/dists/gradle-2.14.1-all/8bnwg5hd3w55iofp58khbp6yv/gradle-2.14.1/lib/native-platform-freebsd-i386-0.10.jar
5e259000-5e25c000 r-xs 0000d000 08:06 441482     /home/sharath/.gradle/wrapper/dists/gradle-2.14.1-all/8bnwg5hd3w55iofp58khbp6yv/gradle-2.14.1/lib/native-platform-0.10.jar
5e25c000-5e25e000 r-xs 00000000 08:06 441498     /home/sharath/.gradle/wrapper/dists/gradle-2.14.1-all/8bnwg5hd3w55iofp58khbp6yv/gradle-2.14.1/lib/minlog-1.2.jar
5e25e000-5e286000 r-xs 001cf000 08:06 441461     /home/sharath/.gradle/wrapper/dists/gradle-2.14.1-all/8bnwg5hd3w55iofp58khbp6yv/gradle-2.14.1/lib/guava-jdk5-17.0.jar
5e286000-5e2f5000 r-xs 0063e000 08:06 441464     /home/sharath/.gradle/wrapper/dists/gradle-2.14.1-all/8bnwg5hd3w55iofp58khbp6yv/gradle-2.14.1/lib/groovy-all-2.4.4.jar
5e2f5000-5e300000 r-xs 00059000 08:06 441457     /home/sharath/.gradle/wrapper/dists/gradle-2.14.1-all/8bnwg5hd3w55iofp58khbp6yv/gradle-2.14.1/lib/gradle-ui-2.14.1.jar
5e300000-5e400000 rwxp 00000000 00:00 0 
5e400000-5e404000 r-xs 00026000 08:06 441485     /home/sharath/.gradle/wrapper/dists/gradle-2.14.1-all/8bnwg5hd3w55iofp58khbp6yv/gradle-2.14.1/lib/kryo-2.20.jar
5e404000-5e406000 r-xs 00000000 08:06 441486     /home/sharath/.gradle/wrapper/dists/gradle-2.14.1-all/8bnwg5hd3w55iofp58khbp6yv/gradle-2.14.1/lib/jul-to-slf4j-1.7.10.jar
5e406000-5e40a000 r-xs 000e4000 08:06 441481     /home/sharath/.gradle/wrapper/dists/gradle-2.14.1-all/8bnwg5hd3w55iofp58khbp6yv/gradle-2.14.1/lib/jna-3.2.7.jar
5e40a000-5e418000 r-xs 0004f000 08:06 441458     /home/sharath/.gradle/wrapper/dists/gradle-2.14.1-all/8bnwg5hd3w55iofp58khbp6yv/gradle-2.14.1/lib/gradle-tooling-api-2.14.1.jar
5e418000-5e427000 r-xs 00080000 08:06 441465     /home/sharath/.gradle/wrapper/dists/gradle-2.14.1-all/8bnwg5hd3w55iofp58khbp6yv/gradle-2.14.1/lib/gradle-model-core-2.14.1.jar
5e427000-5e45e000 r-xs 001bd000 08:06 441455     /home/sharath/.gradle/wrapper/dists/gradle-2.14.1-all/8bnwg5hd3w55iofp58khbp6yv/gradle-2.14.1/lib/gradle-core-2.14.1.jar
5e45e000-5e55e000 rwxp 00000000 00:00 0 
5e55e000-5e561000 ---p 00000000 00:00 0 
5e561000-5e5af000 rwxp 00000000 00:00 0 
5e5af000-5e5b2000 ---p 00000000 00:00 0 
5e5b2000-5e600000 rwxp 00000000 00:00 0 
5e600000-5e6fb000 rwxp 00000000 00:00 0 
5e6fb000-5e700000 ---p 00000000 00:00 0 
5e700000-5e800000 rwxp 00000000 00:00 0 
5e800000-5e900000 rwxp 00000000 00:00 0 
5e900000-5e9fe000 rwxp 00000000 00:00 0 
5e9fe000-5ea00000 ---p 00000000 00:00 0 
5ea00000-5eafa000 rwxp 00000000 00:00 0 
5eafa000-5eb00000 ---p 00000000 00:00 0 
5eb00000-5ec00000 rwxp 00000000 00:00 0 
5ec00000-5ed00000 rwxp 00000000 00:00 0 
5ed00000-5ee00000 rwxp 00000000 00:00 0 
5ee00000-5eefe000 rwxp 00000000 00:00 0 
5eefe000-5ef00000 ---p 00000000 00:00 0 
5ef00000-5ef01000 r-xs 00003000 08:06 441496     /home/sharath/.gradle/wrapper/dists/gradle-2.14.1-all/8bnwg5hd3w55iofp58khbp6yv/gradle-2.14.1/lib/native-platform-freebsd-amd64-0.10.jar
5ef01000-5ef07000 r-xs 00032000 08:06 441480     /home/sharath/.gradle/wrapper/dists/gradle-2.14.1-all/8bnwg5hd3w55iofp58khbp6yv/gradle-2.14.1/lib/jaxen-1.1.jar
5ef07000-5ef0d000 r-xs 00025000 08:06 441474     /home/sharath/.gradle/wrapper/dists/gradle-2.14.1-all/8bnwg5hd3w55iofp58khbp6yv/gradle-2.14.1/lib/gradle-messaging-2.14.1.jar
5ef0d000-5ef10000 ---p 00000000 00:00 0 
5ef10000-5ef5e000 rwxp 00000000 00:00 0 
5ef5e000-5ef61000 ---p 00000000 00:00 0 
5ef61000-5f0af000 rwxp 00000000 00:00 0 
5f0af000-5f0b2000 ---p 00000000 00:00 0 
5f0b2000-5f200000 rwxp 00000000 00:00 0 
5f200000-5f300000 rwxp 00000000 00:00 0 
5f300000-5f400000 rwxp 00000000 00:00 0 
5f400000-5f4c1000 rwxp 00000000 00:00 0 
5f4c1000-5f500000 ---p 00000000 00:00 0 
5f500000-5f5f7000 rwxp 00000000 00:00 0 
5f5f7000-5f600000 ---p 00000000 00:00 0 
5f600000-5f602000 r-xs 00003000 08:06 441488     /home/sharath/.gradle/wrapper/dists/gradle-2.14.1-all/8bnwg5hd3w55iofp58khbp6yv/gradle-2.14.1/lib/jcl-over-slf4j-1.7.10.jar
5f602000-5f604000 r-xs 00008000 08:06 441483     /home/sharath/.gradle/wrapper/dists/gradle-2.14.1-all/8bnwg5hd3w55iofp58khbp6yv/gradle-2.14.1/lib/jansi-1.2.1.jar
5f604000-5f60f000 r-xs 00051000 08:06 441450     /home/sharath/.gradle/wrapper/dists/gradle-2.14.1-all/8bnwg5hd3w55iofp58khbp6yv/gradle-2.14.1/lib/gradle-launcher-2.14.1.jar
5f60f000-5f623000 r-xp 00000000 08:06 263329     /lib/i386-linux-gnu/libresolv-2.24.so
5f623000-5f624000 r-xp 00013000 08:06 263329     /lib/i386-linux-gnu/libresolv-2.24.so
5f624000-5f625000 rwxp 00014000 08:06 263329     /lib/i386-linux-gnu/libresolv-2.24.so
5f625000-5f627000 rwxp 00000000 00:00 0 
5f627000-5f629000 r-xs 00005000 08:06 441451     /home/sharath/.gradle/wrapper/dists/gradle-2.14.1-all/8bnwg5hd3w55iofp58khbp6yv/gradle-2.14.1/lib/gradle-wrapper-2.14.1.jar
5f629000-5f636000 r-xs 00083000 08:06 441469     /home/sharath/.gradle/wrapper/dists/gradle-2.14.1-all/8bnwg5hd3w55iofp58khbp6yv/gradle-2.14.1/lib/commons-collections-3.2.2.jar
5f636000-5f655000 r-xs 001d1000 08:06 441468     /home/sharath/.gradle/wrapper/dists/gradle-2.14.1-all/8bnwg5hd3w55iofp58khbp6yv/gradle-2.14.1/lib/ant-1.9.6.jar
5f655000-5f680000 r-xs 001fc000 08:06 347581     /home/sharath/.vscode/extensions/redhat.java-0.17.0/server/config_linux/org.eclipse.osgi/57/0/.cp/jars/guava-18.0.jar
5f680000-5f683000 ---p 00000000 00:00 0 
5f683000-5f6d1000 rwxp 00000000 00:00 0 
5f6d1000-5f6fc000 r-xp 00000000 08:06 139366     /usr/lib/jvm/java-8-openjdk-i386/jre/lib/i386/libsunec.so
5f6fc000-5f6fd000 ---p 0002b000 08:06 139366     /usr/lib/jvm/java-8-openjdk-i386/jre/lib/i386/libsunec.so
5f6fd000-5f6ff000 r-xp 0002b000 08:06 139366     /usr/lib/jvm/java-8-openjdk-i386/jre/lib/i386/libsunec.so
5f6ff000-5f700000 rwxp 0002d000 08:06 139366     /usr/lib/jvm/java-8-openjdk-i386/jre/lib/i386/libsunec.so
5f700000-5f800000 rwxp 00000000 00:00 0 
5f800000-5f900000 rwxp 00000000 00:00 0 
5f900000-5fa00000 rwxp 00000000 00:00 0 
5fa00000-5fac9000 rwxp 00000000 00:00 0 
5fac9000-5fb00000 ---p 00000000 00:00 0 
5fb00000-5fb01000 r-xs 00005000 08:06 441487     /home/sharath/.gradle/wrapper/dists/gradle-2.14.1-all/8bnwg5hd3w55iofp58khbp6yv/gradle-2.14.1/lib/log4j-over-slf4j-1.7.10.jar
5fb01000-5fb04000 r-xs 0000b000 08:06 441476     /home/sharath/.gradle/wrapper/dists/gradle-2.14.1-all/8bnwg5hd3w55iofp58khbp6yv/gradle-2.14.1/lib/gradle-resources-2.14.1.jar
5fb04000-5fb07000 ---p 00000000 00:00 0 
5fb07000-5fb55000 rwxp 00000000 00:00 0 
5fb55000-5fb58000 ---p 00000000 00:00 0 
5fb58000-5fba6000 rwxp 00000000 00:00 0 
5fba6000-5fba7000 r-xs 00000000 08:06 441471     /home/sharath/.gradle/wrapper/dists/gradle-2.14.1-all/8bnwg5hd3w55iofp58khbp6yv/gradle-2.14.1/lib/jcip-annotations-1.0.jar
5fba7000-5fbaf000 r-xs 0003a000 08:06 441453     /home/sharath/.gradle/wrapper/dists/gradle-2.14.1-all/8bnwg5hd3w55iofp58khbp6yv/gradle-2.14.1/lib/gradle-base-services-2.14.1.jar
5fbaf000-5fbbc000 r-xs 00083000 08:06 347556     /home/sharath/.vscode/extensions/redhat.java-0.17.0/server/config_linux/org.eclipse.osgi/52/0/.cp/commons-collections-3.2.2.jar
5fbbc000-5fbbf000 ---p 00000000 00:00 0 
5fbbf000-5fc0d000 rwxp 00000000 00:00 0 
5fc0d000-5fc10000 ---p 00000000 00:00 0 
5fc10000-5fd5e000 rwxp 00000000 00:00 0 
5fd5e000-5fd61000 ---p 00000000 00:00 0 
5fd61000-5fdaf000 rwxp 00000000 00:00 0 
5fdaf000-5fdb2000 ---p 00000000 00:00 0 
5fdb2000-5fe00000 rwxp 00000000 00:00 0 
5fe00000-5feff000 rwxp 00000000 00:00 0 
5feff000-5ff00000 ---p 00000000 00:00 0 
5ff00000-5fffa000 rwxp 00000000 00:00 0 
5fffa000-60000000 ---p 00000000 00:00 0 
60000000-60100000 rwxp 00000000 00:00 0 
60100000-60300000 rwxp 00000000 00:00 0 
60300000-60500000 rwxp 00000000 00:00 0 
60500000-605fe000 rwxp 00000000 00:00 0 
605fe000-60600000 ---p 00000000 00:00 0 
60600000-60700000 rwxp 00000000 00:00 0 
60700000-607c6000 rwxp 00000000 00:00 0 
607c6000-60800000 ---p 00000000 00:00 0 
60800000-608fd000 rwxp 00000000 00:00 0 
608fd000-60900000 ---p 00000000 00:00 0 
60900000-609ad000 rwxp 00000000 00:00 0 
609ad000-60a00000 ---p 00000000 00:00 0 
60a00000-60aff000 rwxp 00000000 00:00 0 
60aff000-60b00000 ---p 00000000 00:00 0 
60b00000-60bfe000 rwxp 00000000 00:00 0 
60bfe000-60c00000 ---p 00000000 00:00 0 
60c00000-60d00000 rwxp 00000000 00:00 0 
60d00000-60e00000 rwxp 00000000 00:00 0 
60e00000-60f00000 rwxp 00000000 00:00 0 
60f00000-61000000 rwxp 00000000 00:00 0 
61000000-610fe000 rwxp 00000000 00:00 0 
610fe000-61100000 ---p 00000000 00:00 0 
61100000-61105000 r-xs 0001c000 08:06 441475     /home/sharath/.gradle/wrapper/dists/gradle-2.14.1-all/8bnwg5hd3w55iofp58khbp6yv/gradle-2.14.1/lib/gradle-logging-2.14.1.jar
61105000-6110c000 r-xs 00064000 08:06 347580     /home/sharath/.vscode/extensions/redhat.java-0.17.0/server/config_linux/org.eclipse.osgi/57/0/.cp/jars/commons-lang3-3.4.jar
6110c000-6110d000 r-xs 00006000 08:06 347605     /home/sharath/.vscode/extensions/redhat.java-0.17.0/server/config_linux/org.eclipse.osgi/57/0/.cp/jars/plexus-sec-dispatcher-1.3.jar
6110d000-6110f000 r-xs 00000000 08:06 347603     /home/sharath/.vscode/extensions/redhat.java-0.17.0/server/config_linux/org.eclipse.osgi/57/0/.cp/jars/plexus-component-annotations-1.6.jar
6110f000-61111000 r-xs 0000b000 08:06 347602     /home/sharath/.vscode/extensions/redhat.java-0.17.0/server/config_linux/org.eclipse.osgi/57/0/.cp/jars/plexus-classworlds-2.5.2.jar
61111000-61115000 r-xs 00038000 08:06 347606     /home/sharath/.vscode/extensions/redhat.java-0.17.0/server/config_linux/org.eclipse.osgi/57/0/.cp/jars/plexus-utils-3.0.22.jar
61115000-61118000 r-xs 0000d000 08:06 347604     /home/sharath/.vscode/extensions/redhat.java-0.17.0/server/config_linux/org.eclipse.osgi/57/0/.cp/jars/plexus-interpolation-1.21.jar
61118000-61121000 r-xs 0005f000 08:06 347582     /home/sharath/.vscode/extensions/redhat.java-0.17.0/server/config_linux/org.eclipse.osgi/57/0/.cp/jars/guice-4.0-no_aop.jar
61121000-61125000 r-xs 00020000 08:06 347576     /home/sharath/.vscode/extensions/redhat.java-0.17.0/server/config_linux/org.eclipse.osgi/57/0/.cp/jars/aether-util-1.0.2.v20150114.jar
61125000-6112a000 r-xs 0001d000 08:06 347570     /home/sharath/.vscode/extensions/redhat.java-0.17.0/server/config_linux/org.eclipse.osgi/57/0/.cp/jars/aether-api-1.0.2.v20150114.jar
6112a000-6112c000 r-xs 0000f000 08:06 347584     /home/sharath/.vscode/extensions/redhat.java-0.17.0/server/config_linux/org.eclipse.osgi/57/0/.cp/jars/maven-aether-provider-3.3.9.jar
6112c000-61131000 r-xs 00027000 08:06 347591     /home/sharath/.vscode/extensions/redhat.java-0.17.0/server/config_linux/org.eclipse.osgi/57/0/.cp/jars/maven-model-builder-3.3.9.jar
61131000-61133000 r-xs 0000a000 08:06 347592     /home/sharath/.vscode/extensions/redhat.java-0.17.0/server/config_linux/org.eclipse.osgi/57/0/.cp/jars/maven-plugin-api-3.3.9.jar
61133000-61135000 r-xs 0000c000 08:06 347585     /home/sharath/.vscode/extensions/redhat.java-0.17.0/server/config_linux/org.eclipse.osgi/57/0/.cp/jars/maven-artifact-3.3.9.jar
61135000-61136000 r-xs 00006000 08:06 347593     /home/sharath/.vscode/extensions/redhat.java-0.17.0/server/config_linux/org.eclipse.osgi/57/0/.cp/jars/maven-repository-metadata-3.3.9.jar
61136000-61143000 r-xs 0008f000 08:06 347588     /home/sharath/.vscode/extensions/redhat.java-0.17.0/server/config_linux/org.eclipse.osgi/57/0/.cp/jars/maven-core-3.3.9.jar
61143000-61156000 r-xs 00346000 08:06 139391     /usr/lib/jvm/java-8-openjdk-i386/jre/lib/resources.jar
61156000-61159000 ---p 00000000 00:00 0 
61159000-611a7000 rwxp 00000000 00:00 0 
611a7000-611aa000 ---p 00000000 00:00 0 
611aa000-611f8000 rwxp 00000000 00:00 0 
611f8000-61200000 r-xs 00071000 08:06 347876     /home/sharath/.vscode/extensions/redhat.java-0.17.0/server/config_linux/org.eclipse.osgi/70/0/.cp/lib/commons-lang3-3.6.jar
61200000-612f8000 rwxp 00000000 00:00 0 
612f8000-61300000 ---p 00000000 00:00 0 
61300000-61301000 r-xs 00003000 08:06 347586     /home/sharath/.vscode/extensions/redhat.java-0.17.0/server/config_linux/org.eclipse.osgi/57/0/.cp/jars/maven-builder-support-3.3.9.jar
61301000-61303000 r-xs 00009000 08:06 347595     /home/sharath/.vscode/extensions/redhat.java-0.17.0/server/config_linux/org.eclipse.osgi/57/0/.cp/jars/maven-settings-builder-3.3.9.jar
61303000-61304000 r-xs 0000a000 08:06 347594     /home/sharath/.vscode/extensions/redhat.java-0.17.0/server/config_linux/org.eclipse.osgi/57/0/.cp/jars/maven-settings-3.3.9.jar
61304000-61307000 r-xs 00026000 08:06 347590     /home/sharath/.vscode/extensions/redhat.java-0.17.0/server/config_linux/org.eclipse.osgi/57/0/.cp/jars/maven-model-3.3.9.jar
61309000-6130c000 r-xs 0001b000 08:06 347629     /home/sharath/.vscode/extensions/redhat.java-0.17.0/server/plugins/org.eclipse.core.filebuffers_3.6.100.v20170203-1130.jar
6130c000-61311000 r-xs 0003d000 08:06 347685     /home/sharath/.vscode/extensions/redhat.java-0.17.0/server/plugins/org.eclipse.text_3.6.100.v20170203-0814.jar
61311000-61316000 r-xs 00048000 08:06 441479     /home/sharath/.gradle/wrapper/dists/gradle-2.14.1-all/8bnwg5hd3w55iofp58khbp6yv/gradle-2.14.1/lib/dom4j-1.6.1.jar
61316000-61346000 r-xs 0025e000 08:06 347614     /home/sharath/.vscode/extensions/redhat.java-0.17.0/server/plugins/com.google.guava_21.0.0.v20170206-1425.jar
61346000-61348000 r-xs 002e0000 08:06 347463     /home/sharath/.vscode/extensions/vscjava.vscode-java-debug-0.5.0/server/com.microsoft.java.debug.plugin-0.5.0.jar
61348000-6134a000 r-xs 00007000 08:06 347692     /home/sharath/.vscode/extensions/redhat.java-0.17.0/server/plugins/org.slf4j.api_1.7.2.v20121108-1250.jar
6134a000-6134c000 r-xs 00002000 08:06 441478     /home/sharath/.gradle/wrapper/dists/gradle-2.14.1-all/8bnwg5hd3w55iofp58khbp6yv/gradle-2.14.1/lib/gradle-open-api-2.14.1.jar
6134c000-6134e000 r-xs 00009000 08:06 441459     /home/sharath/.gradle/wrapper/dists/gradle-2.14.1-all/8bnwg5hd3w55iofp58khbp6yv/gradle-2.14.1/lib/gradle-native-2.14.1.jar
6134e000-6137b000 r-xs 001a3000 08:06 347689     /home/sharath/.vscode/extensions/redhat.java-0.17.0/server/plugins/org.gradle.toolingapi_4.3.0.v20171108133209.jar
6137b000-6137c000 r-xs 00000000 08:06 441472     /home/sharath/.gradle/wrapper/dists/gradle-2.14.1-all/8bnwg5hd3w55iofp58khbp6yv/gradle-2.14.1/lib/javax.inject-1.jar
6137c000-6137e000 r-xs 00007000 08:06 441466     /home/sharath/.gradle/wrapper/dists/gradle-2.14.1-all/8bnwg5hd3w55iofp58khbp6yv/gradle-2.14.1/lib/gradle-model-groovy-2.14.1.jar
6137e000-61383000 r-xs 00041000 08:06 441462     /home/sharath/.gradle/wrapper/dists/gradle-2.14.1-all/8bnwg5hd3w55iofp58khbp6yv/gradle-2.14.1/lib/commons-lang-2.6.jar
61383000-61388000 r-xs 00038000 08:06 441467     /home/sharath/.gradle/wrapper/dists/gradle-2.14.1-all/8bnwg5hd3w55iofp58khbp6yv/gradle-2.14.1/lib/asm-all-5.1.jar
61388000-61390000 r-xs 00058000 08:06 347565     /home/sharath/.vscode/extensions/redhat.java-0.17.0/server/config_linux/org.eclipse.osgi/52/0/.cp/velocity-1.5.jar
61390000-61395000 r-xs 00048000 08:06 347559     /home/sharath/.vscode/extensions/redhat.java-0.17.0/server/config_linux/org.eclipse.osgi/52/0/.cp/dom4j-1.6.1.jar
61395000-61397000 r-xs 0063c000 08:06 347678     /home/sharath/.vscode/extensions/redhat.java-0.17.0/server/plugins/org.eclipse.m2e.maven.runtime_1.8.2.20171007-0216.jar
61397000-6139a000 r-xs 00112000 08:06 347677     /home/sharath/.vscode/extensions/redhat.java-0.17.0/server/plugins/org.eclipse.m2e.maven.indexer_1.8.2.20171007-0216.jar
6139a000-6139e000 r-xs 00027000 08:06 441470     /home/sharath/.gradle/wrapper/dists/gradle-2.14.1-all/8bnwg5hd3w55iofp58khbp6yv/gradle-2.14.1/lib/commons-io-2.2.jar
6139e000-613a9000 r-xs 0008d000 08:06 347674     /home/sharath/.vscode/extensions/redhat.java-0.17.0/server/plugins/org.eclipse.m2e.core_1.8.2.20171007-0217.jar
613a9000-613ab000 r-xs 001e7000 08:06 347673     /home/sharath/.vscode/extensions/redhat.java-0.17.0/server/plugins/org.eclipse.m2e.archetype.common_1.8.2.20171007-0216.jar
613ab000-613ac000 r-xs 00001000 08:06 441463     /home/sharath/.gradle/wrapper/dists/gradle-2.14.1-all/8bnwg5hd3w55iofp58khbp6yv/gradle-2.14.1/lib/gradle-process-services-2.14.1.jar
613ac000-613ad000 r-xs 00000000 08:06 441454     /home/sharath/.gradle/wrapper/dists/gradle-2.14.1-all/8bnwg5hd3w55iofp58khbp6yv/gradle-2.14.1/lib/gradle-jvm-services-2.14.1.jar
613ad000-613ae000 r-xs 00000000 08:06 441452     /home/sharath/.gradle/wrapper/dists/gradle-2.14.1-all/8bnwg5hd3w55iofp58khbp6yv/gradle-2.14.1/lib/gradle-installation-beacon-2.14.1.jar
613ae000-613b2000 r-xs 0002f000 08:06 347558     /home/sharath/.vscode/extensions/redhat.java-0.17.0/server/config_linux/org.eclipse.osgi/52/0/.cp/commons-lang-2.1.jar
613b2000-613b4000 r-xs 00014000 08:06 347671     /home/sharath/.vscode/extensions/redhat.java-0.17.0/server/plugins/org.eclipse.lsp4j.jsonrpc_0.3.0.v20170913-0639.jar
613b4000-613bb000 r-xs 00046000 08:06 347670     /home/sharath/.vscode/extensions/redhat.java-0.17.0/server/plugins/org.eclipse.lsp4j_0.3.0.v20170913-0639.jar
613bb000-613bc000 r-xs 00002000 08:06 441477     /home/sharath/.gradle/wrapper/dists/gradle-2.14.1-all/8bnwg5hd3w55iofp58khbp6yv/gradle-2.14.1/lib/gradle-docs-2.14.1.jar
613bc000-613be000 r-xs 00005000 08:06 441456     /home/sharath/.gradle/wrapper/dists/gradle-2.14.1-all/8bnwg5hd3w55iofp58khbp6yv/gradle-2.14.1/lib/gradle-cli-2.14.1.jar
613be000-613c4000 r-xs 00048000 08:06 347547     /home/sharath/.vscode/extensions/redhat.java-0.17.0/server/config_linux/org.eclipse.osgi/48/0/.cp/lib/jsoup-1.9.2.jar
613c4000-61400000 r-xs 0062b000 08:06 347662     /home/sharath/.vscode/extensions/redhat.java-0.17.0/server/plugins/org.eclipse.jdt.core_3.13.50.v20171007-0855.jar
61400000-61500000 rwxp 00000000 00:00 0 
61500000-615fc000 rwxp 00000000 00:00 0 
615fc000-61600000 ---p 00000000 00:00 0 
61600000-61602000 r-xs 0000e000 08:06 347563     /home/sharath/.vscode/extensions/redhat.java-0.17.0/server/config_linux/org.eclipse.osgi/52/0/.cp/oro-2.0.8.jar
61602000-61604000 r-xs 0000e000 08:06 347551     /home/sharath/.vscode/extensions/redhat.java-0.17.0/server/config_linux/org.eclipse.osgi/48/0/.cp/lib/remark-1.0.0.jar
61604000-61613000 r-xs 00152000 08:06 347669     /home/sharath/.vscode/extensions/redhat.java-0.17.0/server/plugins/org.eclipse.jdt.ls.core_0.11.0.201801170004.jar
61613000-61618000 r-xs 00051000 08:06 347667     /home/sharath/.vscode/extensions/redhat.java-0.17.0/server/plugins/org.eclipse.jdt.launching_3.9.50.v20171009-0349.jar
61618000-6161b000 r-xs 00023000 08:06 347561     /home/sharath/.vscode/extensions/redhat.java-0.17.0/server/config_linux/org.eclipse.osgi/52/0/.cp/jdom-1.0.jar
6161b000-6161f000 r-xs 00027000 08:06 347557     /home/sharath/.vscode/extensions/redhat.java-0.17.0/server/config_linux/org.eclipse.osgi/52/0/.cp/commons-io-2.2.jar
6161f000-6162d000 r-xs 000bb000 08:06 347568     /home/sharath/.vscode/extensions/redhat.java-0.17.0/server/config_linux/org.eclipse.osgi/56/0/.cp/lucene-core-2.4.1.jar
6162d000-61632000 r-xp 00000000 08:06 263285     /lib/i386-linux-gnu/libnss_dns-2.24.so
61632000-61633000 r-xp 00004000 08:06 263285     /lib/i386-linux-gnu/libnss_dns-2.24.so
61633000-61634000 rwxp 00005000 08:06 263285     /lib/i386-linux-gnu/libnss_dns-2.24.so
61634000-61636000 r-xs 00007000 08:06 347543     /home/sharath/.vscode/extensions/redhat.java-0.17.0/server/config_linux/org.eclipse.osgi/41/0/.cp/lib/java9api.jar
61636000-61638000 r-xs 00007000 08:06 347542     /home/sharath/.vscode/extensions/redhat.java-0.17.0/server/config_linux/org.eclipse.osgi/40/0/.cp/lib/java9api.jar
61638000-6163a000 r-xs 0001d000 08:06 347661     /home/sharath/.vscode/extensions/redhat.java-0.17.0/server/plugins/org.eclipse.jdt.compiler.tool_1.2.50.v20170920-0950.jar
6163a000-6163e000 r-xs 00038000 08:06 347660     /home/sharath/.vscode/extensions/redhat.java-0.17.0/server/plugins/org.eclipse.jdt.compiler.apt_1.3.50.v20170920-0950.jar
6163e000-61642000 r-xs 00027000 08:06 347553     /home/sharath/.vscode/extensions/redhat.java-0.17.0/server/config_linux/org.eclipse.osgi/52/0/.cp/archetype-common-2.4.jar
61642000-61645000 r-xs 00018000 08:06 347653     /home/sharath/.vscode/extensions/redhat.java-0.17.0/server/plugins/org.eclipse.equinox.security_1.2.300.v20170505-1235.jar
61645000-61648000 r-xs 0001e000 08:06 347651     /home/sharath/.vscode/extensions/redhat.java-0.17.0/server/plugins/org.eclipse.equinox.preferences_3.7.0.v20170126-2132.jar
61648000-6164a000 r-xs 00005000 08:06 347560     /home/sharath/.vscode/extensions/redhat.java-0.17.0/server/config_linux/org.eclipse.osgi/52/0/.cp/jchardet-1.0.jar
6164a000-6164c000 r-xs 00014000 08:06 347641     /home/sharath/.vscode/extensions/redhat.java-0.17.0/server/plugins/org.eclipse.equinox.app_1.3.400.v20150715-1528.jar
6164c000-61654000 r-xs 00058000 08:06 347640     /home/sharath/.vscode/extensions/redhat.java-0.17.0/server/plugins/org.eclipse.debug.core_3.11.0.v20170605-1534.jar
61654000-6165f000 r-xs 000cf000 08:06 347637     /home/sharath/.vscode/extensions/redhat.java-0.17.0/server/plugins/org.eclipse.core.resources_3.12.0.v20170417-1558.jar
6165f000-61661000 r-xs 00011000 08:06 347632     /home/sharath/.vscode/extensions/redhat.java-0.17.0/server/plugins/org.eclipse.core.net_1.3.100.v20170516-0820.jar
61661000-61664000 r-xs 00018000 08:06 347631     /home/sharath/.vscode/extensions/redhat.java-0.17.0/server/plugins/org.eclipse.core.jobs_3.9.1.v20170714-0547.jar
61664000-61666000 r-xs 0000f000 08:06 347630     /home/sharath/.vscode/extensions/redhat.java-0.17.0/server/plugins/org.eclipse.core.filesystem_1.7.0.v20170406-1337.jar
61666000-61667000 r-xs 00006000 08:06 441473     /home/sharath/.gradle/wrapper/dists/gradle-2.14.1-all/8bnwg5hd3w55iofp58khbp6yv/gradle-2.14.1/lib/gradle-base-services-groovy-2.14.1.jar
61667000-61669000 r-xs 00006000 08:06 347562     /home/sharath/.vscode/extensions/redhat.java-0.17.0/server/config_linux/org.eclipse.osgi/52/0/.cp/maven-invoker-2.1.1.jar
61669000-6166c000 r-xs 00014000 08:06 347569     /home/sharath/.vscode/extensions/redhat.java-0.17.0/server/config_linux/org.eclipse.osgi/56/0/.cp/lucene-highlighter-2.4.1.jar
6166c000-6166f000 r-xs 00017000 08:06 347627     /home/sharath/.vscode/extensions/redhat.java-0.17.0/server/plugins/org.eclipse.core.contenttype_3.6.0.v20170207-1037.jar
6166f000-61670000 r-xs 00004000 08:06 441484     /home/sharath/.gradle/wrapper/dists/gradle-2.14.1-all/8bnwg5hd3w55iofp58khbp6yv/gradle-2.14.1/lib/ant-launcher-1.9.6.jar
61670000-61675000 r-xs 0002c000 08:06 347567     /home/sharath/.vscode/extensions/redhat.java-0.17.0/server/config_linux/org.eclipse.osgi/56/0/.cp/indexer-core-3.1.0.jar
61675000-6167e000 r-xs 0004e000 08:06 347624     /home/sharath/.vscode/extensions/redhat.java-0.17.0/server/plugins/org.eclipse.buildship.core_2.2.0.v20171211-1404.jar
6167e000-61680000 r-xs 00003000 08:06 347555     /home/sharath/.vscode/extensions/redhat.java-0.17.0/server/config_linux/org.eclipse.osgi/52/0/.cp/archetype-registry-2.4.jar
61680000-61682000 r-xs 00005000 08:06 347566     /home/sharath/.vscode/extensions/redhat.java-0.17.0/server/config_linux/org.eclipse.osgi/56/0/.cp/indexer-artifact-3.1.0.jar
61682000-61684000 r-xp 00000000 08:06 263293     /lib/i386-linux-gnu/libnss_mdns4_minimal.so.2
61684000-61685000 r-xp 00001000 08:06 263293     /lib/i386-linux-gnu/libnss_mdns4_minimal.so.2
61685000-61686000 rwxp 00002000 08:06 263293     /lib/i386-linux-gnu/libnss_mdns4_minimal.so.2
61686000-61688000 r-xs 00003000 08:06 347619     /home/sharath/.vscode/extensions/redhat.java-0.17.0/server/plugins/javax.inject_1.0.0.v20091030.jar
61688000-6168d000 r-xs 0004c000 08:06 347621     /home/sharath/.vscode/extensions/redhat.java-0.17.0/server/plugins/org.apache.commons.lang3_3.1.0.v201403281430.jar
6168d000-61692000 r-xs 00041000 08:06 347579     /home/sharath/.vscode/extensions/redhat.java-0.17.0/server/config_linux/org.eclipse.osgi/57/0/.cp/jars/commons-lang-2.6.jar
61692000-61694000 r-xs 00005000 08:06 347575     /home/sharath/.vscode/extensions/redhat.java-0.17.0/server/config_linux/org.eclipse.osgi/57/0/.cp/jars/aether-transport-wagon-1.0.2.v20150114.jar
61694000-6169a000 r-xs 0005b000 08:06 347596     /home/sharath/.vscode/extensions/redhat.java-0.17.0/server/config_linux/org.eclipse.osgi/57/0/.cp/jars/okhttp-3.7.0.jar
6169a000-6169c000 r-xs 00005000 08:06 347617     /home/sharath/.vscode/extensions/redhat.java-0.17.0/server/plugins/com.gradleware.tooling.utils_0.19.4.v20171108133209.jar
6169c000-616a1000 r-xs 0001f000 08:06 347616     /home/sharath/.vscode/extensions/redhat.java-0.17.0/server/plugins/com.gradleware.tooling.model_0.19.4.v20171108133209.jar
616a1000-616a3000 r-xs 0000c000 08:06 347615     /home/sharath/.vscode/extensions/redhat.java-0.17.0/server/plugins/com.gradleware.tooling.client_0.19.4.v20171108133209.jar
616a3000-616a4000 r-xs 00001000 08:06 347564     /home/sharath/.vscode/extensions/redhat.java-0.17.0/server/config_linux/org.eclipse.osgi/52/0/.cp/plexus-velocity-1.1.8.jar
616a4000-616a6000 r-xs 00012000 08:06 347597     /home/sharath/.vscode/extensions/redhat.java-0.17.0/server/config_linux/org.eclipse.osgi/57/0/.cp/jars/okio-1.12.0.jar
616a6000-616a8000 r-xs 0000b000 08:06 347572     /home/sharath/.vscode/extensions/redhat.java-0.17.0/server/config_linux/org.eclipse.osgi/57/0/.cp/jars/aether-connector-okhttp-0.17.2.jar
616a8000-616aa000 r-xs 00006000 08:06 347574     /home/sharath/.vscode/extensions/redhat.java-0.17.0/server/config_linux/org.eclipse.osgi/57/0/.cp/jars/aether-spi-1.0.2.v20150114.jar
616aa000-616ae000 r-xs 00027000 08:06 347573     /home/sharath/.vscode/extensions/redhat.java-0.17.0/server/config_linux/org.eclipse.osgi/57/0/.cp/jars/aether-impl-1.0.2.v20150114.jar
616ae000-616b0000 r-xs 00001000 08:06 347600     /home/sharath/.vscode/extensions/redhat.java-0.17.0/server/config_linux/org.eclipse.osgi/57/0/.cp/jars/plexus-build-api-0.0.7.jar
616b0000-616b8000 r-xs 00055000 08:06 347598     /home/sharath/.vscode/extensions/redhat.java-0.17.0/server/config_linux/org.eclipse.osgi/57/0/.cp/jars/org.eclipse.sisu.inject-0.3.2.jar
616b8000-616b9000 r-xs 00005000 08:06 347554     /home/sharath/.vscode/extensions/redhat.java-0.17.0/server/config_linux/org.eclipse.osgi/52/0/.cp/archetype-descriptor-2.4.jar
616b9000-616ba000 r-xs 00001000 08:06 347583     /home/sharath/.vscode/extensions/redhat.java-0.17.0/server/config_linux/org.eclipse.osgi/57/0/.cp/jars/jsr250-api-1.0.jar
616ba000-616bd000 r-xs 00008000 08:06 347577     /home/sharath/.vscode/extensions/redhat.java-0.17.0/server/config_linux/org.eclipse.osgi/57/0/.cp/jars/cdi-api-1.0.jar
616bd000-616c3000 r-xs 0002d000 08:06 347599     /home/sharath/.vscode/extensions/redhat.java-0.17.0/server/config_linux/org.eclipse.osgi/57/0/.cp/jars/org.eclipse.sisu.plexus-0.3.2.jar
616c3000-616c6000 r-xs 0000b000 08:06 347608     /home/sharath/.vscode/extensions/redhat.java-0.17.0/server/config_linux/org.eclipse.osgi/57/0/.cp/jars/wagon-provider-api-2.10.jar
616c6000-616cc000 r-xs 00041000 08:06 347587     /home/sharath/.vscode/extensions/redhat.java-0.17.0/server/config_linux/org.eclipse.osgi/57/0/.cp/jars/maven-compat-3.3.9.jar
616cc000-616ce000 r-xs 00009000 08:06 347578     /home/sharath/.vscode/extensions/redhat.java-0.17.0/server/config_linux/org.eclipse.osgi/57/0/.cp/jars/commons-cli-1.2.jar
616ce000-616d0000 r-xs 00002000 08:06 347601     /home/sharath/.vscode/extensions/redhat.java-0.17.0/server/config_linux/org.eclipse.osgi/57/0/.cp/jars/plexus-cipher-1.7.jar
616d0000-616d3000 r-xs 00013000 08:06 347589     /home/sharath/.vscode/extensions/redhat.java-0.17.0/server/config_linux/org.eclipse.osgi/57/0/.cp/jars/maven-embedder-3.3.9.jar
616d3000-616fc000 r-xs 00200000 08:06 347613     /home/sharath/.vscode/extensions/redhat.java-0.17.0/server/plugins/com.google.guava_15.0.0.v201403281430.jar
616fc000-616ff000 ---p 00000000 00:00 0 
616ff000-6174d000 rwxp 00000000 00:00 0 
6174d000-61750000 ---p 00000000 00:00 0 
61750000-6179e000 rwxp 00000000 00:00 0 
6179e000-617ac000 r-xp 00000000 08:06 301428     /home/sharath/.vscode/extensions/redhat.java-0.17.0/server/config_linux/org.eclipse.equinox.launcher/org.eclipse.equinox.launcher.gtk.linux.x86_1.1.550.v20170928-1359/eclipse_1629.so
617ac000-617ad000 r-xp 0000d000 08:06 301428     /home/sharath/.vscode/extensions/redhat.java-0.17.0/server/config_linux/org.eclipse.equinox.launcher/org.eclipse.equinox.launcher.gtk.linux.x86_1.1.550.v20170928-1359/eclipse_1629.so
617ad000-617ae000 rwxp 0000e000 08:06 301428     /home/sharath/.vscode/extensions/redhat.java-0.17.0/server/config_linux/org.eclipse.equinox.launcher/org.eclipse.equinox.launcher.gtk.linux.x86_1.1.550.v20170928-1359/eclipse_1629.so
617ae000-617b1000 ---p 00000000 00:00 0 
617b1000-618ff000 rwxp 00000000 00:00 0 
618ff000-63600000 rwxp 00000000 00:00 0 
63600000-636e1000 rwxp 00000000 00:00 0 
636e1000-63700000 ---p 00000000 00:00 0 
63700000-637fa000 rwxp 00000000 00:00 0 
637fa000-63800000 ---p 00000000 00:00 0 
63800000-638ff000 rwxp 00000000 00:00 0 
638ff000-63900000 ---p 00000000 00:00 0 
63900000-63901000 r-xs 00004000 08:06 347552     /home/sharath/.vscode/extensions/redhat.java-0.17.0/server/config_linux/org.eclipse.osgi/52/0/.cp/archetype-catalog-2.4.jar
63901000-63907000 r-xs 0003a000 08:06 347612     /home/sharath/.vscode/extensions/redhat.java-0.17.0/server/plugins/com.google.gson_2.7.0.v20170129-0911.jar
63907000-6390b000 r-xs 0002a000 08:06 347652     /home/sharath/.vscode/extensions/redhat.java-0.17.0/server/plugins/org.eclipse.equinox.registry_3.7.0.v20170222-1344.jar
6390b000-6390e000 ---p 00000000 00:00 0 
6390e000-6395c000 rwxp 00000000 00:00 0 
6395c000-63972000 r-xp 00000000 08:06 139360     /usr/lib/jvm/java-8-openjdk-i386/jre/lib/i386/libnet.so
63972000-63973000 r-xp 00015000 08:06 139360     /usr/lib/jvm/java-8-openjdk-i386/jre/lib/i386/libnet.so
63973000-63974000 rwxp 00016000 08:06 139360     /usr/lib/jvm/java-8-openjdk-i386/jre/lib/i386/libnet.so
63974000-6398a000 r-xs 0013d000 08:06 347681     /home/sharath/.vscode/extensions/redhat.java-0.17.0/server/plugins/org.eclipse.osgi_3.12.50.v20170928-1321.jar
6398a000-6398b000 ---p 00000000 00:00 0 
6398b000-63a0b000 rwxp 00000000 00:00 0 
63a0b000-63a0e000 ---p 00000000 00:00 0 
63a0e000-63a5c000 rwxp 00000000 00:00 0 
63a5c000-63a5f000 ---p 00000000 00:00 0 
63a5f000-63add000 rwxp 00000000 00:00 0 
63add000-63ae0000 ---p 00000000 00:00 0 
63ae0000-63b5e000 rwxp 00000000 00:00 0 
63b5e000-63b61000 ---p 00000000 00:00 0 
63b61000-63baf000 rwxp 00000000 00:00 0 
63baf000-63bb2000 ---p 00000000 00:00 0 
63bb2000-63c00000 rwxp 00000000 00:00 0 
63c00000-63cfd000 rwxp 00000000 00:00 0 
63cfd000-63d00000 ---p 00000000 00:00 0 
63d00000-63d02000 r-xs 00011000 08:06 347638     /home/sharath/.vscode/extensions/redhat.java-0.17.0/server/plugins/org.eclipse.core.runtime_3.13.0.v20170207-1030.jar
63d02000-63d13000 r-xp 00000000 08:06 139361     /usr/lib/jvm/java-8-openjdk-i386/jre/lib/i386/libnio.so
63d13000-63d14000 r-xp 00010000 08:06 139361     /usr/lib/jvm/java-8-openjdk-i386/jre/lib/i386/libnio.so
63d14000-63d15000 rwxp 00011000 08:06 139361     /usr/lib/jvm/java-8-openjdk-i386/jre/lib/i386/libnio.so
63d15000-63d66000 r-xp 00000000 08:06 930897     /usr/lib/locale/aa_DJ.utf8/LC_CTYPE
63d66000-63e96000 r-xp 00000000 08:06 930896     /usr/lib/locale/aa_DJ.utf8/LC_COLLATE
63e96000-63e99000 ---p 00000000 00:00 0 
63e99000-63ee7000 rwxp 00000000 00:00 0 
63ee7000-63eea000 ---p 00000000 00:00 0 
63eea000-63f38000 rwxp 00000000 00:00 0 
63f38000-63f39000 ---p 00000000 00:00 0 
63f39000-64007000 rwxp 00000000 00:00 0 
64007000-641d6000 r-xs 03c21000 08:06 139392     /usr/lib/jvm/java-8-openjdk-i386/jre/lib/rt.jar
641d6000-64677000 rwxp 00000000 00:00 0 
64677000-6467d000 ---p 00000000 00:00 0 
6467d000-6467e000 ---p 00000000 00:00 0 
6467e000-646fe000 rwxp 00000000 00:00 0 
646fe000-646ff000 ---p 00000000 00:00 0 
646ff000-6477f000 rwxp 00000000 00:00 0 
6477f000-64780000 ---p 00000000 00:00 0 
64780000-64974000 rwxp 00000000 00:00 0 
64974000-65800000 ---p 00000000 00:00 0 
65800000-65974000 rwxp 00000000 00:00 0 
65974000-66800000 ---p 00000000 00:00 0 
66800000-6682f000 rwxp 00000000 00:00 0 
6682f000-66a00000 ---p 00000000 00:00 0 
66a00000-66a2f000 rwxp 00000000 00:00 0 
66a2f000-66e00000 ---p 00000000 00:00 0 
66e00000-66e2f000 rwxp 00000000 00:00 0 
66e2f000-67000000 ---p 00000000 00:00 0 
67000000-6cd00000 rwxp 00000000 00:00 0 
6cd00000-a7000000 ---p 00000000 00:00 0 
a7000000-a7003000 r-xs 0001b000 08:06 347642     /home/sharath/.vscode/extensions/redhat.java-0.17.0/server/plugins/org.eclipse.equinox.common_3.9.0.v20170207-1454.jar
a7003000-a7006000 ---p 00000000 00:00 0 
a7006000-a701c000 rwxp 00000000 00:00 0 
a701c000-a7021000 r-xs 0009a000 08:06 139386     /usr/lib/jvm/java-8-openjdk-i386/jre/lib/jsse.jar
a7021000-a703c000 r-xs 00394000 08:06 139319     /usr/lib/jvm/java-8-openjdk-i386/jre/lib/ext/cldrdata.jar
a703c000-a707d000 rwxp 00000000 00:00 0 
a707d000-a707e000 ---p 00000000 00:00 0 
a707e000-a70fe000 rwxp 00000000 00:00 0 
a70fe000-a70ff000 ---p 00000000 00:00 0 
a70ff000-a717f000 rwxp 00000000 00:00 0 
a717f000-a7180000 ---p 00000000 00:00 0 
a7180000-a7200000 rwxp 00000000 00:00 0 
a7200000-a7300000 rwxp 00000000 00:00 0 
a7300000-a7301000 r-xs 00002000 08:06 347607     /home/sharath/.vscode/extensions/redhat.java-0.17.0/server/config_linux/org.eclipse.osgi/57/0/.cp/jars/wagon-file-2.10.jar
a7301000-a7303000 r-xs 0003a000 08:06 347682     /home/sharath/.vscode/extensions/redhat.java-0.17.0/server/plugins/org.eclipse.osgi.compatibility.state_1.1.0.v20170516-1513.jar
a7303000-a731e000 r-xs 001d6000 08:06 139324     /usr/lib/jvm/java-8-openjdk-i386/jre/lib/ext/nashorn.jar
a731e000-a737f000 rwxp 00000000 00:00 0 
a737f000-a7380000 ---p 00000000 00:00 0 
a7380000-a7400000 rwxp 00000000 00:00 0 
a7400000-a7500000 rwxp 00000000 00:00 0 
a7500000-a7501000 r-xs 00008000 08:06 347571     /home/sharath/.vscode/extensions/redhat.java-0.17.0/server/config_linux/org.eclipse.osgi/57/0/.cp/jars/aether-connector-basic-1.0.2.v20150114.jar
a7501000-a7504000 r-xs 00015000 08:06 139384     /usr/lib/jvm/java-8-openjdk-i386/jre/lib/jce.jar
a7504000-a7506000 r-xs 0000c000 08:06 347645     /home/sharath/.vscode/extensions/redhat.java-0.17.0/server/plugins/org.eclipse.equinox.launcher_1.4.0.v20161219-1356.jar
a7506000-a750c000 r-xs 0003a000 08:06 139326     /usr/lib/jvm/java-8-openjdk-i386/jre/lib/ext/sunjce_provider.jar
a750c000-a754d000 rwxp 00000000 00:00 0 
a754d000-a754e000 ---p 00000000 00:00 0 
a754e000-a75f5000 rwxp 00000000 00:00 0 
a75f5000-a798e000 ---p 00000000 00:00 0 
a798e000-a8316000 rwxp 00000000 00:00 0 
a8316000-b698e000 ---p 00000000 00:00 0 
b698e000-b69a4000 r-xp 00000000 08:06 263281     /lib/i386-linux-gnu/libnsl-2.24.so
b69a4000-b69a5000 r-xp 00016000 08:06 263281     /lib/i386-linux-gnu/libnsl-2.24.so
b69a5000-b69a6000 rwxp 00017000 08:06 263281     /lib/i386-linux-gnu/libnsl-2.24.so
b69a6000-b69a8000 rwxp 00000000 00:00 0 
b69a8000-b69a9000 r-xs 0000a000 08:06 139322     /usr/lib/jvm/java-8-openjdk-i386/jre/lib/ext/jaccess.jar
b69a9000-b69ad000 r-xs 00037000 08:06 139327     /usr/lib/jvm/java-8-openjdk-i386/jre/lib/ext/sunpkcs11.jar
b69ad000-b69af000 r-xs 00007000 08:06 190081     /usr/share/java/java-atk-wrapper.jar
b69af000-b69b2000 r-xs 0000f000 08:06 139321     /usr/lib/jvm/java-8-openjdk-i386/jre/lib/ext/icedtea-sound.jar
b69b2000-b69b4000 r-xs 00001000 08:06 139320     /usr/lib/jvm/java-8-openjdk-i386/jre/lib/ext/dnsns.jar
b69b4000-b69b5000 r-xs 00010000 08:06 139328     /usr/lib/jvm/java-8-openjdk-i386/jre/lib/ext/zipfs.jar
b69b5000-b69b7000 r-xs 00008000 08:06 139325     /usr/lib/jvm/java-8-openjdk-i386/jre/lib/ext/sunec.jar
b69b7000-b69c1000 r-xs 00116000 08:06 139323     /usr/lib/jvm/java-8-openjdk-i386/jre/lib/ext/localedata.jar
b69c1000-b69c2000 r-xp 00000000 08:06 139605     /usr/lib/locale/as_IN/LC_NUMERIC
b69c2000-b69c3000 r-xp 00000000 08:06 266963     /usr/lib/locale/en_IN/LC_TIME
b69c3000-b69c4000 r-xp 00000000 08:06 931065     /usr/lib/locale/ar_IN/LC_MONETARY
b69c4000-b69cc000 r-xp 00000000 08:06 139369     /usr/lib/jvm/java-8-openjdk-i386/jre/lib/i386/libzip.so
b69cc000-b69cd000 r-xp 00007000 08:06 139369     /usr/lib/jvm/java-8-openjdk-i386/jre/lib/i386/libzip.so
b69cd000-b69ce000 rwxp 00008000 08:06 139369     /usr/lib/jvm/java-8-openjdk-i386/jre/lib/i386/libzip.so
b69ce000-b69d6000 rwxs 00000000 08:06 960514     /tmp/hsperfdata_sharath/6873
b69d6000-b69fe000 r-xp 00000000 08:06 139348     /usr/lib/jvm/java-8-openjdk-i386/jre/lib/i386/libjava.so
b69fe000-b69ff000 r-xp 00027000 08:06 139348     /usr/lib/jvm/java-8-openjdk-i386/jre/lib/i386/libjava.so
b69ff000-b6a00000 rwxp 00028000 08:06 139348     /usr/lib/jvm/java-8-openjdk-i386/jre/lib/i386/libjava.so
b6a00000-b6aff000 rwxp 00000000 00:00 0 
b6aff000-b6b00000 ---p 00000000 00:00 0 
b6b00000-b6b01000 r-xp 00000000 08:06 266822     /usr/lib/locale/en_AG/LC_MESSAGES/SYS_LC_MESSAGES
b6b01000-b6b02000 r-xp 00000000 08:06 930905     /usr/lib/locale/aa_DJ.utf8/LC_PAPER
b6b02000-b6b03000 r-xp 00000000 08:06 266928     /usr/lib/locale/en_HK.utf8/LC_NAME
b6b03000-b6b0e000 r-xp 00000000 08:06 263287     /lib/i386-linux-gnu/libnss_files-2.24.so
b6b0e000-b6b0f000 r-xp 0000a000 08:06 263287     /lib/i386-linux-gnu/libnss_files-2.24.so
b6b0f000-b6b10000 rwxp 0000b000 08:06 263287     /lib/i386-linux-gnu/libnss_files-2.24.so
b6b10000-b6b16000 rwxp 00000000 00:00 0 
b6b16000-b6b1d000 r-xp 00000000 08:06 263331     /lib/i386-linux-gnu/librt-2.24.so
b6b1d000-b6b1e000 r-xp 00006000 08:06 263331     /lib/i386-linux-gnu/librt-2.24.so
b6b1e000-b6b1f000 rwxp 00007000 08:06 263331     /lib/i386-linux-gnu/librt-2.24.so
b6b1f000-b6b22000 ---p 00000000 00:00 0 
b6b22000-b6b70000 rwxp 00000000 00:00 0 
b6b70000-b6b8b000 r-xp 00000000 08:06 263236     /lib/i386-linux-gnu/libgcc_s.so.1
b6b8b000-b6b8c000 r-xp 0001a000 08:06 263236     /lib/i386-linux-gnu/libgcc_s.so.1
b6b8c000-b6b8d000 rwxp 0001b000 08:06 263236     /lib/i386-linux-gnu/libgcc_s.so.1
b6b8d000-b6be0000 r-xp 00000000 08:06 263266     /lib/i386-linux-gnu/libm-2.24.so
b6be0000-b6be1000 r-xp 00052000 08:06 263266     /lib/i386-linux-gnu/libm-2.24.so
b6be1000-b6be2000 rwxp 00053000 08:06 263266     /lib/i386-linux-gnu/libm-2.24.so
b6be2000-b6d54000 r-xp 00000000 08:06 1053025    /usr/lib/i386-linux-gnu/libstdc++.so.6.0.24
b6d54000-b6d5a000 r-xp 00171000 08:06 1053025    /usr/lib/i386-linux-gnu/libstdc++.so.6.0.24
b6d5a000-b6d5b000 rwxp 00177000 08:06 1053025    /usr/lib/i386-linux-gnu/libstdc++.so.6.0.24
b6d5b000-b6d5e000 rwxp 00000000 00:00 0 
b6d5e000-b7850000 r-xp 00000000 08:06 139373     /usr/lib/jvm/java-8-openjdk-i386/jre/lib/i386/server/libjvm.so
b7850000-b7851000 ---p 00af2000 08:06 139373     /usr/lib/jvm/java-8-openjdk-i386/jre/lib/i386/server/libjvm.so
b7851000-b789d000 r-xp 00af2000 08:06 139373     /usr/lib/jvm/java-8-openjdk-i386/jre/lib/i386/server/libjvm.so
b789d000-b78b4000 rwxp 00b3e000 08:06 139373     /usr/lib/jvm/java-8-openjdk-i386/jre/lib/i386/server/libjvm.so
b78b4000-b7cd5000 rwxp 00000000 00:00 0 
b7cd5000-b7e86000 r-xp 00000000 08:06 263199     /lib/i386-linux-gnu/libc-2.24.so
b7e86000-b7e88000 r-xp 001b0000 08:06 263199     /lib/i386-linux-gnu/libc-2.24.so
b7e88000-b7e89000 rwxp 001b2000 08:06 263199     /lib/i386-linux-gnu/libc-2.24.so
b7e89000-b7e8c000 rwxp 00000000 00:00 0 
b7e8c000-b7e8f000 r-xp 00000000 08:06 263222     /lib/i386-linux-gnu/libdl-2.24.so
b7e8f000-b7e90000 r-xp 00002000 08:06 263222     /lib/i386-linux-gnu/libdl-2.24.so
b7e90000-b7e91000 rwxp 00003000 08:06 263222     /lib/i386-linux-gnu/libdl-2.24.so
b7e91000-b7e9e000 r-xp 00000000 08:06 139333     /usr/lib/jvm/java-8-openjdk-i386/jre/lib/i386/jli/libjli.so
b7e9e000-b7e9f000 r-xp 0000c000 08:06 139333     /usr/lib/jvm/java-8-openjdk-i386/jre/lib/i386/jli/libjli.so
b7e9f000-b7ea0000 rwxp 0000d000 08:06 139333     /usr/lib/jvm/java-8-openjdk-i386/jre/lib/i386/jli/libjli.so
b7ea0000-b7eb9000 r-xp 00000000 08:06 263365     /lib/i386-linux-gnu/libz.so.1.2.8
b7eb9000-b7eba000 r-xp 00018000 08:06 263365     /lib/i386-linux-gnu/libz.so.1.2.8
b7eba000-b7ebb000 rwxp 00019000 08:06 263365     /lib/i386-linux-gnu/libz.so.1.2.8
b7ebb000-b7ed4000 r-xp 00000000 08:06 263323     /lib/i386-linux-gnu/libpthread-2.24.so
b7ed4000-b7ed5000 r-xp 00018000 08:06 263323     /lib/i386-linux-gnu/libpthread-2.24.so
b7ed5000-b7ed6000 rwxp 00019000 08:06 263323     /lib/i386-linux-gnu/libpthread-2.24.so
b7ed6000-b7ed8000 rwxp 00000000 00:00 0 
b7ed8000-b7ed9000 r-xp 00000000 08:06 266960     /usr/lib/locale/en_IN/LC_ADDRESS
b7ed9000-b7eda000 r-xp 00000000 08:06 930998     /usr/lib/locale/anp_IN/LC_TELEPHONE
b7eda000-b7edb000 r-xp 00000000 08:06 930899     /usr/lib/locale/aa_DJ.utf8/LC_MEASUREMENT
b7edb000-b7edc000 r-xp 00000000 08:06 266961     /usr/lib/locale/en_IN/LC_IDENTIFICATION
b7edc000-b7ee7000 r-xp 00000000 08:06 263298     /lib/i386-linux-gnu/libnss_nis-2.24.so
b7ee7000-b7ee8000 r-xp 0000a000 08:06 263298     /lib/i386-linux-gnu/libnss_nis-2.24.so
b7ee8000-b7ee9000 rwxp 0000b000 08:06 263298     /lib/i386-linux-gnu/libnss_nis-2.24.so
b7ee9000-b7ef1000 r-xp 00000000 08:06 263283     /lib/i386-linux-gnu/libnss_compat-2.24.so
b7ef1000-b7ef2000 r-xp 00007000 08:06 263283     /lib/i386-linux-gnu/libnss_compat-2.24.so
b7ef2000-b7ef3000 rwxp 00008000 08:06 263283     /lib/i386-linux-gnu/libnss_compat-2.24.so
b7ef3000-b7ef4000 rwxp 00000000 00:00 0 
b7ef4000-b7ef5000 r-xp 00000000 00:00 0 
b7ef5000-b7f03000 r-xp 00000000 08:06 139368     /usr/lib/jvm/java-8-openjdk-i386/jre/lib/i386/libverify.so
b7f03000-b7f04000 ---p 0000e000 08:06 139368     /usr/lib/jvm/java-8-openjdk-i386/jre/lib/i386/libverify.so
b7f04000-b7f05000 r-xp 0000e000 08:06 139368     /usr/lib/jvm/java-8-openjdk-i386/jre/lib/i386/libverify.so
b7f05000-b7f06000 rwxp 0000f000 08:06 139368     /usr/lib/jvm/java-8-openjdk-i386/jre/lib/i386/libverify.so
b7f06000-b7f09000 rwxp 00000000 00:00 0 
b7f09000-b7f0c000 r--p 00000000 00:00 0          [vvar]
b7f0c000-b7f0e000 r-xp 00000000 00:00 0          [vdso]
b7f0e000-b7f31000 r-xp 00000000 08:06 263168     /lib/i386-linux-gnu/ld-2.24.so
b7f31000-b7f32000 r-xp 00022000 08:06 263168     /lib/i386-linux-gnu/ld-2.24.so
b7f32000-b7f33000 rwxp 00023000 08:06 263168     /lib/i386-linux-gnu/ld-2.24.so
bf987000-bf9a8000 rw-p 00000000 00:00 0          [stack]

VM Arguments:
jvm_args: -Declipse.application=org.eclipse.jdt.ls.core.id1 -Dosgi.bundles.defaultStartLevel=4 -Declipse.product=org.eclipse.jdt.ls.core.product -Xverify:none -Xmx1G -XX:+UseG1GC -XX:+UseStringDeduplication 
java_command: /home/sharath/.vscode/extensions/redhat.java-0.17.0/server/plugins/org.eclipse.equinox.launcher_1.4.0.v20161219-1356.jar -configuration /home/sharath/.vscode/extensions/redhat.java-0.17.0/server/config_linux -data /home/sharath/.config/Code/User/workspaceStorage/ee1d83f4fa95e3dbe93066e670b5a978/redhat.java/jdt_ws
java_class_path (initial): /home/sharath/.vscode/extensions/redhat.java-0.17.0/server/plugins/org.eclipse.equinox.launcher_1.4.0.v20161219-1356.jar
Launcher Type: SUN_STANDARD

Environment Variables:
PATH=/home/sharath/.nvm/versions/node/v9.3.0/bin:/usr/local/bin:/usr/bin:/bin:/usr/local/games:/usr/games:/home/sharath/Android/Sdk/tools:/home/sharath/Android/Sdk/platform-tools:/home/sharath/Android/Sdk/tools:/home/sharath/Android/Sdk/platform-tools
SHELL=/bin/bash
DISPLAY=:0.0

Signal Handlers:
SIGSEGV: [libjvm.so+0x8fb2f0], sa_mask[0]=11111111011111111101111111111110, sa_flags=SA_RESTART|SA_SIGINFO
SIGBUS: [libjvm.so+0x8fb2f0], sa_mask[0]=11111111011111111101111111111110, sa_flags=SA_RESTART|SA_SIGINFO
SIGFPE: [libjvm.so+0x74dfc0], sa_mask[0]=11111111011111111101111111111110, sa_flags=SA_RESTART|SA_SIGINFO
SIGPIPE: [libjvm.so+0x74dfc0], sa_mask[0]=11111111011111111101111111111110, sa_flags=SA_RESTART|SA_SIGINFO
SIGXFSZ: [libjvm.so+0x74dfc0], sa_mask[0]=11111111011111111101111111111110, sa_flags=SA_RESTART|SA_SIGINFO
SIGILL: [libjvm.so+0x74dfc0], sa_mask[0]=11111111011111111101111111111110, sa_flags=SA_RESTART|SA_SIGINFO
SIGUSR1: SIG_DFL, sa_mask[0]=00000000000000000000000000000000, sa_flags=none
SIGUSR2: [libjvm.so+0x74de00], sa_mask[0]=00000000000000000000000000000000, sa_flags=SA_RESTART|SA_SIGINFO
SIGHUP: [libjvm.so+0x74e350], sa_mask[0]=11111111011111111101111111111110, sa_flags=SA_RESTART|SA_SIGINFO
SIGINT: SIG_IGN, sa_mask[0]=00000000000000000000000000000000, sa_flags=none
SIGTERM: [libjvm.so+0x74e350], sa_mask[0]=11111111011111111101111111111110, sa_flags=SA_RESTART|SA_SIGINFO
SIGQUIT: [libjvm.so+0x74e350], sa_mask[0]=11111111011111111101111111111110, sa_flags=SA_RESTART|SA_SIGINFO


---------------  S Y S T E M  ---------------

OS:DISTRIB_ID=Kali
DISTRIB_RELEASE=kali-rolling
DISTRIB_CODENAME=kali-rolling
DISTRIB_DESCRIPTION="Kali GNU/Linux Rolling"

uname:Linux 4.13.0-kali1-686-pae #1 SMP Debian 4.13.10-1kali2 (2017-11-08) i686
libc:glibc 2.24 NPTL 2.24 
rlimit: STACK 8192k, CORE 0k, NPROC 15858, NOFILE 1048576, AS infinity
load average:1.91 1.01 0.50

/proc/meminfo:
MemTotal:        2056508 kB
MemFree:          337408 kB
MemAvailable:     722304 kB
Buffers:          133896 kB
Cached:           589812 kB
SwapCached:            0 kB
Active:          1216008 kB
Inactive:         415612 kB
Active(anon):     922228 kB
Inactive(anon):   134556 kB
Active(file):     293780 kB
Inactive(file):   281056 kB
Unevictable:          96 kB
Mlocked:              96 kB
HighTotal:       1175152 kB
HighFree:         117236 kB
LowTotal:         881356 kB
LowFree:          220172 kB
SwapTotal:             0 kB
SwapFree:              0 kB
Dirty:              2932 kB
Writeback:             0 kB
AnonPages:        872052 kB
Mapped:           225540 kB
Shmem:            148868 kB
Slab:              52116 kB
SReclaimable:      32640 kB
SUnreclaim:        19476 kB
KernelStack:        3696 kB
PageTables:        12376 kB
NFS_Unstable:          0 kB
Bounce:                0 kB
WritebackTmp:          0 kB
CommitLimit:     1028252 kB
Committed_AS:    4054856 kB
VmallocTotal:     122880 kB
VmallocUsed:           0 kB
VmallocChunk:          0 kB
HardwareCorrupted:     0 kB
AnonHugePages:    258048 kB
ShmemHugePages:        0 kB
ShmemPmdMapped:        0 kB
HugePages_Total:       0
HugePages_Free:        0
HugePages_Rsvd:        0
HugePages_Surp:        0
Hugepagesize:       2048 kB
DirectMap4k:       12280 kB
DirectMap2M:      899072 kB


CPU:total 2 (initial active 2) (2 cores per cpu, 1 threads per core) family 6 model 15 stepping 2, cmov, cx8, fxsr, mmx, sse, sse2, sse3, ssse3, tsc

/proc/cpuinfo:
processor	: 0
vendor_id	: GenuineIntel
cpu family	: 6
model		: 15
model name	: Intel(R) Core(TM)2 CPU          4400  @ 2.00GHz
stepping	: 2
microcode	: 0x5d
cpu MHz		: 1994.991
cache size	: 2048 KB
physical id	: 0
siblings	: 2
core id		: 0
cpu cores	: 2
apicid		: 0
initial apicid	: 0
fdiv_bug	: no
f00f_bug	: no
coma_bug	: no
fpu		: yes
fpu_exception	: yes
cpuid level	: 10
wp		: yes
flags		: fpu vme de pse tsc msr pae mce cx8 apic sep mtrr pge mca cmov pat pse36 clflush dts acpi mmx fxsr sse sse2 ss ht tm pbe nx lm constant_tsc arch_perfmon pebs bts cpuid aperfmperf pni dtes64 monitor ds_cpl est tm2 ssse3 cx16 xtpr pdcm lahf_lm dtherm
bugs		:
bogomips	: 3989.98
clflush size	: 64
cache_alignment	: 64
address sizes	: 36 bits physical, 48 bits virtual
power management:

processor	: 1
vendor_id	: GenuineIntel
cpu family	: 6
model		: 15
model name	: Intel(R) Core(TM)2 CPU          4400  @ 2.00GHz
stepping	: 2
microcode	: 0x5d
cpu MHz		: 1994.991
cache size	: 2048 KB
physical id	: 0
siblings	: 2
core id		: 1
cpu cores	: 2
apicid		: 1
initial apicid	: 1
fdiv_bug	: no
f00f_bug	: no
coma_bug	: no
fpu		: yes
fpu_exception	: yes
cpuid level	: 10
wp		: yes
flags		: fpu vme de pse tsc msr pae mce cx8 apic sep mtrr pge mca cmov pat pse36 clflush dts acpi mmx fxsr sse sse2 ss ht tm pbe nx lm constant_tsc arch_perfmon pebs bts cpuid aperfmperf pni dtes64 monitor ds_cpl est tm2 ssse3 cx16 xtpr pdcm lahf_lm dtherm
bugs		:
bogomips	: 4007.29
clflush size	: 64
cache_alignment	: 64
address sizes	: 36 bits physical, 48 bits virtual
power management:



Memory: 4k page, physical 2056508k(337408k free), swap 0k(0k free)

vm_info: OpenJDK Server VM (25.151-b12) for linux-x86 JRE (1.8.0_151-8u151-b12-1-b12), built on Nov  1 2017 06:12:56 by "buildd" with gcc 7.2.1 20171025

time: Mon Jan 29 21:58:36 2018
elapsed time: 46 seconds (0d 0h 0m 46s)

