#
# There is insufficient memory for the Java Runtime Environment to continue.
# Native memory allocation (mmap) failed to map 23592960 bytes for committing reserved memory.
# Possible reasons:
#   The system is out of physical RAM or swap space
#   In 32 bit mode, the process size limit was hit
# Possible solutions:
#   Reduce memory load on the system
#   Increase physical memory or swap space
#   Check if swap backing store is full
#   Use 64 bit Java on a 64 bit OS
#   Decrease Java heap size (-Xmx/-Xms)
#   Decrease number of Java threads
#   Decrease Java thread stack sizes (-Xss)
#   Set larger code cache with -XX:ReservedCodeCacheSize=
# This output file may be truncated or incomplete.
#
#  Out of Memory Error (os_linux.cpp:2643), pid=9394, tid=0x879a4b40
#
# JRE version: OpenJDK Runtime Environment (8.0_151-b12) (build 1.8.0_151-8u151-b12-1-b12)
# Java VM: OpenJDK Server VM (25.151-b12 mixed mode linux-x86 )
# Failed to write core dump. Core dumps have been disabled. To enable core dumping, try "ulimit -c unlimited" before starting Java again
#

---------------  T H R E A D  ---------------

Current thread (0x85f10c00):  VMThread [stack: 0x87924000,0x879a5000] [id=9405]

Stack: [0x87924000,0x879a5000],  sp=0x879a3a70,  free space=510k
Native frames: (J=compiled Java code, j=interpreted, Vv=VM code, C=native code)
V  [libjvm.so+0x8fa982]
V  [libjvm.so+0x3899b6]
V  [libjvm.so+0x752ca0]
V  [libjvm.so+0x74cb93]
V  [libjvm.so+0x7c766c]
V  [libjvm.so+0x7c88fb]
V  [libjvm.so+0x7798b8]
V  [libjvm.so+0x7c5350]
V  [libjvm.so+0x7c5748]
V  [libjvm.so+0x77924d]
V  [libjvm.so+0x8fc775]
V  [libjvm.so+0x901ba6]
V  [libjvm.so+0x8ffc38]
V  [libjvm.so+0x9005f5]
V  [libjvm.so+0x900a30]
V  [libjvm.so+0x74fec5]
C  [libpthread.so.0+0x627a]  start_thread+0xda

VM_Operation (0xb6bd9ca4): ParallelGCFailedAllocation, mode: safepoint, requested by thread 0xb6a07800


---------------  P R O C E S S  ---------------

Java Threads: ( => current thread )
  0x81b67c00 JavaThread "File lock request listener" [_thread_in_native, id=9417, stack(0x819af000,0x81a00000)]
  0x81fedc00 JavaThread "process reaper" daemon [_thread_blocked, id=9416, stack(0x82f1f000,0x82f38000)]
  0x82454000 JavaThread "pool-1-thread-1" [_thread_blocked, id=9414, stack(0x82736000,0x82787000)]
  0x85f3b000 JavaThread "Service Thread" daemon [_thread_blocked, id=9411, stack(0x85b39000,0x85b8a000)]
  0x85f38000 JavaThread "C1 CompilerThread1" daemon [_thread_blocked, id=9410, stack(0x85b8a000,0x85c0b000)]
  0x85f36400 JavaThread "C2 CompilerThread0" daemon [_thread_blocked, id=9409, stack(0x85c0b000,0x85c8c000)]
  0x85f34800 JavaThread "Signal Dispatcher" daemon [_thread_blocked, id=9408, stack(0x85c8c000,0x85cdd000)]
  0x85f18400 JavaThread "Finalizer" daemon [_thread_blocked, id=9407, stack(0x85e5e000,0x85eaf000)]
  0x85f15800 JavaThread "Reference Handler" daemon [_thread_blocked, id=9406, stack(0x85eaf000,0x85f00000)]
  0xb6a07800 JavaThread "main" [_thread_blocked, id=9402, stack(0xb6b8c000,0xb6bdd000)]

Other Threads:
=>0x85f10c00 VMThread [stack: 0x87924000,0x879a5000] [id=9405]
  0x85f3d000 WatcherThread [stack: 0x85ab8000,0x85b39000] [id=9412]

VM state:at safepoint (normal execution)

VM Mutex/Monitor currently owned by a thread:  ([mutex/lock_event])
[0xb6a04c18] Threads_lock - owner thread: 0x85f10c00
[0xb6a05028] Heap_lock - owner thread: 0xb6a07800

Heap:
 PSYoungGen      total 85248K, used 6641K [0x9ce00000, 0xa2e40000, 0xa7600000)
  eden space 78592K, 0% used [0x9ce00000,0x9ce00000,0xa1ac0000)
  from space 6656K, 99% used [0xa27c0000,0xa2e3c630,0xa2e40000)
  to   space 6144K, 0% used [0xa1ac0000,0xa1ac0000,0xa20c0000)
 ParOldGen       total 25344K, used 17342K [0x87e00000, 0x896c0000, 0x9ce00000)
  object space 25344K, 68% used [0x87e00000,0x88eefa40,0x896c0000)
 Metaspace       used 26362K, capacity 26761K, committed 26880K, reserved 26928K

Card table byte_map: [0x87d03000,0x87e00000] byte_map_base: 0x878c4000

Marking Bits: (ParMarkBitMap*) 0xb792f900
 Begin Bits: [0x86840000, 0x87020000)
 End Bits:   [0x87020000, 0x87800000)

Polling page: 0xb7f60000

CodeCache: size=245760Kb used=9881Kb max_used=9891Kb free=235878Kb
 bounds [0xa79ed000, 0xa839d000, 0xb69ed000]
 total_blobs=3872 nmethods=3434 adapters=352
 compilation: enabled

Compilation events (10 events):
Event: 19.572 Thread 0x85f38000 3627       3       java.util.regex.Pattern$4::match (14 bytes)
Event: 19.572 Thread 0x85f38000 nmethod 3627 0xa8387f48 code [0xa8388060, 0xa8388180]
Event: 19.573 Thread 0x85f38000 3634 %     3       java.util.regex.Pattern$NotBehind::match @ 70 (137 bytes)
Event: 19.574 Thread 0x85f38000 nmethod 3634% 0xa8395048 code [0xa83951a0, 0xa8395758]
Event: 19.574 Thread 0x85f38000 3635       3       java.util.regex.Pattern$NotBehind::match (137 bytes)
Event: 19.575 Thread 0x85f38000 nmethod 3635 0xa8395a08 code [0xa8395b60, 0xa8396018]
Event: 19.575 Thread 0x85f38000 3636       2       java.util.regex.Matcher::replaceAll (59 bytes)
Event: 19.576 Thread 0x85f36400 nmethod 3619 0xa83993c8 code [0xa8399520, 0xa8399af0]
Event: 19.576 Thread 0x85f36400 3626 %     4       java.util.regex.Matcher::search @ 46 (109 bytes)
Event: 19.576 Thread 0x85f38000 nmethod 3636 0xa8398ac8 code [0xa8398c80, 0xa8399100]

GC Heap History (10 events):
Event: 9.037 GC heap after
Heap after GC invocations=10 (full 0):
 PSYoungGen      total 56320K, used 5133K [0x9ce00000, 0xa0c40000, 0xa7600000)
  eden space 50432K, 0% used [0x9ce00000,0x9ce00000,0x9ff40000)
  from space 5888K, 87% used [0xa0580000,0xa0a83798,0xa0b40000)
  to   space 6400K, 0% used [0x9ff40000,0x9ff40000,0xa0580000)
 ParOldGen       total 22016K, used 9850K [0x87e00000, 0x89380000, 0x9ce00000)
  object space 22016K, 44% used [0x87e00000,0x8879eb68,0x89380000)
 Metaspace       used 14440K, capacity 14714K, committed 14744K, reserved 15664K
}
Event: 10.326 GC heap before
{Heap before GC invocations=11 (full 0):
 PSYoungGen      total 56320K, used 42699K [0x9ce00000, 0xa0c40000, 0xa7600000)
  eden space 50432K, 74% used [0x9ce00000,0x9f2af758,0x9ff40000)
  from space 5888K, 87% used [0xa0580000,0xa0a83798,0xa0b40000)
  to   space 6400K, 0% used [0x9ff40000,0x9ff40000,0xa0580000)
 ParOldGen       total 22016K, used 9850K [0x87e00000, 0x89380000, 0x9ce00000)
  object space 22016K, 44% used [0x87e00000,0x8879eb68,0x89380000)
 Metaspace       used 16122K, capacity 16364K, committed 16384K, reserved 16688K
Event: 10.348 GC heap after
Heap after GC invocations=11 (full 0):
 PSYoungGen      total 56832K, used 3370K [0x9ce00000, 0xa2900000, 0xa7600000)
  eden space 50432K, 0% used [0x9ce00000,0x9ce00000,0x9ff40000)
  from space 6400K, 52% used [0x9ff40000,0xa028abb0,0xa0580000)
  to   space 6144K, 0% used [0xa2300000,0xa2300000,0xa2900000)
 ParOldGen       total 22016K, used 12352K [0x87e00000, 0x89380000, 0x9ce00000)
  object space 22016K, 56% used [0x87e00000,0x88a100c8,0x89380000)
 Metaspace       used 16122K, capacity 16364K, committed 16384K, reserved 16688K
}
Event: 10.348 GC heap before
{Heap before GC invocations=12 (full 1):
 PSYoungGen      total 56832K, used 3370K [0x9ce00000, 0xa2900000, 0xa7600000)
  eden space 50432K, 0% used [0x9ce00000,0x9ce00000,0x9ff40000)
  from space 6400K, 52% used [0x9ff40000,0xa028abb0,0xa0580000)
  to   space 6144K, 0% used [0xa2300000,0xa2300000,0xa2900000)
 ParOldGen       total 22016K, used 12352K [0x87e00000, 0x89380000, 0x9ce00000)
  object space 22016K, 56% used [0x87e00000,0x88a100c8,0x89380000)
 Metaspace       used 16122K, capacity 16364K, committed 16384K, reserved 16688K
Event: 10.493 GC heap after
Heap after GC invocations=12 (full 1):
 PSYoungGen      total 56832K, used 0K [0x9ce00000, 0xa2900000, 0xa7600000)
  eden space 50432K, 0% used [0x9ce00000,0x9ce00000,0x9ff40000)
  from space 6400K, 0% used [0x9ff40000,0x9ff40000,0xa0580000)
  to   space 6144K, 0% used [0xa2300000,0xa2300000,0xa2900000)
 ParOldGen       total 25344K, used 9958K [0x87e00000, 0x896c0000, 0x9ce00000)
  object space 25344K, 39% used [0x87e00000,0x887b9940,0x896c0000)
 Metaspace       used 16122K, capacity 16364K, committed 16384K, reserved 16688K
}
Event: 13.111 GC heap before
{Heap before GC invocations=13 (full 1):
 PSYoungGen      total 56832K, used 50432K [0x9ce00000, 0xa2900000, 0xa7600000)
  eden space 50432K, 100% used [0x9ce00000,0x9ff40000,0x9ff40000)
  from space 6400K, 0% used [0x9ff40000,0x9ff40000,0xa0580000)
  to   space 6144K, 0% used [0xa2300000,0xa2300000,0xa2900000)
 ParOldGen       total 25344K, used 9958K [0x87e00000, 0x896c0000, 0x9ce00000)
  object space 25344K, 39% used [0x87e00000,0x887b9940,0x896c0000)
 Metaspace       used 17740K, capacity 18021K, committed 18176K, reserved 18736K
Event: 13.129 GC heap after
Heap after GC invocations=13 (full 1):
 PSYoungGen      total 69376K, used 3804K [0x9ce00000, 0xa26c0000, 0xa7600000)
  eden space 65536K, 0% used [0x9ce00000,0x9ce00000,0xa0e00000)
  from space 3840K, 99% used [0xa2300000,0xa26b71c0,0xa26c0000)
  to   space 6144K, 0% used [0xa1ac0000,0xa1ac0000,0xa20c0000)
 ParOldGen       total 25344K, used 9962K [0x87e00000, 0x896c0000, 0x9ce00000)
  object space 25344K, 39% used [0x87e00000,0x887ba940,0x896c0000)
 Metaspace       used 17740K, capacity 18021K, committed 18176K, reserved 18736K
}
Event: 15.611 GC heap before
{Heap before GC invocations=14 (full 1):
 PSYoungGen      total 69376K, used 69340K [0x9ce00000, 0xa26c0000, 0xa7600000)
  eden space 65536K, 100% used [0x9ce00000,0xa0e00000,0xa0e00000)
  from space 3840K, 99% used [0xa2300000,0xa26b71c0,0xa26c0000)
  to   space 6144K, 0% used [0xa1ac0000,0xa1ac0000,0xa20c0000)
 ParOldGen       total 25344K, used 9962K [0x87e00000, 0x896c0000, 0x9ce00000)
  object space 25344K, 39% used [0x87e00000,0x887ba940,0x896c0000)
 Metaspace       used 20591K, capacity 20916K, committed 20992K, reserved 21808K
Event: 15.649 GC heap after
Heap after GC invocations=14 (full 1):
 PSYoungGen      total 84736K, used 5510K [0x9ce00000, 0xa2e40000, 0xa7600000)
  eden space 78592K, 0% used [0x9ce00000,0x9ce00000,0xa1ac0000)
  from space 6144K, 89% used [0xa1ac0000,0xa2021ad0,0xa20c0000)
  to   space 6656K, 0% used [0xa27c0000,0xa27c0000,0xa2e40000)
 ParOldGen       total 25344K, used 11844K [0x87e00000, 0x896c0000, 0x9ce00000)
  object space 25344K, 46% used [0x87e00000,0x88991190,0x896c0000)
 Metaspace       used 20591K, capacity 20916K, committed 20992K, reserved 21808K
}
Event: 19.578 GC heap before
{Heap before GC invocations=15 (full 1):
 PSYoungGen      total 84736K, used 84102K [0x9ce00000, 0xa2e40000, 0xa7600000)
  eden space 78592K, 100% used [0x9ce00000,0xa1ac0000,0xa1ac0000)
  from space 6144K, 89% used [0xa1ac0000,0xa2021ad0,0xa20c0000)
  to   space 6656K, 0% used [0xa27c0000,0xa27c0000,0xa2e40000)
 ParOldGen       total 25344K, used 11844K [0x87e00000, 0x896c0000, 0x9ce00000)
  object space 25344K, 46% used [0x87e00000,0x88991190,0x896c0000)
 Metaspace       used 26362K, capacity 26761K, committed 26880K, reserved 26928K

Deoptimization events (10 events):
Event: 16.852 Thread 0xb6a07800 Uncommon trap: reason=class_check action=maybe_recompile pc=0xa80bca20 method=java.security.MessageDigest$Delegate.engineUpdate([BII)V @ 7
Event: 16.853 Thread 0xb6a07800 Uncommon trap: reason=class_check action=maybe_recompile pc=0xa80b1ad0 method=sun.security.provider.DigestBase.implCompressMultiBlock([BII)I @ 8
Event: 16.855 Thread 0xb6a07800 Uncommon trap: reason=class_check action=maybe_recompile pc=0xa80b1ad0 method=sun.security.provider.DigestBase.implCompressMultiBlock([BII)I @ 8
Event: 16.894 Thread 0xb6a07800 Uncommon trap: reason=unstable_if action=reinterpret pc=0xa7e7acd8 method=java.security.CodeSource.getCertificates()[Ljava/security/cert/Certificate; @ 22
Event: 16.927 Thread 0xb6a07800 Uncommon trap: reason=unstable_if action=reinterpret pc=0xa7fd57c8 method=java.util.LinkedHashMap.get(Ljava/lang/Object;)Ljava/lang/Object; @ 20
Event: 17.406 Thread 0xb6a07800 Uncommon trap: reason=unstable_if action=reinterpret pc=0xa8122b40 method=org.codehaus.groovy.reflection.CachedMethod.compareToMethod(Ljava/lang/reflect/Method;)I @ 111
Event: 19.014 Thread 0xb6a07800 Uncommon trap: reason=class_check action=maybe_recompile pc=0xa7c3207c method=java.io.DataInputStream.readUnsignedShort()I @ 4
Event: 19.015 Thread 0xb6a07800 Uncommon trap: reason=class_check action=maybe_recompile pc=0xa7c3207c method=java.io.DataInputStream.readUnsignedShort()I @ 4
Event: 19.015 Thread 0xb6a07800 Uncommon trap: reason=class_check action=maybe_recompile pc=0xa7c3207c method=java.io.DataInputStream.readUnsignedShort()I @ 4
Event: 19.015 Thread 0xb6a07800 Uncommon trap: reason=class_check action=maybe_recompile pc=0xa7c3207c method=java.io.DataInputStream.readUnsignedShort()I @ 4

Internal exceptions (10 events):
Event: 18.525 Thread 0xb6a07800 Exception <a 'sun/nio/fs/UnixException'> (0xa13915e8) thrown at [/build/openjdk-8-pEipKT/openjdk-8-8u151-b12/src/hotspot/src/share/vm/prims/jni.cpp, line 709]
Event: 18.525 Thread 0xb6a07800 Exception <a 'sun/nio/fs/UnixException'> (0xa13925d8) thrown at [/build/openjdk-8-pEipKT/openjdk-8-8u151-b12/src/hotspot/src/share/vm/prims/jni.cpp, line 709]
Event: 18.526 Thread 0xb6a07800 Exception <a 'sun/nio/fs/UnixException'> (0xa1393d50) thrown at [/build/openjdk-8-pEipKT/openjdk-8-8u151-b12/src/hotspot/src/share/vm/prims/jni.cpp, line 709]
Event: 18.526 Thread 0xb6a07800 Exception <a 'sun/nio/fs/UnixException'> (0xa1394dc0) thrown at [/build/openjdk-8-pEipKT/openjdk-8-8u151-b12/src/hotspot/src/share/vm/prims/jni.cpp, line 709]
Event: 18.527 Thread 0xb6a07800 Exception <a 'sun/nio/fs/UnixException'> (0xa13980f0) thrown at [/build/openjdk-8-pEipKT/openjdk-8-8u151-b12/src/hotspot/src/share/vm/prims/jni.cpp, line 709]
Event: 18.527 Thread 0xb6a07800 Exception <a 'sun/nio/fs/UnixException'> (0xa1399140) thrown at [/build/openjdk-8-pEipKT/openjdk-8-8u151-b12/src/hotspot/src/share/vm/prims/jni.cpp, line 709]
Event: 18.554 Thread 0xb6a07800 Exception <a 'sun/nio/fs/UnixException'> (0xa139b5c0) thrown at [/build/openjdk-8-pEipKT/openjdk-8-8u151-b12/src/hotspot/src/share/vm/prims/jni.cpp, line 709]
Event: 18.554 Thread 0xb6a07800 Exception <a 'sun/nio/fs/UnixException'> (0xa139c5c8) thrown at [/build/openjdk-8-pEipKT/openjdk-8-8u151-b12/src/hotspot/src/share/vm/prims/jni.cpp, line 709]
Event: 18.636 Thread 0xb6a07800 Exception <a 'java/lang/ClassNotFoundException': com/sun/org/glassfish/hk2/osgiresourcelocator/ServiceLoader> (0xa13fae30) thrown at [/build/openjdk-8-pEipKT/openjdk-8-8u151-b12/src/hotspot/src/share/vm/classfile/systemDictionary.cpp, line 210]
Event: 18.733 Thread 0xb6a07800 Exception <a 'java/lang/NullPointerException'> (0xa1435868) thrown at [/build/openjdk-8-pEipKT/openjdk-8-8u151-b12/src/hotspot/src/share/vm/interpreter/linkResolver.cpp, line 1285]

Events (10 events):
Event: 19.537 loading class com/sun/org/apache/xerces/internal/impl/xs/AttributePSVImpl done
Event: 19.538 loading class java/util/regex/Pattern$Behind
Event: 19.552 loading class java/util/regex/Pattern$Behind done
Event: 19.552 loading class java/util/regex/Pattern$NotBehind
Event: 19.552 loading class java/util/regex/Pattern$NotBehind done
Event: 19.553 loading class java/util/regex/Pattern$Neg
Event: 19.553 loading class java/util/regex/Pattern$Neg done
Event: 19.575 Thread 0xb6a07800 DEOPT PACKING pc=0xa83884f5 sp=0xb6bd9f90
Event: 19.575 Thread 0xb6a07800 DEOPT UNPACKING pc=0xa7a29310 sp=0xb6bd9e28 mode 0
Event: 19.578 Executing VM operation: ParallelGCFailedAllocation


Dynamic libraries:
00464000-00465000 r-xp 00000000 08:06 139295     /usr/lib/jvm/java-8-openjdk-i386/jre/bin/java
00465000-00466000 r-xp 00000000 08:06 139295     /usr/lib/jvm/java-8-openjdk-i386/jre/bin/java
00466000-00467000 rwxp 00001000 08:06 139295     /usr/lib/jvm/java-8-openjdk-i386/jre/bin/java
01c85000-02853000 rwxp 00000000 00:00 0          [heap]
80700000-80800000 rwxp 00000000 00:00 0 
80800000-80889000 rwxp 00000000 00:00 0 
80889000-80900000 ---p 00000000 00:00 0 
80900000-80a00000 rwxp 00000000 00:00 0 
80a00000-80b00000 rwxp 00000000 00:00 0 
80b00000-80c00000 rwxp 00000000 00:00 0 
80c00000-80d00000 rwxp 00000000 00:00 0 
80d00000-80d69000 rwxp 00000000 00:00 0 
80d69000-80e00000 ---p 00000000 00:00 0 
80e00000-80f00000 rwxp 00000000 00:00 0 
80f00000-81000000 rwxp 00000000 00:00 0 
81000000-81100000 rwxp 00000000 00:00 0 
81100000-81200000 rwxp 00000000 00:00 0 
81200000-812f9000 rwxp 00000000 00:00 0 
812f9000-81300000 ---p 00000000 00:00 0 
81300000-81400000 rwxp 00000000 00:00 0 
81400000-814fa000 rwxp 00000000 00:00 0 
814fa000-81500000 ---p 00000000 00:00 0 
81500000-815f9000 rwxp 00000000 00:00 0 
815f9000-81600000 ---p 00000000 00:00 0 
81647000-8165a000 r-xs 00346000 08:06 139391     /usr/lib/jvm/java-8-openjdk-i386/jre/lib/resources.jar
8165a000-81685000 r-xs 001fc000 08:06 964277     /home/sharath/.gradle/caches/modules-2/files-2.1/com.google.guava/guava/18.0/cce0823396aa693798f8882e64213b1772032b09/guava-18.0.jar
81685000-81686000 r-xs 00001000 08:06 964276     /home/sharath/.gradle/caches/modules-2/files-2.1/com.android.tools/annotations/25.2.3/a9970f79003cbf4aaaf26a5590aca7066f209347/annotations-25.2.3.jar
81686000-81699000 r-xs 000b2000 08:06 964275     /home/sharath/.gradle/caches/modules-2/files-2.1/com.android.tools.external.com-intellij/uast/145.597.4/6b430796bdb6563146affb34fb840c64e8d1d3b1/uast-145.597.4.jar
81699000-816a1000 r-xs 000a8000 08:06 964274     /home/sharath/.gradle/caches/modules-2/files-2.1/com.android.tools.external.lombok/lombok-ast/0.2.3/528b6f8bde3157f17530aa366631f2aad2a6cf9/lombok-ast-0.2.3.jar
816a1000-816a3000 r-xs 0000d000 08:06 964273     /home/sharath/.gradle/caches/modules-2/files-2.1/commons-codec/commons-codec/1.4/4216af16d38465bbab0f3dff8efa14204f7a399a/commons-codec-1.4.jar
816a3000-816a5000 r-xs 0000d000 08:06 964272     /home/sharath/.gradle/caches/modules-2/files-2.1/commons-logging/commons-logging/1.1.1/5043bfebc3db072ed80fbd362e7caf00e885d8ae/commons-logging-1.1.1.jar
816a5000-816aa000 r-xs 00028000 08:06 964271     /home/sharath/.gradle/caches/modules-2/files-2.1/org.apache.httpcomponents/httpcore/4.1/33fc26c02f8043ab0ede19eadc8c9885386b255c/httpcore-4.1.jar
816aa000-816ae000 r-xs 0002f000 08:06 964270     /home/sharath/.gradle/caches/modules-2/files-2.1/com.google.jimfs/jimfs/1.1/8fbd0579dc68aba6186935cc1bee21d2f3e7ec1c/jimfs-1.1.jar
816ae000-816af000 r-xs 00004000 08:06 964269     /home/sharath/.gradle/caches/modules-2/files-2.1/com.intellij/annotations/12.0/bbcf6448f6d40abe506e2c83b70a3e8bfd2b4539/annotations-12.0.jar
816af000-816b0000 r-xs 00004000 08:06 964268     /home/sharath/.gradle/caches/modules-2/files-2.1/org.ow2.asm/asm-analysis/5.0.4/51f5031331a56c462a3cc5126e21ab65958759a9/asm-analysis-5.0.4.jar
816b0000-816b4000 r-xs 0003b000 08:06 964267     /home/sharath/.gradle/caches/modules-2/files-2.1/com.android.tools.lint/lint-api/25.2.3/fb7afa11dcda11d5bf0fcd3dcfec3e13ee921057/lint-api-25.2.3.jar
816b4000-816b6000 r-xs 00005000 08:06 964265     /home/sharath/.gradle/caches/modules-2/files-2.1/org.apache.httpcomponents/httpmime/4.1/9ba2dcdf94ce35c8a8e9bff242db0618ca932e92/httpmime-4.1.jar
816b6000-816be000 r-xs 0004e000 08:06 964264     /home/sharath/.gradle/caches/modules-2/files-2.1/org.apache.httpcomponents/httpclient/4.1.1/3d1d918f32709e33ba7ddb2c4e8d1c543ebe713e/httpclient-4.1.1.jar
816be000-816c5000 r-xs 00053000 08:06 964263     /home/sharath/.gradle/caches/modules-2/files-2.1/org.apache.commons/commons-compress/1.8.1/a698750c16740fd5b3871425f4cb3bbaa87f529d/commons-compress-1.8.1.jar
816c5000-816ca000 r-xs 0002a000 08:06 964262     /home/sharath/.gradle/caches/modules-2/files-2.1/com.google.code.gson/gson/2.2.4/a60a5e993c98c864010053cb901b7eab25306568/gson-2.2.4.jar
816ca000-816cf000 r-xs 0002d000 08:06 964261     /home/sharath/.gradle/caches/modules-2/files-2.1/com.android.tools/repository/25.2.3/179dee8115834f40bd9b39675da3a0273174c3ca/repository-25.2.3.jar
816cf000-816d2000 r-xs 00014000 08:06 964259     /home/sharath/.gradle/caches/modules-2/files-2.1/com.android.tools.layoutlib/layoutlib-api/25.2.3/ead9944caa7cba814184148efe69faf8896f4478/layoutlib-api-25.2.3.jar
816d2000-816d6000 r-xs 00037000 08:06 964258     /home/sharath/.gradle/caches/modules-2/files-2.1/org.antlr/ST4/4.0.8/a1c55e974f8a94d78e2348fa6ff63f4fa1fae64/ST4-4.0.8.jar
816d6000-816d9000 r-xs 00026000 08:06 964257     /home/sharath/.gradle/caches/modules-2/files-2.1/org.antlr/antlr-runtime/3.5.2/cd9cd41361c155f3af0f653009dcecb08d8b4afd/antlr-runtime-3.5.2.jar
816d9000-816e9000 r-xs 000d6000 08:06 964255     /home/sharath/.gradle/caches/modules-2/files-2.1/net.sf.proguard/proguard-base/5.2.1/4f61348b4e7c943b85679dcb697f3a5fc3101921/proguard-base-5.2.1.jar
816e9000-81700000 r-xs 00154000 08:06 964252     /home/sharath/.gradle/caches/modules-2/files-2.1/org.antlr/antlr4/4.5.3/f35db7e4b2446e4174ba6a73db7bd6b3e6bb5da1/antlr4-4.5.3.jar
81700000-81800000 rwxp 00000000 00:00 0 
81800000-818fc000 rwxp 00000000 00:00 0 
818fc000-81900000 ---p 00000000 00:00 0 
81900000-81901000 r-xs 0000a000 08:06 964266     /home/sharath/.gradle/caches/modules-2/files-2.1/net.sf.kxml/kxml2/2.3.0/ccbc77a5fd907ef863c29f3596c6f54ffa4e9442/kxml2-2.3.0.jar
81901000-81902000 r-xs 00005000 08:06 964260     /home/sharath/.gradle/caches/modules-2/files-2.1/com.android.tools/dvlib/25.2.3/5afd79f645811a98c0519141cc13900c659091a8/dvlib-25.2.3.jar
81902000-81907000 r-xs 00058000 08:06 964256     /home/sharath/.gradle/caches/modules-2/files-2.1/org.ow2.asm/asm-debug-all/5.0.1/f69b5f7d96cec0d448acf1c1a266584170c9643b/asm-debug-all-5.0.1.jar
81907000-8190a000 r-xs 00033000 08:06 964254     /home/sharath/.gradle/caches/modules-2/files-2.1/com.googlecode.juniversalchardet/juniversalchardet/1.0.3/cd49678784c46aa8789c060538e0154013bb421b/juniversalchardet-1.0.3.jar
8190a000-8190e000 r-xs 0002a000 08:06 964253     /home/sharath/.gradle/caches/modules-2/files-2.1/commons-io/commons-io/2.4/b1b6ea3b7e4aa4f492509a4952029cd8e48019ad/commons-io-2.4.jar
8190e000-8190f000 r-xs 00002000 08:06 964251     /home/sharath/.gradle/caches/modules-2/files-2.1/com.android.databinding/baseLibrary/2.2.3/b4b51d1925cdfda98fd861230c1ecb5855500129/baseLibrary-2.2.3.jar
8190f000-81922000 r-xs 00236000 08:06 964250     /home/sharath/.gradle/caches/modules-2/files-2.1/org.eclipse.jdt.core.compiler/ecj/4.5.1/bee1367ac12fb6a20b422ff8711ebeb4f0a42316/ecj-4.5.1.jar
81922000-81929000 r-xs 000c3000 08:06 964249     /home/sharath/.gradle/caches/modules-2/files-2.1/com.android.tools.lint/lint-checks/25.2.3/eae71c1f5ce54195dc821133e3a5df8145de8ff5/lint-checks-25.2.3.jar
81929000-8192b000 r-xs 00006000 08:06 964248     /home/sharath/.gradle/caches/modules-2/files-2.1/org.ow2.asm/asm-tree/5.0.4/396ce0c07ba2b481f25a70195c7c94922f0d1b0b/asm-tree-5.0.4.jar
8192b000-8195e000 r-xs 00203000 08:06 964247     /home/sharath/.gradle/caches/modules-2/files-2.1/org.bouncycastle/bcprov-jdk15on/1.48/960dea7c9181ba0b17e8bab0c06a43f0a5f04e65/bcprov-jdk15on-1.48.jar
8195e000-8196c000 r-xs 00081000 08:06 964246     /home/sharath/.gradle/caches/modules-2/files-2.1/org.bouncycastle/bcpkix-jdk15on/1.48/28b7614b908a47844bb27e3c94b45b6893656265/bcpkix-jdk15on-1.48.jar
8196c000-8196e000 r-xs 00002000 08:06 964245     /home/sharath/.gradle/caches/modules-2/files-2.1/com.squareup/javawriter/2.5.0/81241ff7078ef14f42ea2a8995fa09c096256e6b/javawriter-2.5.0.jar
8196e000-8196f000 r-xs 00002000 08:06 964244     /home/sharath/.gradle/caches/modules-2/files-2.1/com.android.tools.analytics-library/tracker/25.2.3/c807f7b3d9aa3cee795ecac620d22c5ca7dd92e1/tracker-25.2.3.jar
8196f000-81971000 r-xs 00003000 08:06 964243     /home/sharath/.gradle/caches/modules-2/files-2.1/com.android.tools.analytics-library/shared/25.2.3/785426dac20cfe596e4cf36d01aad930ffdcb05c/shared-25.2.3.jar
81971000-8197e000 r-xs 000ed000 08:06 964241     /home/sharath/.gradle/caches/modules-2/files-2.1/com.android.tools.analytics-library/protos/25.2.3/821098054f9667d0f2536d7f2d0200d8bdd9c898/protos-25.2.3.jar
8197e000-81980000 r-xs 00003000 08:06 964237     /home/sharath/.gradle/caches/modules-2/files-2.1/com.android.tools.jack/jack-api/0.11.0/ccda6afebd2b9cf60886c601ea561bba62c35c70/jack-api-0.11.0.jar
81980000-81985000 r-xs 0004a000 08:06 964236     /home/sharath/.gradle/caches/modules-2/files-2.1/com.android.tools.ddms/ddmlib/25.2.3/2b66df9156f476b0ccee44b378cd09073118ff59/ddmlib-25.2.3.jar
81985000-81988000 r-xs 00021000 08:06 964235     /home/sharath/.gradle/caches/modules-2/files-2.1/com.android.tools.build/manifest-merger/25.2.3/d0212c507be4c38c39f4ee06a7df5a44f500ed3b/manifest-merger-25.2.3.jar
81988000-8198a000 r-xs 0001c000 08:06 964234     /home/sharath/.gradle/caches/modules-2/files-2.1/com.android.tools/common/25.2.3/255aa01048bebb511d828c6a5fc668df13b8f39d/common-25.2.3.jar
8198a000-81992000 r-xs 00084000 08:06 964233     /home/sharath/.gradle/caches/modules-2/files-2.1/com.android.tools/sdk-common/25.2.3/2c49ca3df5bb961473b096bab2a615a7cda50dc/sdk-common-25.2.3.jar
81992000-8199d000 r-xs 0008e000 08:06 964232     /home/sharath/.gradle/caches/modules-2/files-2.1/com.android.tools/sdklib/25.2.3/9f12cfc56b1df4e42fa2b73f9936b586b9a56a2/sdklib-25.2.3.jar
8199d000-819a7000 r-xs 00110000 08:06 964229     /home/sharath/.gradle/caches/modules-2/files-2.1/org.antlr/antlr/3.5.2/c4a65c950bfc3e7d04309c515b2177c00baf7764/antlr-3.5.2.jar
819a7000-819af000 r-xs 0007b000 08:06 964227     /home/sharath/.gradle/caches/modules-2/files-2.1/com.google.protobuf/protobuf-java/2.5.0/a10732c76bfacdbd633a7eb0f7968b1059a65dfa/protobuf-java-2.5.0.jar
819af000-819b2000 ---p 00000000 00:00 0 
819b2000-81afa000 rwxp 00000000 00:00 0 
81afa000-81b00000 ---p 00000000 00:00 0 
81b00000-81bf8000 rwxp 00000000 00:00 0 
81bf8000-81c00000 ---p 00000000 00:00 0 
81c00000-81d00000 rwxp 00000000 00:00 0 
81d00000-81e00000 rwxp 00000000 00:00 0 
81e00000-81f00000 rwxp 00000000 00:00 0 
81f00000-82000000 rwxp 00000000 00:00 0 
82000000-82100000 rwxp 00000000 00:00 0 
82100000-821fd000 rwxp 00000000 00:00 0 
821fd000-82200000 ---p 00000000 00:00 0 
82200000-82300000 rwxp 00000000 00:00 0 
82300000-823ff000 rwxp 00000000 00:00 0 
823ff000-82400000 ---p 00000000 00:00 0 
82400000-82500000 rwxp 00000000 00:00 0 
82500000-82600000 rwxp 00000000 00:00 0 
82600000-826fb000 rwxp 00000000 00:00 0 
826fb000-82700000 ---p 00000000 00:00 0 
82700000-82701000 r-xs 00001000 08:06 964239     /home/sharath/.gradle/caches/modules-2/files-2.1/com.android.tools.jill/jill-api/0.10.0/7dfd6360ae4af1e171ec67b92e0cf065d59eef19/jill-api-0.10.0.jar
82701000-82702000 r-xs 00002000 08:06 964231     /home/sharath/.gradle/caches/modules-2/files-2.1/com.android.tools.build/builder-test-api/2.2.3/700079fc243c217dbd6250ac01d2d6210ca8a0d6/builder-test-api-2.2.3.jar
82702000-82705000 r-xs 00005000 08:06 964230     /home/sharath/.gradle/caches/modules-2/files-2.1/com.android.tools.build/builder-model/2.2.3/eddf6035ce0a31651527b4c3cc239428e877c43a/builder-model-2.2.3.jar
82705000-82707000 r-xs 0000f000 08:06 964226     /home/sharath/.gradle/caches/modules-2/files-2.1/net.sf.jopt-simple/jopt-simple/4.9/ee9e9eaa0a35360dcfeac129ff4923215fd65904/jopt-simple-4.9.jar
82707000-8270b000 r-xs 0001f000 08:06 964225     /home/sharath/.gradle/caches/modules-2/files-2.1/org.jacoco/org.jacoco.report/0.7.5.201505241946/cb1ac5562a45c98cd7b774452f3e8b867b71cd65/org.jacoco.report-0.7.5.201505241946.jar
8270b000-8270f000 r-xs 0001d000 08:06 964224     /home/sharath/.gradle/caches/modules-2/files-2.1/org.jacoco/org.jacoco.core/0.7.5.201505241946/1ea906dc5201d2a1bc0604f8650534d4bcaf4c95/org.jacoco.core-0.7.5.201505241946.jar
8270f000-82710000 r-xs 00002000 08:06 964223     /home/sharath/.gradle/caches/modules-2/files-2.1/net.sf.proguard/proguard-gradle/5.2.1/5e9956c050fd84fa043517e77c4c0ff175a6b002/proguard-gradle-5.2.1.jar
82710000-82712000 r-xs 00009000 08:06 964221     /home/sharath/.gradle/caches/modules-2/files-2.1/org.ow2.asm/asm-commons/5.0.4/5a556786086c23cd689a0328f8519db93821c04c/asm-commons-5.0.4.jar
82712000-82714000 r-xs 0000c000 08:06 964220     /home/sharath/.gradle/caches/modules-2/files-2.1/org.ow2.asm/asm/5.0.4/da08b8cce7bbf903602a25a3a163ae252435795/asm-5.0.4.jar
82714000-82718000 r-xs 0002b000 08:06 964219     /home/sharath/.gradle/caches/modules-2/files-2.1/com.android.databinding/compilerCommon/2.2.3/8c3829022a54acd042b5382a4a873ee2d64c29ee/compilerCommon-2.2.3.jar
82718000-82719000 r-xs 00002000 08:06 964218     /home/sharath/.gradle/caches/modules-2/files-2.1/com.android.tools.build/gradle-api/2.2.3/9a45614f789d4aab624d2a61983263885f42b615/gradle-api-2.2.3.jar
82719000-8271a000 r-xs 00000000 08:06 964217     /home/sharath/.gradle/caches/modules-2/files-2.1/com.android.tools.build/transform-api/2.0.0-deprecated-use-gradle-api/85bee1acea9e27152b920746c68133b30b11431/transform-api-2.0.0-deprecated-use-gradle-api.jar
8271a000-8271f000 r-xs 00053000 08:06 964216     /home/sharath/.gradle/caches/modules-2/files-2.1/com.android.tools.lint/lint/25.2.3/aa03a3669f2913b9bc6f5f4fba4418f974e48cb7/lint-25.2.3.jar
8271f000-82736000 r-xs 0015e000 08:06 964215     /home/sharath/.gradle/caches/modules-2/files-2.1/com.android.tools.build/builder/2.2.3/13e7339544e824a3a5f8ecff42173c013791578b/builder-2.2.3.jar
82736000-82739000 ---p 00000000 00:00 0 
82739000-82887000 rwxp 00000000 00:00 0 
82887000-82987000 rwxp 00000000 00:00 0 
82987000-82a87000 rwxp 00000000 00:00 0 
82a87000-82b00000 r-xs 010fe000 08:06 139441     /usr/lib/jvm/java-8-openjdk-i386/lib/tools.jar
82b00000-82c00000 rwxp 00000000 00:00 0 
82c00000-82cff000 rwxp 00000000 00:00 0 
82cff000-82d00000 ---p 00000000 00:00 0 
82d00000-82e00000 rwxp 00000000 00:00 0 
82e00000-82ef9000 rwxp 00000000 00:00 0 
82ef9000-82f00000 ---p 00000000 00:00 0 
82f00000-82f1d000 r-xs 0019d000 08:06 964214     /home/sharath/.gradle/caches/modules-2/files-2.1/com.android.tools.build/gradle-core/2.2.3/3a777b0626810e0ccdced7d750ac4b60c279616c/gradle-core-2.2.3.jar
82f1d000-82f1f000 r-xs 0000d000 08:06 964212     /home/sharath/.gradle/caches/modules-2/files-2.1/com.android.tools.build/gradle/2.2.3/7b8f79621d95e3ce1e95c0852db14d9d7e1d1951/gradle-2.2.3.jar
82f1f000-82f22000 ---p 00000000 00:00 0 
82f22000-82f38000 rwxp 00000000 00:00 0 
82f38000-82f39000 r-xp 00000000 00:00 0 
82f39000-82f3b000 r-xs 00007000 08:06 441540     /home/sharath/.gradle/wrapper/dists/gradle-2.14.1-all/8bnwg5hd3w55iofp58khbp6yv/gradle-2.14.1/lib/plugins/gradle-tooling-api-builders-2.14.1.jar
82f3b000-82f3e000 r-xs 00008000 08:06 441533     /home/sharath/.gradle/wrapper/dists/gradle-2.14.1-all/8bnwg5hd3w55iofp58khbp6yv/gradle-2.14.1/lib/plugins/gradle-testing-native-2.14.1.jar
82f3e000-82f40000 r-xs 00009000 08:06 441612     /home/sharath/.gradle/wrapper/dists/gradle-2.14.1-all/8bnwg5hd3w55iofp58khbp6yv/gradle-2.14.1/lib/plugins/hamcrest-core-1.3.jar
82f40000-82f46000 r-xs 00033000 08:06 441606     /home/sharath/.gradle/wrapper/dists/gradle-2.14.1-all/8bnwg5hd3w55iofp58khbp6yv/gradle-2.14.1/lib/plugins/snakeyaml-1.6.jar
82f46000-82f48000 r-xs 00006000 08:06 441605     /home/sharath/.gradle/wrapper/dists/gradle-2.14.1-all/8bnwg5hd3w55iofp58khbp6yv/gradle-2.14.1/lib/plugins/jcommander-1.12.jar
82f48000-82f4d000 r-xs 00040000 08:06 441604     /home/sharath/.gradle/wrapper/dists/gradle-2.14.1-all/8bnwg5hd3w55iofp58khbp6yv/gradle-2.14.1/lib/plugins/bsh-2.0b4.jar
82f4d000-82f56000 r-xs 00089000 08:06 441563     /home/sharath/.gradle/wrapper/dists/gradle-2.14.1-all/8bnwg5hd3w55iofp58khbp6yv/gradle-2.14.1/lib/plugins/testng-6.3.1.jar
82f56000-82f5e000 r-xs 00045000 08:06 441562     /home/sharath/.gradle/wrapper/dists/gradle-2.14.1-all/8bnwg5hd3w55iofp58khbp6yv/gradle-2.14.1/lib/plugins/junit-4.12.jar
82f5e000-82f64000 r-xs 0002e000 08:06 441534     /home/sharath/.gradle/wrapper/dists/gradle-2.14.1-all/8bnwg5hd3w55iofp58khbp6yv/gradle-2.14.1/lib/plugins/gradle-testing-jvm-2.14.1.jar
82f64000-82f69000 r-xs 00015000 08:06 441532     /home/sharath/.gradle/wrapper/dists/gradle-2.14.1-all/8bnwg5hd3w55iofp58khbp6yv/gradle-2.14.1/lib/plugins/gradle-testing-base-2.14.1.jar
82f69000-82f6a000 r-xs 00002000 08:06 441556     /home/sharath/.gradle/wrapper/dists/gradle-2.14.1-all/8bnwg5hd3w55iofp58khbp6yv/gradle-2.14.1/lib/plugins/sonar-batch-bootstrapper-2.9.jar
82f6a000-82f6d000 r-xs 00015000 08:06 441510     /home/sharath/.gradle/wrapper/dists/gradle-2.14.1-all/8bnwg5hd3w55iofp58khbp6yv/gradle-2.14.1/lib/plugins/gradle-sonar-2.14.1.jar
82f6d000-82f74000 r-xs 00038000 08:06 441557     /home/sharath/.gradle/wrapper/dists/gradle-2.14.1-all/8bnwg5hd3w55iofp58khbp6yv/gradle-2.14.1/lib/plugins/bcpg-jdk15on-1.51.jar
82f74000-82f76000 r-xs 0000d000 08:06 441511     /home/sharath/.gradle/wrapper/dists/gradle-2.14.1-all/8bnwg5hd3w55iofp58khbp6yv/gradle-2.14.1/lib/plugins/gradle-signing-2.14.1.jar
82f76000-82f79000 r-xs 00009000 08:06 441509     /home/sharath/.gradle/wrapper/dists/gradle-2.14.1-all/8bnwg5hd3w55iofp58khbp6yv/gradle-2.14.1/lib/plugins/gradle-scala-2.14.1.jar
82f79000-82f7a000 r-xs 00004000 08:06 441538     /home/sharath/.gradle/wrapper/dists/gradle-2.14.1-all/8bnwg5hd3w55iofp58khbp6yv/gradle-2.14.1/lib/plugins/gradle-resources-sftp-2.14.1.jar
82f7a000-82f8a000 r-xs 00088000 08:06 441573     /home/sharath/.gradle/wrapper/dists/gradle-2.14.1-all/8bnwg5hd3w55iofp58khbp6yv/gradle-2.14.1/lib/plugins/joda-time-2.8.2.jar
82f8a000-82f9b000 r-xs 000cf000 08:06 441572     /home/sharath/.gradle/wrapper/dists/gradle-2.14.1-all/8bnwg5hd3w55iofp58khbp6yv/gradle-2.14.1/lib/plugins/jackson-databind-2.3.2.jar
82f9b000-82f9d000 r-xs 00007000 08:06 441571     /home/sharath/.gradle/wrapper/dists/gradle-2.14.1-all/8bnwg5hd3w55iofp58khbp6yv/gradle-2.14.1/lib/plugins/jackson-annotations-2.3.2.jar
82f9d000-82fa0000 r-xs 0002e000 08:06 441570     /home/sharath/.gradle/wrapper/dists/gradle-2.14.1-all/8bnwg5hd3w55iofp58khbp6yv/gradle-2.14.1/lib/plugins/jackson-core-2.3.2.jar
82fa0000-82fab000 r-xs 0006b000 08:06 441569     /home/sharath/.gradle/wrapper/dists/gradle-2.14.1-all/8bnwg5hd3w55iofp58khbp6yv/gradle-2.14.1/lib/plugins/aws-java-sdk-core-1.9.19.jar
82fab000-82fb1000 r-xs 00036000 08:06 441568     /home/sharath/.gradle/wrapper/dists/gradle-2.14.1-all/8bnwg5hd3w55iofp58khbp6yv/gradle-2.14.1/lib/plugins/aws-java-sdk-kms-1.9.19.jar
82fb1000-82fbc000 r-xs 00079000 08:06 441567     /home/sharath/.gradle/wrapper/dists/gradle-2.14.1-all/8bnwg5hd3w55iofp58khbp6yv/gradle-2.14.1/lib/plugins/aws-java-sdk-s3-1.9.19.jar
82fbc000-82fbe000 r-xs 00005000 08:06 441561     /home/sharath/.gradle/wrapper/dists/gradle-2.14.1-all/8bnwg5hd3w55iofp58khbp6yv/gradle-2.14.1/lib/plugins/jatl-0.2.2.jar
82fbe000-82fc0000 r-xs 0000f000 08:06 441516     /home/sharath/.gradle/wrapper/dists/gradle-2.14.1-all/8bnwg5hd3w55iofp58khbp6yv/gradle-2.14.1/lib/plugins/gradle-reporting-2.14.1.jar
82fc0000-82fc2000 r-xs 00002000 08:06 441517     /home/sharath/.gradle/wrapper/dists/gradle-2.14.1-all/8bnwg5hd3w55iofp58khbp6yv/gradle-2.14.1/lib/plugins/gradle-publish-2.14.1.jar
82fc2000-82fc4000 r-xs 00009000 08:06 441543     /home/sharath/.gradle/wrapper/dists/gradle-2.14.1-all/8bnwg5hd3w55iofp58khbp6yv/gradle-2.14.1/lib/plugins/commons-cli-1.2.jar
82fc4000-82fca000 r-xs 00033000 08:06 441501     /home/sharath/.gradle/wrapper/dists/gradle-2.14.1-all/8bnwg5hd3w55iofp58khbp6yv/gradle-2.14.1/lib/plugins/gradle-plugins-2.14.1.jar
82fca000-82fcc000 r-xs 00007000 08:06 441535     /home/sharath/.gradle/wrapper/dists/gradle-2.14.1-all/8bnwg5hd3w55iofp58khbp6yv/gradle-2.14.1/lib/plugins/gradle-plugin-development-2.14.1.jar
82fcc000-82fd2000 r-xs 0002a000 08:06 441528     /home/sharath/.gradle/wrapper/dists/gradle-2.14.1-all/8bnwg5hd3w55iofp58khbp6yv/gradle-2.14.1/lib/plugins/gradle-platform-play-2.14.1.jar
82fd2000-82fdf000 r-xs 0004d000 08:06 441527     /home/sharath/.gradle/wrapper/dists/gradle-2.14.1-all/8bnwg5hd3w55iofp58khbp6yv/gradle-2.14.1/lib/plugins/gradle-platform-native-2.14.1.jar
82fdf000-83000000 r-xs 001c3000 08:06 441551     /home/sharath/.gradle/wrapper/dists/gradle-2.14.1-all/8bnwg5hd3w55iofp58khbp6yv/gradle-2.14.1/lib/plugins/bndlib-2.4.0.jar
83000000-831ff000 rwxp 00000000 00:00 0 
831ff000-83200000 ---p 00000000 00:00 0 
83200000-83300000 rwxp 00000000 00:00 0 
83300000-833ff000 rwxp 00000000 00:00 0 
833ff000-83400000 ---p 00000000 00:00 0 
83400000-83500000 rwxp 00000000 00:00 0 
83500000-83501000 r-xs 00003000 08:06 441539     /home/sharath/.gradle/wrapper/dists/gradle-2.14.1-all/8bnwg5hd3w55iofp58khbp6yv/gradle-2.14.1/lib/plugins/gradle-resources-s3-2.14.1.jar
83501000-83505000 r-xs 0001a000 08:06 441522     /home/sharath/.gradle/wrapper/dists/gradle-2.14.1-all/8bnwg5hd3w55iofp58khbp6yv/gradle-2.14.1/lib/plugins/gradle-platform-jvm-2.14.1.jar
83505000-8350c000 r-xs 00029000 08:06 441521     /home/sharath/.gradle/wrapper/dists/gradle-2.14.1-all/8bnwg5hd3w55iofp58khbp6yv/gradle-2.14.1/lib/plugins/gradle-platform-base-2.14.1.jar
8350c000-8350e000 r-xs 00003000 08:06 441505     /home/sharath/.gradle/wrapper/dists/gradle-2.14.1-all/8bnwg5hd3w55iofp58khbp6yv/gradle-2.14.1/lib/plugins/gradle-osgi-2.14.1.jar
8350e000-83511000 r-xs 0000c000 08:06 441554     /home/sharath/.gradle/wrapper/dists/gradle-2.14.1-all/8bnwg5hd3w55iofp58khbp6yv/gradle-2.14.1/lib/plugins/pmaven-groovy-0.8-20100325.jar
83511000-83512000 r-xs 00004000 08:06 441553     /home/sharath/.gradle/wrapper/dists/gradle-2.14.1-all/8bnwg5hd3w55iofp58khbp6yv/gradle-2.14.1/lib/plugins/pmaven-common-0.8-20100325.jar
83512000-83518000 r-xs 00022000 08:06 441506     /home/sharath/.gradle/wrapper/dists/gradle-2.14.1-all/8bnwg5hd3w55iofp58khbp6yv/gradle-2.14.1/lib/plugins/gradle-maven-2.14.1.jar
83518000-8351a000 r-xs 0000a000 08:06 441526     /home/sharath/.gradle/wrapper/dists/gradle-2.14.1-all/8bnwg5hd3w55iofp58khbp6yv/gradle-2.14.1/lib/plugins/gradle-language-scala-2.14.1.jar
8351a000-83520000 r-xs 0001a000 08:06 441530     /home/sharath/.gradle/wrapper/dists/gradle-2.14.1-all/8bnwg5hd3w55iofp58khbp6yv/gradle-2.14.1/lib/plugins/gradle-language-native-2.14.1.jar
83520000-83522000 r-xs 00008000 08:06 441523     /home/sharath/.gradle/wrapper/dists/gradle-2.14.1-all/8bnwg5hd3w55iofp58khbp6yv/gradle-2.14.1/lib/plugins/gradle-language-jvm-2.14.1.jar
83522000-83528000 r-xs 00024000 08:06 441524     /home/sharath/.gradle/wrapper/dists/gradle-2.14.1-all/8bnwg5hd3w55iofp58khbp6yv/gradle-2.14.1/lib/plugins/gradle-language-java-2.14.1.jar
83528000-8352a000 r-xs 0000a000 08:06 441525     /home/sharath/.gradle/wrapper/dists/gradle-2.14.1-all/8bnwg5hd3w55iofp58khbp6yv/gradle-2.14.1/lib/plugins/gradle-language-groovy-2.14.1.jar
8352a000-8352d000 r-xs 0001e000 08:06 441579     /home/sharath/.gradle/wrapper/dists/gradle-2.14.1-all/8bnwg5hd3w55iofp58khbp6yv/gradle-2.14.1/lib/plugins/jsp-api-2.1-6.1.14.jar
8352d000-83550000 r-xs 00344000 08:06 441578     /home/sharath/.gradle/wrapper/dists/gradle-2.14.1-all/8bnwg5hd3w55iofp58khbp6yv/gradle-2.14.1/lib/plugins/core-3.1.1.jar
83550000-83551000 r-xs 00006000 08:06 441577     /home/sharath/.gradle/wrapper/dists/gradle-2.14.1-all/8bnwg5hd3w55iofp58khbp6yv/gradle-2.14.1/lib/plugins/jetty-naming-6.1.25.jar
83551000-83552000 r-xs 00002000 08:06 441550     /home/sharath/.gradle/wrapper/dists/gradle-2.14.1-all/8bnwg5hd3w55iofp58khbp6yv/gradle-2.14.1/lib/plugins/geronimo-annotation_1.0_spec-1.0.jar
83552000-83554000 r-xs 00002000 08:06 441549     /home/sharath/.gradle/wrapper/dists/gradle-2.14.1-all/8bnwg5hd3w55iofp58khbp6yv/gradle-2.14.1/lib/plugins/jetty-annotations-6.1.25.jar
83554000-83565000 r-xs 000ea000 08:06 441548     /home/sharath/.gradle/wrapper/dists/gradle-2.14.1-all/8bnwg5hd3w55iofp58khbp6yv/gradle-2.14.1/lib/plugins/jsp-2.1-6.1.14.jar
83565000-83567000 r-xs 0000d000 08:06 441547     /home/sharath/.gradle/wrapper/dists/gradle-2.14.1-all/8bnwg5hd3w55iofp58khbp6yv/gradle-2.14.1/lib/plugins/jetty-plus-6.1.25.jar
83567000-83569000 r-xs 0001f000 08:06 441546     /home/sharath/.gradle/wrapper/dists/gradle-2.14.1-all/8bnwg5hd3w55iofp58khbp6yv/gradle-2.14.1/lib/plugins/servlet-api-2.5-20081211.jar
83569000-8356d000 r-xs 00028000 08:06 441545     /home/sharath/.gradle/wrapper/dists/gradle-2.14.1-all/8bnwg5hd3w55iofp58khbp6yv/gradle-2.14.1/lib/plugins/jetty-util-6.1.25.jar
8356d000-83574000 r-xs 0007d000 08:06 441544     /home/sharath/.gradle/wrapper/dists/gradle-2.14.1-all/8bnwg5hd3w55iofp58khbp6yv/gradle-2.14.1/lib/plugins/jetty-6.1.25.jar
83574000-83576000 r-xs 00009000 08:06 441503     /home/sharath/.gradle/wrapper/dists/gradle-2.14.1-all/8bnwg5hd3w55iofp58khbp6yv/gradle-2.14.1/lib/plugins/gradle-jetty-2.14.1.jar
83576000-8357d000 r-xs 00035000 08:06 441560     /home/sharath/.gradle/wrapper/dists/gradle-2.14.1-all/8bnwg5hd3w55iofp58khbp6yv/gradle-2.14.1/lib/plugins/simple-4.1.21.jar
8357d000-83589000 r-xs 00100000 08:06 441558     /home/sharath/.gradle/wrapper/dists/gradle-2.14.1-all/8bnwg5hd3w55iofp58khbp6yv/gradle-2.14.1/lib/plugins/rhino-1.7R3.jar
83589000-8358d000 r-xs 00011000 08:06 441513     /home/sharath/.gradle/wrapper/dists/gradle-2.14.1-all/8bnwg5hd3w55iofp58khbp6yv/gradle-2.14.1/lib/plugins/gradle-javascript-2.14.1.jar
8358d000-8358f000 r-xs 0000c000 08:06 441519     /home/sharath/.gradle/wrapper/dists/gradle-2.14.1-all/8bnwg5hd3w55iofp58khbp6yv/gradle-2.14.1/lib/plugins/gradle-jacoco-2.14.1.jar
8358f000-83592000 r-xs 0000e000 08:06 441518     /home/sharath/.gradle/wrapper/dists/gradle-2.14.1-all/8bnwg5hd3w55iofp58khbp6yv/gradle-2.14.1/lib/plugins/gradle-ivy-2.14.1.jar
83592000-83593000 r-xs 00002000 08:06 441529     /home/sharath/.gradle/wrapper/dists/gradle-2.14.1-all/8bnwg5hd3w55iofp58khbp6yv/gradle-2.14.1/lib/plugins/gradle-ide-play-2.14.1.jar
83593000-83598000 r-xs 0002b000 08:06 441531     /home/sharath/.gradle/wrapper/dists/gradle-2.14.1-all/8bnwg5hd3w55iofp58khbp6yv/gradle-2.14.1/lib/plugins/gradle-ide-native-2.14.1.jar
83598000-835a3000 r-xs 00066000 08:06 441507     /home/sharath/.gradle/wrapper/dists/gradle-2.14.1-all/8bnwg5hd3w55iofp58khbp6yv/gradle-2.14.1/lib/plugins/gradle-ide-2.14.1.jar
835a3000-835a4000 r-xs 00008000 08:06 441512     /home/sharath/.gradle/wrapper/dists/gradle-2.14.1-all/8bnwg5hd3w55iofp58khbp6yv/gradle-2.14.1/lib/plugins/gradle-ear-2.14.1.jar
835a4000-835aa000 r-xs 00032000 08:06 441515     /home/sharath/.gradle/wrapper/dists/gradle-2.14.1-all/8bnwg5hd3w55iofp58khbp6yv/gradle-2.14.1/lib/plugins/gradle-diagnostics-2.14.1.jar
835aa000-835ae000 r-xs 00021000 08:06 441502     /home/sharath/.gradle/wrapper/dists/gradle-2.14.1-all/8bnwg5hd3w55iofp58khbp6yv/gradle-2.14.1/lib/plugins/gradle-code-quality-2.14.1.jar
835ae000-835b2000 r-xs 0001f000 08:06 441520     /home/sharath/.gradle/wrapper/dists/gradle-2.14.1-all/8bnwg5hd3w55iofp58khbp6yv/gradle-2.14.1/lib/plugins/gradle-build-init-2.14.1.jar
835b2000-835b9000 r-xs 0008e000 08:06 441514     /home/sharath/.gradle/wrapper/dists/gradle-2.14.1-all/8bnwg5hd3w55iofp58khbp6yv/gradle-2.14.1/lib/plugins/gradle-build-comparison-2.14.1.jar
835b9000-835bb000 r-xs 00008000 08:06 441504     /home/sharath/.gradle/wrapper/dists/gradle-2.14.1-all/8bnwg5hd3w55iofp58khbp6yv/gradle-2.14.1/lib/plugins/gradle-antlr-2.14.1.jar
835bb000-835bd000 r-xs 00004000 08:06 441508     /home/sharath/.gradle/wrapper/dists/gradle-2.14.1-all/8bnwg5hd3w55iofp58khbp6yv/gradle-2.14.1/lib/plugins/gradle-announce-2.14.1.jar
835bd000-835d5000 r-xs 00115000 08:06 441609     /home/sharath/.gradle/wrapper/dists/gradle-2.14.1-all/8bnwg5hd3w55iofp58khbp6yv/gradle-2.14.1/lib/plugins/xercesImpl-2.9.1.jar
835d5000-835dd000 r-xs 00028000 08:06 441610     /home/sharath/.gradle/wrapper/dists/gradle-2.14.1-all/8bnwg5hd3w55iofp58khbp6yv/gradle-2.14.1/lib/plugins/xml-apis-1.3.04.jar
835dd000-835e3000 r-xs 0005b000 08:06 441608     /home/sharath/.gradle/wrapper/dists/gradle-2.14.1-all/8bnwg5hd3w55iofp58khbp6yv/gradle-2.14.1/lib/plugins/jcifs-1.3.17.jar
835e3000-835ea000 r-xs 00049000 08:06 441607     /home/sharath/.gradle/wrapper/dists/gradle-2.14.1-all/8bnwg5hd3w55iofp58khbp6yv/gradle-2.14.1/lib/plugins/httpcore-4.4.4.jar
835ea000-835f0000 r-xs 00033000 08:06 441555     /home/sharath/.gradle/wrapper/dists/gradle-2.14.1-all/8bnwg5hd3w55iofp58khbp6yv/gradle-2.14.1/lib/plugins/commons-codec-1.6.jar
835f0000-835f3000 r-xs 0001c000 08:06 441565     /home/sharath/.gradle/wrapper/dists/gradle-2.14.1-all/8bnwg5hd3w55iofp58khbp6yv/gradle-2.14.1/lib/plugins/nekohtml-1.9.14.jar
835f3000-83600000 r-xs 000a4000 08:06 441564     /home/sharath/.gradle/wrapper/dists/gradle-2.14.1-all/8bnwg5hd3w55iofp58khbp6yv/gradle-2.14.1/lib/plugins/httpclient-4.4.1.jar
83600000-83700000 rwxp 00000000 00:00 0 
83700000-83702000 r-xs 0000a000 08:06 441537     /home/sharath/.gradle/wrapper/dists/gradle-2.14.1-all/8bnwg5hd3w55iofp58khbp6yv/gradle-2.14.1/lib/plugins/gradle-resources-http-2.14.1.jar
83702000-83706000 r-xs 00014000 08:06 441536     /home/sharath/.gradle/wrapper/dists/gradle-2.14.1-all/8bnwg5hd3w55iofp58khbp6yv/gradle-2.14.1/lib/plugins/gradle-plugin-use-2.14.1.jar
83706000-83707000 r-xs 00000000 08:06 441452     /home/sharath/.gradle/wrapper/dists/gradle-2.14.1-all/8bnwg5hd3w55iofp58khbp6yv/gradle-2.14.1/lib/gradle-installation-beacon-2.14.1.jar
83707000-83708000 r-xs 00007000 08:06 441603     /home/sharath/.gradle/wrapper/dists/gradle-2.14.1-all/8bnwg5hd3w55iofp58khbp6yv/gradle-2.14.1/lib/plugins/wagon-http-shared4-2.4.jar
83708000-8370c000 r-xs 00033000 08:06 441602     /home/sharath/.gradle/wrapper/dists/gradle-2.14.1-all/8bnwg5hd3w55iofp58khbp6yv/gradle-2.14.1/lib/plugins/plexus-utils-2.0.6.jar
8370c000-83710000 r-xs 00021000 08:06 441601     /home/sharath/.gradle/wrapper/dists/gradle-2.14.1-all/8bnwg5hd3w55iofp58khbp6yv/gradle-2.14.1/lib/plugins/maven-model-builder-3.0.4.jar
83710000-83711000 r-xs 00002000 08:06 441600     /home/sharath/.gradle/wrapper/dists/gradle-2.14.1-all/8bnwg5hd3w55iofp58khbp6yv/gradle-2.14.1/lib/plugins/wagon-file-2.4.jar
83711000-83713000 r-xs 00002000 08:06 441599     /home/sharath/.gradle/wrapper/dists/gradle-2.14.1-all/8bnwg5hd3w55iofp58khbp6yv/gradle-2.14.1/lib/plugins/plexus-cipher-1.7.jar
83713000-83716000 r-xs 00013000 08:06 441598     /home/sharath/.gradle/wrapper/dists/gradle-2.14.1-all/8bnwg5hd3w55iofp58khbp6yv/gradle-2.14.1/lib/plugins/aether-api-1.13.1.jar
83716000-83718000 r-xs 0000a000 08:06 441597     /home/sharath/.gradle/wrapper/dists/gradle-2.14.1-all/8bnwg5hd3w55iofp58khbp6yv/gradle-2.14.1/lib/plugins/maven-settings-3.0.4.jar
83718000-8371a000 r-xs 0000d000 08:06 441596     /home/sharath/.gradle/wrapper/dists/gradle-2.14.1-all/8bnwg5hd3w55iofp58khbp6yv/gradle-2.14.1/lib/plugins/plexus-interpolation-1.14.jar
8371a000-8371c000 r-xs 0000b000 08:06 441595     /home/sharath/.gradle/wrapper/dists/gradle-2.14.1-all/8bnwg5hd3w55iofp58khbp6yv/gradle-2.14.1/lib/plugins/maven-artifact-3.0.4.jar
8371c000-83723000 r-xs 0002e000 08:06 441594     /home/sharath/.gradle/wrapper/dists/gradle-2.14.1-all/8bnwg5hd3w55iofp58khbp6yv/gradle-2.14.1/lib/plugins/plexus-container-default-1.5.5.jar
83723000-83725000 r-xs 0000b000 08:06 441593     /home/sharath/.gradle/wrapper/dists/gradle-2.14.1-all/8bnwg5hd3w55iofp58khbp6yv/gradle-2.14.1/lib/plugins/maven-plugin-api-3.0.4.jar
83725000-83727000 r-xs 00000000 08:06 441611     /home/sharath/.gradle/wrapper/dists/gradle-2.14.1-all/8bnwg5hd3w55iofp58khbp6yv/gradle-2.14.1/lib/plugins/plexus-component-annotations-1.5.5.jar
83727000-8372d000 r-xs 0003f000 08:06 441592     /home/sharath/.gradle/wrapper/dists/gradle-2.14.1-all/8bnwg5hd3w55iofp58khbp6yv/gradle-2.14.1/lib/plugins/maven-compat-3.0.4.jar
8372d000-83730000 r-xs 00008000 08:06 441591     /home/sharath/.gradle/wrapper/dists/gradle-2.14.1-all/8bnwg5hd3w55iofp58khbp6yv/gradle-2.14.1/lib/plugins/maven-settings-builder-3.0.4.jar
83730000-83731000 r-xs 00002000 08:06 441590     /home/sharath/.gradle/wrapper/dists/gradle-2.14.1-all/8bnwg5hd3w55iofp58khbp6yv/gradle-2.14.1/lib/plugins/wagon-http-2.4.jar
83731000-83733000 r-xs 00026000 08:06 441589     /home/sharath/.gradle/wrapper/dists/gradle-2.14.1-all/8bnwg5hd3w55iofp58khbp6yv/gradle-2.14.1/lib/plugins/maven-model-3.0.4.jar
83733000-83735000 r-xs 00006000 08:06 441588     /home/sharath/.gradle/wrapper/dists/gradle-2.14.1-all/8bnwg5hd3w55iofp58khbp6yv/gradle-2.14.1/lib/plugins/aether-connector-wagon-1.13.1.jar
83735000-83737000 r-xs 0000a000 08:06 441587     /home/sharath/.gradle/wrapper/dists/gradle-2.14.1-all/8bnwg5hd3w55iofp58khbp6yv/gradle-2.14.1/lib/plugins/plexus-classworlds-2.4.jar
83737000-83739000 r-xs 00006000 08:06 441586     /home/sharath/.gradle/wrapper/dists/gradle-2.14.1-all/8bnwg5hd3w55iofp58khbp6yv/gradle-2.14.1/lib/plugins/maven-repository-metadata-3.0.4.jar
83739000-8373b000 r-xs 0000c000 08:06 441585     /home/sharath/.gradle/wrapper/dists/gradle-2.14.1-all/8bnwg5hd3w55iofp58khbp6yv/gradle-2.14.1/lib/plugins/maven-aether-provider-3.0.4.jar
8373b000-8373d000 r-xs 0000b000 08:06 441584     /home/sharath/.gradle/wrapper/dists/gradle-2.14.1-all/8bnwg5hd3w55iofp58khbp6yv/gradle-2.14.1/lib/plugins/wagon-provider-api-2.4.jar
8373d000-83741000 r-xs 0001c000 08:06 441582     /home/sharath/.gradle/wrapper/dists/gradle-2.14.1-all/8bnwg5hd3w55iofp58khbp6yv/gradle-2.14.1/lib/plugins/aether-util-1.13.1.jar
83741000-83744000 r-xs 0001d000 08:06 441581     /home/sharath/.gradle/wrapper/dists/gradle-2.14.1-all/8bnwg5hd3w55iofp58khbp6yv/gradle-2.14.1/lib/plugins/aether-impl-1.13.1.jar
83744000-83749000 r-xs 00040000 08:06 441566     /home/sharath/.gradle/wrapper/dists/gradle-2.14.1-all/8bnwg5hd3w55iofp58khbp6yv/gradle-2.14.1/lib/plugins/jsch-0.1.53.jar
83749000-83789000 r-xs 00277000 08:06 441576     /home/sharath/.gradle/wrapper/dists/gradle-2.14.1-all/8bnwg5hd3w55iofp58khbp6yv/gradle-2.14.1/lib/plugins/bcprov-jdk15on-1.51.jar
83789000-8378d000 r-xs 0001d000 08:06 441575     /home/sharath/.gradle/wrapper/dists/gradle-2.14.1-all/8bnwg5hd3w55iofp58khbp6yv/gradle-2.14.1/lib/plugins/xbean-reflect-3.4.jar
8378d000-83799000 r-xs 0007d000 08:06 441552     /home/sharath/.gradle/wrapper/dists/gradle-2.14.1-all/8bnwg5hd3w55iofp58khbp6yv/gradle-2.14.1/lib/plugins/maven-core-3.0.4.jar
83799000-837b5000 r-xs 000d3000 08:06 441541     /home/sharath/.gradle/wrapper/dists/gradle-2.14.1-all/8bnwg5hd3w55iofp58khbp6yv/gradle-2.14.1/lib/plugins/gradle-dependency-management-2.14.1.jar
837b5000-838b5000 rwxp 00000000 00:00 0 
838b5000-838d5000 r-xp 00000000 08:06 263348     /lib/i386-linux-gnu/libtinfo.so.5.9
838d5000-838d6000 ---p 00020000 08:06 263348     /lib/i386-linux-gnu/libtinfo.so.5.9
838d6000-838d8000 r-xp 00020000 08:06 263348     /lib/i386-linux-gnu/libtinfo.so.5.9
838d8000-838d9000 rwxp 00022000 08:06 263348     /lib/i386-linux-gnu/libtinfo.so.5.9
838d9000-838fd000 r-xp 00000000 08:06 263274     /lib/i386-linux-gnu/libncurses.so.5.9
838fd000-838fe000 ---p 00024000 08:06 263274     /lib/i386-linux-gnu/libncurses.so.5.9
838fe000-838ff000 r-xp 00024000 08:06 263274     /lib/i386-linux-gnu/libncurses.so.5.9
838ff000-83900000 rwxp 00025000 08:06 263274     /lib/i386-linux-gnu/libncurses.so.5.9
83900000-83b00000 rwxp 00000000 00:00 0 
83b00000-83bfa000 rwxp 00000000 00:00 0 
83bfa000-83c00000 ---p 00000000 00:00 0 
83c00000-83c01000 r-xs 00003000 08:06 441583     /home/sharath/.gradle/wrapper/dists/gradle-2.14.1-all/8bnwg5hd3w55iofp58khbp6yv/gradle-2.14.1/lib/plugins/aether-spi-1.13.1.jar
83c01000-83c02000 r-xs 00006000 08:06 441580     /home/sharath/.gradle/wrapper/dists/gradle-2.14.1-all/8bnwg5hd3w55iofp58khbp6yv/gradle-2.14.1/lib/plugins/plexus-sec-dispatcher-1.3.jar
83c02000-83c07000 r-xs 0002a000 08:06 441559     /home/sharath/.gradle/wrapper/dists/gradle-2.14.1-all/8bnwg5hd3w55iofp58khbp6yv/gradle-2.14.1/lib/plugins/gson-2.2.4.jar
83c07000-83c16000 r-xs 000d9000 08:06 441574     /home/sharath/.gradle/wrapper/dists/gradle-2.14.1-all/8bnwg5hd3w55iofp58khbp6yv/gradle-2.14.1/lib/plugins/ivy-2.2.0.jar
83c16000-83c1f000 r-xp 00000000 08:06 139358     /usr/lib/jvm/java-8-openjdk-i386/jre/lib/i386/libmanagement.so
83c1f000-83c20000 r-xp 00008000 08:06 139358     /usr/lib/jvm/java-8-openjdk-i386/jre/lib/i386/libmanagement.so
83c20000-83c21000 rwxp 00009000 08:06 139358     /usr/lib/jvm/java-8-openjdk-i386/jre/lib/i386/libmanagement.so
83c21000-83c34000 r-xp 00000000 08:06 980425     /tmp/jna8231155829981130921.tmp
83c34000-83c35000 rwxp 00013000 08:06 980425     /tmp/jna8231155829981130921.tmp
83c35000-83c38000 r-xp 00000000 08:06 443664     /home/sharath/.gradle/native/19/linux-i386/libnative-platform-curses.so
83c38000-83c39000 rwxp 00002000 08:06 443664     /home/sharath/.gradle/native/19/linux-i386/libnative-platform-curses.so
83c39000-83c3d000 r-xp 00000000 08:06 443662     /home/sharath/.gradle/native/19/linux-i386/libnative-platform.so
83c3d000-83c3e000 rwxp 00003000 08:06 443662     /home/sharath/.gradle/native/19/linux-i386/libnative-platform.so
83c3e000-83c40000 r-xs 00005000 08:06 441451     /home/sharath/.gradle/wrapper/dists/gradle-2.14.1-all/8bnwg5hd3w55iofp58khbp6yv/gradle-2.14.1/lib/gradle-wrapper-2.14.1.jar
83c40000-83c4e000 r-xs 0004f000 08:06 441458     /home/sharath/.gradle/wrapper/dists/gradle-2.14.1-all/8bnwg5hd3w55iofp58khbp6yv/gradle-2.14.1/lib/gradle-tooling-api-2.14.1.jar
83c4e000-83c50000 r-xs 00002000 08:06 441478     /home/sharath/.gradle/wrapper/dists/gradle-2.14.1-all/8bnwg5hd3w55iofp58khbp6yv/gradle-2.14.1/lib/gradle-open-api-2.14.1.jar
83c50000-83c56000 r-xs 00032000 08:06 441480     /home/sharath/.gradle/wrapper/dists/gradle-2.14.1-all/8bnwg5hd3w55iofp58khbp6yv/gradle-2.14.1/lib/jaxen-1.1.jar
83c56000-83c5b000 r-xs 00048000 08:06 441479     /home/sharath/.gradle/wrapper/dists/gradle-2.14.1-all/8bnwg5hd3w55iofp58khbp6yv/gradle-2.14.1/lib/dom4j-1.6.1.jar
83c5b000-83c66000 r-xs 00059000 08:06 441457     /home/sharath/.gradle/wrapper/dists/gradle-2.14.1-all/8bnwg5hd3w55iofp58khbp6yv/gradle-2.14.1/lib/gradle-ui-2.14.1.jar
83c66000-83c69000 r-xs 0000b000 08:06 441476     /home/sharath/.gradle/wrapper/dists/gradle-2.14.1-all/8bnwg5hd3w55iofp58khbp6yv/gradle-2.14.1/lib/gradle-resources-2.14.1.jar
83c69000-83c6b000 r-xs 00003000 08:06 441488     /home/sharath/.gradle/wrapper/dists/gradle-2.14.1-all/8bnwg5hd3w55iofp58khbp6yv/gradle-2.14.1/lib/jcl-over-slf4j-1.7.10.jar
83c6b000-83c6c000 r-xs 00005000 08:06 441487     /home/sharath/.gradle/wrapper/dists/gradle-2.14.1-all/8bnwg5hd3w55iofp58khbp6yv/gradle-2.14.1/lib/log4j-over-slf4j-1.7.10.jar
83c6c000-83c6e000 r-xs 00000000 08:06 441486     /home/sharath/.gradle/wrapper/dists/gradle-2.14.1-all/8bnwg5hd3w55iofp58khbp6yv/gradle-2.14.1/lib/jul-to-slf4j-1.7.10.jar
83c6e000-83c73000 r-xs 0001c000 08:06 441475     /home/sharath/.gradle/wrapper/dists/gradle-2.14.1-all/8bnwg5hd3w55iofp58khbp6yv/gradle-2.14.1/lib/gradle-logging-2.14.1.jar
83c73000-83c75000 r-xs 00007000 08:06 441499     /home/sharath/.gradle/wrapper/dists/gradle-2.14.1-all/8bnwg5hd3w55iofp58khbp6yv/gradle-2.14.1/lib/objenesis-1.2.jar
83c75000-83c77000 r-xs 00000000 08:06 441498     /home/sharath/.gradle/wrapper/dists/gradle-2.14.1-all/8bnwg5hd3w55iofp58khbp6yv/gradle-2.14.1/lib/minlog-1.2.jar
83c77000-83c79000 r-xs 0000f000 08:06 441497     /home/sharath/.gradle/wrapper/dists/gradle-2.14.1-all/8bnwg5hd3w55iofp58khbp6yv/gradle-2.14.1/lib/reflectasm-1.07-shaded.jar
83c79000-83c7d000 r-xs 00026000 08:06 441485     /home/sharath/.gradle/wrapper/dists/gradle-2.14.1-all/8bnwg5hd3w55iofp58khbp6yv/gradle-2.14.1/lib/kryo-2.20.jar
83c7d000-83c83000 r-xs 00025000 08:06 441474     /home/sharath/.gradle/wrapper/dists/gradle-2.14.1-all/8bnwg5hd3w55iofp58khbp6yv/gradle-2.14.1/lib/gradle-messaging-2.14.1.jar
83c83000-83c84000 r-xs 00003000 08:06 441496     /home/sharath/.gradle/wrapper/dists/gradle-2.14.1-all/8bnwg5hd3w55iofp58khbp6yv/gradle-2.14.1/lib/native-platform-freebsd-amd64-0.10.jar
83c84000-83c85000 r-xs 00003000 08:06 441495     /home/sharath/.gradle/wrapper/dists/gradle-2.14.1-all/8bnwg5hd3w55iofp58khbp6yv/gradle-2.14.1/lib/native-platform-freebsd-i386-0.10.jar
83c85000-83c86000 r-xs 00005000 08:06 441494     /home/sharath/.gradle/wrapper/dists/gradle-2.14.1-all/8bnwg5hd3w55iofp58khbp6yv/gradle-2.14.1/lib/native-platform-windows-i386-0.10.jar
83c86000-83c87000 r-xs 00005000 08:06 441493     /home/sharath/.gradle/wrapper/dists/gradle-2.14.1-all/8bnwg5hd3w55iofp58khbp6yv/gradle-2.14.1/lib/native-platform-windows-amd64-0.10.jar
83c87000-83c88000 r-xs 00003000 08:06 441492     /home/sharath/.gradle/wrapper/dists/gradle-2.14.1-all/8bnwg5hd3w55iofp58khbp6yv/gradle-2.14.1/lib/native-platform-linux-i386-0.10.jar
83c88000-83c89000 r-xs 00003000 08:06 441491     /home/sharath/.gradle/wrapper/dists/gradle-2.14.1-all/8bnwg5hd3w55iofp58khbp6yv/gradle-2.14.1/lib/native-platform-linux-amd64-0.10.jar
83c89000-83c8a000 r-xs 00002000 08:06 441490     /home/sharath/.gradle/wrapper/dists/gradle-2.14.1-all/8bnwg5hd3w55iofp58khbp6yv/gradle-2.14.1/lib/native-platform-osx-amd64-0.10.jar
83c8a000-83c8b000 r-xs 00002000 08:06 441489     /home/sharath/.gradle/wrapper/dists/gradle-2.14.1-all/8bnwg5hd3w55iofp58khbp6yv/gradle-2.14.1/lib/native-platform-osx-i386-0.10.jar
83c8b000-83c8d000 r-xs 00008000 08:06 441483     /home/sharath/.gradle/wrapper/dists/gradle-2.14.1-all/8bnwg5hd3w55iofp58khbp6yv/gradle-2.14.1/lib/jansi-1.2.1.jar
83c8d000-83c90000 r-xs 0000d000 08:06 441482     /home/sharath/.gradle/wrapper/dists/gradle-2.14.1-all/8bnwg5hd3w55iofp58khbp6yv/gradle-2.14.1/lib/native-platform-0.10.jar
83c90000-83cff000 r-xs 0063e000 08:06 441464     /home/sharath/.gradle/wrapper/dists/gradle-2.14.1-all/8bnwg5hd3w55iofp58khbp6yv/gradle-2.14.1/lib/groovy-all-2.4.4.jar
83cff000-85900000 rwxp 00000000 00:00 0 
85900000-859fb000 rwxp 00000000 00:00 0 
859fb000-85a00000 ---p 00000000 00:00 0 
85a00000-85a04000 r-xs 000e4000 08:06 441481     /home/sharath/.gradle/wrapper/dists/gradle-2.14.1-all/8bnwg5hd3w55iofp58khbp6yv/gradle-2.14.1/lib/jna-3.2.7.jar
85a04000-85a06000 r-xs 00009000 08:06 441459     /home/sharath/.gradle/wrapper/dists/gradle-2.14.1-all/8bnwg5hd3w55iofp58khbp6yv/gradle-2.14.1/lib/gradle-native-2.14.1.jar
85a06000-85a08000 r-xs 00005000 08:06 441456     /home/sharath/.gradle/wrapper/dists/gradle-2.14.1-all/8bnwg5hd3w55iofp58khbp6yv/gradle-2.14.1/lib/gradle-cli-2.14.1.jar
85a08000-85a0a000 r-xs 00007000 08:06 441466     /home/sharath/.gradle/wrapper/dists/gradle-2.14.1-all/8bnwg5hd3w55iofp58khbp6yv/gradle-2.14.1/lib/gradle-model-groovy-2.14.1.jar
85a0a000-85a19000 r-xs 00080000 08:06 441465     /home/sharath/.gradle/wrapper/dists/gradle-2.14.1-all/8bnwg5hd3w55iofp58khbp6yv/gradle-2.14.1/lib/gradle-model-core-2.14.1.jar
85a19000-85a1d000 r-xs 00027000 08:06 441470     /home/sharath/.gradle/wrapper/dists/gradle-2.14.1-all/8bnwg5hd3w55iofp58khbp6yv/gradle-2.14.1/lib/commons-io-2.2.jar
85a1d000-85a2a000 r-xs 00083000 08:06 441469     /home/sharath/.gradle/wrapper/dists/gradle-2.14.1-all/8bnwg5hd3w55iofp58khbp6yv/gradle-2.14.1/lib/commons-collections-3.2.2.jar
85a2a000-85a2f000 r-xs 00038000 08:06 441467     /home/sharath/.gradle/wrapper/dists/gradle-2.14.1-all/8bnwg5hd3w55iofp58khbp6yv/gradle-2.14.1/lib/asm-all-5.1.jar
85a2f000-85a57000 r-xs 001cf000 08:06 441461     /home/sharath/.gradle/wrapper/dists/gradle-2.14.1-all/8bnwg5hd3w55iofp58khbp6yv/gradle-2.14.1/lib/guava-jdk5-17.0.jar
85a57000-85a76000 r-xs 001d1000 08:06 441468     /home/sharath/.gradle/wrapper/dists/gradle-2.14.1-all/8bnwg5hd3w55iofp58khbp6yv/gradle-2.14.1/lib/ant-1.9.6.jar
85a76000-85aad000 r-xs 001bd000 08:06 441455     /home/sharath/.gradle/wrapper/dists/gradle-2.14.1-all/8bnwg5hd3w55iofp58khbp6yv/gradle-2.14.1/lib/gradle-core-2.14.1.jar
85aad000-85ab8000 r-xs 00051000 08:06 441450     /home/sharath/.gradle/wrapper/dists/gradle-2.14.1-all/8bnwg5hd3w55iofp58khbp6yv/gradle-2.14.1/lib/gradle-launcher-2.14.1.jar
85ab8000-85ab9000 ---p 00000000 00:00 0 
85ab9000-85b39000 rwxp 00000000 00:00 0 
85b39000-85b3c000 ---p 00000000 00:00 0 
85b3c000-85b8a000 rwxp 00000000 00:00 0 
85b8a000-85b8d000 ---p 00000000 00:00 0 
85b8d000-85c0b000 rwxp 00000000 00:00 0 
85c0b000-85c0e000 ---p 00000000 00:00 0 
85c0e000-85c8c000 rwxp 00000000 00:00 0 
85c8c000-85c8f000 ---p 00000000 00:00 0 
85c8f000-85cdd000 rwxp 00000000 00:00 0 
85cdd000-85d2e000 r-xp 00000000 08:06 930897     /usr/lib/locale/aa_DJ.utf8/LC_CTYPE
85d2e000-85e5e000 r-xp 00000000 08:06 930896     /usr/lib/locale/aa_DJ.utf8/LC_COLLATE
85e5e000-85e61000 ---p 00000000 00:00 0 
85e61000-85eaf000 rwxp 00000000 00:00 0 
85eaf000-85eb2000 ---p 00000000 00:00 0 
85eb2000-85f00000 rwxp 00000000 00:00 0 
85f00000-86000000 rwxp 00000000 00:00 0 
86000000-86001000 r-xs 00006000 08:06 441473     /home/sharath/.gradle/wrapper/dists/gradle-2.14.1-all/8bnwg5hd3w55iofp58khbp6yv/gradle-2.14.1/lib/gradle-base-services-groovy-2.14.1.jar
86001000-86002000 r-xs 00002000 08:06 441477     /home/sharath/.gradle/wrapper/dists/gradle-2.14.1-all/8bnwg5hd3w55iofp58khbp6yv/gradle-2.14.1/lib/gradle-docs-2.14.1.jar
86002000-86013000 r-xp 00000000 08:06 139361     /usr/lib/jvm/java-8-openjdk-i386/jre/lib/i386/libnio.so
86013000-86014000 r-xp 00010000 08:06 139361     /usr/lib/jvm/java-8-openjdk-i386/jre/lib/i386/libnio.so
86014000-86015000 rwxp 00011000 08:06 139361     /usr/lib/jvm/java-8-openjdk-i386/jre/lib/i386/libnio.so
86015000-8602b000 r-xp 00000000 08:06 139360     /usr/lib/jvm/java-8-openjdk-i386/jre/lib/i386/libnet.so
8602b000-8602c000 r-xp 00015000 08:06 139360     /usr/lib/jvm/java-8-openjdk-i386/jre/lib/i386/libnet.so
8602c000-8602d000 rwxp 00016000 08:06 139360     /usr/lib/jvm/java-8-openjdk-i386/jre/lib/i386/libnet.so
8602d000-861fc000 r-xs 03c21000 08:06 139392     /usr/lib/jvm/java-8-openjdk-i386/jre/lib/rt.jar
861fc000-86642000 rwxp 00000000 00:00 0 
86642000-86648000 ---p 00000000 00:00 0 
86648000-87800000 rwxp 00000000 00:00 0 
87800000-878ff000 rwxp 00000000 00:00 0 
878ff000-87900000 ---p 00000000 00:00 0 
87900000-87901000 r-xs 00000000 08:06 441472     /home/sharath/.gradle/wrapper/dists/gradle-2.14.1-all/8bnwg5hd3w55iofp58khbp6yv/gradle-2.14.1/lib/javax.inject-1.jar
87901000-87909000 r-xs 0003a000 08:06 441453     /home/sharath/.gradle/wrapper/dists/gradle-2.14.1-all/8bnwg5hd3w55iofp58khbp6yv/gradle-2.14.1/lib/gradle-base-services-2.14.1.jar
87909000-87924000 r-xs 00394000 08:06 139319     /usr/lib/jvm/java-8-openjdk-i386/jre/lib/ext/cldrdata.jar
87924000-87925000 ---p 00000000 00:00 0 
87925000-87a00000 rwxp 00000000 00:00 0 
87a00000-87a21000 rwxp 00000000 00:00 0 
87a21000-87b00000 ---p 00000000 00:00 0 
87b00000-87b01000 r-xs 00000000 08:06 441471     /home/sharath/.gradle/wrapper/dists/gradle-2.14.1-all/8bnwg5hd3w55iofp58khbp6yv/gradle-2.14.1/lib/jcip-annotations-1.0.jar
87b01000-87b06000 r-xs 00041000 08:06 441462     /home/sharath/.gradle/wrapper/dists/gradle-2.14.1-all/8bnwg5hd3w55iofp58khbp6yv/gradle-2.14.1/lib/commons-lang-2.6.jar
87b06000-87b0b000 r-xs 0009a000 08:06 139386     /usr/lib/jvm/java-8-openjdk-i386/jre/lib/jsse.jar
87b0b000-87b59000 rwxp 00000000 00:00 0 
87b59000-87b5a000 ---p 00000000 00:00 0 
87b5a000-87bda000 rwxp 00000000 00:00 0 
87bda000-87bdb000 ---p 00000000 00:00 0 
87bdb000-87c68000 rwxp 00000000 00:00 0 
87c68000-87d03000 ---p 00000000 00:00 0 
87d03000-87d10000 rwxp 00000000 00:00 0 
87d10000-87dab000 ---p 00000000 00:00 0 
87dab000-87ddc000 rwxp 00000000 00:00 0 
87ddc000-87dff000 ---p 00000000 00:00 0 
87dff000-896c0000 rwxp 00000000 00:00 0 
896c0000-9ce00000 ---p 00000000 00:00 0 
9ce00000-a2e40000 rwxp 00000000 00:00 0 
a44c0000-a7600000 ---p 00000000 00:00 0 
a7600000-a7601000 r-xs 00001000 08:06 441463     /home/sharath/.gradle/wrapper/dists/gradle-2.14.1-all/8bnwg5hd3w55iofp58khbp6yv/gradle-2.14.1/lib/gradle-process-services-2.14.1.jar
a7601000-a7602000 r-xs 00000000 08:06 441454     /home/sharath/.gradle/wrapper/dists/gradle-2.14.1-all/8bnwg5hd3w55iofp58khbp6yv/gradle-2.14.1/lib/gradle-jvm-services-2.14.1.jar
a7602000-a7603000 r-xs 00007000 08:06 441460     /home/sharath/.gradle/wrapper/dists/gradle-2.14.1-all/8bnwg5hd3w55iofp58khbp6yv/gradle-2.14.1/lib/slf4j-api-1.7.10.jar
a7603000-a7604000 r-xs 00004000 08:06 441484     /home/sharath/.gradle/wrapper/dists/gradle-2.14.1-all/8bnwg5hd3w55iofp58khbp6yv/gradle-2.14.1/lib/ant-launcher-1.9.6.jar
a7604000-a7606000 r-xs 0000b000 08:06 837848     /home/sharath/dev/react-native/android/gradle/wrapper/gradle-wrapper.jar
a7606000-a760c000 r-xs 0003a000 08:06 139326     /usr/lib/jvm/java-8-openjdk-i386/jre/lib/ext/sunjce_provider.jar
a760c000-a7610000 r-xs 00037000 08:06 139327     /usr/lib/jvm/java-8-openjdk-i386/jre/lib/ext/sunpkcs11.jar
a7610000-a7612000 r-xs 00007000 08:06 190081     /usr/share/java/java-atk-wrapper.jar
a7612000-a762d000 r-xs 001d6000 08:06 139324     /usr/lib/jvm/java-8-openjdk-i386/jre/lib/ext/nashorn.jar
a762d000-a7654000 rwxp 00000000 00:00 0 
a7654000-a79ed000 ---p 00000000 00:00 0 
a79ed000-a839d000 rwxp 00000000 00:00 0 
a839d000-b69ed000 ---p 00000000 00:00 0 
b69ed000-b69f8000 r-xp 00000000 08:06 263287     /lib/i386-linux-gnu/libnss_files-2.24.so
b69f8000-b69f9000 r-xp 0000a000 08:06 263287     /lib/i386-linux-gnu/libnss_files-2.24.so
b69f9000-b69fa000 rwxp 0000b000 08:06 263287     /lib/i386-linux-gnu/libnss_files-2.24.so
b69fa000-b6a00000 rwxp 00000000 00:00 0 
b6a00000-b6af8000 rwxp 00000000 00:00 0 
b6af8000-b6b00000 ---p 00000000 00:00 0 
b6b00000-b6b01000 r-xs 0000a000 08:06 139322     /usr/lib/jvm/java-8-openjdk-i386/jre/lib/ext/jaccess.jar
b6b01000-b6b04000 r-xs 0000f000 08:06 139321     /usr/lib/jvm/java-8-openjdk-i386/jre/lib/ext/icedtea-sound.jar
b6b04000-b6b06000 r-xs 00001000 08:06 139320     /usr/lib/jvm/java-8-openjdk-i386/jre/lib/ext/dnsns.jar
b6b06000-b6b08000 r-xs 00008000 08:06 139325     /usr/lib/jvm/java-8-openjdk-i386/jre/lib/ext/sunec.jar
b6b08000-b6b12000 r-xs 00116000 08:06 139323     /usr/lib/jvm/java-8-openjdk-i386/jre/lib/ext/localedata.jar
b6b12000-b6b28000 r-xp 00000000 08:06 263281     /lib/i386-linux-gnu/libnsl-2.24.so
b6b28000-b6b29000 r-xp 00016000 08:06 263281     /lib/i386-linux-gnu/libnsl-2.24.so
b6b29000-b6b2a000 rwxp 00017000 08:06 263281     /lib/i386-linux-gnu/libnsl-2.24.so
b6b2a000-b6b2c000 rwxp 00000000 00:00 0 
b6b2c000-b6b2d000 r-xs 00010000 08:06 139328     /usr/lib/jvm/java-8-openjdk-i386/jre/lib/ext/zipfs.jar
b6b2d000-b6b2e000 r-xp 00000000 08:06 930927     /usr/lib/locale/aa_ET/LC_NUMERIC
b6b2e000-b6b2f000 r-xp 00000000 08:06 267035     /usr/lib/locale/en_US.utf8/LC_TIME
b6b2f000-b6b30000 r-xp 00000000 08:06 139900     /usr/lib/locale/chr_US/LC_MONETARY
b6b30000-b6b31000 r-xp 00000000 08:06 266822     /usr/lib/locale/en_AG/LC_MESSAGES/SYS_LC_MESSAGES
b6b31000-b6b32000 r-xp 00000000 08:06 139902     /usr/lib/locale/chr_US/LC_PAPER
b6b32000-b6b33000 r-xp 00000000 08:06 139901     /usr/lib/locale/chr_US/LC_NAME
b6b33000-b6b34000 r-xp 00000000 08:06 267032     /usr/lib/locale/en_US.utf8/LC_ADDRESS
b6b34000-b6b3b000 r-xs 00000000 08:06 1050545    /usr/lib/i386-linux-gnu/gconv/gconv-modules.cache
b6b3b000-b6b47000 rwxp 00000000 00:00 0 
b6b47000-b6b4f000 r-xp 00000000 08:06 139369     /usr/lib/jvm/java-8-openjdk-i386/jre/lib/i386/libzip.so
b6b4f000-b6b50000 r-xp 00007000 08:06 139369     /usr/lib/jvm/java-8-openjdk-i386/jre/lib/i386/libzip.so
b6b50000-b6b51000 rwxp 00008000 08:06 139369     /usr/lib/jvm/java-8-openjdk-i386/jre/lib/i386/libzip.so
b6b51000-b6b59000 rwxs 00000000 08:06 980421     /tmp/hsperfdata_sharath/9394
b6b59000-b6b81000 r-xp 00000000 08:06 139348     /usr/lib/jvm/java-8-openjdk-i386/jre/lib/i386/libjava.so
b6b81000-b6b82000 r-xp 00027000 08:06 139348     /usr/lib/jvm/java-8-openjdk-i386/jre/lib/i386/libjava.so
b6b82000-b6b83000 rwxp 00028000 08:06 139348     /usr/lib/jvm/java-8-openjdk-i386/jre/lib/i386/libjava.so
b6b83000-b6b8a000 r-xp 00000000 08:06 263331     /lib/i386-linux-gnu/librt-2.24.so
b6b8a000-b6b8b000 r-xp 00006000 08:06 263331     /lib/i386-linux-gnu/librt-2.24.so
b6b8b000-b6b8c000 rwxp 00007000 08:06 263331     /lib/i386-linux-gnu/librt-2.24.so
b6b8c000-b6b8f000 ---p 00000000 00:00 0 
b6b8f000-b6bdd000 rwxp 00000000 00:00 0 
b6bdd000-b6bf8000 r-xp 00000000 08:06 263236     /lib/i386-linux-gnu/libgcc_s.so.1
b6bf8000-b6bf9000 r-xp 0001a000 08:06 263236     /lib/i386-linux-gnu/libgcc_s.so.1
b6bf9000-b6bfa000 rwxp 0001b000 08:06 263236     /lib/i386-linux-gnu/libgcc_s.so.1
b6bfa000-b6c4d000 r-xp 00000000 08:06 263266     /lib/i386-linux-gnu/libm-2.24.so
b6c4d000-b6c4e000 r-xp 00052000 08:06 263266     /lib/i386-linux-gnu/libm-2.24.so
b6c4e000-b6c4f000 rwxp 00053000 08:06 263266     /lib/i386-linux-gnu/libm-2.24.so
b6c4f000-b6dc1000 r-xp 00000000 08:06 1053025    /usr/lib/i386-linux-gnu/libstdc++.so.6.0.24
b6dc1000-b6dc7000 r-xp 00171000 08:06 1053025    /usr/lib/i386-linux-gnu/libstdc++.so.6.0.24
b6dc7000-b6dc8000 rwxp 00177000 08:06 1053025    /usr/lib/i386-linux-gnu/libstdc++.so.6.0.24
b6dc8000-b6dcb000 rwxp 00000000 00:00 0 
b6dcb000-b78bd000 r-xp 00000000 08:06 139373     /usr/lib/jvm/java-8-openjdk-i386/jre/lib/i386/server/libjvm.so
b78bd000-b78be000 ---p 00af2000 08:06 139373     /usr/lib/jvm/java-8-openjdk-i386/jre/lib/i386/server/libjvm.so
b78be000-b790a000 r-xp 00af2000 08:06 139373     /usr/lib/jvm/java-8-openjdk-i386/jre/lib/i386/server/libjvm.so
b790a000-b7921000 rwxp 00b3e000 08:06 139373     /usr/lib/jvm/java-8-openjdk-i386/jre/lib/i386/server/libjvm.so
b7921000-b7d42000 rwxp 00000000 00:00 0 
b7d42000-b7ef3000 r-xp 00000000 08:06 263199     /lib/i386-linux-gnu/libc-2.24.so
b7ef3000-b7ef5000 r-xp 001b0000 08:06 263199     /lib/i386-linux-gnu/libc-2.24.so
b7ef5000-b7ef6000 rwxp 001b2000 08:06 263199     /lib/i386-linux-gnu/libc-2.24.so
b7ef6000-b7ef9000 rwxp 00000000 00:00 0 
b7ef9000-b7efc000 r-xp 00000000 08:06 263222     /lib/i386-linux-gnu/libdl-2.24.so
b7efc000-b7efd000 r-xp 00002000 08:06 263222     /lib/i386-linux-gnu/libdl-2.24.so
b7efd000-b7efe000 rwxp 00003000 08:06 263222     /lib/i386-linux-gnu/libdl-2.24.so
b7efe000-b7f0b000 r-xp 00000000 08:06 139333     /usr/lib/jvm/java-8-openjdk-i386/jre/lib/i386/jli/libjli.so
b7f0b000-b7f0c000 r-xp 0000c000 08:06 139333     /usr/lib/jvm/java-8-openjdk-i386/jre/lib/i386/jli/libjli.so
b7f0c000-b7f0d000 rwxp 0000d000 08:06 139333     /usr/lib/jvm/java-8-openjdk-i386/jre/lib/i386/jli/libjli.so
b7f0d000-b7f26000 r-xp 00000000 08:06 263365     /lib/i386-linux-gnu/libz.so.1.2.8
b7f26000-b7f27000 r-xp 00018000 08:06 263365     /lib/i386-linux-gnu/libz.so.1.2.8
b7f27000-b7f28000 rwxp 00019000 08:06 263365     /lib/i386-linux-gnu/libz.so.1.2.8
b7f28000-b7f41000 r-xp 00000000 08:06 263323     /lib/i386-linux-gnu/libpthread-2.24.so
b7f41000-b7f42000 r-xp 00018000 08:06 263323     /lib/i386-linux-gnu/libpthread-2.24.so
b7f42000-b7f43000 rwxp 00019000 08:06 263323     /lib/i386-linux-gnu/libpthread-2.24.so
b7f43000-b7f45000 rwxp 00000000 00:00 0 
b7f45000-b7f46000 r-xp 00000000 08:06 139903     /usr/lib/locale/chr_US/LC_TELEPHONE
b7f46000-b7f47000 r-xp 00000000 08:06 139899     /usr/lib/locale/chr_US/LC_MEASUREMENT
b7f47000-b7f48000 r-xp 00000000 08:06 267033     /usr/lib/locale/en_US.utf8/LC_IDENTIFICATION
b7f48000-b7f53000 r-xp 00000000 08:06 263298     /lib/i386-linux-gnu/libnss_nis-2.24.so
b7f53000-b7f54000 r-xp 0000a000 08:06 263298     /lib/i386-linux-gnu/libnss_nis-2.24.so
b7f54000-b7f55000 rwxp 0000b000 08:06 263298     /lib/i386-linux-gnu/libnss_nis-2.24.so
b7f55000-b7f5d000 r-xp 00000000 08:06 263283     /lib/i386-linux-gnu/libnss_compat-2.24.so
b7f5d000-b7f5e000 r-xp 00007000 08:06 263283     /lib/i386-linux-gnu/libnss_compat-2.24.so
b7f5e000-b7f5f000 rwxp 00008000 08:06 263283     /lib/i386-linux-gnu/libnss_compat-2.24.so
b7f5f000-b7f60000 rwxp 00000000 00:00 0 
b7f60000-b7f61000 ---p 00000000 00:00 0 
b7f61000-b7f6f000 r-xp 00000000 08:06 139368     /usr/lib/jvm/java-8-openjdk-i386/jre/lib/i386/libverify.so
b7f6f000-b7f70000 ---p 0000e000 08:06 139368     /usr/lib/jvm/java-8-openjdk-i386/jre/lib/i386/libverify.so
b7f70000-b7f71000 r-xp 0000e000 08:06 139368     /usr/lib/jvm/java-8-openjdk-i386/jre/lib/i386/libverify.so
b7f71000-b7f72000 rwxp 0000f000 08:06 139368     /usr/lib/jvm/java-8-openjdk-i386/jre/lib/i386/libverify.so
b7f72000-b7f75000 rwxp 00000000 00:00 0 
b7f75000-b7f78000 r--p 00000000 00:00 0          [vvar]
b7f78000-b7f7a000 r-xp 00000000 00:00 0          [vdso]
b7f7a000-b7f9d000 r-xp 00000000 08:06 263168     /lib/i386-linux-gnu/ld-2.24.so
b7f9d000-b7f9e000 r-xp 00022000 08:06 263168     /lib/i386-linux-gnu/ld-2.24.so
b7f9e000-b7f9f000 rwxp 00023000 08:06 263168     /lib/i386-linux-gnu/ld-2.24.so
bf88f000-bf8b0000 rw-p 00000000 00:00 0          [stack]

VM Arguments:
jvm_args: -Dorg.gradle.appname=gradlew 
java_command: org.gradle.wrapper.GradleWrapperMain installDebug
java_class_path (initial): /home/sharath/dev/react-native/android/gradle/wrapper/gradle-wrapper.jar
Launcher Type: SUN_STANDARD

Environment Variables:
PATH=/home/sharath/.nvm/versions/node/v9.3.0/bin:/usr/local/bin:/usr/bin:/bin:/usr/local/games:/usr/games:/home/sharath/Android/Sdk/tools:/home/sharath/Android/Sdk/platform-tools:/home/sharath/Android/Sdk/tools:/home/sharath/Android/Sdk/platform-tools:/home/sharath/Android/Sdk/tools:/home/sharath/Android/Sdk/platform-tools
USERNAME=sharath
SHELL=/bin/bash
DISPLAY=:1

Signal Handlers:
SIGSEGV: [libjvm.so+0x8fb2f0], sa_mask[0]=11111111011111111101111111111110, sa_flags=SA_RESTART|SA_SIGINFO
SIGBUS: [libjvm.so+0x8fb2f0], sa_mask[0]=11111111011111111101111111111110, sa_flags=SA_RESTART|SA_SIGINFO
SIGFPE: [libjvm.so+0x74dfc0], sa_mask[0]=11111111011111111101111111111110, sa_flags=SA_RESTART|SA_SIGINFO
SIGPIPE: [libjvm.so+0x74dfc0], sa_mask[0]=11111111011111111101111111111110, sa_flags=SA_RESTART|SA_SIGINFO
SIGXFSZ: [libjvm.so+0x74dfc0], sa_mask[0]=11111111011111111101111111111110, sa_flags=SA_RESTART|SA_SIGINFO
SIGILL: [libjvm.so+0x74dfc0], sa_mask[0]=11111111011111111101111111111110, sa_flags=SA_RESTART|SA_SIGINFO
SIGUSR1: SIG_DFL, sa_mask[0]=00000000000000000000000000000000, sa_flags=none
SIGUSR2: [libjvm.so+0x74de00], sa_mask[0]=00000000000000000000000000000000, sa_flags=SA_RESTART|SA_SIGINFO
SIGHUP: [libjvm.so+0x74e350], sa_mask[0]=11111111011111111101111111111110, sa_flags=SA_RESTART|SA_SIGINFO
SIGINT: [libjvm.so+0x74e350], sa_mask[0]=11111111011111111101111111111110, sa_flags=SA_RESTART|SA_SIGINFO
SIGTERM: [libjvm.so+0x74e350], sa_mask[0]=11111111011111111101111111111110, sa_flags=SA_RESTART|SA_SIGINFO
SIGQUIT: [libjvm.so+0x74e350], sa_mask[0]=11111111011111111101111111111110, sa_flags=SA_RESTART|SA_SIGINFO


---------------  S Y S T E M  ---------------

OS:DISTRIB_ID=Kali
DISTRIB_RELEASE=kali-rolling
DISTRIB_CODENAME=kali-rolling
DISTRIB_DESCRIPTION="Kali GNU/Linux Rolling"

uname:Linux 4.13.0-kali1-686-pae #1 SMP Debian 4.13.10-1kali2 (2017-11-08) i686
libc:glibc 2.24 NPTL 2.24 
rlimit: STACK 8192k, CORE 0k, NPROC 15860, NOFILE 1048576, AS infinity
load average:1.12 0.76 0.63

/proc/meminfo:
MemTotal:        2056784 kB
MemFree:          128516 kB
MemAvailable:      11488 kB
Buffers:             768 kB
Cached:           398660 kB
SwapCached:            0 kB
Active:          1463608 kB
Inactive:         378160 kB
Active(anon):    1452008 kB
Inactive(anon):   365188 kB
Active(file):      11600 kB
Inactive(file):    12972 kB
Unevictable:           0 kB
Mlocked:               0 kB
HighTotal:       1175236 kB
HighFree:          25636 kB
LowTotal:         881548 kB
LowFree:          102880 kB
SwapTotal:             0 kB
SwapFree:              0 kB
Dirty:               124 kB
Writeback:             0 kB
AnonPages:       1442312 kB
Mapped:            41028 kB
Shmem:            374884 kB
Slab:              42064 kB
SReclaimable:      17336 kB
SUnreclaim:        24728 kB
KernelStack:        5392 kB
PageTables:        19596 kB
NFS_Unstable:          0 kB
Bounce:                0 kB
WritebackTmp:          0 kB
CommitLimit:     1028392 kB
Committed_AS:    7173708 kB
VmallocTotal:     122880 kB
VmallocUsed:           0 kB
VmallocChunk:          0 kB
HardwareCorrupted:     0 kB
AnonHugePages:    428032 kB
ShmemHugePages:        0 kB
ShmemPmdMapped:        0 kB
HugePages_Total:       0
HugePages_Free:        0
HugePages_Rsvd:        0
HugePages_Surp:        0
Hugepagesize:       2048 kB
DirectMap4k:       12280 kB
DirectMap2M:      899072 kB


CPU:total 2 (initial active 2) (2 cores per cpu, 1 threads per core) family 6 model 15 stepping 2, cmov, cx8, fxsr, mmx, sse, sse2, sse3, ssse3, tsc

/proc/cpuinfo:
processor	: 0
vendor_id	: GenuineIntel
cpu family	: 6
model		: 15
model name	: Intel(R) Core(TM)2 CPU          4400  @ 2.00GHz
stepping	: 2
microcode	: 0x5d
cpu MHz		: 1994.884
cache size	: 2048 KB
physical id	: 0
siblings	: 2
core id		: 0
cpu cores	: 2
apicid		: 0
initial apicid	: 0
fdiv_bug	: no
f00f_bug	: no
coma_bug	: no
fpu		: yes
fpu_exception	: yes
cpuid level	: 10
wp		: yes
flags		: fpu vme de pse tsc msr pae mce cx8 apic sep mtrr pge mca cmov pat pse36 clflush dts acpi mmx fxsr sse sse2 ss ht tm pbe nx lm constant_tsc arch_perfmon pebs bts cpuid aperfmperf pni dtes64 monitor ds_cpl est tm2 ssse3 cx16 xtpr pdcm lahf_lm dtherm
bugs		:
bogomips	: 3989.76
clflush size	: 64
cache_alignment	: 64
address sizes	: 36 bits physical, 48 bits virtual
power management:

processor	: 1
vendor_id	: GenuineIntel
cpu family	: 6
model		: 15
model name	: Intel(R) Core(TM)2 CPU          4400  @ 2.00GHz
stepping	: 2
microcode	: 0x5d
cpu MHz		: 1994.884
cache size	: 2048 KB
physical id	: 0
siblings	: 2
core id		: 1
cpu cores	: 2
apicid		: 1
initial apicid	: 1
fdiv_bug	: no
f00f_bug	: no
coma_bug	: no
fpu		: yes
fpu_exception	: yes
cpuid level	: 10
wp		: yes
flags		: fpu vme de pse tsc msr pae mce cx8 apic sep mtrr pge mca cmov pat pse36 clflush dts acpi mmx fxsr sse sse2 ss ht tm pbe nx lm constant_tsc arch_perfmon pebs bts cpuid aperfmperf pni dtes64 monitor ds_cpl est tm2 ssse3 cx16 xtpr pdcm lahf_lm dtherm
bugs		:
bogomips	: 3989.98
clflush size	: 64
cache_alignment	: 64
address sizes	: 36 bits physical, 48 bits virtual
power management:



Memory: 4k page, physical 2056784k(128516k free), swap 0k(0k free)

vm_info: OpenJDK Server VM (25.151-b12) for linux-x86 JRE (1.8.0_151-8u151-b12-1-b12), built on Nov  1 2017 06:12:56 by "buildd" with gcc 7.2.1 20171025

time: Mon Jan 15 21:17:36 2018
elapsed time: 20 seconds (0d 0h 0m 20s)

