#
# There is insufficient memory for the Java Runtime Environment to continue.
# Native memory allocation (mmap) failed to map 19398656 bytes for committing reserved memory.
# Possible reasons:
#   The system is out of physical RAM or swap space
#   In 32 bit mode, the process size limit was hit
# Possible solutions:
#   Reduce memory load on the system
#   Increase physical memory or swap space
#   Check if swap backing store is full
#   Use 64 bit Java on a 64 bit OS
#   Decrease Java heap size (-Xmx/-Xms)
#   Decrease number of Java threads
#   Decrease Java thread stack sizes (-Xss)
#   Set larger code cache with -XX:ReservedCodeCacheSize=
# This output file may be truncated or incomplete.
#
#  Out of Memory Error (os_linux.cpp:2643), pid=4629, tid=0x879a4b40
#
# JRE version: OpenJDK Runtime Environment (8.0_151-b12) (build 1.8.0_151-8u151-b12-1-b12)
# Java VM: OpenJDK Server VM (25.151-b12 mixed mode linux-x86 )
# Failed to write core dump. Core dumps have been disabled. To enable core dumping, try "ulimit -c unlimited" before starting Java again
#

---------------  T H R E A D  ---------------

Current thread (0x85f10c00):  VMThread [stack: 0x87924000,0x879a5000] [id=4640]

Stack: [0x87924000,0x879a5000],  sp=0x879a3a20,  free space=510k
Native frames: (J=compiled Java code, j=interpreted, Vv=VM code, C=native code)
V  [libjvm.so+0x8fa982]
V  [libjvm.so+0x3899b6]
V  [libjvm.so+0x752ca0]
V  [libjvm.so+0x74cb93]
V  [libjvm.so+0x7c766c]
V  [libjvm.so+0x7c88fb]
V  [libjvm.so+0x7798b8]
V  [libjvm.so+0x7c5350]
V  [libjvm.so+0x7be64a]
V  [libjvm.so+0x777d81]
V  [libjvm.so+0x309162]
V  [libjvm.so+0x8fbb5e]
V  [libjvm.so+0x901ba6]
V  [libjvm.so+0x8ffc38]
V  [libjvm.so+0x9005f5]
V  [libjvm.so+0x900a30]
V  [libjvm.so+0x74fec5]
C  [libpthread.so.0+0x627a]  start_thread+0xda

VM_Operation (0x85c0952c): CollectForMetadataAllocation, mode: safepoint, requested by thread 0x85f36800


---------------  P R O C E S S  ---------------

Java Threads: ( => current thread )
  0x83726c00 JavaThread "File lock request listener" [_thread_in_native, id=4651, stack(0x8441d000,0x8446e000)]
  0x83aac000 JavaThread "process reaper" daemon [_thread_blocked, id=4650, stack(0x8446e000,0x84487000)]
  0x83a17c00 JavaThread "pool-1-thread-1" [_thread_blocked, id=4648, stack(0x84c07000,0x84c58000)]
  0x85f39800 JavaThread "Service Thread" daemon [_thread_blocked, id=4646, stack(0x85b39000,0x85b8a000)]
  0x85f36800 JavaThread "C1 CompilerThread1" daemon [_thread_blocked, id=4645, stack(0x85b8a000,0x85c0b000)]
  0x85f34800 JavaThread "C2 CompilerThread0" daemon [_thread_blocked, id=4644, stack(0x85c0b000,0x85c8c000)]
  0x85f33000 JavaThread "Signal Dispatcher" daemon [_thread_blocked, id=4643, stack(0x85c8c000,0x85cdd000)]
  0x85f18400 JavaThread "Finalizer" daemon [_thread_blocked, id=4642, stack(0x85e5e000,0x85eaf000)]
  0x85f15800 JavaThread "Reference Handler" daemon [_thread_blocked, id=4641, stack(0x85eaf000,0x85f00000)]
  0xb6a07400 JavaThread "main" [_thread_blocked, id=4637, stack(0xb6baa000,0xb6bfb000)]

Other Threads:
=>0x85f10c00 VMThread [stack: 0x87924000,0x879a5000] [id=4640]
  0x85f3b400 WatcherThread [stack: 0x85ab8000,0x85b39000] [id=4647]

VM state:at safepoint (normal execution)

VM Mutex/Monitor currently owned by a thread:  ([mutex/lock_event])
[0xb6a04c18] Threads_lock - owner thread: 0x85f10c00
[0xb6a05028] Heap_lock - owner thread: 0x85f36800
[0xb6a054a0] MethodData_lock - owner thread: 0x85f36800

Heap:
 PSYoungGen      total 106496K, used 7240K [0x9ce00000, 0xa5180000, 0xa7600000)
  eden space 96256K, 0% used [0x9ce00000,0x9ce00000,0xa2c00000)
  from space 10240K, 70% used [0xa4780000,0xa4e920c8,0xa5180000)
  to   space 9216K, 0% used [0xa2c00000,0xa2c00000,0xa3500000)
 ParOldGen       total 26368K, used 18154K [0x87e00000, 0x897c0000, 0x9ce00000)
  object space 26368K, 68% used [0x87e00000,0x88fba928,0x897c0000)
 Metaspace       used 26830K, capacity 27287K, committed 27308K, reserved 27952K

Card table byte_map: [0x87d03000,0x87e00000] byte_map_base: 0x878c4000

Marking Bits: (ParMarkBitMap*) 0xb794d900
 Begin Bits: [0x86840000, 0x87020000)
 End Bits:   [0x87020000, 0x87800000)

Polling page: 0xb7f7e000

CodeCache: size=245760Kb used=10354Kb max_used=10354Kb free=235405Kb
 bounds [0xa7a00000, 0xa8428000, 0xb6a00000]
 total_blobs=4194 nmethods=3757 adapters=352
 compilation: enabled

Compilation events (10 events):
Event: 30.329 Thread 0x85f36800 nmethod 3942 0xa841dd48 code [0xa841dea0, 0xa841e344]
Event: 30.329 Thread 0x85f36800 3944       3       java.util.regex.Pattern$BitClass::<init> (15 bytes)
Event: 30.329 Thread 0x85f36800 nmethod 3944 0xa841e588 code [0xa841e6c0, 0xa841ea00]
Event: 30.330 Thread 0x85f36800 3945       3       com.sun.org.apache.xerces.internal.util.XMLAttributesImpl::getURI (29 bytes)
Event: 30.330 Thread 0x85f36800 nmethod 3945 0xa841ec08 code [0xa841ed20, 0xa841ee80]
Event: 30.330 Thread 0x85f36800 3947       3       com.sun.org.apache.xerces.internal.util.IntStack::ensureCapacity (58 bytes)
Event: 30.331 Thread 0x85f36800 nmethod 3947 0xa841ef88 code [0xa841f0c0, 0xa841f3ac]
Event: 30.331 Thread 0x85f36800 3950       3       com.sun.org.apache.xerces.internal.util.XMLChar::isValidNCName (56 bytes)
Event: 30.332 Thread 0x85f36800 nmethod 3950 0xa841f488 code [0xa841f640, 0xa841fe38]
Event: 30.333 Thread 0x85f36800 3948   !   3       com.sun.org.apache.xerces.internal.impl.dv.xs.XSSimpleTypeDecl::getActualValue (927 bytes)

GC Heap History (10 events):
Event: 11.431 GC heap after
Heap after GC invocations=8 (full 0):
 PSYoungGen      total 68352K, used 5872K [0x9ce00000, 0xa1b00000, 0xa7600000)
  eden space 62464K, 0% used [0x9ce00000,0x9ce00000,0xa0b00000)
  from space 5888K, 99% used [0xa1240000,0xa17fc120,0xa1800000)
  to   space 7424K, 0% used [0xa0b00000,0xa0b00000,0xa1240000)
 ParOldGen       total 22016K, used 9243K [0x87e00000, 0x89380000, 0x9ce00000)
  object space 22016K, 41% used [0x87e00000,0x88706c50,0x89380000)
 Metaspace       used 13087K, capacity 13190K, committed 13336K, reserved 13616K
}
Event: 14.681 GC heap before
{Heap before GC invocations=9 (full 0):
 PSYoungGen      total 68352K, used 61709K [0x9ce00000, 0xa1b00000, 0xa7600000)
  eden space 62464K, 89% used [0x9ce00000,0xa04874c8,0xa0b00000)
  from space 5888K, 99% used [0xa1240000,0xa17fc120,0xa1800000)
  to   space 7424K, 0% used [0xa0b00000,0xa0b00000,0xa1240000)
 ParOldGen       total 22016K, used 9243K [0x87e00000, 0x89380000, 0x9ce00000)
  object space 22016K, 41% used [0x87e00000,0x88706c50,0x89380000)
 Metaspace       used 16123K, capacity 16364K, committed 16384K, reserved 16688K
Event: 14.715 GC heap after
Heap after GC invocations=9 (full 0):
 PSYoungGen      total 69888K, used 7418K [0x9ce00000, 0xa4240000, 0xa7600000)
  eden space 62464K, 0% used [0x9ce00000,0x9ce00000,0xa0b00000)
  from space 7424K, 99% used [0xa0b00000,0xa123ea18,0xa1240000)
  to   space 9472K, 0% used [0xa3900000,0xa3900000,0xa4240000)
 ParOldGen       total 22016K, used 11531K [0x87e00000, 0x89380000, 0x9ce00000)
  object space 22016K, 52% used [0x87e00000,0x88942d78,0x89380000)
 Metaspace       used 16123K, capacity 16364K, committed 16384K, reserved 16688K
}
Event: 14.715 GC heap before
{Heap before GC invocations=10 (full 1):
 PSYoungGen      total 69888K, used 7418K [0x9ce00000, 0xa4240000, 0xa7600000)
  eden space 62464K, 0% used [0x9ce00000,0x9ce00000,0xa0b00000)
  from space 7424K, 99% used [0xa0b00000,0xa123ea18,0xa1240000)
  to   space 9472K, 0% used [0xa3900000,0xa3900000,0xa4240000)
 ParOldGen       total 22016K, used 11531K [0x87e00000, 0x89380000, 0x9ce00000)
  object space 22016K, 52% used [0x87e00000,0x88942d78,0x89380000)
 Metaspace       used 16123K, capacity 16364K, committed 16384K, reserved 16688K
Event: 14.857 GC heap after
Heap after GC invocations=10 (full 1):
 PSYoungGen      total 69888K, used 0K [0x9ce00000, 0xa4240000, 0xa7600000)
  eden space 62464K, 0% used [0x9ce00000,0x9ce00000,0xa0b00000)
  from space 7424K, 0% used [0xa0b00000,0xa0b00000,0xa1240000)
  to   space 9472K, 0% used [0xa3900000,0xa3900000,0xa4240000)
 ParOldGen       total 26368K, used 11599K [0x87e00000, 0x897c0000, 0x9ce00000)
  object space 26368K, 43% used [0x87e00000,0x88953d50,0x897c0000)
 Metaspace       used 16123K, capacity 16364K, committed 16384K, reserved 16688K
}
Event: 18.821 GC heap before
{Heap before GC invocations=11 (full 1):
 PSYoungGen      total 69888K, used 62464K [0x9ce00000, 0xa4240000, 0xa7600000)
  eden space 62464K, 100% used [0x9ce00000,0xa0b00000,0xa0b00000)
  from space 7424K, 0% used [0xa0b00000,0xa0b00000,0xa1240000)
  to   space 9472K, 0% used [0xa3900000,0xa3900000,0xa4240000)
 ParOldGen       total 26368K, used 11599K [0x87e00000, 0x897c0000, 0x9ce00000)
  object space 26368K, 43% used [0x87e00000,0x88953d50,0x897c0000)
 Metaspace       used 18004K, capacity 18321K, committed 18432K, reserved 18736K
Event: 18.854 GC heap after
Heap after GC invocations=11 (full 1):
 PSYoungGen      total 89344K, used 4893K [0x9ce00000, 0xa3e00000, 0xa7600000)
  eden space 84224K, 0% used [0x9ce00000,0x9ce00000,0xa2040000)
  from space 5120K, 95% used [0xa3900000,0xa3dc7688,0xa3e00000)
  to   space 9216K, 0% used [0xa2c00000,0xa2c00000,0xa3500000)
 ParOldGen       total 26368K, used 11603K [0x87e00000, 0x897c0000, 0x9ce00000)
  object space 26368K, 44% used [0x87e00000,0x88954d50,0x897c0000)
 Metaspace       used 18004K, capacity 18321K, committed 18432K, reserved 18736K
}
Event: 23.957 GC heap before
{Heap before GC invocations=12 (full 1):
 PSYoungGen      total 89344K, used 89117K [0x9ce00000, 0xa3e00000, 0xa7600000)
  eden space 84224K, 100% used [0x9ce00000,0xa2040000,0xa2040000)
  from space 5120K, 95% used [0xa3900000,0xa3dc7688,0xa3e00000)
  to   space 9216K, 0% used [0xa2c00000,0xa2c00000,0xa3500000)
 ParOldGen       total 26368K, used 11603K [0x87e00000, 0x897c0000, 0x9ce00000)
  object space 26368K, 44% used [0x87e00000,0x88954d50,0x897c0000)
 Metaspace       used 22251K, capacity 22595K, committed 22656K, reserved 22832K
Event: 24.040 GC heap after
Heap after GC invocations=12 (full 1):
 PSYoungGen      total 105472K, used 8200K [0x9ce00000, 0xa5180000, 0xa7600000)
  eden space 96256K, 0% used [0x9ce00000,0x9ce00000,0xa2c00000)
  from space 9216K, 88% used [0xa2c00000,0xa34023b0,0xa3500000)
  to   space 10240K, 0% used [0xa4780000,0xa4780000,0xa5180000)
 ParOldGen       total 26368K, used 14296K [0x87e00000, 0x897c0000, 0x9ce00000)
  object space 26368K, 54% used [0x87e00000,0x88bf6360,0x897c0000)
 Metaspace       used 22251K, capacity 22595K, committed 22656K, reserved 22832K
}
Event: 30.442 GC heap before
{Heap before GC invocations=13 (full 1):
 PSYoungGen      total 105472K, used 81462K [0x9ce00000, 0xa5180000, 0xa7600000)
  eden space 96256K, 76% used [0x9ce00000,0xa158b6b8,0xa2c00000)
  from space 9216K, 88% used [0xa2c00000,0xa34023b0,0xa3500000)
  to   space 10240K, 0% used [0xa4780000,0xa4780000,0xa5180000)
 ParOldGen       total 26368K, used 14296K [0x87e00000, 0x897c0000, 0x9ce00000)
  object space 26368K, 54% used [0x87e00000,0x88bf6360,0x897c0000)
 Metaspace       used 26830K, capacity 27287K, committed 27308K, reserved 27952K

Deoptimization events (10 events):
Event: 27.087 Thread 0xb6a07400 Uncommon trap: reason=unstable_if action=reinterpret pc=0xa831723c method=sun.misc.URLClassPath$JarLoader.getResource(Ljava/lang/String;Z)Lsun/misc/Resource; @ 15
Event: 27.143 Thread 0xb6a07400 Uncommon trap: reason=unstable_if action=reinterpret pc=0xa7d3992c method=sun.misc.URLClassPath$JarLoader.getResource(Ljava/lang/String;Z)Lsun/misc/Resource; @ 15
Event: 27.144 Thread 0xb6a07400 Uncommon trap: reason=class_check action=maybe_recompile pc=0xa7c34ec4 method=java.io.DataInputStream.readUnsignedShort()I @ 4
Event: 27.144 Thread 0xb6a07400 Uncommon trap: reason=class_check action=maybe_recompile pc=0xa7c34ec4 method=java.io.DataInputStream.readUnsignedShort()I @ 4
Event: 27.144 Thread 0xb6a07400 Uncommon trap: reason=class_check action=maybe_recompile pc=0xa7c34ec4 method=java.io.DataInputStream.readUnsignedShort()I @ 4
Event: 27.144 Thread 0xb6a07400 Uncommon trap: reason=class_check action=maybe_recompile pc=0xa7c34ec4 method=java.io.DataInputStream.readUnsignedShort()I @ 4
Event: 27.279 Thread 0xb6a07400 Uncommon trap: reason=unstable_if action=reinterpret pc=0xa7ac3f74 method=java.io.DataInputStream.readUTF(Ljava/io/DataInput;)Ljava/lang/String; @ 31
Event: 28.368 Thread 0xb6a07400 Uncommon trap: reason=unstable_if action=reinterpret pc=0xa8073170 method=java.util.regex.Pattern$BmpCharProperty.match(Ljava/util/regex/Matcher;ILjava/lang/CharSequence;)Z @ 34
Event: 28.925 Thread 0xb6a07400 Uncommon trap: reason=unstable_if action=reinterpret pc=0xa8374ea4 method=com.sun.org.apache.xerces.internal.impl.XMLEntityScanner.scanContent(Lcom/sun/org/apache/xerces/internal/xni/XMLString;)I @ 526
Event: 30.077 Thread 0xb6a07400 Uncommon trap: reason=unstable_if action=reinterpret pc=0xa839a674 method=java.util.regex.Pattern$LastNode.match(Ljava/util/regex/Matcher;ILjava/lang/CharSequence;)Z @ 5

Internal exceptions (10 events):
Event: 30.308 Thread 0xb6a07400 Exception <a 'sun/nio/fs/UnixException'> (0xa10bea08) thrown at [/build/openjdk-8-pEipKT/openjdk-8-8u151-b12/src/hotspot/src/share/vm/prims/jni.cpp, line 709]
Event: 30.308 Thread 0xb6a07400 Exception <a 'sun/nio/fs/UnixException'> (0xa10bfa78) thrown at [/build/openjdk-8-pEipKT/openjdk-8-8u151-b12/src/hotspot/src/share/vm/prims/jni.cpp, line 709]
Event: 30.308 Thread 0xb6a07400 Exception <a 'sun/nio/fs/UnixException'> (0xa10c2da8) thrown at [/build/openjdk-8-pEipKT/openjdk-8-8u151-b12/src/hotspot/src/share/vm/prims/jni.cpp, line 709]
Event: 30.309 Thread 0xb6a07400 Exception <a 'sun/nio/fs/UnixException'> (0xa10c3df8) thrown at [/build/openjdk-8-pEipKT/openjdk-8-8u151-b12/src/hotspot/src/share/vm/prims/jni.cpp, line 709]
Event: 30.315 Thread 0xb6a07400 Exception <a 'sun/nio/fs/UnixException'> (0xa10c5748) thrown at [/build/openjdk-8-pEipKT/openjdk-8-8u151-b12/src/hotspot/src/share/vm/prims/jni.cpp, line 709]
Event: 30.315 Thread 0xb6a07400 Exception <a 'sun/nio/fs/UnixException'> (0xa10c67f8) thrown at [/build/openjdk-8-pEipKT/openjdk-8-8u151-b12/src/hotspot/src/share/vm/prims/jni.cpp, line 709]
Event: 30.315 Thread 0xb6a07400 Exception <a 'sun/nio/fs/UnixException'> (0xa10c8138) thrown at [/build/openjdk-8-pEipKT/openjdk-8-8u151-b12/src/hotspot/src/share/vm/prims/jni.cpp, line 709]
Event: 30.315 Thread 0xb6a07400 Exception <a 'sun/nio/fs/UnixException'> (0xa10c92a0) thrown at [/build/openjdk-8-pEipKT/openjdk-8-8u151-b12/src/hotspot/src/share/vm/prims/jni.cpp, line 709]
Event: 30.316 Thread 0xb6a07400 Exception <a 'sun/nio/fs/UnixException'> (0xa10cbaf8) thrown at [/build/openjdk-8-pEipKT/openjdk-8-8u151-b12/src/hotspot/src/share/vm/prims/jni.cpp, line 709]
Event: 30.316 Thread 0xb6a07400 Exception <a 'sun/nio/fs/UnixException'> (0xa10ccb00) thrown at [/build/openjdk-8-pEipKT/openjdk-8-8u151-b12/src/hotspot/src/share/vm/prims/jni.cpp, line 709]

Events (10 events):
Event: 30.277 loading class com/google/common/collect/HashBiMap$Itr done
Event: 30.278 loading class com/google/common/collect/HashBiMap$Inverse$1$1$InverseEntry
Event: 30.278 loading class com/google/common/collect/HashBiMap$Inverse$1$1$InverseEntry done
Event: 30.280 loading class com/google/common/base/Objects
Event: 30.280 loading class com/google/common/base/Objects done
Event: 30.346 Thread 0xb6a07400 DEOPT PACKING pc=0xa8374321 sp=0xb6bf8070
Event: 30.346 Thread 0xb6a07400 DEOPT UNPACKING pc=0xa7a3c310 sp=0xb6bf7f2c mode 0
Event: 30.384 Thread 0xb6a07400 DEOPT PACKING pc=0xa8374321 sp=0xb6bf8070
Event: 30.384 Thread 0xb6a07400 DEOPT UNPACKING pc=0xa7a3c310 sp=0xb6bf7f2c mode 0
Event: 30.389 Executing VM operation: CollectForMetadataAllocation


Dynamic libraries:
00497000-00498000 r-xp 00000000 08:06 139295     /usr/lib/jvm/java-8-openjdk-i386/jre/bin/java
00498000-00499000 r--p 00000000 08:06 139295     /usr/lib/jvm/java-8-openjdk-i386/jre/bin/java
00499000-0049a000 rw-p 00001000 08:06 139295     /usr/lib/jvm/java-8-openjdk-i386/jre/bin/java
01a05000-025d3000 rw-p 00000000 00:00 0          [heap]
82100000-82246000 rw-p 00000000 00:00 0 
82246000-82300000 ---p 00000000 00:00 0 
82300000-8236b000 rw-p 00000000 00:00 0 
8236b000-82400000 ---p 00000000 00:00 0 
82400000-82500000 rw-p 00000000 00:00 0 
82500000-82600000 rw-p 00000000 00:00 0 
82600000-82700000 rw-p 00000000 00:00 0 
82700000-82756000 rw-p 00000000 00:00 0 
82756000-82800000 ---p 00000000 00:00 0 
82800000-82900000 rw-p 00000000 00:00 0 
82900000-82a00000 rw-p 00000000 00:00 0 
82a00000-82b00000 rw-p 00000000 00:00 0 
82b00000-82c00000 rw-p 00000000 00:00 0 
82c00000-82d00000 rw-p 00000000 00:00 0 
82d00000-82e00000 rw-p 00000000 00:00 0 
82e00000-82efa000 rw-p 00000000 00:00 0 
82efa000-82f00000 ---p 00000000 00:00 0 
82f00000-82fff000 rw-p 00000000 00:00 0 
82fff000-83000000 ---p 00000000 00:00 0 
83000000-83100000 rw-p 00000000 00:00 0 
83166000-83179000 r--s 00346000 08:06 139391     /usr/lib/jvm/java-8-openjdk-i386/jre/lib/resources.jar
83179000-831a4000 r--s 001fc000 08:06 964277     /home/sharath/.gradle/caches/modules-2/files-2.1/com.google.guava/guava/18.0/cce0823396aa693798f8882e64213b1772032b09/guava-18.0.jar
831a4000-831a5000 r--s 00001000 08:06 964276     /home/sharath/.gradle/caches/modules-2/files-2.1/com.android.tools/annotations/25.2.3/a9970f79003cbf4aaaf26a5590aca7066f209347/annotations-25.2.3.jar
831a5000-831b8000 r--s 000b2000 08:06 964275     /home/sharath/.gradle/caches/modules-2/files-2.1/com.android.tools.external.com-intellij/uast/145.597.4/6b430796bdb6563146affb34fb840c64e8d1d3b1/uast-145.597.4.jar
831b8000-831c0000 r--s 000a8000 08:06 964274     /home/sharath/.gradle/caches/modules-2/files-2.1/com.android.tools.external.lombok/lombok-ast/0.2.3/528b6f8bde3157f17530aa366631f2aad2a6cf9/lombok-ast-0.2.3.jar
831c0000-831c2000 r--s 0000d000 08:06 964273     /home/sharath/.gradle/caches/modules-2/files-2.1/commons-codec/commons-codec/1.4/4216af16d38465bbab0f3dff8efa14204f7a399a/commons-codec-1.4.jar
831c2000-831c4000 r--s 0000d000 08:06 964272     /home/sharath/.gradle/caches/modules-2/files-2.1/commons-logging/commons-logging/1.1.1/5043bfebc3db072ed80fbd362e7caf00e885d8ae/commons-logging-1.1.1.jar
831c4000-831c9000 r--s 00028000 08:06 964271     /home/sharath/.gradle/caches/modules-2/files-2.1/org.apache.httpcomponents/httpcore/4.1/33fc26c02f8043ab0ede19eadc8c9885386b255c/httpcore-4.1.jar
831c9000-831cd000 r--s 0002f000 08:06 964270     /home/sharath/.gradle/caches/modules-2/files-2.1/com.google.jimfs/jimfs/1.1/8fbd0579dc68aba6186935cc1bee21d2f3e7ec1c/jimfs-1.1.jar
831cd000-831ce000 r--s 00004000 08:06 964269     /home/sharath/.gradle/caches/modules-2/files-2.1/com.intellij/annotations/12.0/bbcf6448f6d40abe506e2c83b70a3e8bfd2b4539/annotations-12.0.jar
831ce000-831cf000 r--s 00004000 08:06 964268     /home/sharath/.gradle/caches/modules-2/files-2.1/org.ow2.asm/asm-analysis/5.0.4/51f5031331a56c462a3cc5126e21ab65958759a9/asm-analysis-5.0.4.jar
831cf000-831d3000 r--s 0003b000 08:06 964267     /home/sharath/.gradle/caches/modules-2/files-2.1/com.android.tools.lint/lint-api/25.2.3/fb7afa11dcda11d5bf0fcd3dcfec3e13ee921057/lint-api-25.2.3.jar
831d3000-831d4000 r--s 0000a000 08:06 964266     /home/sharath/.gradle/caches/modules-2/files-2.1/net.sf.kxml/kxml2/2.3.0/ccbc77a5fd907ef863c29f3596c6f54ffa4e9442/kxml2-2.3.0.jar
831d4000-831d6000 r--s 00005000 08:06 964265     /home/sharath/.gradle/caches/modules-2/files-2.1/org.apache.httpcomponents/httpmime/4.1/9ba2dcdf94ce35c8a8e9bff242db0618ca932e92/httpmime-4.1.jar
831d6000-831de000 r--s 0004e000 08:06 964264     /home/sharath/.gradle/caches/modules-2/files-2.1/org.apache.httpcomponents/httpclient/4.1.1/3d1d918f32709e33ba7ddb2c4e8d1c543ebe713e/httpclient-4.1.1.jar
831de000-831e5000 r--s 00053000 08:06 964263     /home/sharath/.gradle/caches/modules-2/files-2.1/org.apache.commons/commons-compress/1.8.1/a698750c16740fd5b3871425f4cb3bbaa87f529d/commons-compress-1.8.1.jar
831e5000-831ea000 r--s 0002a000 08:06 964262     /home/sharath/.gradle/caches/modules-2/files-2.1/com.google.code.gson/gson/2.2.4/a60a5e993c98c864010053cb901b7eab25306568/gson-2.2.4.jar
831ea000-831ef000 r--s 0002d000 08:06 964261     /home/sharath/.gradle/caches/modules-2/files-2.1/com.android.tools/repository/25.2.3/179dee8115834f40bd9b39675da3a0273174c3ca/repository-25.2.3.jar
831ef000-831f0000 r--s 00005000 08:06 964260     /home/sharath/.gradle/caches/modules-2/files-2.1/com.android.tools/dvlib/25.2.3/5afd79f645811a98c0519141cc13900c659091a8/dvlib-25.2.3.jar
831f0000-83200000 r--s 000d6000 08:06 964255     /home/sharath/.gradle/caches/modules-2/files-2.1/net.sf.proguard/proguard-base/5.2.1/4f61348b4e7c943b85679dcb697f3a5fc3101921/proguard-base-5.2.1.jar
83200000-832fd000 rw-p 00000000 00:00 0 
832fd000-83300000 ---p 00000000 00:00 0 
83300000-83303000 r--s 00014000 08:06 964259     /home/sharath/.gradle/caches/modules-2/files-2.1/com.android.tools.layoutlib/layoutlib-api/25.2.3/ead9944caa7cba814184148efe69faf8896f4478/layoutlib-api-25.2.3.jar
83303000-83307000 r--s 00037000 08:06 964258     /home/sharath/.gradle/caches/modules-2/files-2.1/org.antlr/ST4/4.0.8/a1c55e974f8a94d78e2348fa6ff63f4fa1fae64/ST4-4.0.8.jar
83307000-8330a000 r--s 00026000 08:06 964257     /home/sharath/.gradle/caches/modules-2/files-2.1/org.antlr/antlr-runtime/3.5.2/cd9cd41361c155f3af0f653009dcecb08d8b4afd/antlr-runtime-3.5.2.jar
8330a000-8330f000 r--s 00058000 08:06 964256     /home/sharath/.gradle/caches/modules-2/files-2.1/org.ow2.asm/asm-debug-all/5.0.1/f69b5f7d96cec0d448acf1c1a266584170c9643b/asm-debug-all-5.0.1.jar
8330f000-83312000 r--s 00033000 08:06 964254     /home/sharath/.gradle/caches/modules-2/files-2.1/com.googlecode.juniversalchardet/juniversalchardet/1.0.3/cd49678784c46aa8789c060538e0154013bb421b/juniversalchardet-1.0.3.jar
83312000-83316000 r--s 0002a000 08:06 964253     /home/sharath/.gradle/caches/modules-2/files-2.1/commons-io/commons-io/2.4/b1b6ea3b7e4aa4f492509a4952029cd8e48019ad/commons-io-2.4.jar
83316000-8332d000 r--s 00154000 08:06 964252     /home/sharath/.gradle/caches/modules-2/files-2.1/org.antlr/antlr4/4.5.3/f35db7e4b2446e4174ba6a73db7bd6b3e6bb5da1/antlr4-4.5.3.jar
8332d000-8332e000 r--s 00002000 08:06 964251     /home/sharath/.gradle/caches/modules-2/files-2.1/com.android.databinding/baseLibrary/2.2.3/b4b51d1925cdfda98fd861230c1ecb5855500129/baseLibrary-2.2.3.jar
8332e000-83341000 r--s 00236000 08:06 964250     /home/sharath/.gradle/caches/modules-2/files-2.1/org.eclipse.jdt.core.compiler/ecj/4.5.1/bee1367ac12fb6a20b422ff8711ebeb4f0a42316/ecj-4.5.1.jar
83341000-83348000 r--s 000c3000 08:06 964249     /home/sharath/.gradle/caches/modules-2/files-2.1/com.android.tools.lint/lint-checks/25.2.3/eae71c1f5ce54195dc821133e3a5df8145de8ff5/lint-checks-25.2.3.jar
83348000-8334a000 r--s 00006000 08:06 964248     /home/sharath/.gradle/caches/modules-2/files-2.1/org.ow2.asm/asm-tree/5.0.4/396ce0c07ba2b481f25a70195c7c94922f0d1b0b/asm-tree-5.0.4.jar
8334a000-8337d000 r--s 00203000 08:06 964247     /home/sharath/.gradle/caches/modules-2/files-2.1/org.bouncycastle/bcprov-jdk15on/1.48/960dea7c9181ba0b17e8bab0c06a43f0a5f04e65/bcprov-jdk15on-1.48.jar
8337d000-8338b000 r--s 00081000 08:06 964246     /home/sharath/.gradle/caches/modules-2/files-2.1/org.bouncycastle/bcpkix-jdk15on/1.48/28b7614b908a47844bb27e3c94b45b6893656265/bcpkix-jdk15on-1.48.jar
8338b000-8338d000 r--s 00002000 08:06 964245     /home/sharath/.gradle/caches/modules-2/files-2.1/com.squareup/javawriter/2.5.0/81241ff7078ef14f42ea2a8995fa09c096256e6b/javawriter-2.5.0.jar
8338d000-8338e000 r--s 00002000 08:06 964244     /home/sharath/.gradle/caches/modules-2/files-2.1/com.android.tools.analytics-library/tracker/25.2.3/c807f7b3d9aa3cee795ecac620d22c5ca7dd92e1/tracker-25.2.3.jar
8338e000-83390000 r--s 00003000 08:06 964243     /home/sharath/.gradle/caches/modules-2/files-2.1/com.android.tools.analytics-library/shared/25.2.3/785426dac20cfe596e4cf36d01aad930ffdcb05c/shared-25.2.3.jar
83390000-8339d000 r--s 000ed000 08:06 964241     /home/sharath/.gradle/caches/modules-2/files-2.1/com.android.tools.analytics-library/protos/25.2.3/821098054f9667d0f2536d7f2d0200d8bdd9c898/protos-25.2.3.jar
8339d000-8339e000 r--s 00001000 08:06 964239     /home/sharath/.gradle/caches/modules-2/files-2.1/com.android.tools.jill/jill-api/0.10.0/7dfd6360ae4af1e171ec67b92e0cf065d59eef19/jill-api-0.10.0.jar
8339e000-833a0000 r--s 00003000 08:06 964237     /home/sharath/.gradle/caches/modules-2/files-2.1/com.android.tools.jack/jack-api/0.11.0/ccda6afebd2b9cf60886c601ea561bba62c35c70/jack-api-0.11.0.jar
833a0000-833a5000 r--s 0004a000 08:06 964236     /home/sharath/.gradle/caches/modules-2/files-2.1/com.android.tools.ddms/ddmlib/25.2.3/2b66df9156f476b0ccee44b378cd09073118ff59/ddmlib-25.2.3.jar
833a5000-833a8000 r--s 00021000 08:06 964235     /home/sharath/.gradle/caches/modules-2/files-2.1/com.android.tools.build/manifest-merger/25.2.3/d0212c507be4c38c39f4ee06a7df5a44f500ed3b/manifest-merger-25.2.3.jar
833a8000-833aa000 r--s 0001c000 08:06 964234     /home/sharath/.gradle/caches/modules-2/files-2.1/com.android.tools/common/25.2.3/255aa01048bebb511d828c6a5fc668df13b8f39d/common-25.2.3.jar
833aa000-833b2000 r--s 00084000 08:06 964233     /home/sharath/.gradle/caches/modules-2/files-2.1/com.android.tools/sdk-common/25.2.3/2c49ca3df5bb961473b096bab2a615a7cda50dc/sdk-common-25.2.3.jar
833b2000-833bd000 r--s 0008e000 08:06 964232     /home/sharath/.gradle/caches/modules-2/files-2.1/com.android.tools/sdklib/25.2.3/9f12cfc56b1df4e42fa2b73f9936b586b9a56a2/sdklib-25.2.3.jar
833bd000-833be000 r--s 00002000 08:06 964231     /home/sharath/.gradle/caches/modules-2/files-2.1/com.android.tools.build/builder-test-api/2.2.3/700079fc243c217dbd6250ac01d2d6210ca8a0d6/builder-test-api-2.2.3.jar
833be000-833c1000 r--s 00005000 08:06 964230     /home/sharath/.gradle/caches/modules-2/files-2.1/com.android.tools.build/builder-model/2.2.3/eddf6035ce0a31651527b4c3cc239428e877c43a/builder-model-2.2.3.jar
833c1000-833cb000 r--s 00110000 08:06 964229     /home/sharath/.gradle/caches/modules-2/files-2.1/org.antlr/antlr/3.5.2/c4a65c950bfc3e7d04309c515b2177c00baf7764/antlr-3.5.2.jar
833cb000-833d3000 r--s 0007b000 08:06 964227     /home/sharath/.gradle/caches/modules-2/files-2.1/com.google.protobuf/protobuf-java/2.5.0/a10732c76bfacdbd633a7eb0f7968b1059a65dfa/protobuf-java-2.5.0.jar
833d3000-833d5000 r--s 0000f000 08:06 964226     /home/sharath/.gradle/caches/modules-2/files-2.1/net.sf.jopt-simple/jopt-simple/4.9/ee9e9eaa0a35360dcfeac129ff4923215fd65904/jopt-simple-4.9.jar
833d5000-833d9000 r--s 0001f000 08:06 964225     /home/sharath/.gradle/caches/modules-2/files-2.1/org.jacoco/org.jacoco.report/0.7.5.201505241946/cb1ac5562a45c98cd7b774452f3e8b867b71cd65/org.jacoco.report-0.7.5.201505241946.jar
833d9000-833dd000 r--s 0001d000 08:06 964224     /home/sharath/.gradle/caches/modules-2/files-2.1/org.jacoco/org.jacoco.core/0.7.5.201505241946/1ea906dc5201d2a1bc0604f8650534d4bcaf4c95/org.jacoco.core-0.7.5.201505241946.jar
833dd000-833de000 r--s 00002000 08:06 964223     /home/sharath/.gradle/caches/modules-2/files-2.1/net.sf.proguard/proguard-gradle/5.2.1/5e9956c050fd84fa043517e77c4c0ff175a6b002/proguard-gradle-5.2.1.jar
833de000-833e0000 r--s 00009000 08:06 964221     /home/sharath/.gradle/caches/modules-2/files-2.1/org.ow2.asm/asm-commons/5.0.4/5a556786086c23cd689a0328f8519db93821c04c/asm-commons-5.0.4.jar
833e0000-833e4000 r--s 0002b000 08:06 964219     /home/sharath/.gradle/caches/modules-2/files-2.1/com.android.databinding/compilerCommon/2.2.3/8c3829022a54acd042b5382a4a873ee2d64c29ee/compilerCommon-2.2.3.jar
833e4000-833e9000 r--s 00053000 08:06 964216     /home/sharath/.gradle/caches/modules-2/files-2.1/com.android.tools.lint/lint/25.2.3/aa03a3669f2913b9bc6f5f4fba4418f974e48cb7/lint-25.2.3.jar
833e9000-83400000 r--s 0015e000 08:06 964215     /home/sharath/.gradle/caches/modules-2/files-2.1/com.android.tools.build/builder/2.2.3/13e7339544e824a3a5f8ecff42173c013791578b/builder-2.2.3.jar
83400000-83500000 rw-p 00000000 00:00 0 
83500000-83600000 rw-p 00000000 00:00 0 
83600000-836fa000 rw-p 00000000 00:00 0 
836fa000-83700000 ---p 00000000 00:00 0 
83700000-837ff000 rw-p 00000000 00:00 0 
837ff000-83800000 ---p 00000000 00:00 0 
83800000-83900000 rw-p 00000000 00:00 0 
83900000-83a00000 rw-p 00000000 00:00 0 
83a00000-83b00000 rw-p 00000000 00:00 0 
83b00000-83c00000 rw-p 00000000 00:00 0 
83c00000-83d00000 rw-p 00000000 00:00 0 
83d00000-83e00000 rw-p 00000000 00:00 0 
83e00000-83f00000 rw-p 00000000 00:00 0 
83f00000-84000000 rw-p 00000000 00:00 0 
84000000-840fa000 rw-p 00000000 00:00 0 
840fa000-84100000 ---p 00000000 00:00 0 
84100000-84200000 rw-p 00000000 00:00 0 
84200000-84300000 rw-p 00000000 00:00 0 
84300000-84400000 rw-p 00000000 00:00 0 
84400000-8441d000 r--s 0019d000 08:06 964214     /home/sharath/.gradle/caches/modules-2/files-2.1/com.android.tools.build/gradle-core/2.2.3/3a777b0626810e0ccdced7d750ac4b60c279616c/gradle-core-2.2.3.jar
8441d000-84420000 ---p 00000000 00:00 0 
84420000-8446e000 rw-p 00000000 00:00 0 
8446e000-84471000 ---p 00000000 00:00 0 
84471000-84587000 rw-p 00000000 00:00 0 
84587000-84687000 rw-p 00000000 00:00 0 
84687000-84700000 r--s 010fe000 08:06 139441     /usr/lib/jvm/java-8-openjdk-i386/lib/tools.jar
84700000-84800000 rw-p 00000000 00:00 0 
84800000-84900000 rw-p 00000000 00:00 0 
84900000-84a00000 rw-p 00000000 00:00 0 
84a00000-84aff000 rw-p 00000000 00:00 0 
84aff000-84b00000 ---p 00000000 00:00 0 
84b00000-84bff000 rw-p 00000000 00:00 0 
84bff000-84c00000 ---p 00000000 00:00 0 
84c00000-84c02000 r--s 0000c000 08:06 964220     /home/sharath/.gradle/caches/modules-2/files-2.1/org.ow2.asm/asm/5.0.4/da08b8cce7bbf903602a25a3a163ae252435795/asm-5.0.4.jar
84c02000-84c03000 r--s 00002000 08:06 964218     /home/sharath/.gradle/caches/modules-2/files-2.1/com.android.tools.build/gradle-api/2.2.3/9a45614f789d4aab624d2a61983263885f42b615/gradle-api-2.2.3.jar
84c03000-84c04000 r--s 00000000 08:06 964217     /home/sharath/.gradle/caches/modules-2/files-2.1/com.android.tools.build/transform-api/2.0.0-deprecated-use-gradle-api/85bee1acea9e27152b920746c68133b30b11431/transform-api-2.0.0-deprecated-use-gradle-api.jar
84c04000-84c06000 r--s 0000d000 08:06 964212     /home/sharath/.gradle/caches/modules-2/files-2.1/com.android.tools.build/gradle/2.2.3/7b8f79621d95e3ce1e95c0852db14d9d7e1d1951/gradle-2.2.3.jar
84c06000-84c07000 r--p 00000000 00:00 0 
84c07000-84c0a000 ---p 00000000 00:00 0 
84c0a000-84c58000 rw-p 00000000 00:00 0 
84c58000-84c5a000 r--s 00007000 08:06 441540     /home/sharath/.gradle/wrapper/dists/gradle-2.14.1-all/8bnwg5hd3w55iofp58khbp6yv/gradle-2.14.1/lib/plugins/gradle-tooling-api-builders-2.14.1.jar
84c5a000-84c5d000 r--s 00008000 08:06 441533     /home/sharath/.gradle/wrapper/dists/gradle-2.14.1-all/8bnwg5hd3w55iofp58khbp6yv/gradle-2.14.1/lib/plugins/gradle-testing-native-2.14.1.jar
84c5d000-84c5f000 r--s 00009000 08:06 441612     /home/sharath/.gradle/wrapper/dists/gradle-2.14.1-all/8bnwg5hd3w55iofp58khbp6yv/gradle-2.14.1/lib/plugins/hamcrest-core-1.3.jar
84c5f000-84c65000 r--s 00033000 08:06 441606     /home/sharath/.gradle/wrapper/dists/gradle-2.14.1-all/8bnwg5hd3w55iofp58khbp6yv/gradle-2.14.1/lib/plugins/snakeyaml-1.6.jar
84c65000-84c67000 r--s 00006000 08:06 441605     /home/sharath/.gradle/wrapper/dists/gradle-2.14.1-all/8bnwg5hd3w55iofp58khbp6yv/gradle-2.14.1/lib/plugins/jcommander-1.12.jar
84c67000-84c6c000 r--s 00040000 08:06 441604     /home/sharath/.gradle/wrapper/dists/gradle-2.14.1-all/8bnwg5hd3w55iofp58khbp6yv/gradle-2.14.1/lib/plugins/bsh-2.0b4.jar
84c6c000-84c75000 r--s 00089000 08:06 441563     /home/sharath/.gradle/wrapper/dists/gradle-2.14.1-all/8bnwg5hd3w55iofp58khbp6yv/gradle-2.14.1/lib/plugins/testng-6.3.1.jar
84c75000-84c7d000 r--s 00045000 08:06 441562     /home/sharath/.gradle/wrapper/dists/gradle-2.14.1-all/8bnwg5hd3w55iofp58khbp6yv/gradle-2.14.1/lib/plugins/junit-4.12.jar
84c7d000-84c83000 r--s 0002e000 08:06 441534     /home/sharath/.gradle/wrapper/dists/gradle-2.14.1-all/8bnwg5hd3w55iofp58khbp6yv/gradle-2.14.1/lib/plugins/gradle-testing-jvm-2.14.1.jar
84c83000-84c88000 r--s 00015000 08:06 441532     /home/sharath/.gradle/wrapper/dists/gradle-2.14.1-all/8bnwg5hd3w55iofp58khbp6yv/gradle-2.14.1/lib/plugins/gradle-testing-base-2.14.1.jar
84c88000-84c89000 r--s 00002000 08:06 441556     /home/sharath/.gradle/wrapper/dists/gradle-2.14.1-all/8bnwg5hd3w55iofp58khbp6yv/gradle-2.14.1/lib/plugins/sonar-batch-bootstrapper-2.9.jar
84c89000-84c8c000 r--s 00015000 08:06 441510     /home/sharath/.gradle/wrapper/dists/gradle-2.14.1-all/8bnwg5hd3w55iofp58khbp6yv/gradle-2.14.1/lib/plugins/gradle-sonar-2.14.1.jar
84c8c000-84c93000 r--s 00038000 08:06 441557     /home/sharath/.gradle/wrapper/dists/gradle-2.14.1-all/8bnwg5hd3w55iofp58khbp6yv/gradle-2.14.1/lib/plugins/bcpg-jdk15on-1.51.jar
84c93000-84c95000 r--s 0000d000 08:06 441511     /home/sharath/.gradle/wrapper/dists/gradle-2.14.1-all/8bnwg5hd3w55iofp58khbp6yv/gradle-2.14.1/lib/plugins/gradle-signing-2.14.1.jar
84c95000-84c98000 r--s 00009000 08:06 441509     /home/sharath/.gradle/wrapper/dists/gradle-2.14.1-all/8bnwg5hd3w55iofp58khbp6yv/gradle-2.14.1/lib/plugins/gradle-scala-2.14.1.jar
84c98000-84c99000 r--s 00004000 08:06 441538     /home/sharath/.gradle/wrapper/dists/gradle-2.14.1-all/8bnwg5hd3w55iofp58khbp6yv/gradle-2.14.1/lib/plugins/gradle-resources-sftp-2.14.1.jar
84c99000-84ca9000 r--s 00088000 08:06 441573     /home/sharath/.gradle/wrapper/dists/gradle-2.14.1-all/8bnwg5hd3w55iofp58khbp6yv/gradle-2.14.1/lib/plugins/joda-time-2.8.2.jar
84ca9000-84cba000 r--s 000cf000 08:06 441572     /home/sharath/.gradle/wrapper/dists/gradle-2.14.1-all/8bnwg5hd3w55iofp58khbp6yv/gradle-2.14.1/lib/plugins/jackson-databind-2.3.2.jar
84cba000-84cbc000 r--s 00007000 08:06 441571     /home/sharath/.gradle/wrapper/dists/gradle-2.14.1-all/8bnwg5hd3w55iofp58khbp6yv/gradle-2.14.1/lib/plugins/jackson-annotations-2.3.2.jar
84cbc000-84cbf000 r--s 0002e000 08:06 441570     /home/sharath/.gradle/wrapper/dists/gradle-2.14.1-all/8bnwg5hd3w55iofp58khbp6yv/gradle-2.14.1/lib/plugins/jackson-core-2.3.2.jar
84cbf000-84cca000 r--s 0006b000 08:06 441569     /home/sharath/.gradle/wrapper/dists/gradle-2.14.1-all/8bnwg5hd3w55iofp58khbp6yv/gradle-2.14.1/lib/plugins/aws-java-sdk-core-1.9.19.jar
84cca000-84cd0000 r--s 00036000 08:06 441568     /home/sharath/.gradle/wrapper/dists/gradle-2.14.1-all/8bnwg5hd3w55iofp58khbp6yv/gradle-2.14.1/lib/plugins/aws-java-sdk-kms-1.9.19.jar
84cd0000-84cdb000 r--s 00079000 08:06 441567     /home/sharath/.gradle/wrapper/dists/gradle-2.14.1-all/8bnwg5hd3w55iofp58khbp6yv/gradle-2.14.1/lib/plugins/aws-java-sdk-s3-1.9.19.jar
84cdb000-84cdd000 r--s 00005000 08:06 441561     /home/sharath/.gradle/wrapper/dists/gradle-2.14.1-all/8bnwg5hd3w55iofp58khbp6yv/gradle-2.14.1/lib/plugins/jatl-0.2.2.jar
84cdd000-84cdf000 r--s 0000f000 08:06 441516     /home/sharath/.gradle/wrapper/dists/gradle-2.14.1-all/8bnwg5hd3w55iofp58khbp6yv/gradle-2.14.1/lib/plugins/gradle-reporting-2.14.1.jar
84cdf000-84ce1000 r--s 00002000 08:06 441517     /home/sharath/.gradle/wrapper/dists/gradle-2.14.1-all/8bnwg5hd3w55iofp58khbp6yv/gradle-2.14.1/lib/plugins/gradle-publish-2.14.1.jar
84ce1000-84ce3000 r--s 00009000 08:06 441543     /home/sharath/.gradle/wrapper/dists/gradle-2.14.1-all/8bnwg5hd3w55iofp58khbp6yv/gradle-2.14.1/lib/plugins/commons-cli-1.2.jar
84ce3000-84ce9000 r--s 00033000 08:06 441501     /home/sharath/.gradle/wrapper/dists/gradle-2.14.1-all/8bnwg5hd3w55iofp58khbp6yv/gradle-2.14.1/lib/plugins/gradle-plugins-2.14.1.jar
84ce9000-84cef000 r--s 0002a000 08:06 441528     /home/sharath/.gradle/wrapper/dists/gradle-2.14.1-all/8bnwg5hd3w55iofp58khbp6yv/gradle-2.14.1/lib/plugins/gradle-platform-play-2.14.1.jar
84cef000-84cfc000 r--s 0004d000 08:06 441527     /home/sharath/.gradle/wrapper/dists/gradle-2.14.1-all/8bnwg5hd3w55iofp58khbp6yv/gradle-2.14.1/lib/plugins/gradle-platform-native-2.14.1.jar
84cfc000-84d00000 r--s 0001a000 08:06 441522     /home/sharath/.gradle/wrapper/dists/gradle-2.14.1-all/8bnwg5hd3w55iofp58khbp6yv/gradle-2.14.1/lib/plugins/gradle-platform-jvm-2.14.1.jar
84d00000-84e00000 rw-p 00000000 00:00 0 
84e00000-84e01000 r--s 00003000 08:06 441539     /home/sharath/.gradle/wrapper/dists/gradle-2.14.1-all/8bnwg5hd3w55iofp58khbp6yv/gradle-2.14.1/lib/plugins/gradle-resources-s3-2.14.1.jar
84e01000-84e03000 r--s 00007000 08:06 441535     /home/sharath/.gradle/wrapper/dists/gradle-2.14.1-all/8bnwg5hd3w55iofp58khbp6yv/gradle-2.14.1/lib/plugins/gradle-plugin-development-2.14.1.jar
84e03000-84e0a000 r--s 00029000 08:06 441521     /home/sharath/.gradle/wrapper/dists/gradle-2.14.1-all/8bnwg5hd3w55iofp58khbp6yv/gradle-2.14.1/lib/plugins/gradle-platform-base-2.14.1.jar
84e0a000-84e2b000 r--s 001c3000 08:06 441551     /home/sharath/.gradle/wrapper/dists/gradle-2.14.1-all/8bnwg5hd3w55iofp58khbp6yv/gradle-2.14.1/lib/plugins/bndlib-2.4.0.jar
84e2b000-84e2d000 r--s 00003000 08:06 441505     /home/sharath/.gradle/wrapper/dists/gradle-2.14.1-all/8bnwg5hd3w55iofp58khbp6yv/gradle-2.14.1/lib/plugins/gradle-osgi-2.14.1.jar
84e2d000-84e30000 r--s 0000c000 08:06 441554     /home/sharath/.gradle/wrapper/dists/gradle-2.14.1-all/8bnwg5hd3w55iofp58khbp6yv/gradle-2.14.1/lib/plugins/pmaven-groovy-0.8-20100325.jar
84e30000-84e31000 r--s 00004000 08:06 441553     /home/sharath/.gradle/wrapper/dists/gradle-2.14.1-all/8bnwg5hd3w55iofp58khbp6yv/gradle-2.14.1/lib/plugins/pmaven-common-0.8-20100325.jar
84e31000-84e37000 r--s 00022000 08:06 441506     /home/sharath/.gradle/wrapper/dists/gradle-2.14.1-all/8bnwg5hd3w55iofp58khbp6yv/gradle-2.14.1/lib/plugins/gradle-maven-2.14.1.jar
84e37000-84e39000 r--s 0000a000 08:06 441526     /home/sharath/.gradle/wrapper/dists/gradle-2.14.1-all/8bnwg5hd3w55iofp58khbp6yv/gradle-2.14.1/lib/plugins/gradle-language-scala-2.14.1.jar
84e39000-84e3f000 r--s 0001a000 08:06 441530     /home/sharath/.gradle/wrapper/dists/gradle-2.14.1-all/8bnwg5hd3w55iofp58khbp6yv/gradle-2.14.1/lib/plugins/gradle-language-native-2.14.1.jar
84e3f000-84e41000 r--s 00008000 08:06 441523     /home/sharath/.gradle/wrapper/dists/gradle-2.14.1-all/8bnwg5hd3w55iofp58khbp6yv/gradle-2.14.1/lib/plugins/gradle-language-jvm-2.14.1.jar
84e41000-84e47000 r--s 00024000 08:06 441524     /home/sharath/.gradle/wrapper/dists/gradle-2.14.1-all/8bnwg5hd3w55iofp58khbp6yv/gradle-2.14.1/lib/plugins/gradle-language-java-2.14.1.jar
84e47000-84e49000 r--s 0000a000 08:06 441525     /home/sharath/.gradle/wrapper/dists/gradle-2.14.1-all/8bnwg5hd3w55iofp58khbp6yv/gradle-2.14.1/lib/plugins/gradle-language-groovy-2.14.1.jar
84e49000-84e4c000 r--s 0001e000 08:06 441579     /home/sharath/.gradle/wrapper/dists/gradle-2.14.1-all/8bnwg5hd3w55iofp58khbp6yv/gradle-2.14.1/lib/plugins/jsp-api-2.1-6.1.14.jar
84e4c000-84e6f000 r--s 00344000 08:06 441578     /home/sharath/.gradle/wrapper/dists/gradle-2.14.1-all/8bnwg5hd3w55iofp58khbp6yv/gradle-2.14.1/lib/plugins/core-3.1.1.jar
84e6f000-84e70000 r--s 00006000 08:06 441577     /home/sharath/.gradle/wrapper/dists/gradle-2.14.1-all/8bnwg5hd3w55iofp58khbp6yv/gradle-2.14.1/lib/plugins/jetty-naming-6.1.25.jar
84e70000-84e71000 r--s 00002000 08:06 441550     /home/sharath/.gradle/wrapper/dists/gradle-2.14.1-all/8bnwg5hd3w55iofp58khbp6yv/gradle-2.14.1/lib/plugins/geronimo-annotation_1.0_spec-1.0.jar
84e71000-84e73000 r--s 00002000 08:06 441549     /home/sharath/.gradle/wrapper/dists/gradle-2.14.1-all/8bnwg5hd3w55iofp58khbp6yv/gradle-2.14.1/lib/plugins/jetty-annotations-6.1.25.jar
84e73000-84e84000 r--s 000ea000 08:06 441548     /home/sharath/.gradle/wrapper/dists/gradle-2.14.1-all/8bnwg5hd3w55iofp58khbp6yv/gradle-2.14.1/lib/plugins/jsp-2.1-6.1.14.jar
84e84000-84e86000 r--s 0000d000 08:06 441547     /home/sharath/.gradle/wrapper/dists/gradle-2.14.1-all/8bnwg5hd3w55iofp58khbp6yv/gradle-2.14.1/lib/plugins/jetty-plus-6.1.25.jar
84e86000-84e88000 r--s 0001f000 08:06 441546     /home/sharath/.gradle/wrapper/dists/gradle-2.14.1-all/8bnwg5hd3w55iofp58khbp6yv/gradle-2.14.1/lib/plugins/servlet-api-2.5-20081211.jar
84e88000-84e8c000 r--s 00028000 08:06 441545     /home/sharath/.gradle/wrapper/dists/gradle-2.14.1-all/8bnwg5hd3w55iofp58khbp6yv/gradle-2.14.1/lib/plugins/jetty-util-6.1.25.jar
84e8c000-84e93000 r--s 0007d000 08:06 441544     /home/sharath/.gradle/wrapper/dists/gradle-2.14.1-all/8bnwg5hd3w55iofp58khbp6yv/gradle-2.14.1/lib/plugins/jetty-6.1.25.jar
84e93000-84e95000 r--s 00009000 08:06 441503     /home/sharath/.gradle/wrapper/dists/gradle-2.14.1-all/8bnwg5hd3w55iofp58khbp6yv/gradle-2.14.1/lib/plugins/gradle-jetty-2.14.1.jar
84e95000-84e9c000 r--s 00035000 08:06 441560     /home/sharath/.gradle/wrapper/dists/gradle-2.14.1-all/8bnwg5hd3w55iofp58khbp6yv/gradle-2.14.1/lib/plugins/simple-4.1.21.jar
84e9c000-84ea8000 r--s 00100000 08:06 441558     /home/sharath/.gradle/wrapper/dists/gradle-2.14.1-all/8bnwg5hd3w55iofp58khbp6yv/gradle-2.14.1/lib/plugins/rhino-1.7R3.jar
84ea8000-84eac000 r--s 00011000 08:06 441513     /home/sharath/.gradle/wrapper/dists/gradle-2.14.1-all/8bnwg5hd3w55iofp58khbp6yv/gradle-2.14.1/lib/plugins/gradle-javascript-2.14.1.jar
84eac000-84eae000 r--s 0000c000 08:06 441519     /home/sharath/.gradle/wrapper/dists/gradle-2.14.1-all/8bnwg5hd3w55iofp58khbp6yv/gradle-2.14.1/lib/plugins/gradle-jacoco-2.14.1.jar
84eae000-84eb1000 r--s 0000e000 08:06 441518     /home/sharath/.gradle/wrapper/dists/gradle-2.14.1-all/8bnwg5hd3w55iofp58khbp6yv/gradle-2.14.1/lib/plugins/gradle-ivy-2.14.1.jar
84eb1000-84eb2000 r--s 00002000 08:06 441529     /home/sharath/.gradle/wrapper/dists/gradle-2.14.1-all/8bnwg5hd3w55iofp58khbp6yv/gradle-2.14.1/lib/plugins/gradle-ide-play-2.14.1.jar
84eb2000-84eb7000 r--s 0002b000 08:06 441531     /home/sharath/.gradle/wrapper/dists/gradle-2.14.1-all/8bnwg5hd3w55iofp58khbp6yv/gradle-2.14.1/lib/plugins/gradle-ide-native-2.14.1.jar
84eb7000-84ec2000 r--s 00066000 08:06 441507     /home/sharath/.gradle/wrapper/dists/gradle-2.14.1-all/8bnwg5hd3w55iofp58khbp6yv/gradle-2.14.1/lib/plugins/gradle-ide-2.14.1.jar
84ec2000-84ec3000 r--s 00008000 08:06 441512     /home/sharath/.gradle/wrapper/dists/gradle-2.14.1-all/8bnwg5hd3w55iofp58khbp6yv/gradle-2.14.1/lib/plugins/gradle-ear-2.14.1.jar
84ec3000-84ec9000 r--s 00032000 08:06 441515     /home/sharath/.gradle/wrapper/dists/gradle-2.14.1-all/8bnwg5hd3w55iofp58khbp6yv/gradle-2.14.1/lib/plugins/gradle-diagnostics-2.14.1.jar
84ec9000-84ecd000 r--s 00021000 08:06 441502     /home/sharath/.gradle/wrapper/dists/gradle-2.14.1-all/8bnwg5hd3w55iofp58khbp6yv/gradle-2.14.1/lib/plugins/gradle-code-quality-2.14.1.jar
84ecd000-84ed1000 r--s 0001f000 08:06 441520     /home/sharath/.gradle/wrapper/dists/gradle-2.14.1-all/8bnwg5hd3w55iofp58khbp6yv/gradle-2.14.1/lib/plugins/gradle-build-init-2.14.1.jar
84ed1000-84ed8000 r--s 0008e000 08:06 441514     /home/sharath/.gradle/wrapper/dists/gradle-2.14.1-all/8bnwg5hd3w55iofp58khbp6yv/gradle-2.14.1/lib/plugins/gradle-build-comparison-2.14.1.jar
84ed8000-84eda000 r--s 00008000 08:06 441504     /home/sharath/.gradle/wrapper/dists/gradle-2.14.1-all/8bnwg5hd3w55iofp58khbp6yv/gradle-2.14.1/lib/plugins/gradle-antlr-2.14.1.jar
84eda000-84ef2000 r--s 00115000 08:06 441609     /home/sharath/.gradle/wrapper/dists/gradle-2.14.1-all/8bnwg5hd3w55iofp58khbp6yv/gradle-2.14.1/lib/plugins/xercesImpl-2.9.1.jar
84ef2000-84efa000 r--s 00028000 08:06 441610     /home/sharath/.gradle/wrapper/dists/gradle-2.14.1-all/8bnwg5hd3w55iofp58khbp6yv/gradle-2.14.1/lib/plugins/xml-apis-1.3.04.jar
84efa000-84f00000 r--s 0005b000 08:06 441608     /home/sharath/.gradle/wrapper/dists/gradle-2.14.1-all/8bnwg5hd3w55iofp58khbp6yv/gradle-2.14.1/lib/plugins/jcifs-1.3.17.jar
84f00000-84fff000 rw-p 00000000 00:00 0 
84fff000-85000000 ---p 00000000 00:00 0 
85000000-85100000 rw-p 00000000 00:00 0 
85100000-85200000 rw-p 00000000 00:00 0 
85200000-85300000 rw-p 00000000 00:00 0 
85300000-853ff000 rw-p 00000000 00:00 0 
853ff000-85400000 ---p 00000000 00:00 0 
85400000-85402000 r--s 00004000 08:06 441508     /home/sharath/.gradle/wrapper/dists/gradle-2.14.1-all/8bnwg5hd3w55iofp58khbp6yv/gradle-2.14.1/lib/plugins/gradle-announce-2.14.1.jar
85402000-85409000 r--s 00049000 08:06 441607     /home/sharath/.gradle/wrapper/dists/gradle-2.14.1-all/8bnwg5hd3w55iofp58khbp6yv/gradle-2.14.1/lib/plugins/httpcore-4.4.4.jar
85409000-8540f000 r--s 00033000 08:06 441555     /home/sharath/.gradle/wrapper/dists/gradle-2.14.1-all/8bnwg5hd3w55iofp58khbp6yv/gradle-2.14.1/lib/plugins/commons-codec-1.6.jar
8540f000-85412000 r--s 0001c000 08:06 441565     /home/sharath/.gradle/wrapper/dists/gradle-2.14.1-all/8bnwg5hd3w55iofp58khbp6yv/gradle-2.14.1/lib/plugins/nekohtml-1.9.14.jar
85412000-8541f000 r--s 000a4000 08:06 441564     /home/sharath/.gradle/wrapper/dists/gradle-2.14.1-all/8bnwg5hd3w55iofp58khbp6yv/gradle-2.14.1/lib/plugins/httpclient-4.4.1.jar
8541f000-85421000 r--s 0000a000 08:06 441537     /home/sharath/.gradle/wrapper/dists/gradle-2.14.1-all/8bnwg5hd3w55iofp58khbp6yv/gradle-2.14.1/lib/plugins/gradle-resources-http-2.14.1.jar
85421000-85425000 r--s 00014000 08:06 441536     /home/sharath/.gradle/wrapper/dists/gradle-2.14.1-all/8bnwg5hd3w55iofp58khbp6yv/gradle-2.14.1/lib/plugins/gradle-plugin-use-2.14.1.jar
85425000-85426000 r--s 00000000 08:06 441452     /home/sharath/.gradle/wrapper/dists/gradle-2.14.1-all/8bnwg5hd3w55iofp58khbp6yv/gradle-2.14.1/lib/gradle-installation-beacon-2.14.1.jar
85426000-85427000 r--s 00007000 08:06 441603     /home/sharath/.gradle/wrapper/dists/gradle-2.14.1-all/8bnwg5hd3w55iofp58khbp6yv/gradle-2.14.1/lib/plugins/wagon-http-shared4-2.4.jar
85427000-8542b000 r--s 00033000 08:06 441602     /home/sharath/.gradle/wrapper/dists/gradle-2.14.1-all/8bnwg5hd3w55iofp58khbp6yv/gradle-2.14.1/lib/plugins/plexus-utils-2.0.6.jar
8542b000-8542f000 r--s 00021000 08:06 441601     /home/sharath/.gradle/wrapper/dists/gradle-2.14.1-all/8bnwg5hd3w55iofp58khbp6yv/gradle-2.14.1/lib/plugins/maven-model-builder-3.0.4.jar
8542f000-85430000 r--s 00002000 08:06 441600     /home/sharath/.gradle/wrapper/dists/gradle-2.14.1-all/8bnwg5hd3w55iofp58khbp6yv/gradle-2.14.1/lib/plugins/wagon-file-2.4.jar
85430000-85432000 r--s 00002000 08:06 441599     /home/sharath/.gradle/wrapper/dists/gradle-2.14.1-all/8bnwg5hd3w55iofp58khbp6yv/gradle-2.14.1/lib/plugins/plexus-cipher-1.7.jar
85432000-85435000 r--s 00013000 08:06 441598     /home/sharath/.gradle/wrapper/dists/gradle-2.14.1-all/8bnwg5hd3w55iofp58khbp6yv/gradle-2.14.1/lib/plugins/aether-api-1.13.1.jar
85435000-85437000 r--s 0000a000 08:06 441597     /home/sharath/.gradle/wrapper/dists/gradle-2.14.1-all/8bnwg5hd3w55iofp58khbp6yv/gradle-2.14.1/lib/plugins/maven-settings-3.0.4.jar
85437000-85439000 r--s 0000d000 08:06 441596     /home/sharath/.gradle/wrapper/dists/gradle-2.14.1-all/8bnwg5hd3w55iofp58khbp6yv/gradle-2.14.1/lib/plugins/plexus-interpolation-1.14.jar
85439000-8543b000 r--s 0000b000 08:06 441595     /home/sharath/.gradle/wrapper/dists/gradle-2.14.1-all/8bnwg5hd3w55iofp58khbp6yv/gradle-2.14.1/lib/plugins/maven-artifact-3.0.4.jar
8543b000-85442000 r--s 0002e000 08:06 441594     /home/sharath/.gradle/wrapper/dists/gradle-2.14.1-all/8bnwg5hd3w55iofp58khbp6yv/gradle-2.14.1/lib/plugins/plexus-container-default-1.5.5.jar
85442000-85444000 r--s 0000b000 08:06 441593     /home/sharath/.gradle/wrapper/dists/gradle-2.14.1-all/8bnwg5hd3w55iofp58khbp6yv/gradle-2.14.1/lib/plugins/maven-plugin-api-3.0.4.jar
85444000-85446000 r--s 00000000 08:06 441611     /home/sharath/.gradle/wrapper/dists/gradle-2.14.1-all/8bnwg5hd3w55iofp58khbp6yv/gradle-2.14.1/lib/plugins/plexus-component-annotations-1.5.5.jar
85446000-8544c000 r--s 0003f000 08:06 441592     /home/sharath/.gradle/wrapper/dists/gradle-2.14.1-all/8bnwg5hd3w55iofp58khbp6yv/gradle-2.14.1/lib/plugins/maven-compat-3.0.4.jar
8544c000-8544f000 r--s 00008000 08:06 441591     /home/sharath/.gradle/wrapper/dists/gradle-2.14.1-all/8bnwg5hd3w55iofp58khbp6yv/gradle-2.14.1/lib/plugins/maven-settings-builder-3.0.4.jar
8544f000-85450000 r--s 00002000 08:06 441590     /home/sharath/.gradle/wrapper/dists/gradle-2.14.1-all/8bnwg5hd3w55iofp58khbp6yv/gradle-2.14.1/lib/plugins/wagon-http-2.4.jar
85450000-85452000 r--s 00026000 08:06 441589     /home/sharath/.gradle/wrapper/dists/gradle-2.14.1-all/8bnwg5hd3w55iofp58khbp6yv/gradle-2.14.1/lib/plugins/maven-model-3.0.4.jar
85452000-85454000 r--s 00006000 08:06 441588     /home/sharath/.gradle/wrapper/dists/gradle-2.14.1-all/8bnwg5hd3w55iofp58khbp6yv/gradle-2.14.1/lib/plugins/aether-connector-wagon-1.13.1.jar
85454000-85456000 r--s 0000a000 08:06 441587     /home/sharath/.gradle/wrapper/dists/gradle-2.14.1-all/8bnwg5hd3w55iofp58khbp6yv/gradle-2.14.1/lib/plugins/plexus-classworlds-2.4.jar
85456000-85458000 r--s 00006000 08:06 441586     /home/sharath/.gradle/wrapper/dists/gradle-2.14.1-all/8bnwg5hd3w55iofp58khbp6yv/gradle-2.14.1/lib/plugins/maven-repository-metadata-3.0.4.jar
85458000-8545a000 r--s 0000c000 08:06 441585     /home/sharath/.gradle/wrapper/dists/gradle-2.14.1-all/8bnwg5hd3w55iofp58khbp6yv/gradle-2.14.1/lib/plugins/maven-aether-provider-3.0.4.jar
8545a000-8545c000 r--s 0000b000 08:06 441584     /home/sharath/.gradle/wrapper/dists/gradle-2.14.1-all/8bnwg5hd3w55iofp58khbp6yv/gradle-2.14.1/lib/plugins/wagon-provider-api-2.4.jar
8545c000-85460000 r--s 0001c000 08:06 441582     /home/sharath/.gradle/wrapper/dists/gradle-2.14.1-all/8bnwg5hd3w55iofp58khbp6yv/gradle-2.14.1/lib/plugins/aether-util-1.13.1.jar
85460000-85465000 r--s 00040000 08:06 441566     /home/sharath/.gradle/wrapper/dists/gradle-2.14.1-all/8bnwg5hd3w55iofp58khbp6yv/gradle-2.14.1/lib/plugins/jsch-0.1.53.jar
85465000-854a5000 r--s 00277000 08:06 441576     /home/sharath/.gradle/wrapper/dists/gradle-2.14.1-all/8bnwg5hd3w55iofp58khbp6yv/gradle-2.14.1/lib/plugins/bcprov-jdk15on-1.51.jar
854a5000-854b1000 r--s 0007d000 08:06 441552     /home/sharath/.gradle/wrapper/dists/gradle-2.14.1-all/8bnwg5hd3w55iofp58khbp6yv/gradle-2.14.1/lib/plugins/maven-core-3.0.4.jar
854b1000-854c0000 r--s 000d9000 08:06 441574     /home/sharath/.gradle/wrapper/dists/gradle-2.14.1-all/8bnwg5hd3w55iofp58khbp6yv/gradle-2.14.1/lib/plugins/ivy-2.2.0.jar
854c0000-854dc000 r--s 000d3000 08:06 441541     /home/sharath/.gradle/wrapper/dists/gradle-2.14.1-all/8bnwg5hd3w55iofp58khbp6yv/gradle-2.14.1/lib/plugins/gradle-dependency-management-2.14.1.jar
854dc000-854fc000 r-xp 00000000 08:06 263348     /lib/i386-linux-gnu/libtinfo.so.5.9
854fc000-854fd000 ---p 00020000 08:06 263348     /lib/i386-linux-gnu/libtinfo.so.5.9
854fd000-854ff000 r--p 00020000 08:06 263348     /lib/i386-linux-gnu/libtinfo.so.5.9
854ff000-85500000 rw-p 00022000 08:06 263348     /lib/i386-linux-gnu/libtinfo.so.5.9
85500000-855ff000 rw-p 00000000 00:00 0 
855ff000-85600000 ---p 00000000 00:00 0 
85600000-856fd000 rw-p 00000000 00:00 0 
856fd000-85700000 ---p 00000000 00:00 0 
85700000-85800000 rw-p 00000000 00:00 0 
85800000-85803000 r--s 0001d000 08:06 441581     /home/sharath/.gradle/wrapper/dists/gradle-2.14.1-all/8bnwg5hd3w55iofp58khbp6yv/gradle-2.14.1/lib/plugins/aether-impl-1.13.1.jar
85803000-85807000 r--s 0001d000 08:06 441575     /home/sharath/.gradle/wrapper/dists/gradle-2.14.1-all/8bnwg5hd3w55iofp58khbp6yv/gradle-2.14.1/lib/plugins/xbean-reflect-3.4.jar
85807000-8582b000 r-xp 00000000 08:06 263274     /lib/i386-linux-gnu/libncurses.so.5.9
8582b000-8582c000 ---p 00024000 08:06 263274     /lib/i386-linux-gnu/libncurses.so.5.9
8582c000-8582d000 r--p 00024000 08:06 263274     /lib/i386-linux-gnu/libncurses.so.5.9
8582d000-8582e000 rw-p 00025000 08:06 263274     /lib/i386-linux-gnu/libncurses.so.5.9
8582e000-8582f000 r--s 00003000 08:06 441583     /home/sharath/.gradle/wrapper/dists/gradle-2.14.1-all/8bnwg5hd3w55iofp58khbp6yv/gradle-2.14.1/lib/plugins/aether-spi-1.13.1.jar
8582f000-85830000 r--s 00006000 08:06 441580     /home/sharath/.gradle/wrapper/dists/gradle-2.14.1-all/8bnwg5hd3w55iofp58khbp6yv/gradle-2.14.1/lib/plugins/plexus-sec-dispatcher-1.3.jar
85830000-85835000 r--s 0002a000 08:06 441559     /home/sharath/.gradle/wrapper/dists/gradle-2.14.1-all/8bnwg5hd3w55iofp58khbp6yv/gradle-2.14.1/lib/plugins/gson-2.2.4.jar
85835000-8583e000 r-xp 00000000 08:06 139358     /usr/lib/jvm/java-8-openjdk-i386/jre/lib/i386/libmanagement.so
8583e000-8583f000 r--p 00008000 08:06 139358     /usr/lib/jvm/java-8-openjdk-i386/jre/lib/i386/libmanagement.so
8583f000-85840000 rw-p 00009000 08:06 139358     /usr/lib/jvm/java-8-openjdk-i386/jre/lib/i386/libmanagement.so
85840000-85853000 r-xp 00000000 08:06 915779     /tmp/jna9042601866090503265.tmp
85853000-85854000 rw-p 00013000 08:06 915779     /tmp/jna9042601866090503265.tmp
85854000-8585b000 r--s 00000000 08:06 1050545    /usr/lib/i386-linux-gnu/gconv/gconv-modules.cache
8585b000-8585e000 r-xp 00000000 08:06 443664     /home/sharath/.gradle/native/19/linux-i386/libnative-platform-curses.so
8585e000-8585f000 rw-p 00002000 08:06 443664     /home/sharath/.gradle/native/19/linux-i386/libnative-platform-curses.so
8585f000-85863000 r-xp 00000000 08:06 443662     /home/sharath/.gradle/native/19/linux-i386/libnative-platform.so
85863000-85864000 rw-p 00003000 08:06 443662     /home/sharath/.gradle/native/19/linux-i386/libnative-platform.so
85864000-85866000 r--s 00005000 08:06 441451     /home/sharath/.gradle/wrapper/dists/gradle-2.14.1-all/8bnwg5hd3w55iofp58khbp6yv/gradle-2.14.1/lib/gradle-wrapper-2.14.1.jar
85866000-85874000 r--s 0004f000 08:06 441458     /home/sharath/.gradle/wrapper/dists/gradle-2.14.1-all/8bnwg5hd3w55iofp58khbp6yv/gradle-2.14.1/lib/gradle-tooling-api-2.14.1.jar
85874000-85876000 r--s 00002000 08:06 441478     /home/sharath/.gradle/wrapper/dists/gradle-2.14.1-all/8bnwg5hd3w55iofp58khbp6yv/gradle-2.14.1/lib/gradle-open-api-2.14.1.jar
85876000-8587c000 r--s 00032000 08:06 441480     /home/sharath/.gradle/wrapper/dists/gradle-2.14.1-all/8bnwg5hd3w55iofp58khbp6yv/gradle-2.14.1/lib/jaxen-1.1.jar
8587c000-85881000 r--s 00048000 08:06 441479     /home/sharath/.gradle/wrapper/dists/gradle-2.14.1-all/8bnwg5hd3w55iofp58khbp6yv/gradle-2.14.1/lib/dom4j-1.6.1.jar
85881000-8588c000 r--s 00059000 08:06 441457     /home/sharath/.gradle/wrapper/dists/gradle-2.14.1-all/8bnwg5hd3w55iofp58khbp6yv/gradle-2.14.1/lib/gradle-ui-2.14.1.jar
8588c000-8588f000 r--s 0000b000 08:06 441476     /home/sharath/.gradle/wrapper/dists/gradle-2.14.1-all/8bnwg5hd3w55iofp58khbp6yv/gradle-2.14.1/lib/gradle-resources-2.14.1.jar
8588f000-85891000 r--s 00003000 08:06 441488     /home/sharath/.gradle/wrapper/dists/gradle-2.14.1-all/8bnwg5hd3w55iofp58khbp6yv/gradle-2.14.1/lib/jcl-over-slf4j-1.7.10.jar
85891000-85900000 r--s 0063e000 08:06 441464     /home/sharath/.gradle/wrapper/dists/gradle-2.14.1-all/8bnwg5hd3w55iofp58khbp6yv/gradle-2.14.1/lib/groovy-all-2.4.4.jar
85900000-85a00000 rw-p 00000000 00:00 0 
85a00000-85a01000 r--s 00005000 08:06 441487     /home/sharath/.gradle/wrapper/dists/gradle-2.14.1-all/8bnwg5hd3w55iofp58khbp6yv/gradle-2.14.1/lib/log4j-over-slf4j-1.7.10.jar
85a01000-85a03000 r--s 00000000 08:06 441486     /home/sharath/.gradle/wrapper/dists/gradle-2.14.1-all/8bnwg5hd3w55iofp58khbp6yv/gradle-2.14.1/lib/jul-to-slf4j-1.7.10.jar
85a03000-85a08000 r--s 0001c000 08:06 441475     /home/sharath/.gradle/wrapper/dists/gradle-2.14.1-all/8bnwg5hd3w55iofp58khbp6yv/gradle-2.14.1/lib/gradle-logging-2.14.1.jar
85a08000-85a0a000 r--s 00007000 08:06 441499     /home/sharath/.gradle/wrapper/dists/gradle-2.14.1-all/8bnwg5hd3w55iofp58khbp6yv/gradle-2.14.1/lib/objenesis-1.2.jar
85a0a000-85a0c000 r--s 00000000 08:06 441498     /home/sharath/.gradle/wrapper/dists/gradle-2.14.1-all/8bnwg5hd3w55iofp58khbp6yv/gradle-2.14.1/lib/minlog-1.2.jar
85a0c000-85a0e000 r--s 0000f000 08:06 441497     /home/sharath/.gradle/wrapper/dists/gradle-2.14.1-all/8bnwg5hd3w55iofp58khbp6yv/gradle-2.14.1/lib/reflectasm-1.07-shaded.jar
85a0e000-85a12000 r--s 00026000 08:06 441485     /home/sharath/.gradle/wrapper/dists/gradle-2.14.1-all/8bnwg5hd3w55iofp58khbp6yv/gradle-2.14.1/lib/kryo-2.20.jar
85a12000-85a18000 r--s 00025000 08:06 441474     /home/sharath/.gradle/wrapper/dists/gradle-2.14.1-all/8bnwg5hd3w55iofp58khbp6yv/gradle-2.14.1/lib/gradle-messaging-2.14.1.jar
85a18000-85a19000 r--s 00003000 08:06 441496     /home/sharath/.gradle/wrapper/dists/gradle-2.14.1-all/8bnwg5hd3w55iofp58khbp6yv/gradle-2.14.1/lib/native-platform-freebsd-amd64-0.10.jar
85a19000-85a1a000 r--s 00003000 08:06 441495     /home/sharath/.gradle/wrapper/dists/gradle-2.14.1-all/8bnwg5hd3w55iofp58khbp6yv/gradle-2.14.1/lib/native-platform-freebsd-i386-0.10.jar
85a1a000-85a1b000 r--s 00005000 08:06 441494     /home/sharath/.gradle/wrapper/dists/gradle-2.14.1-all/8bnwg5hd3w55iofp58khbp6yv/gradle-2.14.1/lib/native-platform-windows-i386-0.10.jar
85a1b000-85a1c000 r--s 00005000 08:06 441493     /home/sharath/.gradle/wrapper/dists/gradle-2.14.1-all/8bnwg5hd3w55iofp58khbp6yv/gradle-2.14.1/lib/native-platform-windows-amd64-0.10.jar
85a1c000-85a1d000 r--s 00003000 08:06 441492     /home/sharath/.gradle/wrapper/dists/gradle-2.14.1-all/8bnwg5hd3w55iofp58khbp6yv/gradle-2.14.1/lib/native-platform-linux-i386-0.10.jar
85a1d000-85a1e000 r--s 00003000 08:06 441491     /home/sharath/.gradle/wrapper/dists/gradle-2.14.1-all/8bnwg5hd3w55iofp58khbp6yv/gradle-2.14.1/lib/native-platform-linux-amd64-0.10.jar
85a1e000-85a1f000 r--s 00002000 08:06 441490     /home/sharath/.gradle/wrapper/dists/gradle-2.14.1-all/8bnwg5hd3w55iofp58khbp6yv/gradle-2.14.1/lib/native-platform-osx-amd64-0.10.jar
85a1f000-85a20000 r--s 00002000 08:06 441489     /home/sharath/.gradle/wrapper/dists/gradle-2.14.1-all/8bnwg5hd3w55iofp58khbp6yv/gradle-2.14.1/lib/native-platform-osx-i386-0.10.jar
85a20000-85a22000 r--s 00008000 08:06 441483     /home/sharath/.gradle/wrapper/dists/gradle-2.14.1-all/8bnwg5hd3w55iofp58khbp6yv/gradle-2.14.1/lib/jansi-1.2.1.jar
85a22000-85a25000 r--s 0000d000 08:06 441482     /home/sharath/.gradle/wrapper/dists/gradle-2.14.1-all/8bnwg5hd3w55iofp58khbp6yv/gradle-2.14.1/lib/native-platform-0.10.jar
85a25000-85a29000 r--s 000e4000 08:06 441481     /home/sharath/.gradle/wrapper/dists/gradle-2.14.1-all/8bnwg5hd3w55iofp58khbp6yv/gradle-2.14.1/lib/jna-3.2.7.jar
85a29000-85a2b000 r--s 00009000 08:06 441459     /home/sharath/.gradle/wrapper/dists/gradle-2.14.1-all/8bnwg5hd3w55iofp58khbp6yv/gradle-2.14.1/lib/gradle-native-2.14.1.jar
85a2b000-85a3a000 r--s 00080000 08:06 441465     /home/sharath/.gradle/wrapper/dists/gradle-2.14.1-all/8bnwg5hd3w55iofp58khbp6yv/gradle-2.14.1/lib/gradle-model-core-2.14.1.jar
85a3a000-85a62000 r--s 001cf000 08:06 441461     /home/sharath/.gradle/wrapper/dists/gradle-2.14.1-all/8bnwg5hd3w55iofp58khbp6yv/gradle-2.14.1/lib/guava-jdk5-17.0.jar
85a62000-85a81000 r--s 001d1000 08:06 441468     /home/sharath/.gradle/wrapper/dists/gradle-2.14.1-all/8bnwg5hd3w55iofp58khbp6yv/gradle-2.14.1/lib/ant-1.9.6.jar
85a81000-85ab8000 r--s 001bd000 08:06 441455     /home/sharath/.gradle/wrapper/dists/gradle-2.14.1-all/8bnwg5hd3w55iofp58khbp6yv/gradle-2.14.1/lib/gradle-core-2.14.1.jar
85ab8000-85ab9000 ---p 00000000 00:00 0 
85ab9000-85b39000 rw-p 00000000 00:00 0 
85b39000-85b3c000 ---p 00000000 00:00 0 
85b3c000-85b8a000 rw-p 00000000 00:00 0 
85b8a000-85b8d000 ---p 00000000 00:00 0 
85b8d000-85c0b000 rw-p 00000000 00:00 0 
85c0b000-85c0e000 ---p 00000000 00:00 0 
85c0e000-85c8c000 rw-p 00000000 00:00 0 
85c8c000-85c8f000 ---p 00000000 00:00 0 
85c8f000-85cdd000 rw-p 00000000 00:00 0 
85cdd000-85d2e000 r--p 00000000 08:06 930897     /usr/lib/locale/aa_DJ.utf8/LC_CTYPE
85d2e000-85e5e000 r--p 00000000 08:06 930896     /usr/lib/locale/aa_DJ.utf8/LC_COLLATE
85e5e000-85e61000 ---p 00000000 00:00 0 
85e61000-85eaf000 rw-p 00000000 00:00 0 
85eaf000-85eb2000 ---p 00000000 00:00 0 
85eb2000-85f00000 rw-p 00000000 00:00 0 
85f00000-86000000 rw-p 00000000 00:00 0 
86000000-86002000 r--s 00005000 08:06 441456     /home/sharath/.gradle/wrapper/dists/gradle-2.14.1-all/8bnwg5hd3w55iofp58khbp6yv/gradle-2.14.1/lib/gradle-cli-2.14.1.jar
86002000-86004000 r--s 00007000 08:06 441466     /home/sharath/.gradle/wrapper/dists/gradle-2.14.1-all/8bnwg5hd3w55iofp58khbp6yv/gradle-2.14.1/lib/gradle-model-groovy-2.14.1.jar
86004000-86005000 r--s 00006000 08:06 441473     /home/sharath/.gradle/wrapper/dists/gradle-2.14.1-all/8bnwg5hd3w55iofp58khbp6yv/gradle-2.14.1/lib/gradle-base-services-groovy-2.14.1.jar
86005000-86006000 r--s 00002000 08:06 441477     /home/sharath/.gradle/wrapper/dists/gradle-2.14.1-all/8bnwg5hd3w55iofp58khbp6yv/gradle-2.14.1/lib/gradle-docs-2.14.1.jar
86006000-86007000 r--s 00000000 08:06 441472     /home/sharath/.gradle/wrapper/dists/gradle-2.14.1-all/8bnwg5hd3w55iofp58khbp6yv/gradle-2.14.1/lib/javax.inject-1.jar
86007000-86008000 r--s 00000000 08:06 441471     /home/sharath/.gradle/wrapper/dists/gradle-2.14.1-all/8bnwg5hd3w55iofp58khbp6yv/gradle-2.14.1/lib/jcip-annotations-1.0.jar
86008000-86015000 r--s 00083000 08:06 441469     /home/sharath/.gradle/wrapper/dists/gradle-2.14.1-all/8bnwg5hd3w55iofp58khbp6yv/gradle-2.14.1/lib/commons-collections-3.2.2.jar
86015000-8601a000 r--s 00038000 08:06 441467     /home/sharath/.gradle/wrapper/dists/gradle-2.14.1-all/8bnwg5hd3w55iofp58khbp6yv/gradle-2.14.1/lib/asm-all-5.1.jar
8601a000-8602b000 r-xp 00000000 08:06 139361     /usr/lib/jvm/java-8-openjdk-i386/jre/lib/i386/libnio.so
8602b000-8602c000 r--p 00010000 08:06 139361     /usr/lib/jvm/java-8-openjdk-i386/jre/lib/i386/libnio.so
8602c000-8602d000 rw-p 00011000 08:06 139361     /usr/lib/jvm/java-8-openjdk-i386/jre/lib/i386/libnio.so
8602d000-861fc000 r--s 03c21000 08:06 139392     /usr/lib/jvm/java-8-openjdk-i386/jre/lib/rt.jar
861fc000-86642000 rw-p 00000000 00:00 0 
86642000-86648000 ---p 00000000 00:00 0 
86648000-87800000 rw-p 00000000 00:00 0 
87800000-878fd000 rw-p 00000000 00:00 0 
878fd000-87900000 ---p 00000000 00:00 0 
87900000-87904000 r--s 00027000 08:06 441470     /home/sharath/.gradle/wrapper/dists/gradle-2.14.1-all/8bnwg5hd3w55iofp58khbp6yv/gradle-2.14.1/lib/commons-io-2.2.jar
87904000-87905000 r--s 00001000 08:06 441463     /home/sharath/.gradle/wrapper/dists/gradle-2.14.1-all/8bnwg5hd3w55iofp58khbp6yv/gradle-2.14.1/lib/gradle-process-services-2.14.1.jar
87905000-87906000 r--s 00000000 08:06 441454     /home/sharath/.gradle/wrapper/dists/gradle-2.14.1-all/8bnwg5hd3w55iofp58khbp6yv/gradle-2.14.1/lib/gradle-jvm-services-2.14.1.jar
87906000-8790b000 r--s 00041000 08:06 441462     /home/sharath/.gradle/wrapper/dists/gradle-2.14.1-all/8bnwg5hd3w55iofp58khbp6yv/gradle-2.14.1/lib/commons-lang-2.6.jar
8790b000-8790c000 r--s 00007000 08:06 441460     /home/sharath/.gradle/wrapper/dists/gradle-2.14.1-all/8bnwg5hd3w55iofp58khbp6yv/gradle-2.14.1/lib/slf4j-api-1.7.10.jar
8790c000-87922000 r-xp 00000000 08:06 139360     /usr/lib/jvm/java-8-openjdk-i386/jre/lib/i386/libnet.so
87922000-87923000 r--p 00015000 08:06 139360     /usr/lib/jvm/java-8-openjdk-i386/jre/lib/i386/libnet.so
87923000-87924000 rw-p 00016000 08:06 139360     /usr/lib/jvm/java-8-openjdk-i386/jre/lib/i386/libnet.so
87924000-87925000 ---p 00000000 00:00 0 
87925000-87a00000 rw-p 00000000 00:00 0 
87a00000-87a25000 rw-p 00000000 00:00 0 
87a25000-87b00000 ---p 00000000 00:00 0 
87b00000-87b0b000 r--s 00051000 08:06 441450     /home/sharath/.gradle/wrapper/dists/gradle-2.14.1-all/8bnwg5hd3w55iofp58khbp6yv/gradle-2.14.1/lib/gradle-launcher-2.14.1.jar
87b0b000-87b59000 rw-p 00000000 00:00 0 
87b59000-87b5a000 ---p 00000000 00:00 0 
87b5a000-87bda000 rw-p 00000000 00:00 0 
87bda000-87bdb000 ---p 00000000 00:00 0 
87bdb000-87c68000 rw-p 00000000 00:00 0 
87c68000-87d03000 ---p 00000000 00:00 0 
87d03000-87d10000 rw-p 00000000 00:00 0 
87d10000-87dab000 ---p 00000000 00:00 0 
87dab000-87ded000 rw-p 00000000 00:00 0 
87ded000-87dff000 ---p 00000000 00:00 0 
87dff000-897c0000 rw-p 00000000 00:00 0 
897c0000-9ce00000 ---p 00000000 00:00 0 
9ce00000-a5180000 rw-p 00000000 00:00 0 
a6400000-a7600000 ---p 00000000 00:00 0 
a7600000-a7601000 r--s 00004000 08:06 441484     /home/sharath/.gradle/wrapper/dists/gradle-2.14.1-all/8bnwg5hd3w55iofp58khbp6yv/gradle-2.14.1/lib/ant-launcher-1.9.6.jar
a7601000-a7609000 r--s 0003a000 08:06 441453     /home/sharath/.gradle/wrapper/dists/gradle-2.14.1-all/8bnwg5hd3w55iofp58khbp6yv/gradle-2.14.1/lib/gradle-base-services-2.14.1.jar
a7609000-a760e000 r--s 0009a000 08:06 139386     /usr/lib/jvm/java-8-openjdk-i386/jre/lib/jsse.jar
a760e000-a7610000 r--s 0000b000 08:06 837848     /home/sharath/dev/react-native/android/gradle/wrapper/gradle-wrapper.jar
a7610000-a7611000 r--s 0000a000 08:06 139322     /usr/lib/jvm/java-8-openjdk-i386/jre/lib/ext/jaccess.jar
a7611000-a762c000 r--s 00394000 08:06 139319     /usr/lib/jvm/java-8-openjdk-i386/jre/lib/ext/cldrdata.jar
a762c000-a7632000 r--s 0003a000 08:06 139326     /usr/lib/jvm/java-8-openjdk-i386/jre/lib/ext/sunjce_provider.jar
a7632000-a7636000 r--s 00037000 08:06 139327     /usr/lib/jvm/java-8-openjdk-i386/jre/lib/ext/sunpkcs11.jar
a7636000-a7640000 r--s 00116000 08:06 139323     /usr/lib/jvm/java-8-openjdk-i386/jre/lib/ext/localedata.jar
a7640000-a7669000 rw-p 00000000 00:00 0 
a7669000-a7a00000 ---p 00000000 00:00 0 
a7a00000-a8428000 rwxp 00000000 00:00 0 
a8428000-b6a00000 ---p 00000000 00:00 0 
b6a00000-b6af8000 rw-p 00000000 00:00 0 
b6af8000-b6b00000 ---p 00000000 00:00 0 
b6b00000-b6b02000 r--s 00007000 08:06 190081     /usr/share/java/java-atk-wrapper.jar
b6b02000-b6b1d000 r--s 001d6000 08:06 139324     /usr/lib/jvm/java-8-openjdk-i386/jre/lib/ext/nashorn.jar
b6b1d000-b6b28000 r-xp 00000000 08:06 263287     /lib/i386-linux-gnu/libnss_files-2.24.so
b6b28000-b6b29000 r--p 0000a000 08:06 263287     /lib/i386-linux-gnu/libnss_files-2.24.so
b6b29000-b6b2a000 rw-p 0000b000 08:06 263287     /lib/i386-linux-gnu/libnss_files-2.24.so
b6b2a000-b6b30000 rw-p 00000000 00:00 0 
b6b30000-b6b46000 r-xp 00000000 08:06 263281     /lib/i386-linux-gnu/libnsl-2.24.so
b6b46000-b6b47000 r--p 00016000 08:06 263281     /lib/i386-linux-gnu/libnsl-2.24.so
b6b47000-b6b48000 rw-p 00017000 08:06 263281     /lib/i386-linux-gnu/libnsl-2.24.so
b6b48000-b6b4a000 rw-p 00000000 00:00 0 
b6b4a000-b6b4d000 r--s 0000f000 08:06 139321     /usr/lib/jvm/java-8-openjdk-i386/jre/lib/ext/icedtea-sound.jar
b6b4d000-b6b4f000 r--s 00001000 08:06 139320     /usr/lib/jvm/java-8-openjdk-i386/jre/lib/ext/dnsns.jar
b6b4f000-b6b50000 r--s 00010000 08:06 139328     /usr/lib/jvm/java-8-openjdk-i386/jre/lib/ext/zipfs.jar
b6b50000-b6b52000 r--s 00008000 08:06 139325     /usr/lib/jvm/java-8-openjdk-i386/jre/lib/ext/sunec.jar
b6b52000-b6b53000 r--p 00000000 08:06 139605     /usr/lib/locale/as_IN/LC_NUMERIC
b6b53000-b6b54000 r--p 00000000 08:06 266963     /usr/lib/locale/en_IN/LC_TIME
b6b54000-b6b55000 r--p 00000000 08:06 931065     /usr/lib/locale/ar_IN/LC_MONETARY
b6b55000-b6b56000 r--p 00000000 08:06 266822     /usr/lib/locale/en_AG/LC_MESSAGES/SYS_LC_MESSAGES
b6b56000-b6b57000 r--p 00000000 08:06 930905     /usr/lib/locale/aa_DJ.utf8/LC_PAPER
b6b57000-b6b58000 r--p 00000000 08:06 266928     /usr/lib/locale/en_HK.utf8/LC_NAME
b6b58000-b6b59000 r--p 00000000 08:06 266960     /usr/lib/locale/en_IN/LC_ADDRESS
b6b59000-b6b65000 rw-p 00000000 00:00 0 
b6b65000-b6b6d000 r-xp 00000000 08:06 139369     /usr/lib/jvm/java-8-openjdk-i386/jre/lib/i386/libzip.so
b6b6d000-b6b6e000 r--p 00007000 08:06 139369     /usr/lib/jvm/java-8-openjdk-i386/jre/lib/i386/libzip.so
b6b6e000-b6b6f000 rw-p 00008000 08:06 139369     /usr/lib/jvm/java-8-openjdk-i386/jre/lib/i386/libzip.so
b6b6f000-b6b77000 rw-s 00000000 08:06 1097485    /tmp/hsperfdata_sharath/4629
b6b77000-b6b9f000 r-xp 00000000 08:06 139348     /usr/lib/jvm/java-8-openjdk-i386/jre/lib/i386/libjava.so
b6b9f000-b6ba0000 r--p 00027000 08:06 139348     /usr/lib/jvm/java-8-openjdk-i386/jre/lib/i386/libjava.so
b6ba0000-b6ba1000 rw-p 00028000 08:06 139348     /usr/lib/jvm/java-8-openjdk-i386/jre/lib/i386/libjava.so
b6ba1000-b6ba8000 r-xp 00000000 08:06 263331     /lib/i386-linux-gnu/librt-2.24.so
b6ba8000-b6ba9000 r--p 00006000 08:06 263331     /lib/i386-linux-gnu/librt-2.24.so
b6ba9000-b6baa000 rw-p 00007000 08:06 263331     /lib/i386-linux-gnu/librt-2.24.so
b6baa000-b6bad000 ---p 00000000 00:00 0 
b6bad000-b6bfb000 rw-p 00000000 00:00 0 
b6bfb000-b6c16000 r-xp 00000000 08:06 263236     /lib/i386-linux-gnu/libgcc_s.so.1
b6c16000-b6c17000 r--p 0001a000 08:06 263236     /lib/i386-linux-gnu/libgcc_s.so.1
b6c17000-b6c18000 rw-p 0001b000 08:06 263236     /lib/i386-linux-gnu/libgcc_s.so.1
b6c18000-b6c6b000 r-xp 00000000 08:06 263266     /lib/i386-linux-gnu/libm-2.24.so
b6c6b000-b6c6c000 r--p 00052000 08:06 263266     /lib/i386-linux-gnu/libm-2.24.so
b6c6c000-b6c6d000 rw-p 00053000 08:06 263266     /lib/i386-linux-gnu/libm-2.24.so
b6c6d000-b6ddf000 r-xp 00000000 08:06 1053025    /usr/lib/i386-linux-gnu/libstdc++.so.6.0.24
b6ddf000-b6de5000 r--p 00171000 08:06 1053025    /usr/lib/i386-linux-gnu/libstdc++.so.6.0.24
b6de5000-b6de6000 rw-p 00177000 08:06 1053025    /usr/lib/i386-linux-gnu/libstdc++.so.6.0.24
b6de6000-b6de9000 rw-p 00000000 00:00 0 
b6de9000-b78db000 r-xp 00000000 08:06 139373     /usr/lib/jvm/java-8-openjdk-i386/jre/lib/i386/server/libjvm.so
b78db000-b78dc000 ---p 00af2000 08:06 139373     /usr/lib/jvm/java-8-openjdk-i386/jre/lib/i386/server/libjvm.so
b78dc000-b7928000 r--p 00af2000 08:06 139373     /usr/lib/jvm/java-8-openjdk-i386/jre/lib/i386/server/libjvm.so
b7928000-b793f000 rw-p 00b3e000 08:06 139373     /usr/lib/jvm/java-8-openjdk-i386/jre/lib/i386/server/libjvm.so
b793f000-b7d60000 rw-p 00000000 00:00 0 
b7d60000-b7f11000 r-xp 00000000 08:06 263199     /lib/i386-linux-gnu/libc-2.24.so
b7f11000-b7f13000 r--p 001b0000 08:06 263199     /lib/i386-linux-gnu/libc-2.24.so
b7f13000-b7f14000 rw-p 001b2000 08:06 263199     /lib/i386-linux-gnu/libc-2.24.so
b7f14000-b7f17000 rw-p 00000000 00:00 0 
b7f17000-b7f1a000 r-xp 00000000 08:06 263222     /lib/i386-linux-gnu/libdl-2.24.so
b7f1a000-b7f1b000 r--p 00002000 08:06 263222     /lib/i386-linux-gnu/libdl-2.24.so
b7f1b000-b7f1c000 rw-p 00003000 08:06 263222     /lib/i386-linux-gnu/libdl-2.24.so
b7f1c000-b7f29000 r-xp 00000000 08:06 139333     /usr/lib/jvm/java-8-openjdk-i386/jre/lib/i386/jli/libjli.so
b7f29000-b7f2a000 r--p 0000c000 08:06 139333     /usr/lib/jvm/java-8-openjdk-i386/jre/lib/i386/jli/libjli.so
b7f2a000-b7f2b000 rw-p 0000d000 08:06 139333     /usr/lib/jvm/java-8-openjdk-i386/jre/lib/i386/jli/libjli.so
b7f2b000-b7f44000 r-xp 00000000 08:06 263365     /lib/i386-linux-gnu/libz.so.1.2.8
b7f44000-b7f45000 r--p 00018000 08:06 263365     /lib/i386-linux-gnu/libz.so.1.2.8
b7f45000-b7f46000 rw-p 00019000 08:06 263365     /lib/i386-linux-gnu/libz.so.1.2.8
b7f46000-b7f5f000 r-xp 00000000 08:06 263323     /lib/i386-linux-gnu/libpthread-2.24.so
b7f5f000-b7f60000 r--p 00018000 08:06 263323     /lib/i386-linux-gnu/libpthread-2.24.so
b7f60000-b7f61000 rw-p 00019000 08:06 263323     /lib/i386-linux-gnu/libpthread-2.24.so
b7f61000-b7f63000 rw-p 00000000 00:00 0 
b7f63000-b7f64000 r--p 00000000 08:06 930998     /usr/lib/locale/anp_IN/LC_TELEPHONE
b7f64000-b7f65000 r--p 00000000 08:06 930899     /usr/lib/locale/aa_DJ.utf8/LC_MEASUREMENT
b7f65000-b7f66000 r--p 00000000 08:06 266961     /usr/lib/locale/en_IN/LC_IDENTIFICATION
b7f66000-b7f71000 r-xp 00000000 08:06 263298     /lib/i386-linux-gnu/libnss_nis-2.24.so
b7f71000-b7f72000 r--p 0000a000 08:06 263298     /lib/i386-linux-gnu/libnss_nis-2.24.so
b7f72000-b7f73000 rw-p 0000b000 08:06 263298     /lib/i386-linux-gnu/libnss_nis-2.24.so
b7f73000-b7f7b000 r-xp 00000000 08:06 263283     /lib/i386-linux-gnu/libnss_compat-2.24.so
b7f7b000-b7f7c000 r--p 00007000 08:06 263283     /lib/i386-linux-gnu/libnss_compat-2.24.so
b7f7c000-b7f7d000 rw-p 00008000 08:06 263283     /lib/i386-linux-gnu/libnss_compat-2.24.so
b7f7d000-b7f7e000 rw-p 00000000 00:00 0 
b7f7e000-b7f7f000 ---p 00000000 00:00 0 
b7f7f000-b7f8d000 r-xp 00000000 08:06 139368     /usr/lib/jvm/java-8-openjdk-i386/jre/lib/i386/libverify.so
b7f8d000-b7f8e000 ---p 0000e000 08:06 139368     /usr/lib/jvm/java-8-openjdk-i386/jre/lib/i386/libverify.so
b7f8e000-b7f8f000 r--p 0000e000 08:06 139368     /usr/lib/jvm/java-8-openjdk-i386/jre/lib/i386/libverify.so
b7f8f000-b7f90000 rw-p 0000f000 08:06 139368     /usr/lib/jvm/java-8-openjdk-i386/jre/lib/i386/libverify.so
b7f90000-b7f93000 rw-p 00000000 00:00 0 
b7f93000-b7f96000 r--p 00000000 00:00 0          [vvar]
b7f96000-b7f98000 r-xp 00000000 00:00 0          [vdso]
b7f98000-b7fbb000 r-xp 00000000 08:06 263168     /lib/i386-linux-gnu/ld-2.24.so
b7fbb000-b7fbc000 r--p 00022000 08:06 263168     /lib/i386-linux-gnu/ld-2.24.so
b7fbc000-b7fbd000 rw-p 00023000 08:06 263168     /lib/i386-linux-gnu/ld-2.24.so
bfb10000-bfb31000 rw-p 00000000 00:00 0          [stack]

VM Arguments:
jvm_args: -Dorg.gradle.appname=gradlew 
java_command: org.gradle.wrapper.GradleWrapperMain clean
java_class_path (initial): /home/sharath/dev/react-native/android/gradle/wrapper/gradle-wrapper.jar
Launcher Type: SUN_STANDARD

Environment Variables:
PATH=/home/sharath/.nvm/versions/node/v9.3.0/bin:/usr/local/bin:/usr/bin:/bin:/usr/local/games:/usr/games:/home/sharath/Android/Sdk/tools:/home/sharath/Android/Sdk/platform-tools:/home/sharath/Android/Sdk/tools:/home/sharath/Android/Sdk/platform-tools
USERNAME=sharath
SHELL=/bin/bash
DISPLAY=:1

Signal Handlers:
SIGSEGV: [libjvm.so+0x8fb2f0], sa_mask[0]=11111111011111111101111111111110, sa_flags=SA_RESTART|SA_SIGINFO
SIGBUS: [libjvm.so+0x8fb2f0], sa_mask[0]=11111111011111111101111111111110, sa_flags=SA_RESTART|SA_SIGINFO
SIGFPE: [libjvm.so+0x74dfc0], sa_mask[0]=11111111011111111101111111111110, sa_flags=SA_RESTART|SA_SIGINFO
SIGPIPE: [libjvm.so+0x74dfc0], sa_mask[0]=11111111011111111101111111111110, sa_flags=SA_RESTART|SA_SIGINFO
SIGXFSZ: [libjvm.so+0x74dfc0], sa_mask[0]=11111111011111111101111111111110, sa_flags=SA_RESTART|SA_SIGINFO
SIGILL: [libjvm.so+0x74dfc0], sa_mask[0]=11111111011111111101111111111110, sa_flags=SA_RESTART|SA_SIGINFO
SIGUSR1: SIG_DFL, sa_mask[0]=00000000000000000000000000000000, sa_flags=none
SIGUSR2: [libjvm.so+0x74de00], sa_mask[0]=00000000000000000000000000000000, sa_flags=SA_RESTART|SA_SIGINFO
SIGHUP: [libjvm.so+0x74e350], sa_mask[0]=11111111011111111101111111111110, sa_flags=SA_RESTART|SA_SIGINFO
SIGINT: [libjvm.so+0x74e350], sa_mask[0]=11111111011111111101111111111110, sa_flags=SA_RESTART|SA_SIGINFO
SIGTERM: [libjvm.so+0x74e350], sa_mask[0]=11111111011111111101111111111110, sa_flags=SA_RESTART|SA_SIGINFO
SIGQUIT: [libjvm.so+0x74e350], sa_mask[0]=11111111011111111101111111111110, sa_flags=SA_RESTART|SA_SIGINFO


---------------  S Y S T E M  ---------------

OS:DISTRIB_ID=Kali
DISTRIB_RELEASE=kali-rolling
DISTRIB_CODENAME=kali-rolling
DISTRIB_DESCRIPTION="Kali GNU/Linux Rolling"

uname:Linux 4.13.0-kali1-686-pae #1 SMP Debian 4.13.10-1kali2 (2017-11-08) i686
libc:glibc 2.24 NPTL 2.24 
rlimit: STACK 8192k, CORE 0k, NPROC 15865, NOFILE 4096, AS infinity
load average:4.25 2.66 1.65

/proc/meminfo:
MemTotal:        2057392 kB
MemFree:          115896 kB
MemAvailable:       3116 kB
Buffers:             464 kB
Cached:           415324 kB
SwapCached:            0 kB
Active:          1466908 kB
Inactive:         386524 kB
Active(anon):    1452676 kB
Inactive(anon):   370864 kB
Active(file):      14232 kB
Inactive(file):    15660 kB
Unevictable:           0 kB
Mlocked:               0 kB
HighTotal:       1175236 kB
HighFree:          15068 kB
LowTotal:         882156 kB
LowFree:          100828 kB
SwapTotal:             0 kB
SwapFree:              0 kB
Dirty:               224 kB
Writeback:            96 kB
AnonPages:       1437772 kB
Mapped:           101260 kB
Shmem:            386932 kB
Slab:              45348 kB
SReclaimable:      20604 kB
SUnreclaim:        24744 kB
KernelStack:        5608 kB
PageTables:        18376 kB
NFS_Unstable:          0 kB
Bounce:                0 kB
WritebackTmp:          0 kB
CommitLimit:     1028696 kB
Committed_AS:    7299396 kB
VmallocTotal:     122880 kB
VmallocUsed:           0 kB
VmallocChunk:          0 kB
HardwareCorrupted:     0 kB
AnonHugePages:    391168 kB
ShmemHugePages:        0 kB
ShmemPmdMapped:        0 kB
HugePages_Total:       0
HugePages_Free:        0
HugePages_Rsvd:        0
HugePages_Surp:        0
Hugepagesize:       2048 kB
DirectMap4k:       14328 kB
DirectMap2M:      897024 kB


CPU:total 2 (initial active 2) (2 cores per cpu, 1 threads per core) family 6 model 15 stepping 2, cmov, cx8, fxsr, mmx, sse, sse2, sse3, ssse3, tsc

/proc/cpuinfo:
processor	: 0
vendor_id	: GenuineIntel
cpu family	: 6
model		: 15
model name	: Intel(R) Core(TM)2 CPU          4400  @ 2.00GHz
stepping	: 2
microcode	: 0x5d
cpu MHz		: 1994.954
cache size	: 2048 KB
physical id	: 0
siblings	: 2
core id		: 0
cpu cores	: 2
apicid		: 0
initial apicid	: 0
fdiv_bug	: no
f00f_bug	: no
coma_bug	: no
fpu		: yes
fpu_exception	: yes
cpuid level	: 10
wp		: yes
flags		: fpu vme de pse tsc msr pae mce cx8 apic sep mtrr pge mca cmov pat pse36 clflush dts acpi mmx fxsr sse sse2 ss ht tm pbe nx lm constant_tsc arch_perfmon pebs bts cpuid aperfmperf pni dtes64 monitor ds_cpl est tm2 ssse3 cx16 xtpr pdcm lahf_lm dtherm
bugs		:
bogomips	: 3989.90
clflush size	: 64
cache_alignment	: 64
address sizes	: 36 bits physical, 48 bits virtual
power management:

processor	: 1
vendor_id	: GenuineIntel
cpu family	: 6
model		: 15
model name	: Intel(R) Core(TM)2 CPU          4400  @ 2.00GHz
stepping	: 2
microcode	: 0x5d
cpu MHz		: 1994.954
cache size	: 2048 KB
physical id	: 0
siblings	: 2
core id		: 1
cpu cores	: 2
apicid		: 1
initial apicid	: 1
fdiv_bug	: no
f00f_bug	: no
coma_bug	: no
fpu		: yes
fpu_exception	: yes
cpuid level	: 10
wp		: yes
flags		: fpu vme de pse tsc msr pae mce cx8 apic sep mtrr pge mca cmov pat pse36 clflush dts acpi mmx fxsr sse sse2 ss ht tm pbe nx lm constant_tsc arch_perfmon pebs bts cpuid aperfmperf pni dtes64 monitor ds_cpl est tm2 ssse3 cx16 xtpr pdcm lahf_lm dtherm
bugs		:
bogomips	: 3990.02
clflush size	: 64
cache_alignment	: 64
address sizes	: 36 bits physical, 48 bits virtual
power management:



Memory: 4k page, physical 2057392k(115772k free), swap 0k(0k free)

vm_info: OpenJDK Server VM (25.151-b12) for linux-x86 JRE (1.8.0_151-8u151-b12-1-b12), built on Nov  1 2017 06:12:56 by "buildd" with gcc 7.2.1 20171025

time: Sat Jan 13 13:03:28 2018
elapsed time: 36 seconds (0d 0h 0m 36s)

