#
# There is insufficient memory for the Java Runtime Environment to continue.
# Native memory allocation (mmap) failed to map 14417920 bytes for committing reserved memory.
# Possible reasons:
#   The system is out of physical RAM or swap space
#   In 32 bit mode, the process size limit was hit
# Possible solutions:
#   Reduce memory load on the system
#   Increase physical memory or swap space
#   Check if swap backing store is full
#   Use 64 bit Java on a 64 bit OS
#   Decrease Java heap size (-Xmx/-Xms)
#   Decrease number of Java threads
#   Decrease Java thread stack sizes (-Xss)
#   Set larger code cache with -XX:ReservedCodeCacheSize=
# This output file may be truncated or incomplete.
#
#  Out of Memory Error (os_linux.cpp:2643), pid=5599, tid=0x879a4b40
#
# JRE version: OpenJDK Runtime Environment (8.0_151-b12) (build 1.8.0_151-8u151-b12-1-b12)
# Java VM: OpenJDK Server VM (25.151-b12 mixed mode linux-x86 )
# Failed to write core dump. Core dumps have been disabled. To enable core dumping, try "ulimit -c unlimited" before starting Java again
#

---------------  T H R E A D  ---------------

Current thread (0x85f10c00):  VMThread [stack: 0x87924000,0x879a5000] [id=5617]

Stack: [0x87924000,0x879a5000],  sp=0x879a3a70,  free space=510k
Native frames: (J=compiled Java code, j=interpreted, Vv=VM code, C=native code)
V  [libjvm.so+0x8fa982]
V  [libjvm.so+0x3899b6]
V  [libjvm.so+0x752ca0]
V  [libjvm.so+0x74cb93]
V  [libjvm.so+0x7c766c]
V  [libjvm.so+0x7c88fb]
V  [libjvm.so+0x7798b8]
V  [libjvm.so+0x7c5350]
V  [libjvm.so+0x7c5748]
V  [libjvm.so+0x77924d]
V  [libjvm.so+0x8fc775]
V  [libjvm.so+0x901ba6]
V  [libjvm.so+0x8ffc38]
V  [libjvm.so+0x9005f5]
V  [libjvm.so+0x900a30]
V  [libjvm.so+0x74fec5]
C  [libpthread.so.0+0x627a]  start_thread+0xda

VM_Operation (0xb6bc2c70): ParallelGCFailedAllocation, mode: safepoint, requested by thread 0xb6a07800


---------------  P R O C E S S  ---------------

Java Threads: ( => current thread )
  0x8192f800 JavaThread "File lock request listener" [_thread_in_native, id=5636, stack(0x81da4000,0x81df5000)]
  0x8240e000 JavaThread "pool-1-thread-1" [_thread_blocked, id=5633, stack(0x82836000,0x82887000)]
  0x85f3b000 JavaThread "Service Thread" daemon [_thread_blocked, id=5623, stack(0x85b39000,0x85b8a000)]
  0x85f38000 JavaThread "C1 CompilerThread1" daemon [_thread_blocked_trans, id=5622, stack(0x85b8a000,0x85c0b000)]
  0x85f36000 JavaThread "C2 CompilerThread0" daemon [_thread_blocked, id=5621, stack(0x85c0b000,0x85c8c000)]
  0x85f34800 JavaThread "Signal Dispatcher" daemon [_thread_blocked, id=5620, stack(0x85c8c000,0x85cdd000)]
  0x85f18400 JavaThread "Finalizer" daemon [_thread_blocked, id=5619, stack(0x85e5e000,0x85eaf000)]
  0x85f15800 JavaThread "Reference Handler" daemon [_thread_blocked, id=5618, stack(0x85eaf000,0x85f00000)]
  0xb6a07800 JavaThread "main" [_thread_blocked, id=5614, stack(0xb6b75000,0xb6bc6000)]

Other Threads:
=>0x85f10c00 VMThread [stack: 0x87924000,0x879a5000] [id=5617]
  0x85f3d000 WatcherThread [stack: 0x85ab8000,0x85b39000] [id=5624]

VM state:at safepoint (normal execution)

VM Mutex/Monitor currently owned by a thread:  ([mutex/lock_event])
[0xb6a04c18] Threads_lock - owner thread: 0x85f10c00
[0xb6a05028] Heap_lock - owner thread: 0xb6a07800

Heap:
 PSYoungGen      total 77056K, used 8184K [0x9ce00000, 0xa2300000, 0xa7600000)
  eden space 68864K, 0% used [0x9ce00000,0x9ce00000,0xa1140000)
  from space 8192K, 99% used [0xa1140000,0xa193e210,0xa1940000)
  to   space 6656K, 0% used [0xa1940000,0xa1940000,0xa1fc0000)
 ParOldGen       total 42240K, used 28347K [0x87e00000, 0x8a740000, 0x9ce00000)
  object space 42240K, 67% used [0x87e00000,0x899aeca8,0x8a740000)
 Metaspace       used 32169K, capacity 32894K, committed 32896K, reserved 33072K

Card table byte_map: [0x87d03000,0x87e00000] byte_map_base: 0x878c4000

Marking Bits: (ParMarkBitMap*) 0xb7918900
 Begin Bits: [0x86840000, 0x87020000)
 End Bits:   [0x87020000, 0x87800000)

Polling page: 0xb7f49000

CodeCache: size=245760Kb used=14815Kb max_used=15092Kb free=230944Kb
 bounds [0xa79e6000, 0xa88b6000, 0xb69e6000]
 total_blobs=5921 nmethods=5481 adapters=355
 compilation: enabled

Compilation events (10 events):
Event: 241.800 Thread 0x85f38000 nmethod 6390 0xa7cf0bc8 code [0xa7cf0ce0, 0xa7cf0e20]
Event: 241.800 Thread 0x85f38000 6393       3       org.gradle.api.internal.changedetection.state.DefaultVisitedTree::access$000 (7 bytes)
Event: 241.801 Thread 0x85f36000 nmethod 6391 0xa7c60bc8 code [0xa7c60cc0, 0xa7c60d70]
Event: 241.801 Thread 0x85f38000 nmethod 6393 0xa7c601c8 code [0xa7c60340, 0xa7c60824]
Event: 241.801 Thread 0x85f38000 6394       3       org.gradle.api.internal.changedetection.state.DefaultVisitedTree::getInternedAbsolutePath (9 bytes)
Event: 241.802 Thread 0x85f38000 nmethod 6394 0xa7cefec8 code [0xa7cf0080, 0xa7cf071c]
Event: 241.834 Thread 0x85f38000 6395       3       org.gradle.api.internal.changedetection.state.DefaultVisitedTree$1::transform (73 bytes)
Event: 241.834 Thread 0x85f36000 6396       4       com.google.common.collect.MapMakerInternalMap$Segment::getEntry (80 bytes)
Event: 241.836 Thread 0x85f38000 nmethod 6395 0xa7c613c8 code [0xa7c615c0, 0xa7c61f54]
Event: 241.844 Thread 0x85f36000 nmethod 6396 0xa7cef6c8 code [0xa7cef800, 0xa7cefaf0]

GC Heap History (10 events):
Event: 32.548 GC heap after
Heap after GC invocations=22 (full 1):
 PSYoungGen      total 51968K, used 4089K [0x9ce00000, 0xa1540000, 0xa7600000)
  eden space 47872K, 0% used [0x9ce00000,0x9ce00000,0x9fcc0000)
  from space 4096K, 99% used [0x9fcc0000,0xa00be518,0xa00c0000)
  to   space 5888K, 0% used [0xa0f80000,0xa0f80000,0xa1540000)
 ParOldGen       total 22784K, used 16292K [0x87e00000, 0x89440000, 0x9ce00000)
  object space 22784K, 71% used [0x87e00000,0x88de9378,0x89440000)
 Metaspace       used 22533K, capacity 22958K, committed 23040K, reserved 23856K
}
Event: 35.441 GC heap before
{Heap before GC invocations=23 (full 1):
 PSYoungGen      total 51968K, used 51961K [0x9ce00000, 0xa1540000, 0xa7600000)
  eden space 47872K, 100% used [0x9ce00000,0x9fcc0000,0x9fcc0000)
  from space 4096K, 99% used [0x9fcc0000,0xa00be518,0xa00c0000)
  to   space 5888K, 0% used [0xa0f80000,0xa0f80000,0xa1540000)
 ParOldGen       total 22784K, used 16292K [0x87e00000, 0x89440000, 0x9ce00000)
  object space 22784K, 71% used [0x87e00000,0x88de9378,0x89440000)
 Metaspace       used 26541K, capacity 26988K, committed 27136K, reserved 27952K
Event: 35.477 GC heap after
Heap after GC invocations=23 (full 1):
 PSYoungGen      total 66816K, used 4318K [0x9ce00000, 0xa1580000, 0xa7600000)
  eden space 60928K, 0% used [0x9ce00000,0x9ce00000,0xa0980000)
  from space 5888K, 73% used [0xa0f80000,0xa13b7948,0xa1540000)
  to   space 6144K, 0% used [0xa0980000,0xa0980000,0xa0f80000)
 ParOldGen       total 22784K, used 20391K [0x87e00000, 0x89440000, 0x9ce00000)
  object space 22784K, 89% used [0x87e00000,0x891e9c00,0x89440000)
 Metaspace       used 26541K, capacity 26988K, committed 27136K, reserved 27952K
}
Event: 35.488 GC heap before
{Heap before GC invocations=24 (full 2):
 PSYoungGen      total 66816K, used 4318K [0x9ce00000, 0xa1580000, 0xa7600000)
  eden space 60928K, 0% used [0x9ce00000,0x9ce00000,0xa0980000)
  from space 5888K, 73% used [0xa0f80000,0xa13b7948,0xa1540000)
  to   space 6144K, 0% used [0xa0980000,0xa0980000,0xa0f80000)
 ParOldGen       total 22784K, used 20391K [0x87e00000, 0x89440000, 0x9ce00000)
  object space 22784K, 89% used [0x87e00000,0x891e9c00,0x89440000)
 Metaspace       used 26541K, capacity 26988K, committed 27136K, reserved 27952K
Event: 35.848 GC heap after
Heap after GC invocations=24 (full 2):
 PSYoungGen      total 66816K, used 0K [0x9ce00000, 0xa1580000, 0xa7600000)
  eden space 60928K, 0% used [0x9ce00000,0x9ce00000,0xa0980000)
  from space 5888K, 0% used [0xa0f80000,0xa0f80000,0xa1540000)
  to   space 6144K, 0% used [0xa0980000,0xa0980000,0xa0f80000)
 ParOldGen       total 42240K, used 20095K [0x87e00000, 0x8a740000, 0x9ce00000)
  object space 42240K, 47% used [0x87e00000,0x8919ffb8,0x8a740000)
 Metaspace       used 26541K, capacity 26988K, committed 27136K, reserved 27952K
}
Event: 70.019 GC heap before
{Heap before GC invocations=25 (full 2):
 PSYoungGen      total 66816K, used 60928K [0x9ce00000, 0xa1580000, 0xa7600000)
  eden space 60928K, 100% used [0x9ce00000,0xa0980000,0xa0980000)
  from space 5888K, 0% used [0xa0f80000,0xa0f80000,0xa1540000)
  to   space 6144K, 0% used [0xa0980000,0xa0980000,0xa0f80000)
 ParOldGen       total 42240K, used 20095K [0x87e00000, 0x8a740000, 0x9ce00000)
  object space 42240K, 47% used [0x87e00000,0x8919ffb8,0x8a740000)
 Metaspace       used 28218K, capacity 28811K, committed 28928K, reserved 28976K
Event: 70.181 GC heap after
Heap after GC invocations=25 (full 2):
 PSYoungGen      total 67072K, used 4911K [0x9ce00000, 0xa1fc0000, 0xa7600000)
  eden space 60928K, 0% used [0x9ce00000,0x9ce00000,0xa0980000)
  from space 6144K, 79% used [0xa0980000,0xa0e4bca8,0xa0f80000)
  to   space 6656K, 0% used [0xa1940000,0xa1940000,0xa1fc0000)
 ParOldGen       total 42240K, used 20099K [0x87e00000, 0x8a740000, 0x9ce00000)
  object space 42240K, 47% used [0x87e00000,0x891a0fb8,0x8a740000)
 Metaspace       used 28218K, capacity 28811K, committed 28928K, reserved 28976K
}
Event: 165.529 GC heap before
{Heap before GC invocations=26 (full 2):
 PSYoungGen      total 67072K, used 65839K [0x9ce00000, 0xa1fc0000, 0xa7600000)
  eden space 60928K, 100% used [0x9ce00000,0xa0980000,0xa0980000)
  from space 6144K, 79% used [0xa0980000,0xa0e4bca8,0xa0f80000)
  to   space 6656K, 0% used [0xa1940000,0xa1940000,0xa1fc0000)
 ParOldGen       total 42240K, used 20099K [0x87e00000, 0x8a740000, 0x9ce00000)
  object space 42240K, 47% used [0x87e00000,0x891a0fb8,0x8a740000)
 Metaspace       used 30239K, capacity 30966K, committed 30976K, reserved 31024K
Event: 167.374 GC heap after
Heap after GC invocations=26 (full 2):
 PSYoungGen      total 75520K, used 6650K [0x9ce00000, 0xa2300000, 0xa7600000)
  eden space 68864K, 0% used [0x9ce00000,0x9ce00000,0xa1140000)
  from space 6656K, 99% used [0xa1940000,0xa1fbe820,0xa1fc0000)
  to   space 8192K, 0% used [0xa1140000,0xa1140000,0xa1940000)
 ParOldGen       total 42240K, used 21433K [0x87e00000, 0x8a740000, 0x9ce00000)
  object space 42240K, 50% used [0x87e00000,0x892ee640,0x8a740000)
 Metaspace       used 30239K, capacity 30966K, committed 30976K, reserved 31024K
}
Event: 242.253 GC heap before
{Heap before GC invocations=27 (full 2):
 PSYoungGen      total 75520K, used 75514K [0x9ce00000, 0xa2300000, 0xa7600000)
  eden space 68864K, 100% used [0x9ce00000,0xa1140000,0xa1140000)
  from space 6656K, 99% used [0xa1940000,0xa1fbe820,0xa1fc0000)
  to   space 8192K, 0% used [0xa1140000,0xa1140000,0xa1940000)
 ParOldGen       total 42240K, used 21433K [0x87e00000, 0x8a740000, 0x9ce00000)
  object space 42240K, 50% used [0x87e00000,0x892ee640,0x8a740000)
 Metaspace       used 32169K, capacity 32894K, committed 32896K, reserved 33072K

Deoptimization events (10 events):
Event: 195.006 Thread 0xb6a07800 Uncommon trap: reason=null_check action=make_not_entrant pc=0xa8413564 method=java.lang.ThreadLocal$ThreadLocalMap.getEntryAfterMiss(Ljava/lang/ThreadLocal;ILjava/lang/ThreadLocal$ThreadLocalMap$Entry;)Ljava/lang/ThreadLocal$ThreadLocalMap$Entry; @ 19
Event: 210.558 Thread 0xb6a07800 Uncommon trap: reason=unstable_if action=reinterpret pc=0xa8094714 method=java.lang.Integer.getChars(II[C)V @ 20
Event: 216.280 Thread 0xb6a07800 Uncommon trap: reason=unstable_if action=reinterpret pc=0xa8472a28 method=java.util.concurrent.ConcurrentHashMap.get(Ljava/lang/Object;)Ljava/lang/Object; @ 152
Event: 216.338 Thread 0xb6a07800 Uncommon trap: reason=class_check action=maybe_recompile pc=0xa87e8338 method=java.util.concurrent.ConcurrentHashMap.putVal(Ljava/lang/Object;Ljava/lang/Object;Z)Ljava/lang/Object; @ 192
Event: 216.387 Thread 0xb6a07800 Uncommon trap: reason=unstable_if action=reinterpret pc=0xa87e7dec method=java.util.concurrent.ConcurrentHashMap.putVal(Ljava/lang/Object;Ljava/lang/Object;Z)Ljava/lang/Object; @ 206
Event: 217.947 Thread 0xb6a07800 Uncommon trap: reason=unstable_if action=reinterpret pc=0xa805d5e8 method=com.esotericsoftware.kryo.io.Output.writeUtf8Length(I)V @ 4
Event: 221.566 Thread 0xb6a07800 Uncommon trap: reason=unstable_if action=reinterpret pc=0xa7abfc28 method=java.lang.String.regionMatches(ZILjava/lang/String;II)Z @ 102
Event: 236.139 Thread 0xb6a07800 Uncommon trap: reason=unstable_if action=reinterpret pc=0xa8586d9c method=java.lang.Class.arrayContentsEq([Ljava/lang/Object;[Ljava/lang/Object;)Z @ 1
Event: 236.932 Thread 0xb6a07800 Uncommon trap: reason=unstable_if action=reinterpret pc=0xa7a966f4 method=java.lang.Class.arrayContentsEq([Ljava/lang/Object;[Ljava/lang/Object;)Z @ 1
Event: 241.041 Thread 0xb6a07800 Uncommon trap: reason=class_check action=maybe_recompile pc=0xa889d0e8 method=java.io.BufferedInputStream.read1([BII)I @ 39

Internal exceptions (10 events):
Event: 195.071 Thread 0xb6a07800 Exception <a 'java/lang/ClassNotFoundException': react_5uy5xn1u9w28jyfxj9af319iv$_run_closure1$_closure4$_closure5BeanInfo> (0x9f91d748) thrown at [/build/openjdk-8-pEipKT/openjdk-8-8u151-b12/src/hotspot/src/share/vm/classfile/systemDictionary.cpp, line 2
Event: 195.072 Thread 0xb6a07800 Exception <a 'java/lang/ClassNotFoundException': react_5uy5xn1u9w28jyfxj9af319iv$_run_closure1$_closure4$_closure5Customizer> (0x9f92e2e0) thrown at [/build/openjdk-8-pEipKT/openjdk-8-8u151-b12/src/hotspot/src/share/vm/classfile/systemDictionary.cpp, line
Event: 195.075 Thread 0xb6a07800 Exception <a 'java/lang/ClassNotFoundException': org/gradle/api/internal/tasks/DefaultTaskInputsBeanInfo> (0x9f973b28) thrown at [/build/openjdk-8-pEipKT/openjdk-8-8u151-b12/src/hotspot/src/share/vm/classfile/systemDictionary.cpp, line 210]
Event: 195.076 Thread 0xb6a07800 Exception <a 'java/lang/ClassNotFoundException': org/gradle/api/internal/tasks/DefaultTaskInputsCustomizer> (0x9f986408) thrown at [/build/openjdk-8-pEipKT/openjdk-8-8u151-b12/src/hotspot/src/share/vm/classfile/systemDictionary.cpp, line 210]
Event: 195.095 Thread 0xb6a07800 Exception <a 'java/lang/ClassNotFoundException': org/gradle/api/internal/tasks/DefaultTaskOutputsBeanInfo> (0x9f9c8500) thrown at [/build/openjdk-8-pEipKT/openjdk-8-8u151-b12/src/hotspot/src/share/vm/classfile/systemDictionary.cpp, line 210]
Event: 195.095 Thread 0xb6a07800 Exception <a 'java/lang/ClassNotFoundException': org/gradle/api/internal/tasks/DefaultTaskOutputsCustomizer> (0x9f9dade0) thrown at [/build/openjdk-8-pEipKT/openjdk-8-8u151-b12/src/hotspot/src/share/vm/classfile/systemDictionary.cpp, line 210]
Event: 195.122 Thread 0xb6a07800 Exception <a 'java/lang/ClassNotFoundException': org/apache/tools/ant/taskdefs/condition/OsBeanInfo> (0x9fa19560) thrown at [/build/openjdk-8-pEipKT/openjdk-8-8u151-b12/src/hotspot/src/share/vm/classfile/systemDictionary.cpp, line 210]
Event: 195.123 Thread 0xb6a07800 Exception <a 'java/lang/ClassNotFoundException': org/apache/tools/ant/taskdefs/condition/OsCustomizer> (0x9fa252a8) thrown at [/build/openjdk-8-pEipKT/openjdk-8-8u151-b12/src/hotspot/src/share/vm/classfile/systemDictionary.cpp, line 210]
Event: 235.953 Thread 0xb6a07800 Implicit null exception at 0xa8586d0b to 0xa8586d89
Event: 236.932 Thread 0xb6a07800 Implicit null exception at 0xa7a964d7 to 0xa7a966e1

Events (10 events):
Event: 239.940 Thread 0x85f38000 flushing nmethod 0xa8414588
Event: 240.528 Thread 0x85f38000 flushing nmethod 0xa859ef88
Event: 240.528 Thread 0x85f38000 flushing nmethod 0xa85c90c8
Event: 240.528 Thread 0x85f38000 flushing nmethod 0xa869ce88
Event: 240.933 Thread 0xb6a07800 Uncommon trap: trap_request=0xffffffde fr.pc=0xa889d0e8
Event: 241.041 Executing VM operation: RevokeBias
Event: 241.041 Executing VM operation: RevokeBias done
Event: 241.052 Thread 0xb6a07800 DEOPT PACKING pc=0xa889d0e8 sp=0xb6bc30c0
Event: 241.060 Thread 0xb6a07800 DEOPT UNPACKING pc=0xa7a20bd5 sp=0xb6bc3074 mode 2
Event: 242.244 Executing VM operation: ParallelGCFailedAllocation


Dynamic libraries:
004df000-004e0000 r-xp 00000000 08:06 139295     /usr/lib/jvm/java-8-openjdk-i386/jre/bin/java
004e0000-004e1000 r-xp 00000000 08:06 139295     /usr/lib/jvm/java-8-openjdk-i386/jre/bin/java
004e1000-004e2000 rwxp 00001000 08:06 139295     /usr/lib/jvm/java-8-openjdk-i386/jre/bin/java
015b4000-02209000 rwxp 00000000 00:00 0          [heap]
7fd00000-7fd29000 rwxp 00000000 00:00 0 
7fd29000-7fe00000 ---p 00000000 00:00 0 
7fe00000-7fee0000 rwxp 00000000 00:00 0 
7fee0000-7ff00000 ---p 00000000 00:00 0 
7ff00000-80000000 rwxp 00000000 00:00 0 
80000000-80100000 rwxp 00000000 00:00 0 
80100000-80200000 rwxp 00000000 00:00 0 
80200000-802ff000 rwxp 00000000 00:00 0 
802ff000-80300000 ---p 00000000 00:00 0 
80300000-80400000 rwxp 00000000 00:00 0 
80400000-80500000 rwxp 00000000 00:00 0 
80500000-80600000 rwxp 00000000 00:00 0 
80677000-80679000 r-xs 00005000 08:06 1024564    /home/sharath/.gradle/caches/modules-2/files-2.1/org.abego.treelayout/org.abego.treelayout.core/1.0.1/e31e79cba7a5414cf18fa69f3f0a2cf9ee997b61/org.abego.treelayout.core-1.0.1.jar
80679000-8067a000 r-xs 00002000 08:06 1024563    /home/sharath/.gradle/caches/modules-2/files-2.1/com.tunnelvisionlabs/antlr4-annotations/4.5/2c5996120a0ac690de575bd8ac36250e6720a6b8/antlr4-annotations-4.5.jar
8067a000-80681000 r-xs 00062000 08:06 1024562    /home/sharath/.gradle/caches/modules-2/files-2.1/com.tunnelvisionlabs/antlr4-runtime/4.5/5067478827a98f5ab77d9fc577903edc57af3da4/antlr4-runtime-4.5.jar
80681000-80682000 r-xs 00004000 08:06 1024561    /home/sharath/.gradle/caches/modules-2/files-2.1/org.ow2.asm/asm-analysis/5.0.3/c7126aded0e8e13fed5f913559a0dd7b770a10f3/asm-analysis-5.0.3.jar
80682000-80685000 r-xs 0002d000 08:06 1024560    /home/sharath/.gradle/caches/modules-2/files-2.1/com.android.tools.lint/lint-api/24.5.0/7d93eb96a2f07860ab8d9ae761ebe5c416777fcf/lint-api-24.5.0.jar
80685000-80686000 r-xs 00005000 08:06 1024559    /home/sharath/.gradle/caches/modules-2/files-2.1/com.android.tools/dvlib/24.5.0/bb3cda7db1fa6c9543e887a8c451d0449e76fa4/dvlib-24.5.0.jar
80686000-80689000 r-xs 00013000 08:06 1024558    /home/sharath/.gradle/caches/modules-2/files-2.1/com.android.tools.layoutlib/layoutlib-api/24.5.0/387949832720a36855711d2033cd4122e945f36e/layoutlib-api-24.5.0.jar
80689000-80693000 r-xs 00099000 08:06 1024557    /home/sharath/.gradle/caches/modules-2/files-2.1/com.tunnelvisionlabs/antlr4/4.5/a0e860e317147848e69ac145bc5196901a9993bf/antlr4-4.5.jar
80693000-8069a000 r-xs 0005e000 08:06 1024556    /home/sharath/.gradle/caches/modules-2/files-2.1/org.apache.commons/commons-lang3/3.3.2/90a3822c38ec8c996e84c16a3477ef632cbc87a3/commons-lang3-3.3.2.jar
8069a000-8069b000 r-xs 00002000 08:06 1024555    /home/sharath/.gradle/caches/modules-2/files-2.1/com.android.databinding/baseLibrary/1.0-rc5/4d15bfec5956b906a26527dbde26a4fc84326611/baseLibrary-1.0-rc5.jar
8069b000-806c6000 r-xs 001f9000 08:06 1024554    /home/sharath/.gradle/caches/modules-2/files-2.1/com.google.guava/guava/17.0/9c6ef172e8de35fd8d4d8783e4821e57cdef7445/guava-17.0.jar
806c6000-806c7000 r-xs 00001000 08:06 1024553    /home/sharath/.gradle/caches/modules-2/files-2.1/com.android.tools/annotations/24.5.0/7f2bcdf40b008f15481324327b7f9e377b0b1697/annotations-24.5.0.jar
806c7000-806d9000 r-xs 00223000 08:06 1024552    /home/sharath/.gradle/caches/modules-2/files-2.1/org.eclipse.jdt.core.compiler/ecj/4.4.2/71d67f5bab9465ec844596ef844f40902ae25392/ecj-4.4.2.jar
806d9000-806df000 r-xs 000af000 08:06 1024551    /home/sharath/.gradle/caches/modules-2/files-2.1/com.android.tools.lint/lint-checks/24.5.0/dbdca0447c2333481823e088a356393e653276b4/lint-checks-24.5.0.jar
806df000-806e1000 r-xs 00006000 08:06 1024550    /home/sharath/.gradle/caches/modules-2/files-2.1/org.ow2.asm/asm-tree/5.0.3/287749b48ba7162fb67c93a026d690b29f410bed/asm-tree-5.0.3.jar
806e1000-806e2000 r-xs 0000c000 08:06 1024549    /home/sharath/.gradle/caches/modules-2/files-2.1/org.ow2.asm/asm/5.0.3/dcc2193db20e19e1feca8b1240dbbc4e190824fa/asm-5.0.3.jar
806e2000-806e3000 r-xs 00001000 08:06 1024548    /home/sharath/.gradle/caches/modules-2/files-2.1/com.android.tools.jill/jill-api/0.9.0/9a83e898b15c853f6c92c74791064ca400cd3f3/jill-api-0.9.0.jar
806e3000-806e5000 r-xs 00002000 08:06 1024547    /home/sharath/.gradle/caches/modules-2/files-2.1/com.android.tools.jack/jack-api/0.9.0/6b474acfffc1e9d9e03df4ab3579b5fef852ed23/jack-api-0.9.0.jar
806e5000-806ea000 r-xs 00047000 08:06 1024546    /home/sharath/.gradle/caches/modules-2/files-2.1/com.android.tools.ddms/ddmlib/24.5.0/d45670b5511da60d2939a1eece4c7c4407fee95b/ddmlib-24.5.0.jar
806ea000-806ee000 r-xs 00027000 08:06 1024545    /home/sharath/.gradle/caches/modules-2/files-2.1/com.android.tools.build/manifest-merger/24.5.0/dc521cf0bc3565f990d4da7fac4aabc73b6d62cf/manifest-merger-24.5.0.jar
806ee000-806f6000 r-xs 00079000 08:06 1024543    /home/sharath/.gradle/caches/modules-2/files-2.1/com.android.tools/sdk-common/24.5.0/e9b9c057d8df82ee7bc682558fe21b2110b3e40a/sdk-common-24.5.0.jar
806f6000-80700000 r-xs 000ab000 08:06 1024542    /home/sharath/.gradle/caches/modules-2/files-2.1/com.android.tools/sdklib/24.5.0/473c60ca5786363b6b3ea944446cf41676207ca7/sdklib-24.5.0.jar
80700000-807d3000 rwxp 00000000 00:00 0 
807d3000-80800000 ---p 00000000 00:00 0 
80800000-808ff000 rwxp 00000000 00:00 0 
808ff000-80900000 ---p 00000000 00:00 0 
80900000-80a00000 rwxp 00000000 00:00 0 
80a00000-80b00000 rwxp 00000000 00:00 0 
80b00000-80c00000 rwxp 00000000 00:00 0 
80c00000-80d00000 rwxp 00000000 00:00 0 
80d00000-80e00000 rwxp 00000000 00:00 0 
80e00000-80f00000 rwxp 00000000 00:00 0 
80f00000-81000000 rwxp 00000000 00:00 0 
81000000-81100000 rwxp 00000000 00:00 0 
81100000-81200000 rwxp 00000000 00:00 0 
81200000-81300000 rwxp 00000000 00:00 0 
81300000-81400000 rwxp 00000000 00:00 0 
81400000-814fa000 rwxp 00000000 00:00 0 
814fa000-81500000 ---p 00000000 00:00 0 
81500000-81502000 r-xs 00016000 08:06 1024544    /home/sharath/.gradle/caches/modules-2/files-2.1/com.android.tools/common/24.5.0/55436737b893bac95c978b184dd35c76002d2eef/common-24.5.0.jar
81502000-81503000 r-xs 00002000 08:06 1024541    /home/sharath/.gradle/caches/modules-2/files-2.1/com.android.tools.build/builder-test-api/1.5.0/d9240c30b1bb243b4f57c48f734df2635fbd07e/builder-test-api-1.5.0.jar
81503000-81505000 r-xs 00005000 08:06 1024540    /home/sharath/.gradle/caches/modules-2/files-2.1/com.android.tools.build/builder-model/1.5.0/51a48a2f4c1da923b0b8bb174e57bc68ee040889/builder-model-1.5.0.jar
81505000-81509000 r-xs 0001e000 08:06 1024537    /home/sharath/.gradle/caches/modules-2/files-2.1/org.jacoco/org.jacoco.core/0.7.4.201502262128/31482f50411a3a5769b6c78fa9b97ba731c205e7/org.jacoco.core-0.7.4.201502262128.jar
81509000-8150d000 r-xs 00026000 08:06 1024536    /home/sharath/.gradle/caches/modules-2/files-2.1/com.android.databinding/compilerCommon/1.0-rc5/3152caf6b493a20e5b0d63bb36f5322dbce6d10f/compilerCommon-1.0-rc5.jar
8150d000-8150f000 r-xs 00001000 08:06 1024535    /home/sharath/.gradle/caches/modules-2/files-2.1/com.android.tools.build/transform-api/1.5.0/90f914a7972579a4cc726c9e0022878f6c675e2/transform-api-1.5.0.jar
8150f000-81511000 r-xs 00022000 08:06 1024534    /home/sharath/.gradle/caches/modules-2/files-2.1/com.android.tools.lint/lint/24.5.0/461d7d801b822cbeb7daf001924fe1c616ce9535/lint-24.5.0.jar
81511000-81517000 r-xs 0005a000 08:06 1024532    /home/sharath/.gradle/caches/modules-2/files-2.1/com.android.tools.build/builder/1.5.0/1dcd59f6f3c90b2a8bc7156d091ad1b87a41beed/builder-1.5.0.jar
81517000-8152e000 r-xs 0012c000 08:06 1024531    /home/sharath/.gradle/caches/modules-2/files-2.1/com.android.tools.build/gradle-core/1.5.0/70915a3f0ef4243d4630ea23219f5445fac82700/gradle-core-1.5.0.jar
8152e000-81530000 r-xs 0000d000 08:06 1024530    /home/sharath/.gradle/caches/modules-2/files-2.1/com.android.tools.build/gradle/1.5.0/ca6476d93e374e70d0b7ca45ddc86151da840aa6/gradle-1.5.0.jar
81530000-81543000 r-xs 00346000 08:06 139391     /usr/lib/jvm/java-8-openjdk-i386/jre/lib/resources.jar
81543000-8156e000 r-xs 001fc000 08:06 964277     /home/sharath/.gradle/caches/modules-2/files-2.1/com.google.guava/guava/18.0/cce0823396aa693798f8882e64213b1772032b09/guava-18.0.jar
8156e000-8156f000 r-xs 00001000 08:06 964276     /home/sharath/.gradle/caches/modules-2/files-2.1/com.android.tools/annotations/25.2.3/a9970f79003cbf4aaaf26a5590aca7066f209347/annotations-25.2.3.jar
8156f000-81582000 r-xs 000b2000 08:06 964275     /home/sharath/.gradle/caches/modules-2/files-2.1/com.android.tools.external.com-intellij/uast/145.597.4/6b430796bdb6563146affb34fb840c64e8d1d3b1/uast-145.597.4.jar
81582000-8158a000 r-xs 000a8000 08:06 964274     /home/sharath/.gradle/caches/modules-2/files-2.1/com.android.tools.external.lombok/lombok-ast/0.2.3/528b6f8bde3157f17530aa366631f2aad2a6cf9/lombok-ast-0.2.3.jar
8158a000-8158c000 r-xs 0000d000 08:06 964273     /home/sharath/.gradle/caches/modules-2/files-2.1/commons-codec/commons-codec/1.4/4216af16d38465bbab0f3dff8efa14204f7a399a/commons-codec-1.4.jar
8158c000-8158e000 r-xs 0000d000 08:06 964272     /home/sharath/.gradle/caches/modules-2/files-2.1/commons-logging/commons-logging/1.1.1/5043bfebc3db072ed80fbd362e7caf00e885d8ae/commons-logging-1.1.1.jar
8158e000-81593000 r-xs 00028000 08:06 964271     /home/sharath/.gradle/caches/modules-2/files-2.1/org.apache.httpcomponents/httpcore/4.1/33fc26c02f8043ab0ede19eadc8c9885386b255c/httpcore-4.1.jar
81593000-81597000 r-xs 0002f000 08:06 964270     /home/sharath/.gradle/caches/modules-2/files-2.1/com.google.jimfs/jimfs/1.1/8fbd0579dc68aba6186935cc1bee21d2f3e7ec1c/jimfs-1.1.jar
81597000-81598000 r-xs 00004000 08:06 964269     /home/sharath/.gradle/caches/modules-2/files-2.1/com.intellij/annotations/12.0/bbcf6448f6d40abe506e2c83b70a3e8bfd2b4539/annotations-12.0.jar
81598000-81599000 r-xs 00004000 08:06 964268     /home/sharath/.gradle/caches/modules-2/files-2.1/org.ow2.asm/asm-analysis/5.0.4/51f5031331a56c462a3cc5126e21ab65958759a9/asm-analysis-5.0.4.jar
81599000-8159d000 r-xs 0003b000 08:06 964267     /home/sharath/.gradle/caches/modules-2/files-2.1/com.android.tools.lint/lint-api/25.2.3/fb7afa11dcda11d5bf0fcd3dcfec3e13ee921057/lint-api-25.2.3.jar
8159d000-8159e000 r-xs 0000a000 08:06 964266     /home/sharath/.gradle/caches/modules-2/files-2.1/net.sf.kxml/kxml2/2.3.0/ccbc77a5fd907ef863c29f3596c6f54ffa4e9442/kxml2-2.3.0.jar
8159e000-815a0000 r-xs 00005000 08:06 964265     /home/sharath/.gradle/caches/modules-2/files-2.1/org.apache.httpcomponents/httpmime/4.1/9ba2dcdf94ce35c8a8e9bff242db0618ca932e92/httpmime-4.1.jar
815a0000-815a8000 r-xs 0004e000 08:06 964264     /home/sharath/.gradle/caches/modules-2/files-2.1/org.apache.httpcomponents/httpclient/4.1.1/3d1d918f32709e33ba7ddb2c4e8d1c543ebe713e/httpclient-4.1.1.jar
815a8000-815af000 r-xs 00053000 08:06 964263     /home/sharath/.gradle/caches/modules-2/files-2.1/org.apache.commons/commons-compress/1.8.1/a698750c16740fd5b3871425f4cb3bbaa87f529d/commons-compress-1.8.1.jar
815af000-815b4000 r-xs 0002a000 08:06 964262     /home/sharath/.gradle/caches/modules-2/files-2.1/com.google.code.gson/gson/2.2.4/a60a5e993c98c864010053cb901b7eab25306568/gson-2.2.4.jar
815b4000-815b9000 r-xs 0002d000 08:06 964261     /home/sharath/.gradle/caches/modules-2/files-2.1/com.android.tools/repository/25.2.3/179dee8115834f40bd9b39675da3a0273174c3ca/repository-25.2.3.jar
815b9000-815ba000 r-xs 00005000 08:06 964260     /home/sharath/.gradle/caches/modules-2/files-2.1/com.android.tools/dvlib/25.2.3/5afd79f645811a98c0519141cc13900c659091a8/dvlib-25.2.3.jar
815ba000-815bd000 r-xs 00014000 08:06 964259     /home/sharath/.gradle/caches/modules-2/files-2.1/com.android.tools.layoutlib/layoutlib-api/25.2.3/ead9944caa7cba814184148efe69faf8896f4478/layoutlib-api-25.2.3.jar
815bd000-815c1000 r-xs 00037000 08:06 964258     /home/sharath/.gradle/caches/modules-2/files-2.1/org.antlr/ST4/4.0.8/a1c55e974f8a94d78e2348fa6ff63f4fa1fae64/ST4-4.0.8.jar
815c1000-815c6000 r-xs 00058000 08:06 964256     /home/sharath/.gradle/caches/modules-2/files-2.1/org.ow2.asm/asm-debug-all/5.0.1/f69b5f7d96cec0d448acf1c1a266584170c9643b/asm-debug-all-5.0.1.jar
815c6000-815d6000 r-xs 000d6000 08:06 964255     /home/sharath/.gradle/caches/modules-2/files-2.1/net.sf.proguard/proguard-base/5.2.1/4f61348b4e7c943b85679dcb697f3a5fc3101921/proguard-base-5.2.1.jar
815d6000-815ed000 r-xs 00154000 08:06 964252     /home/sharath/.gradle/caches/modules-2/files-2.1/org.antlr/antlr4/4.5.3/f35db7e4b2446e4174ba6a73db7bd6b3e6bb5da1/antlr4-4.5.3.jar
815ed000-81600000 r-xs 00236000 08:06 964250     /home/sharath/.gradle/caches/modules-2/files-2.1/org.eclipse.jdt.core.compiler/ecj/4.5.1/bee1367ac12fb6a20b422ff8711ebeb4f0a42316/ecj-4.5.1.jar
81600000-816ff000 rwxp 00000000 00:00 0 
816ff000-81700000 ---p 00000000 00:00 0 
81700000-81800000 rwxp 00000000 00:00 0 
81800000-81900000 rwxp 00000000 00:00 0 
81900000-81a00000 rwxp 00000000 00:00 0 
81a00000-81afa000 rwxp 00000000 00:00 0 
81afa000-81b00000 ---p 00000000 00:00 0 
81b00000-81c00000 rwxp 00000000 00:00 0 
81c00000-81cfd000 rwxp 00000000 00:00 0 
81cfd000-81d00000 ---p 00000000 00:00 0 
81d00000-81d03000 r-xs 00026000 08:06 964257     /home/sharath/.gradle/caches/modules-2/files-2.1/org.antlr/antlr-runtime/3.5.2/cd9cd41361c155f3af0f653009dcecb08d8b4afd/antlr-runtime-3.5.2.jar
81d03000-81d06000 r-xs 00033000 08:06 964254     /home/sharath/.gradle/caches/modules-2/files-2.1/com.googlecode.juniversalchardet/juniversalchardet/1.0.3/cd49678784c46aa8789c060538e0154013bb421b/juniversalchardet-1.0.3.jar
81d06000-81d0a000 r-xs 0002a000 08:06 964253     /home/sharath/.gradle/caches/modules-2/files-2.1/commons-io/commons-io/2.4/b1b6ea3b7e4aa4f492509a4952029cd8e48019ad/commons-io-2.4.jar
81d0a000-81d0b000 r-xs 00002000 08:06 964251     /home/sharath/.gradle/caches/modules-2/files-2.1/com.android.databinding/baseLibrary/2.2.3/b4b51d1925cdfda98fd861230c1ecb5855500129/baseLibrary-2.2.3.jar
81d0b000-81d12000 r-xs 000c3000 08:06 964249     /home/sharath/.gradle/caches/modules-2/files-2.1/com.android.tools.lint/lint-checks/25.2.3/eae71c1f5ce54195dc821133e3a5df8145de8ff5/lint-checks-25.2.3.jar
81d12000-81d14000 r-xs 00006000 08:06 964248     /home/sharath/.gradle/caches/modules-2/files-2.1/org.ow2.asm/asm-tree/5.0.4/396ce0c07ba2b481f25a70195c7c94922f0d1b0b/asm-tree-5.0.4.jar
81d14000-81d47000 r-xs 00203000 08:06 964247     /home/sharath/.gradle/caches/modules-2/files-2.1/org.bouncycastle/bcprov-jdk15on/1.48/960dea7c9181ba0b17e8bab0c06a43f0a5f04e65/bcprov-jdk15on-1.48.jar
81d47000-81d55000 r-xs 00081000 08:06 964246     /home/sharath/.gradle/caches/modules-2/files-2.1/org.bouncycastle/bcpkix-jdk15on/1.48/28b7614b908a47844bb27e3c94b45b6893656265/bcpkix-jdk15on-1.48.jar
81d55000-81d57000 r-xs 00002000 08:06 964245     /home/sharath/.gradle/caches/modules-2/files-2.1/com.squareup/javawriter/2.5.0/81241ff7078ef14f42ea2a8995fa09c096256e6b/javawriter-2.5.0.jar
81d57000-81d58000 r-xs 00002000 08:06 964244     /home/sharath/.gradle/caches/modules-2/files-2.1/com.android.tools.analytics-library/tracker/25.2.3/c807f7b3d9aa3cee795ecac620d22c5ca7dd92e1/tracker-25.2.3.jar
81d58000-81d5a000 r-xs 00003000 08:06 964243     /home/sharath/.gradle/caches/modules-2/files-2.1/com.android.tools.analytics-library/shared/25.2.3/785426dac20cfe596e4cf36d01aad930ffdcb05c/shared-25.2.3.jar
81d5a000-81d67000 r-xs 000ed000 08:06 964241     /home/sharath/.gradle/caches/modules-2/files-2.1/com.android.tools.analytics-library/protos/25.2.3/821098054f9667d0f2536d7f2d0200d8bdd9c898/protos-25.2.3.jar
81d67000-81d68000 r-xs 00001000 08:06 964239     /home/sharath/.gradle/caches/modules-2/files-2.1/com.android.tools.jill/jill-api/0.10.0/7dfd6360ae4af1e171ec67b92e0cf065d59eef19/jill-api-0.10.0.jar
81d68000-81d6a000 r-xs 00003000 08:06 964237     /home/sharath/.gradle/caches/modules-2/files-2.1/com.android.tools.jack/jack-api/0.11.0/ccda6afebd2b9cf60886c601ea561bba62c35c70/jack-api-0.11.0.jar
81d6a000-81d6f000 r-xs 0004a000 08:06 964236     /home/sharath/.gradle/caches/modules-2/files-2.1/com.android.tools.ddms/ddmlib/25.2.3/2b66df9156f476b0ccee44b378cd09073118ff59/ddmlib-25.2.3.jar
81d6f000-81d72000 r-xs 00021000 08:06 964235     /home/sharath/.gradle/caches/modules-2/files-2.1/com.android.tools.build/manifest-merger/25.2.3/d0212c507be4c38c39f4ee06a7df5a44f500ed3b/manifest-merger-25.2.3.jar
81d72000-81d74000 r-xs 0001c000 08:06 964234     /home/sharath/.gradle/caches/modules-2/files-2.1/com.android.tools/common/25.2.3/255aa01048bebb511d828c6a5fc668df13b8f39d/common-25.2.3.jar
81d74000-81d7c000 r-xs 00084000 08:06 964233     /home/sharath/.gradle/caches/modules-2/files-2.1/com.android.tools/sdk-common/25.2.3/2c49ca3df5bb961473b096bab2a615a7cda50dc/sdk-common-25.2.3.jar
81d7c000-81d87000 r-xs 0008e000 08:06 964232     /home/sharath/.gradle/caches/modules-2/files-2.1/com.android.tools/sdklib/25.2.3/9f12cfc56b1df4e42fa2b73f9936b586b9a56a2/sdklib-25.2.3.jar
81d87000-81d8a000 r-xs 00005000 08:06 964230     /home/sharath/.gradle/caches/modules-2/files-2.1/com.android.tools.build/builder-model/2.2.3/eddf6035ce0a31651527b4c3cc239428e877c43a/builder-model-2.2.3.jar
81d8a000-81d94000 r-xs 00110000 08:06 964229     /home/sharath/.gradle/caches/modules-2/files-2.1/org.antlr/antlr/3.5.2/c4a65c950bfc3e7d04309c515b2177c00baf7764/antlr-3.5.2.jar
81d94000-81d9c000 r-xs 0007b000 08:06 964227     /home/sharath/.gradle/caches/modules-2/files-2.1/com.google.protobuf/protobuf-java/2.5.0/a10732c76bfacdbd633a7eb0f7968b1059a65dfa/protobuf-java-2.5.0.jar
81d9c000-81da0000 r-xs 0001f000 08:06 964225     /home/sharath/.gradle/caches/modules-2/files-2.1/org.jacoco/org.jacoco.report/0.7.5.201505241946/cb1ac5562a45c98cd7b774452f3e8b867b71cd65/org.jacoco.report-0.7.5.201505241946.jar
81da0000-81da4000 r-xs 0001d000 08:06 964224     /home/sharath/.gradle/caches/modules-2/files-2.1/org.jacoco/org.jacoco.core/0.7.5.201505241946/1ea906dc5201d2a1bc0604f8650534d4bcaf4c95/org.jacoco.core-0.7.5.201505241946.jar
81da4000-81da7000 ---p 00000000 00:00 0 
81da7000-81ef5000 rwxp 00000000 00:00 0 
81ef5000-81ff5000 rwxp 00000000 00:00 0 
81ff5000-81ff6000 r-xs 00002000 08:06 964231     /home/sharath/.gradle/caches/modules-2/files-2.1/com.android.tools.build/builder-test-api/2.2.3/700079fc243c217dbd6250ac01d2d6210ca8a0d6/builder-test-api-2.2.3.jar
81ff6000-81ff8000 r-xs 0000f000 08:06 964226     /home/sharath/.gradle/caches/modules-2/files-2.1/net.sf.jopt-simple/jopt-simple/4.9/ee9e9eaa0a35360dcfeac129ff4923215fd65904/jopt-simple-4.9.jar
81ff8000-81ffa000 r-xs 00009000 08:06 964221     /home/sharath/.gradle/caches/modules-2/files-2.1/org.ow2.asm/asm-commons/5.0.4/5a556786086c23cd689a0328f8519db93821c04c/asm-commons-5.0.4.jar
81ffa000-81ffc000 r-xs 0000c000 08:06 964220     /home/sharath/.gradle/caches/modules-2/files-2.1/org.ow2.asm/asm/5.0.4/da08b8cce7bbf903602a25a3a163ae252435795/asm-5.0.4.jar
81ffc000-82000000 r-xs 0002b000 08:06 964219     /home/sharath/.gradle/caches/modules-2/files-2.1/com.android.databinding/compilerCommon/2.2.3/8c3829022a54acd042b5382a4a873ee2d64c29ee/compilerCommon-2.2.3.jar
82000000-82100000 rwxp 00000000 00:00 0 
82100000-82200000 rwxp 00000000 00:00 0 
82200000-822fa000 rwxp 00000000 00:00 0 
822fa000-82300000 ---p 00000000 00:00 0 
82300000-82400000 rwxp 00000000 00:00 0 
82400000-82500000 rwxp 00000000 00:00 0 
82500000-82600000 rwxp 00000000 00:00 0 
82600000-82700000 rwxp 00000000 00:00 0 
82700000-82800000 rwxp 00000000 00:00 0 
82800000-82801000 r-xs 00002000 08:06 964223     /home/sharath/.gradle/caches/modules-2/files-2.1/net.sf.proguard/proguard-gradle/5.2.1/5e9956c050fd84fa043517e77c4c0ff175a6b002/proguard-gradle-5.2.1.jar
82801000-82802000 r-xs 00002000 08:06 964218     /home/sharath/.gradle/caches/modules-2/files-2.1/com.android.tools.build/gradle-api/2.2.3/9a45614f789d4aab624d2a61983263885f42b615/gradle-api-2.2.3.jar
82802000-82819000 r-xs 0015e000 08:06 964215     /home/sharath/.gradle/caches/modules-2/files-2.1/com.android.tools.build/builder/2.2.3/13e7339544e824a3a5f8ecff42173c013791578b/builder-2.2.3.jar
82819000-82836000 r-xs 0019d000 08:06 964214     /home/sharath/.gradle/caches/modules-2/files-2.1/com.android.tools.build/gradle-core/2.2.3/3a777b0626810e0ccdced7d750ac4b60c279616c/gradle-core-2.2.3.jar
82836000-82839000 ---p 00000000 00:00 0 
82839000-82987000 rwxp 00000000 00:00 0 
82987000-82a87000 rwxp 00000000 00:00 0 
82a87000-82b00000 r-xs 010fe000 08:06 139441     /usr/lib/jvm/java-8-openjdk-i386/lib/tools.jar
82b00000-82bfc000 rwxp 00000000 00:00 0 
82bfc000-82c00000 ---p 00000000 00:00 0 
82c00000-82cfa000 rwxp 00000000 00:00 0 
82cfa000-82d00000 ---p 00000000 00:00 0 
82d00000-82e00000 rwxp 00000000 00:00 0 
82e00000-82f00000 rwxp 00000000 00:00 0 
82f00000-82f01000 r-xs 00000000 08:06 964217     /home/sharath/.gradle/caches/modules-2/files-2.1/com.android.tools.build/transform-api/2.0.0-deprecated-use-gradle-api/85bee1acea9e27152b920746c68133b30b11431/transform-api-2.0.0-deprecated-use-gradle-api.jar
82f01000-82f06000 r-xs 00053000 08:06 964216     /home/sharath/.gradle/caches/modules-2/files-2.1/com.android.tools.lint/lint/25.2.3/aa03a3669f2913b9bc6f5f4fba4418f974e48cb7/lint-25.2.3.jar
82f06000-82f08000 r-xs 0000d000 08:06 964212     /home/sharath/.gradle/caches/modules-2/files-2.1/com.android.tools.build/gradle/2.2.3/7b8f79621d95e3ce1e95c0852db14d9d7e1d1951/gradle-2.2.3.jar
82f08000-82f0b000 ---p 00000000 00:00 0 
82f0b000-82f21000 rwxp 00000000 00:00 0 
82f21000-82f22000 r-xp 00000000 00:00 0 
82f22000-82f24000 r-xs 00007000 08:06 441540     /home/sharath/.gradle/wrapper/dists/gradle-2.14.1-all/8bnwg5hd3w55iofp58khbp6yv/gradle-2.14.1/lib/plugins/gradle-tooling-api-builders-2.14.1.jar
82f24000-82f27000 r-xs 00008000 08:06 441533     /home/sharath/.gradle/wrapper/dists/gradle-2.14.1-all/8bnwg5hd3w55iofp58khbp6yv/gradle-2.14.1/lib/plugins/gradle-testing-native-2.14.1.jar
82f27000-82f29000 r-xs 00009000 08:06 441612     /home/sharath/.gradle/wrapper/dists/gradle-2.14.1-all/8bnwg5hd3w55iofp58khbp6yv/gradle-2.14.1/lib/plugins/hamcrest-core-1.3.jar
82f29000-82f2f000 r-xs 00033000 08:06 441606     /home/sharath/.gradle/wrapper/dists/gradle-2.14.1-all/8bnwg5hd3w55iofp58khbp6yv/gradle-2.14.1/lib/plugins/snakeyaml-1.6.jar
82f2f000-82f31000 r-xs 00006000 08:06 441605     /home/sharath/.gradle/wrapper/dists/gradle-2.14.1-all/8bnwg5hd3w55iofp58khbp6yv/gradle-2.14.1/lib/plugins/jcommander-1.12.jar
82f31000-82f36000 r-xs 00040000 08:06 441604     /home/sharath/.gradle/wrapper/dists/gradle-2.14.1-all/8bnwg5hd3w55iofp58khbp6yv/gradle-2.14.1/lib/plugins/bsh-2.0b4.jar
82f36000-82f3f000 r-xs 00089000 08:06 441563     /home/sharath/.gradle/wrapper/dists/gradle-2.14.1-all/8bnwg5hd3w55iofp58khbp6yv/gradle-2.14.1/lib/plugins/testng-6.3.1.jar
82f3f000-82f47000 r-xs 00045000 08:06 441562     /home/sharath/.gradle/wrapper/dists/gradle-2.14.1-all/8bnwg5hd3w55iofp58khbp6yv/gradle-2.14.1/lib/plugins/junit-4.12.jar
82f47000-82f4d000 r-xs 0002e000 08:06 441534     /home/sharath/.gradle/wrapper/dists/gradle-2.14.1-all/8bnwg5hd3w55iofp58khbp6yv/gradle-2.14.1/lib/plugins/gradle-testing-jvm-2.14.1.jar
82f4d000-82f52000 r-xs 00015000 08:06 441532     /home/sharath/.gradle/wrapper/dists/gradle-2.14.1-all/8bnwg5hd3w55iofp58khbp6yv/gradle-2.14.1/lib/plugins/gradle-testing-base-2.14.1.jar
82f52000-82f53000 r-xs 00002000 08:06 441556     /home/sharath/.gradle/wrapper/dists/gradle-2.14.1-all/8bnwg5hd3w55iofp58khbp6yv/gradle-2.14.1/lib/plugins/sonar-batch-bootstrapper-2.9.jar
82f53000-82f56000 r-xs 00015000 08:06 441510     /home/sharath/.gradle/wrapper/dists/gradle-2.14.1-all/8bnwg5hd3w55iofp58khbp6yv/gradle-2.14.1/lib/plugins/gradle-sonar-2.14.1.jar
82f56000-82f5d000 r-xs 00038000 08:06 441557     /home/sharath/.gradle/wrapper/dists/gradle-2.14.1-all/8bnwg5hd3w55iofp58khbp6yv/gradle-2.14.1/lib/plugins/bcpg-jdk15on-1.51.jar
82f5d000-82f5f000 r-xs 0000d000 08:06 441511     /home/sharath/.gradle/wrapper/dists/gradle-2.14.1-all/8bnwg5hd3w55iofp58khbp6yv/gradle-2.14.1/lib/plugins/gradle-signing-2.14.1.jar
82f5f000-82f62000 r-xs 00009000 08:06 441509     /home/sharath/.gradle/wrapper/dists/gradle-2.14.1-all/8bnwg5hd3w55iofp58khbp6yv/gradle-2.14.1/lib/plugins/gradle-scala-2.14.1.jar
82f62000-82f63000 r-xs 00004000 08:06 441538     /home/sharath/.gradle/wrapper/dists/gradle-2.14.1-all/8bnwg5hd3w55iofp58khbp6yv/gradle-2.14.1/lib/plugins/gradle-resources-sftp-2.14.1.jar
82f63000-82f73000 r-xs 00088000 08:06 441573     /home/sharath/.gradle/wrapper/dists/gradle-2.14.1-all/8bnwg5hd3w55iofp58khbp6yv/gradle-2.14.1/lib/plugins/joda-time-2.8.2.jar
82f73000-82f84000 r-xs 000cf000 08:06 441572     /home/sharath/.gradle/wrapper/dists/gradle-2.14.1-all/8bnwg5hd3w55iofp58khbp6yv/gradle-2.14.1/lib/plugins/jackson-databind-2.3.2.jar
82f84000-82f86000 r-xs 00007000 08:06 441571     /home/sharath/.gradle/wrapper/dists/gradle-2.14.1-all/8bnwg5hd3w55iofp58khbp6yv/gradle-2.14.1/lib/plugins/jackson-annotations-2.3.2.jar
82f86000-82f89000 r-xs 0002e000 08:06 441570     /home/sharath/.gradle/wrapper/dists/gradle-2.14.1-all/8bnwg5hd3w55iofp58khbp6yv/gradle-2.14.1/lib/plugins/jackson-core-2.3.2.jar
82f89000-82f94000 r-xs 0006b000 08:06 441569     /home/sharath/.gradle/wrapper/dists/gradle-2.14.1-all/8bnwg5hd3w55iofp58khbp6yv/gradle-2.14.1/lib/plugins/aws-java-sdk-core-1.9.19.jar
82f94000-82f9a000 r-xs 00036000 08:06 441568     /home/sharath/.gradle/wrapper/dists/gradle-2.14.1-all/8bnwg5hd3w55iofp58khbp6yv/gradle-2.14.1/lib/plugins/aws-java-sdk-kms-1.9.19.jar
82f9a000-82fa5000 r-xs 00079000 08:06 441567     /home/sharath/.gradle/wrapper/dists/gradle-2.14.1-all/8bnwg5hd3w55iofp58khbp6yv/gradle-2.14.1/lib/plugins/aws-java-sdk-s3-1.9.19.jar
82fa5000-82fa6000 r-xs 00003000 08:06 441539     /home/sharath/.gradle/wrapper/dists/gradle-2.14.1-all/8bnwg5hd3w55iofp58khbp6yv/gradle-2.14.1/lib/plugins/gradle-resources-s3-2.14.1.jar
82fa6000-82fa8000 r-xs 00005000 08:06 441561     /home/sharath/.gradle/wrapper/dists/gradle-2.14.1-all/8bnwg5hd3w55iofp58khbp6yv/gradle-2.14.1/lib/plugins/jatl-0.2.2.jar
82fa8000-82faa000 r-xs 0000f000 08:06 441516     /home/sharath/.gradle/wrapper/dists/gradle-2.14.1-all/8bnwg5hd3w55iofp58khbp6yv/gradle-2.14.1/lib/plugins/gradle-reporting-2.14.1.jar
82faa000-82fac000 r-xs 00002000 08:06 441517     /home/sharath/.gradle/wrapper/dists/gradle-2.14.1-all/8bnwg5hd3w55iofp58khbp6yv/gradle-2.14.1/lib/plugins/gradle-publish-2.14.1.jar
82fac000-82fae000 r-xs 00009000 08:06 441543     /home/sharath/.gradle/wrapper/dists/gradle-2.14.1-all/8bnwg5hd3w55iofp58khbp6yv/gradle-2.14.1/lib/plugins/commons-cli-1.2.jar
82fae000-82fb4000 r-xs 00033000 08:06 441501     /home/sharath/.gradle/wrapper/dists/gradle-2.14.1-all/8bnwg5hd3w55iofp58khbp6yv/gradle-2.14.1/lib/plugins/gradle-plugins-2.14.1.jar
82fb4000-82fb6000 r-xs 00007000 08:06 441535     /home/sharath/.gradle/wrapper/dists/gradle-2.14.1-all/8bnwg5hd3w55iofp58khbp6yv/gradle-2.14.1/lib/plugins/gradle-plugin-development-2.14.1.jar
82fb6000-82fbc000 r-xs 0002a000 08:06 441528     /home/sharath/.gradle/wrapper/dists/gradle-2.14.1-all/8bnwg5hd3w55iofp58khbp6yv/gradle-2.14.1/lib/plugins/gradle-platform-play-2.14.1.jar
82fbc000-82fc9000 r-xs 0004d000 08:06 441527     /home/sharath/.gradle/wrapper/dists/gradle-2.14.1-all/8bnwg5hd3w55iofp58khbp6yv/gradle-2.14.1/lib/plugins/gradle-platform-native-2.14.1.jar
82fc9000-82fcd000 r-xs 0001a000 08:06 441522     /home/sharath/.gradle/wrapper/dists/gradle-2.14.1-all/8bnwg5hd3w55iofp58khbp6yv/gradle-2.14.1/lib/plugins/gradle-platform-jvm-2.14.1.jar
82fcd000-82fd4000 r-xs 00029000 08:06 441521     /home/sharath/.gradle/wrapper/dists/gradle-2.14.1-all/8bnwg5hd3w55iofp58khbp6yv/gradle-2.14.1/lib/plugins/gradle-platform-base-2.14.1.jar
82fd4000-82ff5000 r-xs 001c3000 08:06 441551     /home/sharath/.gradle/wrapper/dists/gradle-2.14.1-all/8bnwg5hd3w55iofp58khbp6yv/gradle-2.14.1/lib/plugins/bndlib-2.4.0.jar
82ff5000-82ff7000 r-xs 00003000 08:06 441505     /home/sharath/.gradle/wrapper/dists/gradle-2.14.1-all/8bnwg5hd3w55iofp58khbp6yv/gradle-2.14.1/lib/plugins/gradle-osgi-2.14.1.jar
82ff7000-82ffa000 r-xs 0000c000 08:06 441554     /home/sharath/.gradle/wrapper/dists/gradle-2.14.1-all/8bnwg5hd3w55iofp58khbp6yv/gradle-2.14.1/lib/plugins/pmaven-groovy-0.8-20100325.jar
82ffa000-83000000 r-xs 00022000 08:06 441506     /home/sharath/.gradle/wrapper/dists/gradle-2.14.1-all/8bnwg5hd3w55iofp58khbp6yv/gradle-2.14.1/lib/plugins/gradle-maven-2.14.1.jar
83000000-830f9000 rwxp 00000000 00:00 0 
830f9000-83100000 ---p 00000000 00:00 0 
83100000-831fe000 rwxp 00000000 00:00 0 
831fe000-83200000 ---p 00000000 00:00 0 
83200000-83300000 rwxp 00000000 00:00 0 
83300000-83400000 rwxp 00000000 00:00 0 
83400000-83401000 r-xs 00004000 08:06 441553     /home/sharath/.gradle/wrapper/dists/gradle-2.14.1-all/8bnwg5hd3w55iofp58khbp6yv/gradle-2.14.1/lib/plugins/pmaven-common-0.8-20100325.jar
83401000-83403000 r-xs 0000a000 08:06 441526     /home/sharath/.gradle/wrapper/dists/gradle-2.14.1-all/8bnwg5hd3w55iofp58khbp6yv/gradle-2.14.1/lib/plugins/gradle-language-scala-2.14.1.jar
83403000-83409000 r-xs 0001a000 08:06 441530     /home/sharath/.gradle/wrapper/dists/gradle-2.14.1-all/8bnwg5hd3w55iofp58khbp6yv/gradle-2.14.1/lib/plugins/gradle-language-native-2.14.1.jar
83409000-8340b000 r-xs 00008000 08:06 441523     /home/sharath/.gradle/wrapper/dists/gradle-2.14.1-all/8bnwg5hd3w55iofp58khbp6yv/gradle-2.14.1/lib/plugins/gradle-language-jvm-2.14.1.jar
8340b000-83411000 r-xs 00024000 08:06 441524     /home/sharath/.gradle/wrapper/dists/gradle-2.14.1-all/8bnwg5hd3w55iofp58khbp6yv/gradle-2.14.1/lib/plugins/gradle-language-java-2.14.1.jar
83411000-83413000 r-xs 0000a000 08:06 441525     /home/sharath/.gradle/wrapper/dists/gradle-2.14.1-all/8bnwg5hd3w55iofp58khbp6yv/gradle-2.14.1/lib/plugins/gradle-language-groovy-2.14.1.jar
83413000-83416000 r-xs 0001e000 08:06 441579     /home/sharath/.gradle/wrapper/dists/gradle-2.14.1-all/8bnwg5hd3w55iofp58khbp6yv/gradle-2.14.1/lib/plugins/jsp-api-2.1-6.1.14.jar
83416000-83439000 r-xs 00344000 08:06 441578     /home/sharath/.gradle/wrapper/dists/gradle-2.14.1-all/8bnwg5hd3w55iofp58khbp6yv/gradle-2.14.1/lib/plugins/core-3.1.1.jar
83439000-8343a000 r-xs 00006000 08:06 441577     /home/sharath/.gradle/wrapper/dists/gradle-2.14.1-all/8bnwg5hd3w55iofp58khbp6yv/gradle-2.14.1/lib/plugins/jetty-naming-6.1.25.jar
8343a000-8343b000 r-xs 00002000 08:06 441550     /home/sharath/.gradle/wrapper/dists/gradle-2.14.1-all/8bnwg5hd3w55iofp58khbp6yv/gradle-2.14.1/lib/plugins/geronimo-annotation_1.0_spec-1.0.jar
8343b000-8343d000 r-xs 00002000 08:06 441549     /home/sharath/.gradle/wrapper/dists/gradle-2.14.1-all/8bnwg5hd3w55iofp58khbp6yv/gradle-2.14.1/lib/plugins/jetty-annotations-6.1.25.jar
8343d000-8344e000 r-xs 000ea000 08:06 441548     /home/sharath/.gradle/wrapper/dists/gradle-2.14.1-all/8bnwg5hd3w55iofp58khbp6yv/gradle-2.14.1/lib/plugins/jsp-2.1-6.1.14.jar
8344e000-83450000 r-xs 0000d000 08:06 441547     /home/sharath/.gradle/wrapper/dists/gradle-2.14.1-all/8bnwg5hd3w55iofp58khbp6yv/gradle-2.14.1/lib/plugins/jetty-plus-6.1.25.jar
83450000-83452000 r-xs 0001f000 08:06 441546     /home/sharath/.gradle/wrapper/dists/gradle-2.14.1-all/8bnwg5hd3w55iofp58khbp6yv/gradle-2.14.1/lib/plugins/servlet-api-2.5-20081211.jar
83452000-83456000 r-xs 00028000 08:06 441545     /home/sharath/.gradle/wrapper/dists/gradle-2.14.1-all/8bnwg5hd3w55iofp58khbp6yv/gradle-2.14.1/lib/plugins/jetty-util-6.1.25.jar
83456000-8345d000 r-xs 0007d000 08:06 441544     /home/sharath/.gradle/wrapper/dists/gradle-2.14.1-all/8bnwg5hd3w55iofp58khbp6yv/gradle-2.14.1/lib/plugins/jetty-6.1.25.jar
8345d000-8345f000 r-xs 00009000 08:06 441503     /home/sharath/.gradle/wrapper/dists/gradle-2.14.1-all/8bnwg5hd3w55iofp58khbp6yv/gradle-2.14.1/lib/plugins/gradle-jetty-2.14.1.jar
8345f000-83466000 r-xs 00035000 08:06 441560     /home/sharath/.gradle/wrapper/dists/gradle-2.14.1-all/8bnwg5hd3w55iofp58khbp6yv/gradle-2.14.1/lib/plugins/simple-4.1.21.jar
83466000-83472000 r-xs 00100000 08:06 441558     /home/sharath/.gradle/wrapper/dists/gradle-2.14.1-all/8bnwg5hd3w55iofp58khbp6yv/gradle-2.14.1/lib/plugins/rhino-1.7R3.jar
83472000-83476000 r-xs 00011000 08:06 441513     /home/sharath/.gradle/wrapper/dists/gradle-2.14.1-all/8bnwg5hd3w55iofp58khbp6yv/gradle-2.14.1/lib/plugins/gradle-javascript-2.14.1.jar
83476000-83478000 r-xs 0000c000 08:06 441519     /home/sharath/.gradle/wrapper/dists/gradle-2.14.1-all/8bnwg5hd3w55iofp58khbp6yv/gradle-2.14.1/lib/plugins/gradle-jacoco-2.14.1.jar
83478000-8347b000 r-xs 0000e000 08:06 441518     /home/sharath/.gradle/wrapper/dists/gradle-2.14.1-all/8bnwg5hd3w55iofp58khbp6yv/gradle-2.14.1/lib/plugins/gradle-ivy-2.14.1.jar
8347b000-8347c000 r-xs 00002000 08:06 441529     /home/sharath/.gradle/wrapper/dists/gradle-2.14.1-all/8bnwg5hd3w55iofp58khbp6yv/gradle-2.14.1/lib/plugins/gradle-ide-play-2.14.1.jar
8347c000-83481000 r-xs 0002b000 08:06 441531     /home/sharath/.gradle/wrapper/dists/gradle-2.14.1-all/8bnwg5hd3w55iofp58khbp6yv/gradle-2.14.1/lib/plugins/gradle-ide-native-2.14.1.jar
83481000-8348c000 r-xs 00066000 08:06 441507     /home/sharath/.gradle/wrapper/dists/gradle-2.14.1-all/8bnwg5hd3w55iofp58khbp6yv/gradle-2.14.1/lib/plugins/gradle-ide-2.14.1.jar
8348c000-8348d000 r-xs 00008000 08:06 441512     /home/sharath/.gradle/wrapper/dists/gradle-2.14.1-all/8bnwg5hd3w55iofp58khbp6yv/gradle-2.14.1/lib/plugins/gradle-ear-2.14.1.jar
8348d000-83493000 r-xs 00032000 08:06 441515     /home/sharath/.gradle/wrapper/dists/gradle-2.14.1-all/8bnwg5hd3w55iofp58khbp6yv/gradle-2.14.1/lib/plugins/gradle-diagnostics-2.14.1.jar
83493000-83497000 r-xs 00021000 08:06 441502     /home/sharath/.gradle/wrapper/dists/gradle-2.14.1-all/8bnwg5hd3w55iofp58khbp6yv/gradle-2.14.1/lib/plugins/gradle-code-quality-2.14.1.jar
83497000-8349b000 r-xs 0001f000 08:06 441520     /home/sharath/.gradle/wrapper/dists/gradle-2.14.1-all/8bnwg5hd3w55iofp58khbp6yv/gradle-2.14.1/lib/plugins/gradle-build-init-2.14.1.jar
8349b000-834a2000 r-xs 0008e000 08:06 441514     /home/sharath/.gradle/wrapper/dists/gradle-2.14.1-all/8bnwg5hd3w55iofp58khbp6yv/gradle-2.14.1/lib/plugins/gradle-build-comparison-2.14.1.jar
834a2000-834a4000 r-xs 00008000 08:06 441504     /home/sharath/.gradle/wrapper/dists/gradle-2.14.1-all/8bnwg5hd3w55iofp58khbp6yv/gradle-2.14.1/lib/plugins/gradle-antlr-2.14.1.jar
834a4000-834a6000 r-xs 00004000 08:06 441508     /home/sharath/.gradle/wrapper/dists/gradle-2.14.1-all/8bnwg5hd3w55iofp58khbp6yv/gradle-2.14.1/lib/plugins/gradle-announce-2.14.1.jar
834a6000-834be000 r-xs 00115000 08:06 441609     /home/sharath/.gradle/wrapper/dists/gradle-2.14.1-all/8bnwg5hd3w55iofp58khbp6yv/gradle-2.14.1/lib/plugins/xercesImpl-2.9.1.jar
834be000-834c6000 r-xs 00028000 08:06 441610     /home/sharath/.gradle/wrapper/dists/gradle-2.14.1-all/8bnwg5hd3w55iofp58khbp6yv/gradle-2.14.1/lib/plugins/xml-apis-1.3.04.jar
834c6000-834cc000 r-xs 0005b000 08:06 441608     /home/sharath/.gradle/wrapper/dists/gradle-2.14.1-all/8bnwg5hd3w55iofp58khbp6yv/gradle-2.14.1/lib/plugins/jcifs-1.3.17.jar
834cc000-834d3000 r-xs 00049000 08:06 441607     /home/sharath/.gradle/wrapper/dists/gradle-2.14.1-all/8bnwg5hd3w55iofp58khbp6yv/gradle-2.14.1/lib/plugins/httpcore-4.4.4.jar
834d3000-834d9000 r-xs 00033000 08:06 441555     /home/sharath/.gradle/wrapper/dists/gradle-2.14.1-all/8bnwg5hd3w55iofp58khbp6yv/gradle-2.14.1/lib/plugins/commons-codec-1.6.jar
834d9000-834dc000 r-xs 0001c000 08:06 441565     /home/sharath/.gradle/wrapper/dists/gradle-2.14.1-all/8bnwg5hd3w55iofp58khbp6yv/gradle-2.14.1/lib/plugins/nekohtml-1.9.14.jar
834dc000-834e9000 r-xs 000a4000 08:06 441564     /home/sharath/.gradle/wrapper/dists/gradle-2.14.1-all/8bnwg5hd3w55iofp58khbp6yv/gradle-2.14.1/lib/plugins/httpclient-4.4.1.jar
834e9000-834eb000 r-xs 0000a000 08:06 441537     /home/sharath/.gradle/wrapper/dists/gradle-2.14.1-all/8bnwg5hd3w55iofp58khbp6yv/gradle-2.14.1/lib/plugins/gradle-resources-http-2.14.1.jar
834eb000-834ef000 r-xs 00014000 08:06 441536     /home/sharath/.gradle/wrapper/dists/gradle-2.14.1-all/8bnwg5hd3w55iofp58khbp6yv/gradle-2.14.1/lib/plugins/gradle-plugin-use-2.14.1.jar
834ef000-834f0000 r-xs 00000000 08:06 441452     /home/sharath/.gradle/wrapper/dists/gradle-2.14.1-all/8bnwg5hd3w55iofp58khbp6yv/gradle-2.14.1/lib/gradle-installation-beacon-2.14.1.jar
834f0000-834f1000 r-xs 00007000 08:06 441603     /home/sharath/.gradle/wrapper/dists/gradle-2.14.1-all/8bnwg5hd3w55iofp58khbp6yv/gradle-2.14.1/lib/plugins/wagon-http-shared4-2.4.jar
834f1000-834f5000 r-xs 00033000 08:06 441602     /home/sharath/.gradle/wrapper/dists/gradle-2.14.1-all/8bnwg5hd3w55iofp58khbp6yv/gradle-2.14.1/lib/plugins/plexus-utils-2.0.6.jar
834f5000-834f9000 r-xs 00021000 08:06 441601     /home/sharath/.gradle/wrapper/dists/gradle-2.14.1-all/8bnwg5hd3w55iofp58khbp6yv/gradle-2.14.1/lib/plugins/maven-model-builder-3.0.4.jar
834f9000-834fb000 r-xs 00002000 08:06 441599     /home/sharath/.gradle/wrapper/dists/gradle-2.14.1-all/8bnwg5hd3w55iofp58khbp6yv/gradle-2.14.1/lib/plugins/plexus-cipher-1.7.jar
834fb000-834fe000 r-xs 00013000 08:06 441598     /home/sharath/.gradle/wrapper/dists/gradle-2.14.1-all/8bnwg5hd3w55iofp58khbp6yv/gradle-2.14.1/lib/plugins/aether-api-1.13.1.jar
834fe000-83500000 r-xs 0000a000 08:06 441597     /home/sharath/.gradle/wrapper/dists/gradle-2.14.1-all/8bnwg5hd3w55iofp58khbp6yv/gradle-2.14.1/lib/plugins/maven-settings-3.0.4.jar
83500000-83700000 rwxp 00000000 00:00 0 
83700000-837fc000 rwxp 00000000 00:00 0 
837fc000-83800000 ---p 00000000 00:00 0 
83800000-83900000 rwxp 00000000 00:00 0 
83900000-83a00000 rwxp 00000000 00:00 0 
83a00000-83a01000 r-xs 00002000 08:06 441600     /home/sharath/.gradle/wrapper/dists/gradle-2.14.1-all/8bnwg5hd3w55iofp58khbp6yv/gradle-2.14.1/lib/plugins/wagon-file-2.4.jar
83a01000-83a03000 r-xs 0000d000 08:06 441596     /home/sharath/.gradle/wrapper/dists/gradle-2.14.1-all/8bnwg5hd3w55iofp58khbp6yv/gradle-2.14.1/lib/plugins/plexus-interpolation-1.14.jar
83a03000-83a05000 r-xs 0000b000 08:06 441595     /home/sharath/.gradle/wrapper/dists/gradle-2.14.1-all/8bnwg5hd3w55iofp58khbp6yv/gradle-2.14.1/lib/plugins/maven-artifact-3.0.4.jar
83a05000-83a0c000 r-xs 0002e000 08:06 441594     /home/sharath/.gradle/wrapper/dists/gradle-2.14.1-all/8bnwg5hd3w55iofp58khbp6yv/gradle-2.14.1/lib/plugins/plexus-container-default-1.5.5.jar
83a0c000-83a0e000 r-xs 0000b000 08:06 441593     /home/sharath/.gradle/wrapper/dists/gradle-2.14.1-all/8bnwg5hd3w55iofp58khbp6yv/gradle-2.14.1/lib/plugins/maven-plugin-api-3.0.4.jar
83a0e000-83a10000 r-xs 00000000 08:06 441611     /home/sharath/.gradle/wrapper/dists/gradle-2.14.1-all/8bnwg5hd3w55iofp58khbp6yv/gradle-2.14.1/lib/plugins/plexus-component-annotations-1.5.5.jar
83a10000-83a16000 r-xs 0003f000 08:06 441592     /home/sharath/.gradle/wrapper/dists/gradle-2.14.1-all/8bnwg5hd3w55iofp58khbp6yv/gradle-2.14.1/lib/plugins/maven-compat-3.0.4.jar
83a16000-83a19000 r-xs 00008000 08:06 441591     /home/sharath/.gradle/wrapper/dists/gradle-2.14.1-all/8bnwg5hd3w55iofp58khbp6yv/gradle-2.14.1/lib/plugins/maven-settings-builder-3.0.4.jar
83a19000-83a1a000 r-xs 00002000 08:06 441590     /home/sharath/.gradle/wrapper/dists/gradle-2.14.1-all/8bnwg5hd3w55iofp58khbp6yv/gradle-2.14.1/lib/plugins/wagon-http-2.4.jar
83a1a000-83a1c000 r-xs 00026000 08:06 441589     /home/sharath/.gradle/wrapper/dists/gradle-2.14.1-all/8bnwg5hd3w55iofp58khbp6yv/gradle-2.14.1/lib/plugins/maven-model-3.0.4.jar
83a1c000-83a1e000 r-xs 00006000 08:06 441588     /home/sharath/.gradle/wrapper/dists/gradle-2.14.1-all/8bnwg5hd3w55iofp58khbp6yv/gradle-2.14.1/lib/plugins/aether-connector-wagon-1.13.1.jar
83a1e000-83a20000 r-xs 0000a000 08:06 441587     /home/sharath/.gradle/wrapper/dists/gradle-2.14.1-all/8bnwg5hd3w55iofp58khbp6yv/gradle-2.14.1/lib/plugins/plexus-classworlds-2.4.jar
83a20000-83a22000 r-xs 00006000 08:06 441586     /home/sharath/.gradle/wrapper/dists/gradle-2.14.1-all/8bnwg5hd3w55iofp58khbp6yv/gradle-2.14.1/lib/plugins/maven-repository-metadata-3.0.4.jar
83a22000-83a24000 r-xs 0000c000 08:06 441585     /home/sharath/.gradle/wrapper/dists/gradle-2.14.1-all/8bnwg5hd3w55iofp58khbp6yv/gradle-2.14.1/lib/plugins/maven-aether-provider-3.0.4.jar
83a24000-83a26000 r-xs 0000b000 08:06 441584     /home/sharath/.gradle/wrapper/dists/gradle-2.14.1-all/8bnwg5hd3w55iofp58khbp6yv/gradle-2.14.1/lib/plugins/wagon-provider-api-2.4.jar
83a26000-83a2a000 r-xs 0001c000 08:06 441582     /home/sharath/.gradle/wrapper/dists/gradle-2.14.1-all/8bnwg5hd3w55iofp58khbp6yv/gradle-2.14.1/lib/plugins/aether-util-1.13.1.jar
83a2a000-83a2d000 r-xs 0001d000 08:06 441581     /home/sharath/.gradle/wrapper/dists/gradle-2.14.1-all/8bnwg5hd3w55iofp58khbp6yv/gradle-2.14.1/lib/plugins/aether-impl-1.13.1.jar
83a2d000-83a6d000 r-xs 00277000 08:06 441576     /home/sharath/.gradle/wrapper/dists/gradle-2.14.1-all/8bnwg5hd3w55iofp58khbp6yv/gradle-2.14.1/lib/plugins/bcprov-jdk15on-1.51.jar
83a6d000-83a79000 r-xs 0007d000 08:06 441552     /home/sharath/.gradle/wrapper/dists/gradle-2.14.1-all/8bnwg5hd3w55iofp58khbp6yv/gradle-2.14.1/lib/plugins/maven-core-3.0.4.jar
83a79000-83a88000 r-xs 000d9000 08:06 441574     /home/sharath/.gradle/wrapper/dists/gradle-2.14.1-all/8bnwg5hd3w55iofp58khbp6yv/gradle-2.14.1/lib/plugins/ivy-2.2.0.jar
83a88000-83aa8000 r-xp 00000000 08:06 263348     /lib/i386-linux-gnu/libtinfo.so.5.9
83aa8000-83aa9000 ---p 00020000 08:06 263348     /lib/i386-linux-gnu/libtinfo.so.5.9
83aa9000-83aab000 r-xp 00020000 08:06 263348     /lib/i386-linux-gnu/libtinfo.so.5.9
83aab000-83aac000 rwxp 00022000 08:06 263348     /lib/i386-linux-gnu/libtinfo.so.5.9
83aac000-83ad0000 r-xp 00000000 08:06 263274     /lib/i386-linux-gnu/libncurses.so.5.9
83ad0000-83ad1000 ---p 00024000 08:06 263274     /lib/i386-linux-gnu/libncurses.so.5.9
83ad1000-83ad2000 r-xp 00024000 08:06 263274     /lib/i386-linux-gnu/libncurses.so.5.9
83ad2000-83ad3000 rwxp 00025000 08:06 263274     /lib/i386-linux-gnu/libncurses.so.5.9
83ad3000-83ad4000 r-xs 00003000 08:06 441583     /home/sharath/.gradle/wrapper/dists/gradle-2.14.1-all/8bnwg5hd3w55iofp58khbp6yv/gradle-2.14.1/lib/plugins/aether-spi-1.13.1.jar
83ad4000-83ad9000 r-xs 00040000 08:06 441566     /home/sharath/.gradle/wrapper/dists/gradle-2.14.1-all/8bnwg5hd3w55iofp58khbp6yv/gradle-2.14.1/lib/plugins/jsch-0.1.53.jar
83ad9000-83af5000 r-xs 000d3000 08:06 441541     /home/sharath/.gradle/wrapper/dists/gradle-2.14.1-all/8bnwg5hd3w55iofp58khbp6yv/gradle-2.14.1/lib/plugins/gradle-dependency-management-2.14.1.jar
83af5000-83afe000 r-xp 00000000 08:06 139358     /usr/lib/jvm/java-8-openjdk-i386/jre/lib/i386/libmanagement.so
83afe000-83aff000 r-xp 00008000 08:06 139358     /usr/lib/jvm/java-8-openjdk-i386/jre/lib/i386/libmanagement.so
83aff000-83b00000 rwxp 00009000 08:06 139358     /usr/lib/jvm/java-8-openjdk-i386/jre/lib/i386/libmanagement.so
83b00000-83c00000 rwxp 00000000 00:00 0 
83c00000-83c01000 r-xs 00006000 08:06 441580     /home/sharath/.gradle/wrapper/dists/gradle-2.14.1-all/8bnwg5hd3w55iofp58khbp6yv/gradle-2.14.1/lib/plugins/plexus-sec-dispatcher-1.3.jar
83c01000-83c05000 r-xs 0001d000 08:06 441575     /home/sharath/.gradle/wrapper/dists/gradle-2.14.1-all/8bnwg5hd3w55iofp58khbp6yv/gradle-2.14.1/lib/plugins/xbean-reflect-3.4.jar
83c05000-83c0a000 r-xs 0002a000 08:06 441559     /home/sharath/.gradle/wrapper/dists/gradle-2.14.1-all/8bnwg5hd3w55iofp58khbp6yv/gradle-2.14.1/lib/plugins/gson-2.2.4.jar
83c0a000-83c1d000 r-xp 00000000 08:06 980361     /tmp/jna2574051430684751196.tmp
83c1d000-83c1e000 rwxp 00013000 08:06 980361     /tmp/jna2574051430684751196.tmp
83c1e000-83c21000 r-xp 00000000 08:06 443664     /home/sharath/.gradle/native/19/linux-i386/libnative-platform-curses.so
83c21000-83c22000 rwxp 00002000 08:06 443664     /home/sharath/.gradle/native/19/linux-i386/libnative-platform-curses.so
83c22000-83c26000 r-xp 00000000 08:06 443662     /home/sharath/.gradle/native/19/linux-i386/libnative-platform.so
83c26000-83c27000 rwxp 00003000 08:06 443662     /home/sharath/.gradle/native/19/linux-i386/libnative-platform.so
83c27000-83c29000 r-xs 00005000 08:06 441451     /home/sharath/.gradle/wrapper/dists/gradle-2.14.1-all/8bnwg5hd3w55iofp58khbp6yv/gradle-2.14.1/lib/gradle-wrapper-2.14.1.jar
83c29000-83c37000 r-xs 0004f000 08:06 441458     /home/sharath/.gradle/wrapper/dists/gradle-2.14.1-all/8bnwg5hd3w55iofp58khbp6yv/gradle-2.14.1/lib/gradle-tooling-api-2.14.1.jar
83c37000-83c39000 r-xs 00002000 08:06 441478     /home/sharath/.gradle/wrapper/dists/gradle-2.14.1-all/8bnwg5hd3w55iofp58khbp6yv/gradle-2.14.1/lib/gradle-open-api-2.14.1.jar
83c39000-83c3f000 r-xs 00032000 08:06 441480     /home/sharath/.gradle/wrapper/dists/gradle-2.14.1-all/8bnwg5hd3w55iofp58khbp6yv/gradle-2.14.1/lib/jaxen-1.1.jar
83c3f000-83c44000 r-xs 00048000 08:06 441479     /home/sharath/.gradle/wrapper/dists/gradle-2.14.1-all/8bnwg5hd3w55iofp58khbp6yv/gradle-2.14.1/lib/dom4j-1.6.1.jar
83c44000-83c4f000 r-xs 00059000 08:06 441457     /home/sharath/.gradle/wrapper/dists/gradle-2.14.1-all/8bnwg5hd3w55iofp58khbp6yv/gradle-2.14.1/lib/gradle-ui-2.14.1.jar
83c4f000-83c52000 r-xs 0000b000 08:06 441476     /home/sharath/.gradle/wrapper/dists/gradle-2.14.1-all/8bnwg5hd3w55iofp58khbp6yv/gradle-2.14.1/lib/gradle-resources-2.14.1.jar
83c52000-83c54000 r-xs 00003000 08:06 441488     /home/sharath/.gradle/wrapper/dists/gradle-2.14.1-all/8bnwg5hd3w55iofp58khbp6yv/gradle-2.14.1/lib/jcl-over-slf4j-1.7.10.jar
83c54000-83c55000 r-xs 00005000 08:06 441487     /home/sharath/.gradle/wrapper/dists/gradle-2.14.1-all/8bnwg5hd3w55iofp58khbp6yv/gradle-2.14.1/lib/log4j-over-slf4j-1.7.10.jar
83c55000-83c57000 r-xs 00000000 08:06 441486     /home/sharath/.gradle/wrapper/dists/gradle-2.14.1-all/8bnwg5hd3w55iofp58khbp6yv/gradle-2.14.1/lib/jul-to-slf4j-1.7.10.jar
83c57000-83c5c000 r-xs 0001c000 08:06 441475     /home/sharath/.gradle/wrapper/dists/gradle-2.14.1-all/8bnwg5hd3w55iofp58khbp6yv/gradle-2.14.1/lib/gradle-logging-2.14.1.jar
83c5c000-83c5e000 r-xs 00007000 08:06 441499     /home/sharath/.gradle/wrapper/dists/gradle-2.14.1-all/8bnwg5hd3w55iofp58khbp6yv/gradle-2.14.1/lib/objenesis-1.2.jar
83c5e000-83c60000 r-xs 00000000 08:06 441498     /home/sharath/.gradle/wrapper/dists/gradle-2.14.1-all/8bnwg5hd3w55iofp58khbp6yv/gradle-2.14.1/lib/minlog-1.2.jar
83c60000-83c62000 r-xs 0000f000 08:06 441497     /home/sharath/.gradle/wrapper/dists/gradle-2.14.1-all/8bnwg5hd3w55iofp58khbp6yv/gradle-2.14.1/lib/reflectasm-1.07-shaded.jar
83c62000-83c66000 r-xs 00026000 08:06 441485     /home/sharath/.gradle/wrapper/dists/gradle-2.14.1-all/8bnwg5hd3w55iofp58khbp6yv/gradle-2.14.1/lib/kryo-2.20.jar
83c66000-83c6c000 r-xs 00025000 08:06 441474     /home/sharath/.gradle/wrapper/dists/gradle-2.14.1-all/8bnwg5hd3w55iofp58khbp6yv/gradle-2.14.1/lib/gradle-messaging-2.14.1.jar
83c6c000-83c6d000 r-xs 00003000 08:06 441496     /home/sharath/.gradle/wrapper/dists/gradle-2.14.1-all/8bnwg5hd3w55iofp58khbp6yv/gradle-2.14.1/lib/native-platform-freebsd-amd64-0.10.jar
83c6d000-83c6e000 r-xs 00003000 08:06 441495     /home/sharath/.gradle/wrapper/dists/gradle-2.14.1-all/8bnwg5hd3w55iofp58khbp6yv/gradle-2.14.1/lib/native-platform-freebsd-i386-0.10.jar
83c6e000-83c6f000 r-xs 00005000 08:06 441494     /home/sharath/.gradle/wrapper/dists/gradle-2.14.1-all/8bnwg5hd3w55iofp58khbp6yv/gradle-2.14.1/lib/native-platform-windows-i386-0.10.jar
83c6f000-83c70000 r-xs 00005000 08:06 441493     /home/sharath/.gradle/wrapper/dists/gradle-2.14.1-all/8bnwg5hd3w55iofp58khbp6yv/gradle-2.14.1/lib/native-platform-windows-amd64-0.10.jar
83c70000-83c71000 r-xs 00003000 08:06 441492     /home/sharath/.gradle/wrapper/dists/gradle-2.14.1-all/8bnwg5hd3w55iofp58khbp6yv/gradle-2.14.1/lib/native-platform-linux-i386-0.10.jar
83c71000-83c72000 r-xs 00003000 08:06 441491     /home/sharath/.gradle/wrapper/dists/gradle-2.14.1-all/8bnwg5hd3w55iofp58khbp6yv/gradle-2.14.1/lib/native-platform-linux-amd64-0.10.jar
83c72000-83c73000 r-xs 00002000 08:06 441490     /home/sharath/.gradle/wrapper/dists/gradle-2.14.1-all/8bnwg5hd3w55iofp58khbp6yv/gradle-2.14.1/lib/native-platform-osx-amd64-0.10.jar
83c73000-83c75000 r-xs 00008000 08:06 441483     /home/sharath/.gradle/wrapper/dists/gradle-2.14.1-all/8bnwg5hd3w55iofp58khbp6yv/gradle-2.14.1/lib/jansi-1.2.1.jar
83c75000-83c78000 r-xs 0000d000 08:06 441482     /home/sharath/.gradle/wrapper/dists/gradle-2.14.1-all/8bnwg5hd3w55iofp58khbp6yv/gradle-2.14.1/lib/native-platform-0.10.jar
83c78000-83c7c000 r-xs 000e4000 08:06 441481     /home/sharath/.gradle/wrapper/dists/gradle-2.14.1-all/8bnwg5hd3w55iofp58khbp6yv/gradle-2.14.1/lib/jna-3.2.7.jar
83c7c000-83c7e000 r-xs 00009000 08:06 441459     /home/sharath/.gradle/wrapper/dists/gradle-2.14.1-all/8bnwg5hd3w55iofp58khbp6yv/gradle-2.14.1/lib/gradle-native-2.14.1.jar
83c7e000-83c80000 r-xs 00005000 08:06 441456     /home/sharath/.gradle/wrapper/dists/gradle-2.14.1-all/8bnwg5hd3w55iofp58khbp6yv/gradle-2.14.1/lib/gradle-cli-2.14.1.jar
83c80000-83c82000 r-xs 00007000 08:06 441466     /home/sharath/.gradle/wrapper/dists/gradle-2.14.1-all/8bnwg5hd3w55iofp58khbp6yv/gradle-2.14.1/lib/gradle-model-groovy-2.14.1.jar
83c82000-83c91000 r-xs 00080000 08:06 441465     /home/sharath/.gradle/wrapper/dists/gradle-2.14.1-all/8bnwg5hd3w55iofp58khbp6yv/gradle-2.14.1/lib/gradle-model-core-2.14.1.jar
83c91000-83d00000 r-xs 0063e000 08:06 441464     /home/sharath/.gradle/wrapper/dists/gradle-2.14.1-all/8bnwg5hd3w55iofp58khbp6yv/gradle-2.14.1/lib/groovy-all-2.4.4.jar
83d00000-83df9000 rwxp 00000000 00:00 0 
83df9000-83e00000 ---p 00000000 00:00 0 
83e00000-83e01000 r-xs 00002000 08:06 441489     /home/sharath/.gradle/wrapper/dists/gradle-2.14.1-all/8bnwg5hd3w55iofp58khbp6yv/gradle-2.14.1/lib/native-platform-osx-i386-0.10.jar
83e01000-83e02000 r-xs 00006000 08:06 441473     /home/sharath/.gradle/wrapper/dists/gradle-2.14.1-all/8bnwg5hd3w55iofp58khbp6yv/gradle-2.14.1/lib/gradle-base-services-groovy-2.14.1.jar
83e02000-83e03000 r-xs 00002000 08:06 441477     /home/sharath/.gradle/wrapper/dists/gradle-2.14.1-all/8bnwg5hd3w55iofp58khbp6yv/gradle-2.14.1/lib/gradle-docs-2.14.1.jar
83e03000-83e07000 r-xs 00027000 08:06 441470     /home/sharath/.gradle/wrapper/dists/gradle-2.14.1-all/8bnwg5hd3w55iofp58khbp6yv/gradle-2.14.1/lib/commons-io-2.2.jar
83e07000-83e14000 r-xs 00083000 08:06 441469     /home/sharath/.gradle/wrapper/dists/gradle-2.14.1-all/8bnwg5hd3w55iofp58khbp6yv/gradle-2.14.1/lib/commons-collections-3.2.2.jar
83e14000-83e19000 r-xs 00038000 08:06 441467     /home/sharath/.gradle/wrapper/dists/gradle-2.14.1-all/8bnwg5hd3w55iofp58khbp6yv/gradle-2.14.1/lib/asm-all-5.1.jar
83e19000-83e1e000 r-xs 00041000 08:06 441462     /home/sharath/.gradle/wrapper/dists/gradle-2.14.1-all/8bnwg5hd3w55iofp58khbp6yv/gradle-2.14.1/lib/commons-lang-2.6.jar
83e1e000-83e46000 r-xs 001cf000 08:06 441461     /home/sharath/.gradle/wrapper/dists/gradle-2.14.1-all/8bnwg5hd3w55iofp58khbp6yv/gradle-2.14.1/lib/guava-jdk5-17.0.jar
83e46000-83e65000 r-xs 001d1000 08:06 441468     /home/sharath/.gradle/wrapper/dists/gradle-2.14.1-all/8bnwg5hd3w55iofp58khbp6yv/gradle-2.14.1/lib/ant-1.9.6.jar
83e65000-83e6d000 r-xs 0003a000 08:06 441453     /home/sharath/.gradle/wrapper/dists/gradle-2.14.1-all/8bnwg5hd3w55iofp58khbp6yv/gradle-2.14.1/lib/gradle-base-services-2.14.1.jar
83e6d000-83ea4000 r-xs 001bd000 08:06 441455     /home/sharath/.gradle/wrapper/dists/gradle-2.14.1-all/8bnwg5hd3w55iofp58khbp6yv/gradle-2.14.1/lib/gradle-core-2.14.1.jar
83ea4000-83eb5000 r-xp 00000000 08:06 139361     /usr/lib/jvm/java-8-openjdk-i386/jre/lib/i386/libnio.so
83eb5000-83eb6000 r-xp 00010000 08:06 139361     /usr/lib/jvm/java-8-openjdk-i386/jre/lib/i386/libnio.so
83eb6000-83eb7000 rwxp 00011000 08:06 139361     /usr/lib/jvm/java-8-openjdk-i386/jre/lib/i386/libnio.so
83eb7000-85ab8000 rwxp 00000000 00:00 0 
85ab8000-85ab9000 ---p 00000000 00:00 0 
85ab9000-85b39000 rwxp 00000000 00:00 0 
85b39000-85b3c000 ---p 00000000 00:00 0 
85b3c000-85b8a000 rwxp 00000000 00:00 0 
85b8a000-85b8d000 ---p 00000000 00:00 0 
85b8d000-85c0b000 rwxp 00000000 00:00 0 
85c0b000-85c0e000 ---p 00000000 00:00 0 
85c0e000-85c8c000 rwxp 00000000 00:00 0 
85c8c000-85c8f000 ---p 00000000 00:00 0 
85c8f000-85cdd000 rwxp 00000000 00:00 0 
85cdd000-85d2e000 r-xp 00000000 08:06 930897     /usr/lib/locale/aa_DJ.utf8/LC_CTYPE
85d2e000-85e5e000 r-xp 00000000 08:06 930896     /usr/lib/locale/aa_DJ.utf8/LC_COLLATE
85e5e000-85e61000 ---p 00000000 00:00 0 
85e61000-85eaf000 rwxp 00000000 00:00 0 
85eaf000-85eb2000 ---p 00000000 00:00 0 
85eb2000-85f00000 rwxp 00000000 00:00 0 
85f00000-85ffd000 rwxp 00000000 00:00 0 
85ffd000-86000000 ---p 00000000 00:00 0 
86000000-86001000 r-xs 00000000 08:06 441472     /home/sharath/.gradle/wrapper/dists/gradle-2.14.1-all/8bnwg5hd3w55iofp58khbp6yv/gradle-2.14.1/lib/javax.inject-1.jar
86001000-86002000 r-xs 00000000 08:06 441471     /home/sharath/.gradle/wrapper/dists/gradle-2.14.1-all/8bnwg5hd3w55iofp58khbp6yv/gradle-2.14.1/lib/jcip-annotations-1.0.jar
86002000-86003000 r-xs 00001000 08:06 441463     /home/sharath/.gradle/wrapper/dists/gradle-2.14.1-all/8bnwg5hd3w55iofp58khbp6yv/gradle-2.14.1/lib/gradle-process-services-2.14.1.jar
86003000-86004000 r-xs 00000000 08:06 441454     /home/sharath/.gradle/wrapper/dists/gradle-2.14.1-all/8bnwg5hd3w55iofp58khbp6yv/gradle-2.14.1/lib/gradle-jvm-services-2.14.1.jar
86004000-86005000 r-xs 00007000 08:06 441460     /home/sharath/.gradle/wrapper/dists/gradle-2.14.1-all/8bnwg5hd3w55iofp58khbp6yv/gradle-2.14.1/lib/slf4j-api-1.7.10.jar
86005000-86010000 r-xs 00051000 08:06 441450     /home/sharath/.gradle/wrapper/dists/gradle-2.14.1-all/8bnwg5hd3w55iofp58khbp6yv/gradle-2.14.1/lib/gradle-launcher-2.14.1.jar
86010000-86026000 r-xp 00000000 08:06 139360     /usr/lib/jvm/java-8-openjdk-i386/jre/lib/i386/libnet.so
86026000-86027000 r-xp 00015000 08:06 139360     /usr/lib/jvm/java-8-openjdk-i386/jre/lib/i386/libnet.so
86027000-86028000 rwxp 00016000 08:06 139360     /usr/lib/jvm/java-8-openjdk-i386/jre/lib/i386/libnet.so
86028000-8602d000 r-xs 0009a000 08:06 139386     /usr/lib/jvm/java-8-openjdk-i386/jre/lib/jsse.jar
8602d000-861fc000 r-xs 03c21000 08:06 139392     /usr/lib/jvm/java-8-openjdk-i386/jre/lib/rt.jar
861fc000-86642000 rwxp 00000000 00:00 0 
86642000-86648000 ---p 00000000 00:00 0 
86648000-87800000 rwxp 00000000 00:00 0 
87800000-87900000 rwxp 00000000 00:00 0 
87900000-87901000 r-xs 00004000 08:06 441484     /home/sharath/.gradle/wrapper/dists/gradle-2.14.1-all/8bnwg5hd3w55iofp58khbp6yv/gradle-2.14.1/lib/ant-launcher-1.9.6.jar
87901000-87903000 r-xs 0000b000 08:06 837848     /home/sharath/dev/react-native/android/gradle/wrapper/gradle-wrapper.jar
87903000-8791e000 r-xs 00394000 08:06 139319     /usr/lib/jvm/java-8-openjdk-i386/jre/lib/ext/cldrdata.jar
8791e000-87924000 r-xs 0003a000 08:06 139326     /usr/lib/jvm/java-8-openjdk-i386/jre/lib/ext/sunjce_provider.jar
87924000-87925000 ---p 00000000 00:00 0 
87925000-87a00000 rwxp 00000000 00:00 0 
87a00000-87a3b000 rwxp 00000000 00:00 0 
87a3b000-87b00000 ---p 00000000 00:00 0 
87b00000-87b04000 r-xs 00037000 08:06 139327     /usr/lib/jvm/java-8-openjdk-i386/jre/lib/ext/sunpkcs11.jar
87b04000-87b06000 r-xs 00007000 08:06 190081     /usr/share/java/java-atk-wrapper.jar
87b06000-87b09000 r-xs 0000f000 08:06 139321     /usr/lib/jvm/java-8-openjdk-i386/jre/lib/ext/icedtea-sound.jar
87b09000-87b0b000 r-xs 00001000 08:06 139320     /usr/lib/jvm/java-8-openjdk-i386/jre/lib/ext/dnsns.jar
87b0b000-87b59000 rwxp 00000000 00:00 0 
87b59000-87b5a000 ---p 00000000 00:00 0 
87b5a000-87bda000 rwxp 00000000 00:00 0 
87bda000-87bdb000 ---p 00000000 00:00 0 
87bdb000-87c70000 rwxp 00000000 00:00 0 
87c70000-87d03000 ---p 00000000 00:00 0 
87d03000-87d18000 rwxp 00000000 00:00 0 
87d18000-87dab000 ---p 00000000 00:00 0 
87dab000-87dd6000 rwxp 00000000 00:00 0 
87dd6000-87dff000 ---p 00000000 00:00 0 
87dff000-8a740000 rwxp 00000000 00:00 0 
8a740000-9ce00000 ---p 00000000 00:00 0 
9ce00000-a2300000 rwxp 00000000 00:00 0 
a30c0000-a7600000 ---p 00000000 00:00 0 
a7600000-a7601000 r-xs 0000a000 08:06 139322     /usr/lib/jvm/java-8-openjdk-i386/jre/lib/ext/jaccess.jar
a7601000-a760b000 r-xs 00116000 08:06 139323     /usr/lib/jvm/java-8-openjdk-i386/jre/lib/ext/localedata.jar
a760b000-a7626000 r-xs 001d6000 08:06 139324     /usr/lib/jvm/java-8-openjdk-i386/jre/lib/ext/nashorn.jar
a7626000-a7662000 rwxp 00000000 00:00 0 
a7662000-a79e6000 ---p 00000000 00:00 0 
a79e6000-a88b6000 rwxp 00000000 00:00 0 
a88b6000-b69e6000 ---p 00000000 00:00 0 
b69e6000-b69fc000 r-xp 00000000 08:06 263281     /lib/i386-linux-gnu/libnsl-2.24.so
b69fc000-b69fd000 r-xp 00016000 08:06 263281     /lib/i386-linux-gnu/libnsl-2.24.so
b69fd000-b69fe000 rwxp 00017000 08:06 263281     /lib/i386-linux-gnu/libnsl-2.24.so
b69fe000-b6a00000 rwxp 00000000 00:00 0 
b6a00000-b6af8000 rwxp 00000000 00:00 0 
b6af8000-b6b00000 ---p 00000000 00:00 0 
b6b00000-b6b02000 r-xs 00008000 08:06 139325     /usr/lib/jvm/java-8-openjdk-i386/jre/lib/ext/sunec.jar
b6b02000-b6b0d000 r-xp 00000000 08:06 263287     /lib/i386-linux-gnu/libnss_files-2.24.so
b6b0d000-b6b0e000 r-xp 0000a000 08:06 263287     /lib/i386-linux-gnu/libnss_files-2.24.so
b6b0e000-b6b0f000 rwxp 0000b000 08:06 263287     /lib/i386-linux-gnu/libnss_files-2.24.so
b6b0f000-b6b15000 rwxp 00000000 00:00 0 
b6b15000-b6b16000 r-xs 00010000 08:06 139328     /usr/lib/jvm/java-8-openjdk-i386/jre/lib/ext/zipfs.jar
b6b16000-b6b17000 r-xp 00000000 08:06 930927     /usr/lib/locale/aa_ET/LC_NUMERIC
b6b17000-b6b18000 r-xp 00000000 08:06 267035     /usr/lib/locale/en_US.utf8/LC_TIME
b6b18000-b6b19000 r-xp 00000000 08:06 139900     /usr/lib/locale/chr_US/LC_MONETARY
b6b19000-b6b1a000 r-xp 00000000 08:06 266822     /usr/lib/locale/en_AG/LC_MESSAGES/SYS_LC_MESSAGES
b6b1a000-b6b1b000 r-xp 00000000 08:06 139902     /usr/lib/locale/chr_US/LC_PAPER
b6b1b000-b6b1c000 r-xp 00000000 08:06 139901     /usr/lib/locale/chr_US/LC_NAME
b6b1c000-b6b1d000 r-xp 00000000 08:06 267032     /usr/lib/locale/en_US.utf8/LC_ADDRESS
b6b1d000-b6b24000 r-xs 00000000 08:06 1050545    /usr/lib/i386-linux-gnu/gconv/gconv-modules.cache
b6b24000-b6b30000 rwxp 00000000 00:00 0 
b6b30000-b6b38000 r-xp 00000000 08:06 139369     /usr/lib/jvm/java-8-openjdk-i386/jre/lib/i386/libzip.so
b6b38000-b6b39000 r-xp 00007000 08:06 139369     /usr/lib/jvm/java-8-openjdk-i386/jre/lib/i386/libzip.so
b6b39000-b6b3a000 rwxp 00008000 08:06 139369     /usr/lib/jvm/java-8-openjdk-i386/jre/lib/i386/libzip.so
b6b3a000-b6b42000 rwxs 00000000 08:06 980360     /tmp/hsperfdata_sharath/5599
b6b42000-b6b6a000 r-xp 00000000 08:06 139348     /usr/lib/jvm/java-8-openjdk-i386/jre/lib/i386/libjava.so
b6b6a000-b6b6b000 r-xp 00027000 08:06 139348     /usr/lib/jvm/java-8-openjdk-i386/jre/lib/i386/libjava.so
b6b6b000-b6b6c000 rwxp 00028000 08:06 139348     /usr/lib/jvm/java-8-openjdk-i386/jre/lib/i386/libjava.so
b6b6c000-b6b73000 r-xp 00000000 08:06 263331     /lib/i386-linux-gnu/librt-2.24.so
b6b73000-b6b74000 r-xp 00006000 08:06 263331     /lib/i386-linux-gnu/librt-2.24.so
b6b74000-b6b75000 rwxp 00007000 08:06 263331     /lib/i386-linux-gnu/librt-2.24.so
b6b75000-b6b78000 ---p 00000000 00:00 0 
b6b78000-b6bc6000 rwxp 00000000 00:00 0 
b6bc6000-b6be1000 r-xp 00000000 08:06 263236     /lib/i386-linux-gnu/libgcc_s.so.1
b6be1000-b6be2000 r-xp 0001a000 08:06 263236     /lib/i386-linux-gnu/libgcc_s.so.1
b6be2000-b6be3000 rwxp 0001b000 08:06 263236     /lib/i386-linux-gnu/libgcc_s.so.1
b6be3000-b6c36000 r-xp 00000000 08:06 263266     /lib/i386-linux-gnu/libm-2.24.so
b6c36000-b6c37000 r-xp 00052000 08:06 263266     /lib/i386-linux-gnu/libm-2.24.so
b6c37000-b6c38000 rwxp 00053000 08:06 263266     /lib/i386-linux-gnu/libm-2.24.so
b6c38000-b6daa000 r-xp 00000000 08:06 1053025    /usr/lib/i386-linux-gnu/libstdc++.so.6.0.24
b6daa000-b6db0000 r-xp 00171000 08:06 1053025    /usr/lib/i386-linux-gnu/libstdc++.so.6.0.24
b6db0000-b6db1000 rwxp 00177000 08:06 1053025    /usr/lib/i386-linux-gnu/libstdc++.so.6.0.24
b6db1000-b6db4000 rwxp 00000000 00:00 0 
b6db4000-b78a6000 r-xp 00000000 08:06 139373     /usr/lib/jvm/java-8-openjdk-i386/jre/lib/i386/server/libjvm.so
b78a6000-b78a7000 ---p 00af2000 08:06 139373     /usr/lib/jvm/java-8-openjdk-i386/jre/lib/i386/server/libjvm.so
b78a7000-b78f3000 r-xp 00af2000 08:06 139373     /usr/lib/jvm/java-8-openjdk-i386/jre/lib/i386/server/libjvm.so
b78f3000-b790a000 rwxp 00b3e000 08:06 139373     /usr/lib/jvm/java-8-openjdk-i386/jre/lib/i386/server/libjvm.so
b790a000-b7d2b000 rwxp 00000000 00:00 0 
b7d2b000-b7edc000 r-xp 00000000 08:06 263199     /lib/i386-linux-gnu/libc-2.24.so
b7edc000-b7ede000 r-xp 001b0000 08:06 263199     /lib/i386-linux-gnu/libc-2.24.so
b7ede000-b7edf000 rwxp 001b2000 08:06 263199     /lib/i386-linux-gnu/libc-2.24.so
b7edf000-b7ee2000 rwxp 00000000 00:00 0 
b7ee2000-b7ee5000 r-xp 00000000 08:06 263222     /lib/i386-linux-gnu/libdl-2.24.so
b7ee5000-b7ee6000 r-xp 00002000 08:06 263222     /lib/i386-linux-gnu/libdl-2.24.so
b7ee6000-b7ee7000 rwxp 00003000 08:06 263222     /lib/i386-linux-gnu/libdl-2.24.so
b7ee7000-b7ef4000 r-xp 00000000 08:06 139333     /usr/lib/jvm/java-8-openjdk-i386/jre/lib/i386/jli/libjli.so
b7ef4000-b7ef5000 r-xp 0000c000 08:06 139333     /usr/lib/jvm/java-8-openjdk-i386/jre/lib/i386/jli/libjli.so
b7ef5000-b7ef6000 rwxp 0000d000 08:06 139333     /usr/lib/jvm/java-8-openjdk-i386/jre/lib/i386/jli/libjli.so
b7ef6000-b7f0f000 r-xp 00000000 08:06 263365     /lib/i386-linux-gnu/libz.so.1.2.8
b7f0f000-b7f10000 r-xp 00018000 08:06 263365     /lib/i386-linux-gnu/libz.so.1.2.8
b7f10000-b7f11000 rwxp 00019000 08:06 263365     /lib/i386-linux-gnu/libz.so.1.2.8
b7f11000-b7f2a000 r-xp 00000000 08:06 263323     /lib/i386-linux-gnu/libpthread-2.24.so
b7f2a000-b7f2b000 r-xp 00018000 08:06 263323     /lib/i386-linux-gnu/libpthread-2.24.so
b7f2b000-b7f2c000 rwxp 00019000 08:06 263323     /lib/i386-linux-gnu/libpthread-2.24.so
b7f2c000-b7f2e000 rwxp 00000000 00:00 0 
b7f2e000-b7f2f000 r-xp 00000000 08:06 139903     /usr/lib/locale/chr_US/LC_TELEPHONE
b7f2f000-b7f30000 r-xp 00000000 08:06 139899     /usr/lib/locale/chr_US/LC_MEASUREMENT
b7f30000-b7f31000 r-xp 00000000 08:06 267033     /usr/lib/locale/en_US.utf8/LC_IDENTIFICATION
b7f31000-b7f3c000 r-xp 00000000 08:06 263298     /lib/i386-linux-gnu/libnss_nis-2.24.so
b7f3c000-b7f3d000 r-xp 0000a000 08:06 263298     /lib/i386-linux-gnu/libnss_nis-2.24.so
b7f3d000-b7f3e000 rwxp 0000b000 08:06 263298     /lib/i386-linux-gnu/libnss_nis-2.24.so
b7f3e000-b7f46000 r-xp 00000000 08:06 263283     /lib/i386-linux-gnu/libnss_compat-2.24.so
b7f46000-b7f47000 r-xp 00007000 08:06 263283     /lib/i386-linux-gnu/libnss_compat-2.24.so
b7f47000-b7f48000 rwxp 00008000 08:06 263283     /lib/i386-linux-gnu/libnss_compat-2.24.so
b7f48000-b7f49000 rwxp 00000000 00:00 0 
b7f49000-b7f4a000 ---p 00000000 00:00 0 
b7f4a000-b7f58000 r-xp 00000000 08:06 139368     /usr/lib/jvm/java-8-openjdk-i386/jre/lib/i386/libverify.so
b7f58000-b7f59000 ---p 0000e000 08:06 139368     /usr/lib/jvm/java-8-openjdk-i386/jre/lib/i386/libverify.so
b7f59000-b7f5a000 r-xp 0000e000 08:06 139368     /usr/lib/jvm/java-8-openjdk-i386/jre/lib/i386/libverify.so
b7f5a000-b7f5b000 rwxp 0000f000 08:06 139368     /usr/lib/jvm/java-8-openjdk-i386/jre/lib/i386/libverify.so
b7f5b000-b7f5e000 rwxp 00000000 00:00 0 
b7f5e000-b7f61000 r--p 00000000 00:00 0          [vvar]
b7f61000-b7f63000 r-xp 00000000 00:00 0          [vdso]
b7f63000-b7f86000 r-xp 00000000 08:06 263168     /lib/i386-linux-gnu/ld-2.24.so
b7f86000-b7f87000 r-xp 00022000 08:06 263168     /lib/i386-linux-gnu/ld-2.24.so
b7f87000-b7f88000 rwxp 00023000 08:06 263168     /lib/i386-linux-gnu/ld-2.24.so
bfca6000-bfcc7000 rw-p 00000000 00:00 0          [stack]

VM Arguments:
jvm_args: -Dorg.gradle.appname=gradlew 
java_command: org.gradle.wrapper.GradleWrapperMain installDebug
java_class_path (initial): /home/sharath/dev/react-native/android/gradle/wrapper/gradle-wrapper.jar
Launcher Type: SUN_STANDARD

Environment Variables:
PATH=/home/sharath/.nvm/versions/node/v9.3.0/bin:/usr/local/bin:/usr/bin:/bin:/usr/local/games:/usr/games:/home/sharath/Android/Sdk/tools:/home/sharath/Android/Sdk/platform-tools:/home/sharath/Android/Sdk/tools:/home/sharath/Android/Sdk/platform-tools:/home/sharath/Android/Sdk/tools:/home/sharath/Android/Sdk/platform-tools
USERNAME=sharath
SHELL=/bin/bash
DISPLAY=:1

Signal Handlers:
SIGSEGV: [libjvm.so+0x8fb2f0], sa_mask[0]=11111111011111111101111111111110, sa_flags=SA_RESTART|SA_SIGINFO
SIGBUS: [libjvm.so+0x8fb2f0], sa_mask[0]=11111111011111111101111111111110, sa_flags=SA_RESTART|SA_SIGINFO
SIGFPE: [libjvm.so+0x74dfc0], sa_mask[0]=11111111011111111101111111111110, sa_flags=SA_RESTART|SA_SIGINFO
SIGPIPE: [libjvm.so+0x74dfc0], sa_mask[0]=11111111011111111101111111111110, sa_flags=SA_RESTART|SA_SIGINFO
SIGXFSZ: [libjvm.so+0x74dfc0], sa_mask[0]=11111111011111111101111111111110, sa_flags=SA_RESTART|SA_SIGINFO
SIGILL: [libjvm.so+0x74dfc0], sa_mask[0]=11111111011111111101111111111110, sa_flags=SA_RESTART|SA_SIGINFO
SIGUSR1: SIG_DFL, sa_mask[0]=00000000000000000000000000000000, sa_flags=none
SIGUSR2: [libjvm.so+0x74de00], sa_mask[0]=00000000000000000000000000000000, sa_flags=SA_RESTART|SA_SIGINFO
SIGHUP: [libjvm.so+0x74e350], sa_mask[0]=11111111011111111101111111111110, sa_flags=SA_RESTART|SA_SIGINFO
SIGINT: [libjvm.so+0x74e350], sa_mask[0]=11111111011111111101111111111110, sa_flags=SA_RESTART|SA_SIGINFO
SIGTERM: [libjvm.so+0x74e350], sa_mask[0]=11111111011111111101111111111110, sa_flags=SA_RESTART|SA_SIGINFO
SIGQUIT: [libjvm.so+0x74e350], sa_mask[0]=11111111011111111101111111111110, sa_flags=SA_RESTART|SA_SIGINFO


---------------  S Y S T E M  ---------------

OS:DISTRIB_ID=Kali
DISTRIB_RELEASE=kali-rolling
DISTRIB_CODENAME=kali-rolling
DISTRIB_DESCRIPTION="Kali GNU/Linux Rolling"

uname:Linux 4.13.0-kali1-686-pae #1 SMP Debian 4.13.10-1kali2 (2017-11-08) i686
libc:glibc 2.24 NPTL 2.24 
rlimit: STACK 8192k, CORE 0k, NPROC 15860, NOFILE 1048576, AS infinity
load average:7.80 4.80 2.29

/proc/meminfo:
MemTotal:        2056784 kB
MemFree:          116108 kB
MemAvailable:          0 kB
Buffers:             912 kB
Cached:           392000 kB
SwapCached:            0 kB
Active:          1489620 kB
Inactive:         362232 kB
Active(anon):    1480492 kB
Inactive(anon):   349724 kB
Active(file):       9128 kB
Inactive(file):    12508 kB
Unevictable:           0 kB
Mlocked:               0 kB
HighTotal:       1175236 kB
HighFree:          16280 kB
LowTotal:         881548 kB
LowFree:           99828 kB
SwapTotal:             0 kB
SwapFree:              0 kB
Dirty:               128 kB
Writeback:             0 kB
AnonPages:       1459080 kB
Mapped:            33608 kB
Shmem:            371136 kB
Slab:              43748 kB
SReclaimable:      18652 kB
SUnreclaim:        25096 kB
KernelStack:        5456 kB
PageTables:        20172 kB
NFS_Unstable:          0 kB
Bounce:                0 kB
WritebackTmp:          0 kB
CommitLimit:     1028392 kB
Committed_AS:    7335552 kB
VmallocTotal:     122880 kB
VmallocUsed:           0 kB
VmallocChunk:          0 kB
HardwareCorrupted:     0 kB
AnonHugePages:    385024 kB
ShmemHugePages:        0 kB
ShmemPmdMapped:        0 kB
HugePages_Total:       0
HugePages_Free:        0
HugePages_Rsvd:        0
HugePages_Surp:        0
Hugepagesize:       2048 kB
DirectMap4k:       12280 kB
DirectMap2M:      899072 kB


CPU:total 2 (initial active 2) (2 cores per cpu, 1 threads per core) family 6 model 15 stepping 2, cmov, cx8, fxsr, mmx, sse, sse2, sse3, ssse3, tsc

/proc/cpuinfo:
processor	: 0
vendor_id	: GenuineIntel
cpu family	: 6
model		: 15
model name	: Intel(R) Core(TM)2 CPU          4400  @ 2.00GHz
stepping	: 2
microcode	: 0x5d
cpu MHz		: 1994.884
cache size	: 2048 KB
physical id	: 0
siblings	: 2
core id		: 0
cpu cores	: 2
apicid		: 0
initial apicid	: 0
fdiv_bug	: no
f00f_bug	: no
coma_bug	: no
fpu		: yes
fpu_exception	: yes
cpuid level	: 10
wp		: yes
flags		: fpu vme de pse tsc msr pae mce cx8 apic sep mtrr pge mca cmov pat pse36 clflush dts acpi mmx fxsr sse sse2 ss ht tm pbe nx lm constant_tsc arch_perfmon pebs bts cpuid aperfmperf pni dtes64 monitor ds_cpl est tm2 ssse3 cx16 xtpr pdcm lahf_lm dtherm
bugs		:
bogomips	: 3989.76
clflush size	: 64
cache_alignment	: 64
address sizes	: 36 bits physical, 48 bits virtual
power management:

processor	: 1
vendor_id	: GenuineIntel
cpu family	: 6
model		: 15
model name	: Intel(R) Core(TM)2 CPU          4400  @ 2.00GHz
stepping	: 2
microcode	: 0x5d
cpu MHz		: 1994.884
cache size	: 2048 KB
physical id	: 0
siblings	: 2
core id		: 1
cpu cores	: 2
apicid		: 1
initial apicid	: 1
fdiv_bug	: no
f00f_bug	: no
coma_bug	: no
fpu		: yes
fpu_exception	: yes
cpuid level	: 10
wp		: yes
flags		: fpu vme de pse tsc msr pae mce cx8 apic sep mtrr pge mca cmov pat pse36 clflush dts acpi mmx fxsr sse sse2 ss ht tm pbe nx lm constant_tsc arch_perfmon pebs bts cpuid aperfmperf pni dtes64 monitor ds_cpl est tm2 ssse3 cx16 xtpr pdcm lahf_lm dtherm
bugs		:
bogomips	: 3989.98
clflush size	: 64
cache_alignment	: 64
address sizes	: 36 bits physical, 48 bits virtual
power management:



Memory: 4k page, physical 2056784k(115984k free), swap 0k(0k free)

vm_info: OpenJDK Server VM (25.151-b12) for linux-x86 JRE (1.8.0_151-8u151-b12-1-b12), built on Nov  1 2017 06:12:56 by "buildd" with gcc 7.2.1 20171025

time: Mon Jan 15 19:43:31 2018
elapsed time: 250 seconds (0d 0h 4m 10s)

