#
# A fatal error has been detected by the Java Runtime Environment:
#
#  SIGSEGV (0xb) at pc=0xb70ae875, pid=2267, tid=0x879ffb40
#
# JRE version: OpenJDK Runtime Environment (8.0_151-b12) (build 1.8.0_151-8u151-b12-1-b12)
# Java VM: OpenJDK Server VM (25.151-b12 mixed mode linux-x86 )
# Problematic frame:
# V  [libjvm.so+0x351875]
#
# Failed to write core dump. Core dumps have been disabled. To enable core dumping, try "ulimit -c unlimited" before starting Java again
#
# If you would like to submit a bug report, please visit:
#   http://bugreport.java.com/bugreport/crash.jsp
#

---------------  T H R E A D  ---------------

Current thread (0xb6a12000):  GCTaskThread [stack: 0x8797f000,0x87a00000] [id=2290]

siginfo: si_signo: 11 (SIGSEGV), si_code: 1 (SEGV_MAPERR), si_addr: 0x00000004

Registers:
EAX=0x00004000, EBX=0xb789c000, ECX=0x87c75e70, EDX=0x00000000
ESP=0x879ff084, EBP=0x879ff088, ESI=0x87c75e70, EDI=0x89991eec
EIP=0xb70ae875, EFLAGS=0x00010296, CR2=0x00000004

Top of Stack: (sp=0x879ff084)
0x879ff084:   0000075e 879ff0d8 b723f35f 87c75e70
0x879ff094:   00000000 879ff128 b7496851 b78c18e0
0x879ff0a4:   8621b5d0 00000004 b78c1900 b789c000
0x879ff0b4:   8621b5c8 b789df08 89991ef0 b789c000
0x879ff0c4:   00000002 b723f22b b789c000 89991ef0
0x879ff0d4:   b789c000 879ff128 b724c673 8621b4a0
0x879ff0e4:   b6aa7778 89991ee0 88483930 87c48018
0x879ff0f4:   82066978 00000006 b78c1900 b789df08 

Instructions: (pc=0xb70ae875)
0xb70ae855:   ff 66 90 66 90 66 90 66 90 66 90 55 89 e5 53 8b
0xb70ae865:   55 0c 8b 4d 08 e8 01 9a d6 ff 81 c3 91 d7 7e 00
0xb70ae875:   8b 42 04 83 f8 00 7e 13 a8 01 75 11 c1 f8 02 5b
0xb70ae885:   5d c3 89 f6 8d bc 27 00 00 00 00 75 16 8b 02 89 

Register to memory mapping:

EAX=0x00004000 is an unknown value
EBX=0xb789c000: <offset 0xb3f000> in /usr/lib/jvm/java-8-openjdk-i386/jre/lib/i386/server/libjvm.so at 0xb6d5d000
ECX=0x87c75e70 is pointing into object: 0x87c75e30
[Ljava.lang.Object; 
 - klass: 'java/lang/Object'[]
 - length: 16
EDX=0x00000000 is an unknown value
ESP=0x879ff084 is an unknown value
EBP=0x879ff088 is an unknown value
ESI=0x87c75e70 is pointing into object: 0x87c75e30
[Ljava.lang.Object; 
 - klass: 'java/lang/Object'[]
 - length: 16
EDI=0x89991eec is pointing into object: 0x89991ee0
java.lang.ref.WeakReference 
 - klass: 'java/lang/ref/WeakReference'


Stack: [0x8797f000,0x87a00000],  sp=0x879ff084,  free space=512k
Native frames: (J=compiled Java code, j=interpreted, Vv=VM code, C=native code)
V  [libjvm.so+0x351875]
V  [libjvm.so+0x4e235f]
V  [libjvm.so+0x4ef673]
V  [libjvm.so+0x7b1854]
V  [libjvm.so+0x795bf1]
V  [libjvm.so+0x46c1ed]
V  [libjvm.so+0x74fec5]
C  [libpthread.so.0+0x627a]  start_thread+0xda


---------------  P R O C E S S  ---------------

Java Threads: ( => current thread )
  0x80740800 JavaThread "pool-4-thread-2" [_thread_blocked, id=2344, stack(0x7f4c2000,0x7f513000)]
  0x8073f800 JavaThread "pool-4-thread-1" [_thread_blocked, id=2321, stack(0x7f657000,0x7f6a8000)]
  0x8074b400 JavaThread "pool-3-thread-1" [_thread_blocked, id=2320, stack(0x7f7af000,0x7f800000)]
  0x827a0800 JavaThread "File lock request listener" [_thread_in_native, id=2311, stack(0x81b96000,0x81be7000)]
  0x81e78400 JavaThread "process reaper" daemon [_thread_blocked, id=2310, stack(0x81ce7000,0x81d00000)]
  0x82433800 JavaThread "pool-1-thread-1" [_thread_blocked, id=2308, stack(0x82e01000,0x82e52000)]
  0x85f3b000 JavaThread "Service Thread" daemon [_thread_blocked, id=2297, stack(0x85ab8000,0x85b09000)]
  0x85f38000 JavaThread "C1 CompilerThread1" daemon [_thread_blocked, id=2296, stack(0x85b09000,0x85b8a000)]
  0x85f36000 JavaThread "C2 CompilerThread0" daemon [_thread_blocked, id=2295, stack(0x85b8a000,0x85c0b000)]
  0x85f34800 JavaThread "Signal Dispatcher" daemon [_thread_blocked, id=2294, stack(0x85c0b000,0x85c5c000)]
  0x85f18400 JavaThread "Finalizer" daemon [_thread_blocked, id=2293, stack(0x85ddd000,0x85e2e000)]
  0x85f15800 JavaThread "Reference Handler" daemon [_thread_blocked, id=2292, stack(0x85e2e000,0x85e7f000)]
  0xb6a07800 JavaThread "main" [_thread_blocked, id=2288, stack(0xb6b1e000,0xb6b6f000)]

Other Threads:
  0x85f10c00 VMThread [stack: 0x85e7f000,0x85f00000] [id=2291]
  0x85f3cc00 WatcherThread [stack: 0x85a37000,0x85ab8000] [id=2298]

=>0xb6a12000 (exited) GCTaskThread [stack: 0x8797f000,0x87a00000] [id=2290]

VM state:at safepoint (normal execution)

VM Mutex/Monitor currently owned by a thread:  ([mutex/lock_event])
[0xb6a04c80] Threads_lock - owner thread: 0x85f10c00
[0xb6a05090] Heap_lock - owner thread: 0xb6a07800

Heap:
 PSYoungGen      total 130048K, used 8045K [0x9cc00000, 0xa7280000, 0xa7400000)
  eden space 118528K, 0% used [0x9cc00000,0x9cc00000,0xa3fc0000)
  from space 11520K, 69% used [0xa3fc0000,0xa479b530,0xa4b00000)
  to   space 12032K, 0% used [0xa66c0000,0xa66c0000,0xa7280000)
 ParOldGen       total 40448K, used 33910K [0x87c00000, 0x8a380000, 0x9cc00000)
  object space 40448K, 83% used [0x87c00000,0x89d1d8d8,0x8a380000)
 Metaspace       used 36348K, capacity 37175K, committed 37248K, reserved 38192K

Card table byte_map: [0xa74d2000,0xa75cf000] byte_map_base: 0xa7094000

Marking Bits: (ParMarkBitMap*) 0xb78c1900
 Begin Bits: [0x86840000, 0x87020000)
 End Bits:   [0x87020000, 0x87800000)

Polling page: 0xb7ef2000

CodeCache: size=245760Kb used=15828Kb max_used=16244Kb free=229931Kb
 bounds [0xa798f000, 0xa8987000, 0xb698f000]
 total_blobs=6875 nmethods=6434 adapters=356
 compilation: enabled

Compilation events (10 events):
Event: 49.633 Thread 0x85f38000 7194       3       java.util.jar.Attributes::getValue (16 bytes)
Event: 49.634 Thread 0x85f38000 nmethod 7194 0xa8319648 code [0xa83197a0, 0xa8319a98]
Event: 49.634 Thread 0x85f38000 7195       3       org.apache.commons.codec.binary.Base64::encode (647 bytes)
Event: 49.635 Thread 0x85f38000 nmethod 7195 0xa825a848 code [0xa825aa20, 0xa825b350]
Event: 49.635 Thread 0x85f38000 7196       3       com.android.builder.internal.packaging.zip.CentralDirectoryHeaderCompressInfo::getCompressedSize (5 bytes)
Event: 49.636 Thread 0x85f38000 nmethod 7196 0xa83193c8 code [0xa83194e0, 0xa83195c0]
Event: 49.636 Thread 0x85f36000 7197       4       java.nio.charset.CharsetDecoder::<init> (108 bytes)
Event: 49.637 Thread 0x85f38000 7198       3       com.google.common.io.ByteStreams::copy (53 bytes)
Event: 49.638 Thread 0x85f38000 nmethod 7198 0xa8259e08 code [0xa8259fa0, 0xa825a510]
Event: 49.639 Thread 0x85f36000 nmethod 7197 0xa8318dc8 code [0xa8318ee0, 0xa8319170]

GC Heap History (10 events):
Event: 31.380 GC heap after
Heap after GC invocations=19 (full 2):
 PSYoungGen      total 83712K, used 0K [0x9cc00000, 0xa3a80000, 0xa7400000)
  eden space 76032K, 0% used [0x9cc00000,0x9cc00000,0xa1640000)
  from space 7680K, 0% used [0xa1640000,0xa1640000,0xa1dc0000)
  to   space 7680K, 0% used [0xa3300000,0xa3300000,0xa3a80000)
 ParOldGen       total 40448K, used 20467K [0x87c00000, 0x8a380000, 0x9cc00000)
  object space 40448K, 50% used [0x87c00000,0x88ffcff0,0x8a380000)
 Metaspace       used 26840K, capacity 27287K, committed 27308K, reserved 27952K
}
Event: 34.665 GC heap before
{Heap before GC invocations=20 (full 2):
 PSYoungGen      total 83712K, used 76032K [0x9cc00000, 0xa3a80000, 0xa7400000)
  eden space 76032K, 100% used [0x9cc00000,0xa1640000,0xa1640000)
  from space 7680K, 0% used [0xa1640000,0xa1640000,0xa1dc0000)
  to   space 7680K, 0% used [0xa3300000,0xa3300000,0xa3a80000)
 ParOldGen       total 40448K, used 20467K [0x87c00000, 0x8a380000, 0x9cc00000)
  object space 40448K, 50% used [0x87c00000,0x88ffcff0,0x8a380000)
 Metaspace       used 28719K, capacity 29357K, committed 29440K, reserved 30000K
Event: 34.707 GC heap after
Heap after GC invocations=20 (full 2):
 PSYoungGen      total 100864K, used 6425K [0x9cc00000, 0xa3980000, 0xa7400000)
  eden space 94208K, 0% used [0x9cc00000,0x9cc00000,0xa2800000)
  from space 6656K, 96% used [0xa3300000,0xa3946670,0xa3980000)
  to   space 8448K, 0% used [0xa2900000,0xa2900000,0xa3140000)
 ParOldGen       total 40448K, used 20471K [0x87c00000, 0x8a380000, 0x9cc00000)
  object space 40448K, 50% used [0x87c00000,0x88ffdff0,0x8a380000)
 Metaspace       used 28719K, capacity 29357K, committed 29440K, reserved 30000K
}
Event: 37.348 GC heap before
{Heap before GC invocations=21 (full 2):
 PSYoungGen      total 100864K, used 100633K [0x9cc00000, 0xa3980000, 0xa7400000)
  eden space 94208K, 100% used [0x9cc00000,0xa2800000,0xa2800000)
  from space 6656K, 96% used [0xa3300000,0xa3946670,0xa3980000)
  to   space 8448K, 0% used [0xa2900000,0xa2900000,0xa3140000)
 ParOldGen       total 40448K, used 20471K [0x87c00000, 0x8a380000, 0x9cc00000)
  object space 40448K, 50% used [0x87c00000,0x88ffdff0,0x8a380000)
 Metaspace       used 31720K, capacity 32443K, committed 32512K, reserved 33072K
Event: 37.433 GC heap after
Heap after GC invocations=21 (full 2):
 PSYoungGen      total 103680K, used 8434K [0x9cc00000, 0xa5640000, 0xa7400000)
  eden space 95232K, 0% used [0x9cc00000,0x9cc00000,0xa2900000)
  from space 8448K, 99% used [0xa2900000,0xa313c8d8,0xa3140000)
  to   space 11520K, 0% used [0xa4b00000,0xa4b00000,0xa5640000)
 ParOldGen       total 40448K, used 25850K [0x87c00000, 0x8a380000, 0x9cc00000)
  object space 40448K, 63% used [0x87c00000,0x8953e898,0x8a380000)
 Metaspace       used 31720K, capacity 32443K, committed 32512K, reserved 33072K
}
Event: 39.966 GC heap before
{Heap before GC invocations=22 (full 2):
 PSYoungGen      total 103680K, used 103666K [0x9cc00000, 0xa5640000, 0xa7400000)
  eden space 95232K, 100% used [0x9cc00000,0xa2900000,0xa2900000)
  from space 8448K, 99% used [0xa2900000,0xa313c8d8,0xa3140000)
  to   space 11520K, 0% used [0xa4b00000,0xa4b00000,0xa5640000)
 ParOldGen       total 40448K, used 25850K [0x87c00000, 0x8a380000, 0x9cc00000)
  object space 40448K, 63% used [0x87c00000,0x8953e898,0x8a380000)
 Metaspace       used 32501K, capacity 33276K, committed 33408K, reserved 34096K
Event: 40.020 GC heap after
Heap after GC invocations=22 (full 2):
 PSYoungGen      total 130048K, used 1846K [0x9cc00000, 0xa5780000, 0xa7400000)
  eden space 118528K, 0% used [0x9cc00000,0x9cc00000,0xa3fc0000)
  from space 11520K, 16% used [0xa4b00000,0xa4ccdb20,0xa5640000)
  to   space 11520K, 0% used [0xa3fc0000,0xa3fc0000,0xa4b00000)
 ParOldGen       total 40448K, used 33020K [0x87c00000, 0x8a380000, 0x9cc00000)
  object space 40448K, 81% used [0x87c00000,0x89c3f048,0x8a380000)
 Metaspace       used 32501K, capacity 33276K, committed 33408K, reserved 34096K
}
Event: 49.682 GC heap before
{Heap before GC invocations=23 (full 2):
 PSYoungGen      total 130048K, used 120100K [0x9cc00000, 0xa5780000, 0xa7400000)
  eden space 118528K, 99% used [0x9cc00000,0xa3f7b6b8,0xa3fc0000)
  from space 11520K, 16% used [0xa4b00000,0xa4ccdb20,0xa5640000)
  to   space 11520K, 0% used [0xa3fc0000,0xa3fc0000,0xa4b00000)
 ParOldGen       total 40448K, used 33020K [0x87c00000, 0x8a380000, 0x9cc00000)
  object space 40448K, 81% used [0x87c00000,0x89c3f048,0x8a380000)
 Metaspace       used 36348K, capacity 37175K, committed 37248K, reserved 38192K
Event: 49.714 GC heap after
Heap after GC invocations=23 (full 2):
 PSYoungGen      total 130048K, used 8045K [0x9cc00000, 0xa7280000, 0xa7400000)
  eden space 118528K, 0% used [0x9cc00000,0x9cc00000,0xa3fc0000)
  from space 11520K, 69% used [0xa3fc0000,0xa479b530,0xa4b00000)
  to   space 12032K, 0% used [0xa66c0000,0xa66c0000,0xa7280000)
 ParOldGen       total 40448K, used 33910K [0x87c00000, 0x8a380000, 0x9cc00000)
  object space 40448K, 83% used [0x87c00000,0x89d1d8d8,0x8a380000)
 Metaspace       used 36348K, capacity 37175K, committed 37248K, reserved 38192K
}
Event: 49.714 GC heap before
{Heap before GC invocations=24 (full 3):
 PSYoungGen      total 130048K, used 8045K [0x9cc00000, 0xa7280000, 0xa7400000)
  eden space 118528K, 0% used [0x9cc00000,0x9cc00000,0xa3fc0000)
  from space 11520K, 69% used [0xa3fc0000,0xa479b530,0xa4b00000)
  to   space 12032K, 0% used [0xa66c0000,0xa66c0000,0xa7280000)
 ParOldGen       total 40448K, used 33910K [0x87c00000, 0x8a380000, 0x9cc00000)
  object space 40448K, 83% used [0x87c00000,0x89d1d8d8,0x8a380000)
 Metaspace       used 36348K, capacity 37175K, committed 37248K, reserved 38192K

Deoptimization events (10 events):
Event: 49.149 Thread 0xb6a07800 Uncommon trap: reason=class_check action=maybe_recompile pc=0xa7f20544 method=java.nio.charset.CharsetDecoder.reset()Ljava/nio/charset/CharsetDecoder; @ 1
Event: 49.149 Thread 0xb6a07800 Uncommon trap: reason=class_check action=maybe_recompile pc=0xa7f20544 method=java.nio.charset.CharsetDecoder.reset()Ljava/nio/charset/CharsetDecoder; @ 1
Event: 49.314 Thread 0xb6a07800 Uncommon trap: reason=unstable_if action=reinterpret pc=0xa870a948 method=java.util.TreeMap.put(Ljava/lang/Object;Ljava/lang/Object;)Ljava/lang/Object; @ 90
Event: 49.336 Thread 0xb6a07800 Uncommon trap: reason=class_check action=maybe_recompile pc=0xa7deeb38 method=java.util.zip.InflaterInputStream.read([BII)I @ 100
Event: 49.336 Thread 0xb6a07800 Uncommon trap: reason=class_check action=maybe_recompile pc=0xa7deeb38 method=java.util.zip.InflaterInputStream.read([BII)I @ 100
Event: 49.336 Thread 0xb6a07800 Uncommon trap: reason=class_check action=maybe_recompile pc=0xa7deeb38 method=java.util.zip.InflaterInputStream.read([BII)I @ 100
Event: 49.336 Thread 0xb6a07800 Uncommon trap: reason=class_check action=maybe_recompile pc=0xa7deeb38 method=java.util.zip.InflaterInputStream.read([BII)I @ 100
Event: 49.402 Thread 0xb6a07800 Uncommon trap: reason=class_check action=maybe_recompile pc=0xa805ac50 method=sun.security.provider.DigestBase.implCompressMultiBlock([BII)I @ 8
Event: 49.403 Thread 0xb6a07800 Uncommon trap: reason=class_check action=maybe_recompile pc=0xa805ac50 method=sun.security.provider.DigestBase.implCompressMultiBlock([BII)I @ 8
Event: 49.522 Thread 0xb6a07800 Uncommon trap: reason=class_check action=maybe_recompile pc=0xa805ac50 method=sun.security.provider.DigestBase.implCompressMultiBlock([BII)I @ 8

Internal exceptions (10 events):
Event: 36.980 Thread 0xb6a07800 Exception <a 'java/lang/ClassNotFoundException': react_9zvl39cn8ynv82kujkivni67m$_run_closure1$_closure4$_closure5Customizer> (0xa1fd9ba0) thrown at [/build/openjdk-8-pEipKT/openjdk-8-8u151-b12/src/hotspot/src/share/vm/classfile/systemDictionary.cpp, line
Event: 36.983 Thread 0xb6a07800 Exception <a 'java/lang/ClassNotFoundException': org/gradle/api/internal/tasks/DefaultTaskInputsBeanInfo> (0xa201f510) thrown at [/build/openjdk-8-pEipKT/openjdk-8-8u151-b12/src/hotspot/src/share/vm/classfile/systemDictionary.cpp, line 210]
Event: 36.984 Thread 0xb6a07800 Exception <a 'java/lang/ClassNotFoundException': org/gradle/api/internal/tasks/DefaultTaskInputsCustomizer> (0xa2031df0) thrown at [/build/openjdk-8-pEipKT/openjdk-8-8u151-b12/src/hotspot/src/share/vm/classfile/systemDictionary.cpp, line 210]
Event: 36.988 Thread 0xb6a07800 Exception <a 'java/lang/ClassNotFoundException': org/gradle/api/internal/tasks/DefaultTaskOutputsBeanInfo> (0xa2073d88) thrown at [/build/openjdk-8-pEipKT/openjdk-8-8u151-b12/src/hotspot/src/share/vm/classfile/systemDictionary.cpp, line 210]
Event: 36.988 Thread 0xb6a07800 Exception <a 'java/lang/ClassNotFoundException': org/gradle/api/internal/tasks/DefaultTaskOutputsCustomizer> (0xa2086668) thrown at [/build/openjdk-8-pEipKT/openjdk-8-8u151-b12/src/hotspot/src/share/vm/classfile/systemDictionary.cpp, line 210]
Event: 36.995 Thread 0xb6a07800 Exception <a 'java/lang/ClassNotFoundException': org/apache/tools/ant/taskdefs/condition/OsBeanInfo> (0xa20c4d20) thrown at [/build/openjdk-8-pEipKT/openjdk-8-8u151-b12/src/hotspot/src/share/vm/classfile/systemDictionary.cpp, line 210]
Event: 36.995 Thread 0xb6a07800 Exception <a 'java/lang/ClassNotFoundException': org/apache/tools/ant/taskdefs/condition/OsCustomizer> (0xa20d0a68) thrown at [/build/openjdk-8-pEipKT/openjdk-8-8u151-b12/src/hotspot/src/share/vm/classfile/systemDictionary.cpp, line 210]
Event: 38.155 Thread 0xb6a07800 Implicit null exception at 0xa832d00b to 0xa832d085
Event: 38.190 Thread 0xb6a07800 Implicit null exception at 0xa861fe98 to 0xa862009d
Event: 42.937 Thread 0x8074b400 Implicit null exception at 0xa889b6cb to 0xa889bc3d

Events (10 events):
Event: 49.402 Thread 0xb6a07800 DEOPT UNPACKING pc=0xa79c9bd5 sp=0xb6b6bf3c mode 2
Event: 49.403 Thread 0xb6a07800 Uncommon trap: trap_request=0xffffffde fr.pc=0xa805ac50
Event: 49.403 Thread 0xb6a07800 DEOPT PACKING pc=0xa805ac50 sp=0xb6b6bf60
Event: 49.403 Thread 0xb6a07800 DEOPT UNPACKING pc=0xa79c9bd5 sp=0xb6b6bf3c mode 2
Event: 49.522 Thread 0xb6a07800 DEOPT PACKING pc=0xa820b413 sp=0xb6b6bf60
Event: 49.522 Thread 0xb6a07800 DEOPT UNPACKING pc=0xa79cb310 sp=0xb6b6bdf0 mode 0
Event: 49.522 Thread 0xb6a07800 Uncommon trap: trap_request=0xffffffde fr.pc=0xa805ac50
Event: 49.522 Thread 0xb6a07800 DEOPT PACKING pc=0xa805ac50 sp=0xb6b6bf60
Event: 49.522 Thread 0xb6a07800 DEOPT UNPACKING pc=0xa79c9bd5 sp=0xb6b6bf3c mode 2
Event: 49.681 Executing VM operation: ParallelGCFailedAllocation


Dynamic libraries:
00452000-00453000 r-xp 00000000 08:06 139295     /usr/lib/jvm/java-8-openjdk-i386/jre/bin/java
00453000-00454000 r-xp 00000000 08:06 139295     /usr/lib/jvm/java-8-openjdk-i386/jre/bin/java
00454000-00455000 rwxp 00001000 08:06 139295     /usr/lib/jvm/java-8-openjdk-i386/jre/bin/java
01407000-02177000 rwxp 00000000 00:00 0          [heap]
7f000000-7f039000 rwxp 00000000 00:00 0 
7f039000-7f100000 ---p 00000000 00:00 0 
7f200000-7f2ff000 rwxp 00000000 00:00 0 
7f2ff000-7f300000 ---p 00000000 00:00 0 
7f371000-7f391000 rwxp 00000000 00:00 0 
7f391000-7f474000 ---p 00000000 00:00 0 
7f474000-7f4c2000 rwxp 00000000 00:00 0 
7f4c2000-7f4c5000 ---p 00000000 00:00 0 
7f4c5000-7f513000 rwxp 00000000 00:00 0 
7f513000-7f516000 ---p 00000000 00:00 0 
7f516000-7f564000 rwxp 00000000 00:00 0 
7f564000-7f567000 ---p 00000000 00:00 0 
7f567000-7f5b5000 rwxp 00000000 00:00 0 
7f5b5000-7f5b8000 ---p 00000000 00:00 0 
7f5b8000-7f606000 rwxp 00000000 00:00 0 
7f606000-7f609000 ---p 00000000 00:00 0 
7f609000-7f657000 rwxp 00000000 00:00 0 
7f657000-7f65a000 ---p 00000000 00:00 0 
7f65a000-7f7a8000 rwxp 00000000 00:00 0 
7f7af000-7f7b2000 ---p 00000000 00:00 0 
7f7b2000-7f900000 rwxp 00000000 00:00 0 
7f900000-7fa00000 rwxp 00000000 00:00 0 
7fa00000-7fb00000 rwxp 00000000 00:00 0 
7fb00000-7fc00000 rwxp 00000000 00:00 0 
7fc00000-7fd00000 rwxp 00000000 00:00 0 
7fd00000-7fe00000 rwxp 00000000 00:00 0 
7fe00000-7ff00000 rwxp 00000000 00:00 0 
7ff00000-80000000 rwxp 00000000 00:00 0 
80000000-80100000 rwxp 00000000 00:00 0 
80100000-80200000 rwxp 00000000 00:00 0 
80200000-802f9000 rwxp 00000000 00:00 0 
802f9000-80300000 ---p 00000000 00:00 0 
80300000-803fe000 rwxp 00000000 00:00 0 
803fe000-80400000 ---p 00000000 00:00 0 
80400000-80500000 rwxp 00000000 00:00 0 
80500000-805d0000 rwxp 00000000 00:00 0 
805d0000-80600000 ---p 00000000 00:00 0 
80600000-806fe000 rwxp 00000000 00:00 0 
806fe000-80700000 ---p 00000000 00:00 0 
80700000-80800000 rwxp 00000000 00:00 0 
80800000-80900000 rwxp 00000000 00:00 0 
80900000-80a00000 rwxp 00000000 00:00 0 
80a00000-80b00000 rwxp 00000000 00:00 0 
80b00000-80bfa000 rwxp 00000000 00:00 0 
80bfa000-80c00000 ---p 00000000 00:00 0 
80c00000-80d00000 rwxp 00000000 00:00 0 
80d00000-80e00000 rwxp 00000000 00:00 0 
80e00000-80f00000 rwxp 00000000 00:00 0 
80f00000-81000000 rwxp 00000000 00:00 0 
81000000-810fb000 rwxp 00000000 00:00 0 
810fb000-81100000 ---p 00000000 00:00 0 
81100000-81200000 rwxp 00000000 00:00 0 
81200000-81300000 rwxp 00000000 00:00 0 
81300000-81400000 rwxp 00000000 00:00 0 
81400000-814fa000 rwxp 00000000 00:00 0 
814fa000-81500000 ---p 00000000 00:00 0 
81520000-81522000 r-xs 00005000 08:06 1024564    /home/sharath/.gradle/caches/modules-2/files-2.1/org.abego.treelayout/org.abego.treelayout.core/1.0.1/e31e79cba7a5414cf18fa69f3f0a2cf9ee997b61/org.abego.treelayout.core-1.0.1.jar
81522000-81523000 r-xs 00002000 08:06 1024563    /home/sharath/.gradle/caches/modules-2/files-2.1/com.tunnelvisionlabs/antlr4-annotations/4.5/2c5996120a0ac690de575bd8ac36250e6720a6b8/antlr4-annotations-4.5.jar
81523000-8152a000 r-xs 00062000 08:06 1024562    /home/sharath/.gradle/caches/modules-2/files-2.1/com.tunnelvisionlabs/antlr4-runtime/4.5/5067478827a98f5ab77d9fc577903edc57af3da4/antlr4-runtime-4.5.jar
8152a000-8152b000 r-xs 00004000 08:06 1024561    /home/sharath/.gradle/caches/modules-2/files-2.1/org.ow2.asm/asm-analysis/5.0.3/c7126aded0e8e13fed5f913559a0dd7b770a10f3/asm-analysis-5.0.3.jar
8152b000-8152e000 r-xs 0002d000 08:06 1024560    /home/sharath/.gradle/caches/modules-2/files-2.1/com.android.tools.lint/lint-api/24.5.0/7d93eb96a2f07860ab8d9ae761ebe5c416777fcf/lint-api-24.5.0.jar
8152e000-8152f000 r-xs 00005000 08:06 1024559    /home/sharath/.gradle/caches/modules-2/files-2.1/com.android.tools/dvlib/24.5.0/bb3cda7db1fa6c9543e887a8c451d0449e76fa4/dvlib-24.5.0.jar
8152f000-81532000 r-xs 00013000 08:06 1024558    /home/sharath/.gradle/caches/modules-2/files-2.1/com.android.tools.layoutlib/layoutlib-api/24.5.0/387949832720a36855711d2033cd4122e945f36e/layoutlib-api-24.5.0.jar
81532000-8153c000 r-xs 00099000 08:06 1024557    /home/sharath/.gradle/caches/modules-2/files-2.1/com.tunnelvisionlabs/antlr4/4.5/a0e860e317147848e69ac145bc5196901a9993bf/antlr4-4.5.jar
8153c000-81543000 r-xs 0005e000 08:06 1024556    /home/sharath/.gradle/caches/modules-2/files-2.1/org.apache.commons/commons-lang3/3.3.2/90a3822c38ec8c996e84c16a3477ef632cbc87a3/commons-lang3-3.3.2.jar
81543000-81544000 r-xs 00002000 08:06 1024555    /home/sharath/.gradle/caches/modules-2/files-2.1/com.android.databinding/baseLibrary/1.0-rc5/4d15bfec5956b906a26527dbde26a4fc84326611/baseLibrary-1.0-rc5.jar
81544000-8156f000 r-xs 001f9000 08:06 1024554    /home/sharath/.gradle/caches/modules-2/files-2.1/com.google.guava/guava/17.0/9c6ef172e8de35fd8d4d8783e4821e57cdef7445/guava-17.0.jar
8156f000-81570000 r-xs 00001000 08:06 1024553    /home/sharath/.gradle/caches/modules-2/files-2.1/com.android.tools/annotations/24.5.0/7f2bcdf40b008f15481324327b7f9e377b0b1697/annotations-24.5.0.jar
81570000-81582000 r-xs 00223000 08:06 1024552    /home/sharath/.gradle/caches/modules-2/files-2.1/org.eclipse.jdt.core.compiler/ecj/4.4.2/71d67f5bab9465ec844596ef844f40902ae25392/ecj-4.4.2.jar
81582000-81588000 r-xs 000af000 08:06 1024551    /home/sharath/.gradle/caches/modules-2/files-2.1/com.android.tools.lint/lint-checks/24.5.0/dbdca0447c2333481823e088a356393e653276b4/lint-checks-24.5.0.jar
81588000-8158a000 r-xs 00006000 08:06 1024550    /home/sharath/.gradle/caches/modules-2/files-2.1/org.ow2.asm/asm-tree/5.0.3/287749b48ba7162fb67c93a026d690b29f410bed/asm-tree-5.0.3.jar
8158a000-8158b000 r-xs 0000c000 08:06 1024549    /home/sharath/.gradle/caches/modules-2/files-2.1/org.ow2.asm/asm/5.0.3/dcc2193db20e19e1feca8b1240dbbc4e190824fa/asm-5.0.3.jar
8158b000-8158c000 r-xs 00001000 08:06 1024548    /home/sharath/.gradle/caches/modules-2/files-2.1/com.android.tools.jill/jill-api/0.9.0/9a83e898b15c853f6c92c74791064ca400cd3f3/jill-api-0.9.0.jar
8158c000-8158e000 r-xs 00002000 08:06 1024547    /home/sharath/.gradle/caches/modules-2/files-2.1/com.android.tools.jack/jack-api/0.9.0/6b474acfffc1e9d9e03df4ab3579b5fef852ed23/jack-api-0.9.0.jar
8158e000-81593000 r-xs 00047000 08:06 1024546    /home/sharath/.gradle/caches/modules-2/files-2.1/com.android.tools.ddms/ddmlib/24.5.0/d45670b5511da60d2939a1eece4c7c4407fee95b/ddmlib-24.5.0.jar
81593000-81597000 r-xs 00027000 08:06 1024545    /home/sharath/.gradle/caches/modules-2/files-2.1/com.android.tools.build/manifest-merger/24.5.0/dc521cf0bc3565f990d4da7fac4aabc73b6d62cf/manifest-merger-24.5.0.jar
81597000-81599000 r-xs 00016000 08:06 1024544    /home/sharath/.gradle/caches/modules-2/files-2.1/com.android.tools/common/24.5.0/55436737b893bac95c978b184dd35c76002d2eef/common-24.5.0.jar
81599000-815a1000 r-xs 00079000 08:06 1024543    /home/sharath/.gradle/caches/modules-2/files-2.1/com.android.tools/sdk-common/24.5.0/e9b9c057d8df82ee7bc682558fe21b2110b3e40a/sdk-common-24.5.0.jar
815a1000-815ab000 r-xs 000ab000 08:06 1024542    /home/sharath/.gradle/caches/modules-2/files-2.1/com.android.tools/sdklib/24.5.0/473c60ca5786363b6b3ea944446cf41676207ca7/sdklib-24.5.0.jar
815ab000-815ac000 r-xs 00002000 08:06 1024541    /home/sharath/.gradle/caches/modules-2/files-2.1/com.android.tools.build/builder-test-api/1.5.0/d9240c30b1bb243b4f57c48f734df2635fbd07e/builder-test-api-1.5.0.jar
815ac000-815ae000 r-xs 00005000 08:06 1024540    /home/sharath/.gradle/caches/modules-2/files-2.1/com.android.tools.build/builder-model/1.5.0/51a48a2f4c1da923b0b8bb174e57bc68ee040889/builder-model-1.5.0.jar
815ae000-815b2000 r-xs 0001e000 08:06 1024537    /home/sharath/.gradle/caches/modules-2/files-2.1/org.jacoco/org.jacoco.core/0.7.4.201502262128/31482f50411a3a5769b6c78fa9b97ba731c205e7/org.jacoco.core-0.7.4.201502262128.jar
815b2000-815b6000 r-xs 00026000 08:06 1024536    /home/sharath/.gradle/caches/modules-2/files-2.1/com.android.databinding/compilerCommon/1.0-rc5/3152caf6b493a20e5b0d63bb36f5322dbce6d10f/compilerCommon-1.0-rc5.jar
815b6000-815b8000 r-xs 00001000 08:06 1024535    /home/sharath/.gradle/caches/modules-2/files-2.1/com.android.tools.build/transform-api/1.5.0/90f914a7972579a4cc726c9e0022878f6c675e2/transform-api-1.5.0.jar
815b8000-815be000 r-xs 0005a000 08:06 1024532    /home/sharath/.gradle/caches/modules-2/files-2.1/com.android.tools.build/builder/1.5.0/1dcd59f6f3c90b2a8bc7156d091ad1b87a41beed/builder-1.5.0.jar
815be000-815d5000 r-xs 0012c000 08:06 1024531    /home/sharath/.gradle/caches/modules-2/files-2.1/com.android.tools.build/gradle-core/1.5.0/70915a3f0ef4243d4630ea23219f5445fac82700/gradle-core-1.5.0.jar
815d5000-81600000 r-xs 001fc000 08:06 964277     /home/sharath/.gradle/caches/modules-2/files-2.1/com.google.guava/guava/18.0/cce0823396aa693798f8882e64213b1772032b09/guava-18.0.jar
81600000-816fa000 rwxp 00000000 00:00 0 
816fa000-81700000 ---p 00000000 00:00 0 
81700000-81702000 r-xs 00022000 08:06 1024534    /home/sharath/.gradle/caches/modules-2/files-2.1/com.android.tools.lint/lint/24.5.0/461d7d801b822cbeb7daf001924fe1c616ce9535/lint-24.5.0.jar
81702000-81704000 r-xs 0000d000 08:06 1024530    /home/sharath/.gradle/caches/modules-2/files-2.1/com.android.tools.build/gradle/1.5.0/ca6476d93e374e70d0b7ca45ddc86151da840aa6/gradle-1.5.0.jar
81704000-81717000 r-xs 00346000 08:06 139391     /usr/lib/jvm/java-8-openjdk-i386/jre/lib/resources.jar
81717000-81718000 r-xs 00001000 08:06 964276     /home/sharath/.gradle/caches/modules-2/files-2.1/com.android.tools/annotations/25.2.3/a9970f79003cbf4aaaf26a5590aca7066f209347/annotations-25.2.3.jar
81718000-8172b000 r-xs 000b2000 08:06 964275     /home/sharath/.gradle/caches/modules-2/files-2.1/com.android.tools.external.com-intellij/uast/145.597.4/6b430796bdb6563146affb34fb840c64e8d1d3b1/uast-145.597.4.jar
8172b000-81733000 r-xs 000a8000 08:06 964274     /home/sharath/.gradle/caches/modules-2/files-2.1/com.android.tools.external.lombok/lombok-ast/0.2.3/528b6f8bde3157f17530aa366631f2aad2a6cf9/lombok-ast-0.2.3.jar
81733000-81735000 r-xs 0000d000 08:06 964273     /home/sharath/.gradle/caches/modules-2/files-2.1/commons-codec/commons-codec/1.4/4216af16d38465bbab0f3dff8efa14204f7a399a/commons-codec-1.4.jar
81735000-81737000 r-xs 0000d000 08:06 964272     /home/sharath/.gradle/caches/modules-2/files-2.1/commons-logging/commons-logging/1.1.1/5043bfebc3db072ed80fbd362e7caf00e885d8ae/commons-logging-1.1.1.jar
81737000-8173c000 r-xs 00028000 08:06 964271     /home/sharath/.gradle/caches/modules-2/files-2.1/org.apache.httpcomponents/httpcore/4.1/33fc26c02f8043ab0ede19eadc8c9885386b255c/httpcore-4.1.jar
8173c000-81740000 r-xs 0002f000 08:06 964270     /home/sharath/.gradle/caches/modules-2/files-2.1/com.google.jimfs/jimfs/1.1/8fbd0579dc68aba6186935cc1bee21d2f3e7ec1c/jimfs-1.1.jar
81740000-81741000 r-xs 00004000 08:06 964269     /home/sharath/.gradle/caches/modules-2/files-2.1/com.intellij/annotations/12.0/bbcf6448f6d40abe506e2c83b70a3e8bfd2b4539/annotations-12.0.jar
81741000-81742000 r-xs 00004000 08:06 964268     /home/sharath/.gradle/caches/modules-2/files-2.1/org.ow2.asm/asm-analysis/5.0.4/51f5031331a56c462a3cc5126e21ab65958759a9/asm-analysis-5.0.4.jar
81742000-81746000 r-xs 0003b000 08:06 964267     /home/sharath/.gradle/caches/modules-2/files-2.1/com.android.tools.lint/lint-api/25.2.3/fb7afa11dcda11d5bf0fcd3dcfec3e13ee921057/lint-api-25.2.3.jar
81746000-81747000 r-xs 0000a000 08:06 964266     /home/sharath/.gradle/caches/modules-2/files-2.1/net.sf.kxml/kxml2/2.3.0/ccbc77a5fd907ef863c29f3596c6f54ffa4e9442/kxml2-2.3.0.jar
81747000-81749000 r-xs 00005000 08:06 964265     /home/sharath/.gradle/caches/modules-2/files-2.1/org.apache.httpcomponents/httpmime/4.1/9ba2dcdf94ce35c8a8e9bff242db0618ca932e92/httpmime-4.1.jar
81749000-81751000 r-xs 0004e000 08:06 964264     /home/sharath/.gradle/caches/modules-2/files-2.1/org.apache.httpcomponents/httpclient/4.1.1/3d1d918f32709e33ba7ddb2c4e8d1c543ebe713e/httpclient-4.1.1.jar
81751000-81758000 r-xs 00053000 08:06 964263     /home/sharath/.gradle/caches/modules-2/files-2.1/org.apache.commons/commons-compress/1.8.1/a698750c16740fd5b3871425f4cb3bbaa87f529d/commons-compress-1.8.1.jar
81758000-8175d000 r-xs 0002a000 08:06 964262     /home/sharath/.gradle/caches/modules-2/files-2.1/com.google.code.gson/gson/2.2.4/a60a5e993c98c864010053cb901b7eab25306568/gson-2.2.4.jar
8175d000-81762000 r-xs 0002d000 08:06 964261     /home/sharath/.gradle/caches/modules-2/files-2.1/com.android.tools/repository/25.2.3/179dee8115834f40bd9b39675da3a0273174c3ca/repository-25.2.3.jar
81762000-81763000 r-xs 00005000 08:06 964260     /home/sharath/.gradle/caches/modules-2/files-2.1/com.android.tools/dvlib/25.2.3/5afd79f645811a98c0519141cc13900c659091a8/dvlib-25.2.3.jar
81763000-81766000 r-xs 00014000 08:06 964259     /home/sharath/.gradle/caches/modules-2/files-2.1/com.android.tools.layoutlib/layoutlib-api/25.2.3/ead9944caa7cba814184148efe69faf8896f4478/layoutlib-api-25.2.3.jar
81766000-8176a000 r-xs 00037000 08:06 964258     /home/sharath/.gradle/caches/modules-2/files-2.1/org.antlr/ST4/4.0.8/a1c55e974f8a94d78e2348fa6ff63f4fa1fae64/ST4-4.0.8.jar
8176a000-8176d000 r-xs 00026000 08:06 964257     /home/sharath/.gradle/caches/modules-2/files-2.1/org.antlr/antlr-runtime/3.5.2/cd9cd41361c155f3af0f653009dcecb08d8b4afd/antlr-runtime-3.5.2.jar
8176d000-81772000 r-xs 00058000 08:06 964256     /home/sharath/.gradle/caches/modules-2/files-2.1/org.ow2.asm/asm-debug-all/5.0.1/f69b5f7d96cec0d448acf1c1a266584170c9643b/asm-debug-all-5.0.1.jar
81772000-81782000 r-xs 000d6000 08:06 964255     /home/sharath/.gradle/caches/modules-2/files-2.1/net.sf.proguard/proguard-base/5.2.1/4f61348b4e7c943b85679dcb697f3a5fc3101921/proguard-base-5.2.1.jar
81782000-81785000 r-xs 00033000 08:06 964254     /home/sharath/.gradle/caches/modules-2/files-2.1/com.googlecode.juniversalchardet/juniversalchardet/1.0.3/cd49678784c46aa8789c060538e0154013bb421b/juniversalchardet-1.0.3.jar
81785000-81789000 r-xs 0002a000 08:06 964253     /home/sharath/.gradle/caches/modules-2/files-2.1/commons-io/commons-io/2.4/b1b6ea3b7e4aa4f492509a4952029cd8e48019ad/commons-io-2.4.jar
81789000-817a0000 r-xs 00154000 08:06 964252     /home/sharath/.gradle/caches/modules-2/files-2.1/org.antlr/antlr4/4.5.3/f35db7e4b2446e4174ba6a73db7bd6b3e6bb5da1/antlr4-4.5.3.jar
817a0000-817a1000 r-xs 00002000 08:06 964251     /home/sharath/.gradle/caches/modules-2/files-2.1/com.android.databinding/baseLibrary/2.2.3/b4b51d1925cdfda98fd861230c1ecb5855500129/baseLibrary-2.2.3.jar
817a1000-817b4000 r-xs 00236000 08:06 964250     /home/sharath/.gradle/caches/modules-2/files-2.1/org.eclipse.jdt.core.compiler/ecj/4.5.1/bee1367ac12fb6a20b422ff8711ebeb4f0a42316/ecj-4.5.1.jar
817b4000-817bb000 r-xs 000c3000 08:06 964249     /home/sharath/.gradle/caches/modules-2/files-2.1/com.android.tools.lint/lint-checks/25.2.3/eae71c1f5ce54195dc821133e3a5df8145de8ff5/lint-checks-25.2.3.jar
817bb000-817bd000 r-xs 00006000 08:06 964248     /home/sharath/.gradle/caches/modules-2/files-2.1/org.ow2.asm/asm-tree/5.0.4/396ce0c07ba2b481f25a70195c7c94922f0d1b0b/asm-tree-5.0.4.jar
817bd000-817f0000 r-xs 00203000 08:06 964247     /home/sharath/.gradle/caches/modules-2/files-2.1/org.bouncycastle/bcprov-jdk15on/1.48/960dea7c9181ba0b17e8bab0c06a43f0a5f04e65/bcprov-jdk15on-1.48.jar
817f0000-817fe000 r-xs 00081000 08:06 964246     /home/sharath/.gradle/caches/modules-2/files-2.1/org.bouncycastle/bcpkix-jdk15on/1.48/28b7614b908a47844bb27e3c94b45b6893656265/bcpkix-jdk15on-1.48.jar
817fe000-81800000 r-xs 00002000 08:06 964245     /home/sharath/.gradle/caches/modules-2/files-2.1/com.squareup/javawriter/2.5.0/81241ff7078ef14f42ea2a8995fa09c096256e6b/javawriter-2.5.0.jar
81800000-818f9000 rwxp 00000000 00:00 0 
818f9000-81900000 ---p 00000000 00:00 0 
81900000-81901000 r-xs 00002000 08:06 964244     /home/sharath/.gradle/caches/modules-2/files-2.1/com.android.tools.analytics-library/tracker/25.2.3/c807f7b3d9aa3cee795ecac620d22c5ca7dd92e1/tracker-25.2.3.jar
81901000-81903000 r-xs 00003000 08:06 964243     /home/sharath/.gradle/caches/modules-2/files-2.1/com.android.tools.analytics-library/shared/25.2.3/785426dac20cfe596e4cf36d01aad930ffdcb05c/shared-25.2.3.jar
81903000-81910000 r-xs 000ed000 08:06 964241     /home/sharath/.gradle/caches/modules-2/files-2.1/com.android.tools.analytics-library/protos/25.2.3/821098054f9667d0f2536d7f2d0200d8bdd9c898/protos-25.2.3.jar
81910000-81911000 r-xs 00001000 08:06 964239     /home/sharath/.gradle/caches/modules-2/files-2.1/com.android.tools.jill/jill-api/0.10.0/7dfd6360ae4af1e171ec67b92e0cf065d59eef19/jill-api-0.10.0.jar
81911000-81913000 r-xs 00003000 08:06 964237     /home/sharath/.gradle/caches/modules-2/files-2.1/com.android.tools.jack/jack-api/0.11.0/ccda6afebd2b9cf60886c601ea561bba62c35c70/jack-api-0.11.0.jar
81913000-81918000 r-xs 0004a000 08:06 964236     /home/sharath/.gradle/caches/modules-2/files-2.1/com.android.tools.ddms/ddmlib/25.2.3/2b66df9156f476b0ccee44b378cd09073118ff59/ddmlib-25.2.3.jar
81918000-8191b000 r-xs 00021000 08:06 964235     /home/sharath/.gradle/caches/modules-2/files-2.1/com.android.tools.build/manifest-merger/25.2.3/d0212c507be4c38c39f4ee06a7df5a44f500ed3b/manifest-merger-25.2.3.jar
8191b000-8191d000 r-xs 0001c000 08:06 964234     /home/sharath/.gradle/caches/modules-2/files-2.1/com.android.tools/common/25.2.3/255aa01048bebb511d828c6a5fc668df13b8f39d/common-25.2.3.jar
8191d000-81925000 r-xs 00084000 08:06 964233     /home/sharath/.gradle/caches/modules-2/files-2.1/com.android.tools/sdk-common/25.2.3/2c49ca3df5bb961473b096bab2a615a7cda50dc/sdk-common-25.2.3.jar
81925000-81930000 r-xs 0008e000 08:06 964232     /home/sharath/.gradle/caches/modules-2/files-2.1/com.android.tools/sdklib/25.2.3/9f12cfc56b1df4e42fa2b73f9936b586b9a56a2/sdklib-25.2.3.jar
81930000-81931000 r-xs 00002000 08:06 964231     /home/sharath/.gradle/caches/modules-2/files-2.1/com.android.tools.build/builder-test-api/2.2.3/700079fc243c217dbd6250ac01d2d6210ca8a0d6/builder-test-api-2.2.3.jar
81931000-81934000 r-xs 00005000 08:06 964230     /home/sharath/.gradle/caches/modules-2/files-2.1/com.android.tools.build/builder-model/2.2.3/eddf6035ce0a31651527b4c3cc239428e877c43a/builder-model-2.2.3.jar
81934000-8193e000 r-xs 00110000 08:06 964229     /home/sharath/.gradle/caches/modules-2/files-2.1/org.antlr/antlr/3.5.2/c4a65c950bfc3e7d04309c515b2177c00baf7764/antlr-3.5.2.jar
8193e000-81946000 r-xs 0007b000 08:06 964227     /home/sharath/.gradle/caches/modules-2/files-2.1/com.google.protobuf/protobuf-java/2.5.0/a10732c76bfacdbd633a7eb0f7968b1059a65dfa/protobuf-java-2.5.0.jar
81946000-81948000 r-xs 0000f000 08:06 964226     /home/sharath/.gradle/caches/modules-2/files-2.1/net.sf.jopt-simple/jopt-simple/4.9/ee9e9eaa0a35360dcfeac129ff4923215fd65904/jopt-simple-4.9.jar
81948000-8194c000 r-xs 0001f000 08:06 964225     /home/sharath/.gradle/caches/modules-2/files-2.1/org.jacoco/org.jacoco.report/0.7.5.201505241946/cb1ac5562a45c98cd7b774452f3e8b867b71cd65/org.jacoco.report-0.7.5.201505241946.jar
8194c000-81950000 r-xs 0001d000 08:06 964224     /home/sharath/.gradle/caches/modules-2/files-2.1/org.jacoco/org.jacoco.core/0.7.5.201505241946/1ea906dc5201d2a1bc0604f8650534d4bcaf4c95/org.jacoco.core-0.7.5.201505241946.jar
81950000-81951000 r-xs 00002000 08:06 964223     /home/sharath/.gradle/caches/modules-2/files-2.1/net.sf.proguard/proguard-gradle/5.2.1/5e9956c050fd84fa043517e77c4c0ff175a6b002/proguard-gradle-5.2.1.jar
81951000-81953000 r-xs 00009000 08:06 964221     /home/sharath/.gradle/caches/modules-2/files-2.1/org.ow2.asm/asm-commons/5.0.4/5a556786086c23cd689a0328f8519db93821c04c/asm-commons-5.0.4.jar
81953000-81955000 r-xs 0000c000 08:06 964220     /home/sharath/.gradle/caches/modules-2/files-2.1/org.ow2.asm/asm/5.0.4/da08b8cce7bbf903602a25a3a163ae252435795/asm-5.0.4.jar
81955000-81959000 r-xs 0002b000 08:06 964219     /home/sharath/.gradle/caches/modules-2/files-2.1/com.android.databinding/compilerCommon/2.2.3/8c3829022a54acd042b5382a4a873ee2d64c29ee/compilerCommon-2.2.3.jar
81959000-8195a000 r-xs 00002000 08:06 964218     /home/sharath/.gradle/caches/modules-2/files-2.1/com.android.tools.build/gradle-api/2.2.3/9a45614f789d4aab624d2a61983263885f42b615/gradle-api-2.2.3.jar
8195a000-8195b000 r-xs 00000000 08:06 964217     /home/sharath/.gradle/caches/modules-2/files-2.1/com.android.tools.build/transform-api/2.0.0-deprecated-use-gradle-api/85bee1acea9e27152b920746c68133b30b11431/transform-api-2.0.0-deprecated-use-gradle-api.jar
8195b000-81960000 r-xs 00053000 08:06 964216     /home/sharath/.gradle/caches/modules-2/files-2.1/com.android.tools.lint/lint/25.2.3/aa03a3669f2913b9bc6f5f4fba4418f974e48cb7/lint-25.2.3.jar
81960000-81977000 r-xs 0015e000 08:06 964215     /home/sharath/.gradle/caches/modules-2/files-2.1/com.android.tools.build/builder/2.2.3/13e7339544e824a3a5f8ecff42173c013791578b/builder-2.2.3.jar
81977000-81994000 r-xs 0019d000 08:06 964214     /home/sharath/.gradle/caches/modules-2/files-2.1/com.android.tools.build/gradle-core/2.2.3/3a777b0626810e0ccdced7d750ac4b60c279616c/gradle-core-2.2.3.jar
81994000-81996000 r-xs 0000d000 08:06 964212     /home/sharath/.gradle/caches/modules-2/files-2.1/com.android.tools.build/gradle/2.2.3/7b8f79621d95e3ce1e95c0852db14d9d7e1d1951/gradle-2.2.3.jar
81996000-81a96000 rwxp 00000000 00:00 0 
81a96000-81b96000 rwxp 00000000 00:00 0 
81b96000-81b99000 ---p 00000000 00:00 0 
81b99000-81ce1000 rwxp 00000000 00:00 0 
81ce1000-81ce7000 ---p 00000000 00:00 0 
81ce7000-81cea000 ---p 00000000 00:00 0 
81cea000-81e00000 rwxp 00000000 00:00 0 
81e00000-81efc000 rwxp 00000000 00:00 0 
81efc000-81f00000 ---p 00000000 00:00 0 
81f00000-81ffc000 rwxp 00000000 00:00 0 
81ffc000-82000000 ---p 00000000 00:00 0 
82000000-82100000 rwxp 00000000 00:00 0 
82100000-82200000 rwxp 00000000 00:00 0 
82200000-82300000 rwxp 00000000 00:00 0 
82300000-82400000 rwxp 00000000 00:00 0 
82400000-82500000 rwxp 00000000 00:00 0 
82500000-82600000 rwxp 00000000 00:00 0 
82600000-82700000 rwxp 00000000 00:00 0 
82700000-827fc000 rwxp 00000000 00:00 0 
827fc000-82800000 ---p 00000000 00:00 0 
82800000-82900000 rwxp 00000000 00:00 0 
82900000-82a00000 rwxp 00000000 00:00 0 
82a00000-82b00000 rwxp 00000000 00:00 0 
82b00000-82c00000 rwxp 00000000 00:00 0 
82c00000-82d00000 rwxp 00000000 00:00 0 
82d00000-82e00000 rwxp 00000000 00:00 0 
82e00000-82e01000 r-xp 00000000 00:00 0 
82e01000-82e04000 ---p 00000000 00:00 0 
82e04000-82e52000 rwxp 00000000 00:00 0 
82e52000-82ecb000 r-xs 010fe000 08:06 139441     /usr/lib/jvm/java-8-openjdk-i386/lib/tools.jar
82ecb000-82ecd000 r-xs 00007000 08:06 441540     /home/sharath/.gradle/wrapper/dists/gradle-2.14.1-all/8bnwg5hd3w55iofp58khbp6yv/gradle-2.14.1/lib/plugins/gradle-tooling-api-builders-2.14.1.jar
82ecd000-82ed0000 r-xs 00008000 08:06 441533     /home/sharath/.gradle/wrapper/dists/gradle-2.14.1-all/8bnwg5hd3w55iofp58khbp6yv/gradle-2.14.1/lib/plugins/gradle-testing-native-2.14.1.jar
82ed0000-82ed2000 r-xs 00009000 08:06 441612     /home/sharath/.gradle/wrapper/dists/gradle-2.14.1-all/8bnwg5hd3w55iofp58khbp6yv/gradle-2.14.1/lib/plugins/hamcrest-core-1.3.jar
82ed2000-82ed8000 r-xs 00033000 08:06 441606     /home/sharath/.gradle/wrapper/dists/gradle-2.14.1-all/8bnwg5hd3w55iofp58khbp6yv/gradle-2.14.1/lib/plugins/snakeyaml-1.6.jar
82ed8000-82edd000 r-xs 00040000 08:06 441604     /home/sharath/.gradle/wrapper/dists/gradle-2.14.1-all/8bnwg5hd3w55iofp58khbp6yv/gradle-2.14.1/lib/plugins/bsh-2.0b4.jar
82edd000-82ee6000 r-xs 00089000 08:06 441563     /home/sharath/.gradle/wrapper/dists/gradle-2.14.1-all/8bnwg5hd3w55iofp58khbp6yv/gradle-2.14.1/lib/plugins/testng-6.3.1.jar
82ee6000-82eee000 r-xs 00045000 08:06 441562     /home/sharath/.gradle/wrapper/dists/gradle-2.14.1-all/8bnwg5hd3w55iofp58khbp6yv/gradle-2.14.1/lib/plugins/junit-4.12.jar
82eee000-82ef4000 r-xs 0002e000 08:06 441534     /home/sharath/.gradle/wrapper/dists/gradle-2.14.1-all/8bnwg5hd3w55iofp58khbp6yv/gradle-2.14.1/lib/plugins/gradle-testing-jvm-2.14.1.jar
82ef4000-82ef9000 r-xs 00015000 08:06 441532     /home/sharath/.gradle/wrapper/dists/gradle-2.14.1-all/8bnwg5hd3w55iofp58khbp6yv/gradle-2.14.1/lib/plugins/gradle-testing-base-2.14.1.jar
82ef9000-82f00000 r-xs 00038000 08:06 441557     /home/sharath/.gradle/wrapper/dists/gradle-2.14.1-all/8bnwg5hd3w55iofp58khbp6yv/gradle-2.14.1/lib/plugins/bcpg-jdk15on-1.51.jar
82f00000-82fff000 rwxp 00000000 00:00 0 
82fff000-83000000 ---p 00000000 00:00 0 
83000000-83002000 r-xs 00006000 08:06 441605     /home/sharath/.gradle/wrapper/dists/gradle-2.14.1-all/8bnwg5hd3w55iofp58khbp6yv/gradle-2.14.1/lib/plugins/jcommander-1.12.jar
83002000-83003000 r-xs 00002000 08:06 441556     /home/sharath/.gradle/wrapper/dists/gradle-2.14.1-all/8bnwg5hd3w55iofp58khbp6yv/gradle-2.14.1/lib/plugins/sonar-batch-bootstrapper-2.9.jar
83003000-83006000 r-xs 00015000 08:06 441510     /home/sharath/.gradle/wrapper/dists/gradle-2.14.1-all/8bnwg5hd3w55iofp58khbp6yv/gradle-2.14.1/lib/plugins/gradle-sonar-2.14.1.jar
83006000-83008000 r-xs 0000d000 08:06 441511     /home/sharath/.gradle/wrapper/dists/gradle-2.14.1-all/8bnwg5hd3w55iofp58khbp6yv/gradle-2.14.1/lib/plugins/gradle-signing-2.14.1.jar
83008000-8300b000 r-xs 00009000 08:06 441509     /home/sharath/.gradle/wrapper/dists/gradle-2.14.1-all/8bnwg5hd3w55iofp58khbp6yv/gradle-2.14.1/lib/plugins/gradle-scala-2.14.1.jar
8300b000-8300c000 r-xs 00004000 08:06 441538     /home/sharath/.gradle/wrapper/dists/gradle-2.14.1-all/8bnwg5hd3w55iofp58khbp6yv/gradle-2.14.1/lib/plugins/gradle-resources-sftp-2.14.1.jar
8300c000-8301c000 r-xs 00088000 08:06 441573     /home/sharath/.gradle/wrapper/dists/gradle-2.14.1-all/8bnwg5hd3w55iofp58khbp6yv/gradle-2.14.1/lib/plugins/joda-time-2.8.2.jar
8301c000-8302d000 r-xs 000cf000 08:06 441572     /home/sharath/.gradle/wrapper/dists/gradle-2.14.1-all/8bnwg5hd3w55iofp58khbp6yv/gradle-2.14.1/lib/plugins/jackson-databind-2.3.2.jar
8302d000-8302f000 r-xs 00007000 08:06 441571     /home/sharath/.gradle/wrapper/dists/gradle-2.14.1-all/8bnwg5hd3w55iofp58khbp6yv/gradle-2.14.1/lib/plugins/jackson-annotations-2.3.2.jar
8302f000-83032000 r-xs 0002e000 08:06 441570     /home/sharath/.gradle/wrapper/dists/gradle-2.14.1-all/8bnwg5hd3w55iofp58khbp6yv/gradle-2.14.1/lib/plugins/jackson-core-2.3.2.jar
83032000-8303d000 r-xs 0006b000 08:06 441569     /home/sharath/.gradle/wrapper/dists/gradle-2.14.1-all/8bnwg5hd3w55iofp58khbp6yv/gradle-2.14.1/lib/plugins/aws-java-sdk-core-1.9.19.jar
8303d000-83043000 r-xs 00036000 08:06 441568     /home/sharath/.gradle/wrapper/dists/gradle-2.14.1-all/8bnwg5hd3w55iofp58khbp6yv/gradle-2.14.1/lib/plugins/aws-java-sdk-kms-1.9.19.jar
83043000-8304e000 r-xs 00079000 08:06 441567     /home/sharath/.gradle/wrapper/dists/gradle-2.14.1-all/8bnwg5hd3w55iofp58khbp6yv/gradle-2.14.1/lib/plugins/aws-java-sdk-s3-1.9.19.jar
8304e000-8304f000 r-xs 00003000 08:06 441539     /home/sharath/.gradle/wrapper/dists/gradle-2.14.1-all/8bnwg5hd3w55iofp58khbp6yv/gradle-2.14.1/lib/plugins/gradle-resources-s3-2.14.1.jar
8304f000-83051000 r-xs 00005000 08:06 441561     /home/sharath/.gradle/wrapper/dists/gradle-2.14.1-all/8bnwg5hd3w55iofp58khbp6yv/gradle-2.14.1/lib/plugins/jatl-0.2.2.jar
83051000-83053000 r-xs 0000f000 08:06 441516     /home/sharath/.gradle/wrapper/dists/gradle-2.14.1-all/8bnwg5hd3w55iofp58khbp6yv/gradle-2.14.1/lib/plugins/gradle-reporting-2.14.1.jar
83053000-83055000 r-xs 00002000 08:06 441517     /home/sharath/.gradle/wrapper/dists/gradle-2.14.1-all/8bnwg5hd3w55iofp58khbp6yv/gradle-2.14.1/lib/plugins/gradle-publish-2.14.1.jar
83055000-83057000 r-xs 00009000 08:06 441543     /home/sharath/.gradle/wrapper/dists/gradle-2.14.1-all/8bnwg5hd3w55iofp58khbp6yv/gradle-2.14.1/lib/plugins/commons-cli-1.2.jar
83057000-8305d000 r-xs 00033000 08:06 441501     /home/sharath/.gradle/wrapper/dists/gradle-2.14.1-all/8bnwg5hd3w55iofp58khbp6yv/gradle-2.14.1/lib/plugins/gradle-plugins-2.14.1.jar
8305d000-8305f000 r-xs 00007000 08:06 441535     /home/sharath/.gradle/wrapper/dists/gradle-2.14.1-all/8bnwg5hd3w55iofp58khbp6yv/gradle-2.14.1/lib/plugins/gradle-plugin-development-2.14.1.jar
8305f000-83065000 r-xs 0002a000 08:06 441528     /home/sharath/.gradle/wrapper/dists/gradle-2.14.1-all/8bnwg5hd3w55iofp58khbp6yv/gradle-2.14.1/lib/plugins/gradle-platform-play-2.14.1.jar
83065000-83072000 r-xs 0004d000 08:06 441527     /home/sharath/.gradle/wrapper/dists/gradle-2.14.1-all/8bnwg5hd3w55iofp58khbp6yv/gradle-2.14.1/lib/plugins/gradle-platform-native-2.14.1.jar
83072000-83076000 r-xs 0001a000 08:06 441522     /home/sharath/.gradle/wrapper/dists/gradle-2.14.1-all/8bnwg5hd3w55iofp58khbp6yv/gradle-2.14.1/lib/plugins/gradle-platform-jvm-2.14.1.jar
83076000-8307d000 r-xs 00029000 08:06 441521     /home/sharath/.gradle/wrapper/dists/gradle-2.14.1-all/8bnwg5hd3w55iofp58khbp6yv/gradle-2.14.1/lib/plugins/gradle-platform-base-2.14.1.jar
8307d000-8309e000 r-xs 001c3000 08:06 441551     /home/sharath/.gradle/wrapper/dists/gradle-2.14.1-all/8bnwg5hd3w55iofp58khbp6yv/gradle-2.14.1/lib/plugins/bndlib-2.4.0.jar
8309e000-830a0000 r-xs 00003000 08:06 441505     /home/sharath/.gradle/wrapper/dists/gradle-2.14.1-all/8bnwg5hd3w55iofp58khbp6yv/gradle-2.14.1/lib/plugins/gradle-osgi-2.14.1.jar
830a0000-830a3000 r-xs 0000c000 08:06 441554     /home/sharath/.gradle/wrapper/dists/gradle-2.14.1-all/8bnwg5hd3w55iofp58khbp6yv/gradle-2.14.1/lib/plugins/pmaven-groovy-0.8-20100325.jar
830a3000-830a4000 r-xs 00004000 08:06 441553     /home/sharath/.gradle/wrapper/dists/gradle-2.14.1-all/8bnwg5hd3w55iofp58khbp6yv/gradle-2.14.1/lib/plugins/pmaven-common-0.8-20100325.jar
830a4000-830aa000 r-xs 00022000 08:06 441506     /home/sharath/.gradle/wrapper/dists/gradle-2.14.1-all/8bnwg5hd3w55iofp58khbp6yv/gradle-2.14.1/lib/plugins/gradle-maven-2.14.1.jar
830aa000-830ac000 r-xs 0000a000 08:06 441526     /home/sharath/.gradle/wrapper/dists/gradle-2.14.1-all/8bnwg5hd3w55iofp58khbp6yv/gradle-2.14.1/lib/plugins/gradle-language-scala-2.14.1.jar
830ac000-830b2000 r-xs 0001a000 08:06 441530     /home/sharath/.gradle/wrapper/dists/gradle-2.14.1-all/8bnwg5hd3w55iofp58khbp6yv/gradle-2.14.1/lib/plugins/gradle-language-native-2.14.1.jar
830b2000-830b4000 r-xs 00008000 08:06 441523     /home/sharath/.gradle/wrapper/dists/gradle-2.14.1-all/8bnwg5hd3w55iofp58khbp6yv/gradle-2.14.1/lib/plugins/gradle-language-jvm-2.14.1.jar
830b4000-830ba000 r-xs 00024000 08:06 441524     /home/sharath/.gradle/wrapper/dists/gradle-2.14.1-all/8bnwg5hd3w55iofp58khbp6yv/gradle-2.14.1/lib/plugins/gradle-language-java-2.14.1.jar
830ba000-830bc000 r-xs 0000a000 08:06 441525     /home/sharath/.gradle/wrapper/dists/gradle-2.14.1-all/8bnwg5hd3w55iofp58khbp6yv/gradle-2.14.1/lib/plugins/gradle-language-groovy-2.14.1.jar
830bc000-830bf000 r-xs 0001e000 08:06 441579     /home/sharath/.gradle/wrapper/dists/gradle-2.14.1-all/8bnwg5hd3w55iofp58khbp6yv/gradle-2.14.1/lib/plugins/jsp-api-2.1-6.1.14.jar
830bf000-830e2000 r-xs 00344000 08:06 441578     /home/sharath/.gradle/wrapper/dists/gradle-2.14.1-all/8bnwg5hd3w55iofp58khbp6yv/gradle-2.14.1/lib/plugins/core-3.1.1.jar
830e2000-830e3000 r-xs 00006000 08:06 441577     /home/sharath/.gradle/wrapper/dists/gradle-2.14.1-all/8bnwg5hd3w55iofp58khbp6yv/gradle-2.14.1/lib/plugins/jetty-naming-6.1.25.jar
830e3000-830e4000 r-xs 00002000 08:06 441550     /home/sharath/.gradle/wrapper/dists/gradle-2.14.1-all/8bnwg5hd3w55iofp58khbp6yv/gradle-2.14.1/lib/plugins/geronimo-annotation_1.0_spec-1.0.jar
830e4000-830e6000 r-xs 00002000 08:06 441549     /home/sharath/.gradle/wrapper/dists/gradle-2.14.1-all/8bnwg5hd3w55iofp58khbp6yv/gradle-2.14.1/lib/plugins/jetty-annotations-6.1.25.jar
830e6000-830f7000 r-xs 000ea000 08:06 441548     /home/sharath/.gradle/wrapper/dists/gradle-2.14.1-all/8bnwg5hd3w55iofp58khbp6yv/gradle-2.14.1/lib/plugins/jsp-2.1-6.1.14.jar
830f7000-830f9000 r-xs 0000d000 08:06 441547     /home/sharath/.gradle/wrapper/dists/gradle-2.14.1-all/8bnwg5hd3w55iofp58khbp6yv/gradle-2.14.1/lib/plugins/jetty-plus-6.1.25.jar
830f9000-83100000 r-xs 0007d000 08:06 441544     /home/sharath/.gradle/wrapper/dists/gradle-2.14.1-all/8bnwg5hd3w55iofp58khbp6yv/gradle-2.14.1/lib/plugins/jetty-6.1.25.jar
83100000-83200000 rwxp 00000000 00:00 0 
83200000-832fd000 rwxp 00000000 00:00 0 
832fd000-83300000 ---p 00000000 00:00 0 
83300000-83400000 rwxp 00000000 00:00 0 
83400000-834f9000 rwxp 00000000 00:00 0 
834f9000-83500000 ---p 00000000 00:00 0 
83500000-83600000 rwxp 00000000 00:00 0 
83600000-83602000 r-xs 0001f000 08:06 441546     /home/sharath/.gradle/wrapper/dists/gradle-2.14.1-all/8bnwg5hd3w55iofp58khbp6yv/gradle-2.14.1/lib/plugins/servlet-api-2.5-20081211.jar
83602000-83606000 r-xs 00028000 08:06 441545     /home/sharath/.gradle/wrapper/dists/gradle-2.14.1-all/8bnwg5hd3w55iofp58khbp6yv/gradle-2.14.1/lib/plugins/jetty-util-6.1.25.jar
83606000-83608000 r-xs 00009000 08:06 441503     /home/sharath/.gradle/wrapper/dists/gradle-2.14.1-all/8bnwg5hd3w55iofp58khbp6yv/gradle-2.14.1/lib/plugins/gradle-jetty-2.14.1.jar
83608000-8360f000 r-xs 00035000 08:06 441560     /home/sharath/.gradle/wrapper/dists/gradle-2.14.1-all/8bnwg5hd3w55iofp58khbp6yv/gradle-2.14.1/lib/plugins/simple-4.1.21.jar
8360f000-8361b000 r-xs 00100000 08:06 441558     /home/sharath/.gradle/wrapper/dists/gradle-2.14.1-all/8bnwg5hd3w55iofp58khbp6yv/gradle-2.14.1/lib/plugins/rhino-1.7R3.jar
8361b000-8361f000 r-xs 00011000 08:06 441513     /home/sharath/.gradle/wrapper/dists/gradle-2.14.1-all/8bnwg5hd3w55iofp58khbp6yv/gradle-2.14.1/lib/plugins/gradle-javascript-2.14.1.jar
8361f000-83621000 r-xs 0000c000 08:06 441519     /home/sharath/.gradle/wrapper/dists/gradle-2.14.1-all/8bnwg5hd3w55iofp58khbp6yv/gradle-2.14.1/lib/plugins/gradle-jacoco-2.14.1.jar
83621000-83624000 r-xs 0000e000 08:06 441518     /home/sharath/.gradle/wrapper/dists/gradle-2.14.1-all/8bnwg5hd3w55iofp58khbp6yv/gradle-2.14.1/lib/plugins/gradle-ivy-2.14.1.jar
83624000-83625000 r-xs 00002000 08:06 441529     /home/sharath/.gradle/wrapper/dists/gradle-2.14.1-all/8bnwg5hd3w55iofp58khbp6yv/gradle-2.14.1/lib/plugins/gradle-ide-play-2.14.1.jar
83625000-8362a000 r-xs 0002b000 08:06 441531     /home/sharath/.gradle/wrapper/dists/gradle-2.14.1-all/8bnwg5hd3w55iofp58khbp6yv/gradle-2.14.1/lib/plugins/gradle-ide-native-2.14.1.jar
8362a000-83635000 r-xs 00066000 08:06 441507     /home/sharath/.gradle/wrapper/dists/gradle-2.14.1-all/8bnwg5hd3w55iofp58khbp6yv/gradle-2.14.1/lib/plugins/gradle-ide-2.14.1.jar
83635000-83636000 r-xs 00008000 08:06 441512     /home/sharath/.gradle/wrapper/dists/gradle-2.14.1-all/8bnwg5hd3w55iofp58khbp6yv/gradle-2.14.1/lib/plugins/gradle-ear-2.14.1.jar
83636000-8363c000 r-xs 00032000 08:06 441515     /home/sharath/.gradle/wrapper/dists/gradle-2.14.1-all/8bnwg5hd3w55iofp58khbp6yv/gradle-2.14.1/lib/plugins/gradle-diagnostics-2.14.1.jar
8363c000-83640000 r-xs 00021000 08:06 441502     /home/sharath/.gradle/wrapper/dists/gradle-2.14.1-all/8bnwg5hd3w55iofp58khbp6yv/gradle-2.14.1/lib/plugins/gradle-code-quality-2.14.1.jar
83640000-83644000 r-xs 0001f000 08:06 441520     /home/sharath/.gradle/wrapper/dists/gradle-2.14.1-all/8bnwg5hd3w55iofp58khbp6yv/gradle-2.14.1/lib/plugins/gradle-build-init-2.14.1.jar
83644000-8364b000 r-xs 0008e000 08:06 441514     /home/sharath/.gradle/wrapper/dists/gradle-2.14.1-all/8bnwg5hd3w55iofp58khbp6yv/gradle-2.14.1/lib/plugins/gradle-build-comparison-2.14.1.jar
8364b000-8364d000 r-xs 00008000 08:06 441504     /home/sharath/.gradle/wrapper/dists/gradle-2.14.1-all/8bnwg5hd3w55iofp58khbp6yv/gradle-2.14.1/lib/plugins/gradle-antlr-2.14.1.jar
8364d000-8364f000 r-xs 00004000 08:06 441508     /home/sharath/.gradle/wrapper/dists/gradle-2.14.1-all/8bnwg5hd3w55iofp58khbp6yv/gradle-2.14.1/lib/plugins/gradle-announce-2.14.1.jar
8364f000-83667000 r-xs 00115000 08:06 441609     /home/sharath/.gradle/wrapper/dists/gradle-2.14.1-all/8bnwg5hd3w55iofp58khbp6yv/gradle-2.14.1/lib/plugins/xercesImpl-2.9.1.jar
83667000-8366f000 r-xs 00028000 08:06 441610     /home/sharath/.gradle/wrapper/dists/gradle-2.14.1-all/8bnwg5hd3w55iofp58khbp6yv/gradle-2.14.1/lib/plugins/xml-apis-1.3.04.jar
8366f000-83675000 r-xs 0005b000 08:06 441608     /home/sharath/.gradle/wrapper/dists/gradle-2.14.1-all/8bnwg5hd3w55iofp58khbp6yv/gradle-2.14.1/lib/plugins/jcifs-1.3.17.jar
83675000-8367c000 r-xs 00049000 08:06 441607     /home/sharath/.gradle/wrapper/dists/gradle-2.14.1-all/8bnwg5hd3w55iofp58khbp6yv/gradle-2.14.1/lib/plugins/httpcore-4.4.4.jar
8367c000-83682000 r-xs 00033000 08:06 441555     /home/sharath/.gradle/wrapper/dists/gradle-2.14.1-all/8bnwg5hd3w55iofp58khbp6yv/gradle-2.14.1/lib/plugins/commons-codec-1.6.jar
83682000-83685000 r-xs 0001c000 08:06 441565     /home/sharath/.gradle/wrapper/dists/gradle-2.14.1-all/8bnwg5hd3w55iofp58khbp6yv/gradle-2.14.1/lib/plugins/nekohtml-1.9.14.jar
83685000-83692000 r-xs 000a4000 08:06 441564     /home/sharath/.gradle/wrapper/dists/gradle-2.14.1-all/8bnwg5hd3w55iofp58khbp6yv/gradle-2.14.1/lib/plugins/httpclient-4.4.1.jar
83692000-83694000 r-xs 0000a000 08:06 441537     /home/sharath/.gradle/wrapper/dists/gradle-2.14.1-all/8bnwg5hd3w55iofp58khbp6yv/gradle-2.14.1/lib/plugins/gradle-resources-http-2.14.1.jar
83694000-83698000 r-xs 00014000 08:06 441536     /home/sharath/.gradle/wrapper/dists/gradle-2.14.1-all/8bnwg5hd3w55iofp58khbp6yv/gradle-2.14.1/lib/plugins/gradle-plugin-use-2.14.1.jar
83698000-83699000 r-xs 00000000 08:06 441452     /home/sharath/.gradle/wrapper/dists/gradle-2.14.1-all/8bnwg5hd3w55iofp58khbp6yv/gradle-2.14.1/lib/gradle-installation-beacon-2.14.1.jar
83699000-8369a000 r-xs 00007000 08:06 441603     /home/sharath/.gradle/wrapper/dists/gradle-2.14.1-all/8bnwg5hd3w55iofp58khbp6yv/gradle-2.14.1/lib/plugins/wagon-http-shared4-2.4.jar
8369a000-8369e000 r-xs 00033000 08:06 441602     /home/sharath/.gradle/wrapper/dists/gradle-2.14.1-all/8bnwg5hd3w55iofp58khbp6yv/gradle-2.14.1/lib/plugins/plexus-utils-2.0.6.jar
8369e000-836a2000 r-xs 00021000 08:06 441601     /home/sharath/.gradle/wrapper/dists/gradle-2.14.1-all/8bnwg5hd3w55iofp58khbp6yv/gradle-2.14.1/lib/plugins/maven-model-builder-3.0.4.jar
836a2000-836a3000 r-xs 00002000 08:06 441600     /home/sharath/.gradle/wrapper/dists/gradle-2.14.1-all/8bnwg5hd3w55iofp58khbp6yv/gradle-2.14.1/lib/plugins/wagon-file-2.4.jar
836a3000-836a5000 r-xs 00002000 08:06 441599     /home/sharath/.gradle/wrapper/dists/gradle-2.14.1-all/8bnwg5hd3w55iofp58khbp6yv/gradle-2.14.1/lib/plugins/plexus-cipher-1.7.jar
836a5000-836a8000 r-xs 00013000 08:06 441598     /home/sharath/.gradle/wrapper/dists/gradle-2.14.1-all/8bnwg5hd3w55iofp58khbp6yv/gradle-2.14.1/lib/plugins/aether-api-1.13.1.jar
836a8000-836aa000 r-xs 0000a000 08:06 441597     /home/sharath/.gradle/wrapper/dists/gradle-2.14.1-all/8bnwg5hd3w55iofp58khbp6yv/gradle-2.14.1/lib/plugins/maven-settings-3.0.4.jar
836aa000-836ac000 r-xs 0000d000 08:06 441596     /home/sharath/.gradle/wrapper/dists/gradle-2.14.1-all/8bnwg5hd3w55iofp58khbp6yv/gradle-2.14.1/lib/plugins/plexus-interpolation-1.14.jar
836ac000-836ae000 r-xs 0000b000 08:06 441595     /home/sharath/.gradle/wrapper/dists/gradle-2.14.1-all/8bnwg5hd3w55iofp58khbp6yv/gradle-2.14.1/lib/plugins/maven-artifact-3.0.4.jar
836ae000-836b5000 r-xs 0002e000 08:06 441594     /home/sharath/.gradle/wrapper/dists/gradle-2.14.1-all/8bnwg5hd3w55iofp58khbp6yv/gradle-2.14.1/lib/plugins/plexus-container-default-1.5.5.jar
836b5000-836b7000 r-xs 0000b000 08:06 441593     /home/sharath/.gradle/wrapper/dists/gradle-2.14.1-all/8bnwg5hd3w55iofp58khbp6yv/gradle-2.14.1/lib/plugins/maven-plugin-api-3.0.4.jar
836b7000-836bd000 r-xs 0003f000 08:06 441592     /home/sharath/.gradle/wrapper/dists/gradle-2.14.1-all/8bnwg5hd3w55iofp58khbp6yv/gradle-2.14.1/lib/plugins/maven-compat-3.0.4.jar
836bd000-836c0000 r-xs 00008000 08:06 441591     /home/sharath/.gradle/wrapper/dists/gradle-2.14.1-all/8bnwg5hd3w55iofp58khbp6yv/gradle-2.14.1/lib/plugins/maven-settings-builder-3.0.4.jar
836c0000-83700000 r-xs 00277000 08:06 441576     /home/sharath/.gradle/wrapper/dists/gradle-2.14.1-all/8bnwg5hd3w55iofp58khbp6yv/gradle-2.14.1/lib/plugins/bcprov-jdk15on-1.51.jar
83700000-837f9000 rwxp 00000000 00:00 0 
837f9000-83800000 ---p 00000000 00:00 0 
83800000-83802000 r-xs 00000000 08:06 441611     /home/sharath/.gradle/wrapper/dists/gradle-2.14.1-all/8bnwg5hd3w55iofp58khbp6yv/gradle-2.14.1/lib/plugins/plexus-component-annotations-1.5.5.jar
83802000-83803000 r-xs 00002000 08:06 441590     /home/sharath/.gradle/wrapper/dists/gradle-2.14.1-all/8bnwg5hd3w55iofp58khbp6yv/gradle-2.14.1/lib/plugins/wagon-http-2.4.jar
83803000-83805000 r-xs 00026000 08:06 441589     /home/sharath/.gradle/wrapper/dists/gradle-2.14.1-all/8bnwg5hd3w55iofp58khbp6yv/gradle-2.14.1/lib/plugins/maven-model-3.0.4.jar
83805000-83807000 r-xs 00006000 08:06 441588     /home/sharath/.gradle/wrapper/dists/gradle-2.14.1-all/8bnwg5hd3w55iofp58khbp6yv/gradle-2.14.1/lib/plugins/aether-connector-wagon-1.13.1.jar
83807000-83809000 r-xs 0000a000 08:06 441587     /home/sharath/.gradle/wrapper/dists/gradle-2.14.1-all/8bnwg5hd3w55iofp58khbp6yv/gradle-2.14.1/lib/plugins/plexus-classworlds-2.4.jar
83809000-8380b000 r-xs 00006000 08:06 441586     /home/sharath/.gradle/wrapper/dists/gradle-2.14.1-all/8bnwg5hd3w55iofp58khbp6yv/gradle-2.14.1/lib/plugins/maven-repository-metadata-3.0.4.jar
8380b000-8380d000 r-xs 0000c000 08:06 441585     /home/sharath/.gradle/wrapper/dists/gradle-2.14.1-all/8bnwg5hd3w55iofp58khbp6yv/gradle-2.14.1/lib/plugins/maven-aether-provider-3.0.4.jar
8380d000-8380f000 r-xs 0000b000 08:06 441584     /home/sharath/.gradle/wrapper/dists/gradle-2.14.1-all/8bnwg5hd3w55iofp58khbp6yv/gradle-2.14.1/lib/plugins/wagon-provider-api-2.4.jar
8380f000-83810000 r-xs 00003000 08:06 441583     /home/sharath/.gradle/wrapper/dists/gradle-2.14.1-all/8bnwg5hd3w55iofp58khbp6yv/gradle-2.14.1/lib/plugins/aether-spi-1.13.1.jar
83810000-83814000 r-xs 0001c000 08:06 441582     /home/sharath/.gradle/wrapper/dists/gradle-2.14.1-all/8bnwg5hd3w55iofp58khbp6yv/gradle-2.14.1/lib/plugins/aether-util-1.13.1.jar
83814000-83817000 r-xs 0001d000 08:06 441581     /home/sharath/.gradle/wrapper/dists/gradle-2.14.1-all/8bnwg5hd3w55iofp58khbp6yv/gradle-2.14.1/lib/plugins/aether-impl-1.13.1.jar
83817000-83818000 r-xs 00006000 08:06 441580     /home/sharath/.gradle/wrapper/dists/gradle-2.14.1-all/8bnwg5hd3w55iofp58khbp6yv/gradle-2.14.1/lib/plugins/plexus-sec-dispatcher-1.3.jar
83818000-83824000 r-xs 0007d000 08:06 441552     /home/sharath/.gradle/wrapper/dists/gradle-2.14.1-all/8bnwg5hd3w55iofp58khbp6yv/gradle-2.14.1/lib/plugins/maven-core-3.0.4.jar
83824000-83833000 r-xs 000d9000 08:06 441574     /home/sharath/.gradle/wrapper/dists/gradle-2.14.1-all/8bnwg5hd3w55iofp58khbp6yv/gradle-2.14.1/lib/plugins/ivy-2.2.0.jar
83833000-8384f000 r-xs 000d3000 08:06 441541     /home/sharath/.gradle/wrapper/dists/gradle-2.14.1-all/8bnwg5hd3w55iofp58khbp6yv/gradle-2.14.1/lib/plugins/gradle-dependency-management-2.14.1.jar
8384f000-8394f000 rwxp 00000000 00:00 0 
8394f000-8396f000 r-xp 00000000 08:06 263348     /lib/i386-linux-gnu/libtinfo.so.5.9
8396f000-83970000 ---p 00020000 08:06 263348     /lib/i386-linux-gnu/libtinfo.so.5.9
83970000-83972000 r-xp 00020000 08:06 263348     /lib/i386-linux-gnu/libtinfo.so.5.9
83972000-83973000 rwxp 00022000 08:06 263348     /lib/i386-linux-gnu/libtinfo.so.5.9
83973000-83997000 r-xp 00000000 08:06 263274     /lib/i386-linux-gnu/libncurses.so.5.9
83997000-83998000 ---p 00024000 08:06 263274     /lib/i386-linux-gnu/libncurses.so.5.9
83998000-83999000 r-xp 00024000 08:06 263274     /lib/i386-linux-gnu/libncurses.so.5.9
83999000-8399a000 rwxp 00025000 08:06 263274     /lib/i386-linux-gnu/libncurses.so.5.9
8399a000-8399f000 r-xs 00040000 08:06 441566     /home/sharath/.gradle/wrapper/dists/gradle-2.14.1-all/8bnwg5hd3w55iofp58khbp6yv/gradle-2.14.1/lib/plugins/jsch-0.1.53.jar
8399f000-839a3000 r-xs 0001d000 08:06 441575     /home/sharath/.gradle/wrapper/dists/gradle-2.14.1-all/8bnwg5hd3w55iofp58khbp6yv/gradle-2.14.1/lib/plugins/xbean-reflect-3.4.jar
839a3000-839a8000 r-xs 0002a000 08:06 441559     /home/sharath/.gradle/wrapper/dists/gradle-2.14.1-all/8bnwg5hd3w55iofp58khbp6yv/gradle-2.14.1/lib/plugins/gson-2.2.4.jar
839a8000-839b1000 r-xp 00000000 08:06 139358     /usr/lib/jvm/java-8-openjdk-i386/jre/lib/i386/libmanagement.so
839b1000-839b2000 r-xp 00008000 08:06 139358     /usr/lib/jvm/java-8-openjdk-i386/jre/lib/i386/libmanagement.so
839b2000-839b3000 rwxp 00009000 08:06 139358     /usr/lib/jvm/java-8-openjdk-i386/jre/lib/i386/libmanagement.so
839b3000-839c6000 r-xp 00000000 08:06 984460     /tmp/jna4898564776283259401.tmp
839c6000-839c7000 rwxp 00013000 08:06 984460     /tmp/jna4898564776283259401.tmp
839c7000-839ca000 r-xp 00000000 08:06 443664     /home/sharath/.gradle/native/19/linux-i386/libnative-platform-curses.so
839ca000-839cb000 rwxp 00002000 08:06 443664     /home/sharath/.gradle/native/19/linux-i386/libnative-platform-curses.so
839cb000-839cf000 r-xp 00000000 08:06 443662     /home/sharath/.gradle/native/19/linux-i386/libnative-platform.so
839cf000-839d0000 rwxp 00003000 08:06 443662     /home/sharath/.gradle/native/19/linux-i386/libnative-platform.so
839d0000-839d2000 r-xs 00005000 08:06 441451     /home/sharath/.gradle/wrapper/dists/gradle-2.14.1-all/8bnwg5hd3w55iofp58khbp6yv/gradle-2.14.1/lib/gradle-wrapper-2.14.1.jar
839d2000-839e0000 r-xs 0004f000 08:06 441458     /home/sharath/.gradle/wrapper/dists/gradle-2.14.1-all/8bnwg5hd3w55iofp58khbp6yv/gradle-2.14.1/lib/gradle-tooling-api-2.14.1.jar
839e0000-839e2000 r-xs 00002000 08:06 441478     /home/sharath/.gradle/wrapper/dists/gradle-2.14.1-all/8bnwg5hd3w55iofp58khbp6yv/gradle-2.14.1/lib/gradle-open-api-2.14.1.jar
839e2000-839e8000 r-xs 00032000 08:06 441480     /home/sharath/.gradle/wrapper/dists/gradle-2.14.1-all/8bnwg5hd3w55iofp58khbp6yv/gradle-2.14.1/lib/jaxen-1.1.jar
839e8000-839ed000 r-xs 00048000 08:06 441479     /home/sharath/.gradle/wrapper/dists/gradle-2.14.1-all/8bnwg5hd3w55iofp58khbp6yv/gradle-2.14.1/lib/dom4j-1.6.1.jar
839ed000-839f8000 r-xs 00059000 08:06 441457     /home/sharath/.gradle/wrapper/dists/gradle-2.14.1-all/8bnwg5hd3w55iofp58khbp6yv/gradle-2.14.1/lib/gradle-ui-2.14.1.jar
839f8000-839fb000 r-xs 0000b000 08:06 441476     /home/sharath/.gradle/wrapper/dists/gradle-2.14.1-all/8bnwg5hd3w55iofp58khbp6yv/gradle-2.14.1/lib/gradle-resources-2.14.1.jar
839fb000-839fd000 r-xs 00003000 08:06 441488     /home/sharath/.gradle/wrapper/dists/gradle-2.14.1-all/8bnwg5hd3w55iofp58khbp6yv/gradle-2.14.1/lib/jcl-over-slf4j-1.7.10.jar
839fd000-839fe000 r-xs 00005000 08:06 441487     /home/sharath/.gradle/wrapper/dists/gradle-2.14.1-all/8bnwg5hd3w55iofp58khbp6yv/gradle-2.14.1/lib/log4j-over-slf4j-1.7.10.jar
839fe000-83a00000 r-xs 00000000 08:06 441486     /home/sharath/.gradle/wrapper/dists/gradle-2.14.1-all/8bnwg5hd3w55iofp58khbp6yv/gradle-2.14.1/lib/jul-to-slf4j-1.7.10.jar
83a00000-83aff000 rwxp 00000000 00:00 0 
83aff000-83b00000 ---p 00000000 00:00 0 
83b00000-83c00000 rwxp 00000000 00:00 0 
83c00000-83cfb000 rwxp 00000000 00:00 0 
83cfb000-83d00000 ---p 00000000 00:00 0 
83d00000-83d05000 r-xs 0001c000 08:06 441475     /home/sharath/.gradle/wrapper/dists/gradle-2.14.1-all/8bnwg5hd3w55iofp58khbp6yv/gradle-2.14.1/lib/gradle-logging-2.14.1.jar
83d05000-83d07000 r-xs 00007000 08:06 441499     /home/sharath/.gradle/wrapper/dists/gradle-2.14.1-all/8bnwg5hd3w55iofp58khbp6yv/gradle-2.14.1/lib/objenesis-1.2.jar
83d07000-83d09000 r-xs 00000000 08:06 441498     /home/sharath/.gradle/wrapper/dists/gradle-2.14.1-all/8bnwg5hd3w55iofp58khbp6yv/gradle-2.14.1/lib/minlog-1.2.jar
83d09000-83d0b000 r-xs 0000f000 08:06 441497     /home/sharath/.gradle/wrapper/dists/gradle-2.14.1-all/8bnwg5hd3w55iofp58khbp6yv/gradle-2.14.1/lib/reflectasm-1.07-shaded.jar
83d0b000-83d0f000 r-xs 00026000 08:06 441485     /home/sharath/.gradle/wrapper/dists/gradle-2.14.1-all/8bnwg5hd3w55iofp58khbp6yv/gradle-2.14.1/lib/kryo-2.20.jar
83d0f000-83d15000 r-xs 00025000 08:06 441474     /home/sharath/.gradle/wrapper/dists/gradle-2.14.1-all/8bnwg5hd3w55iofp58khbp6yv/gradle-2.14.1/lib/gradle-messaging-2.14.1.jar
83d15000-83d16000 r-xs 00003000 08:06 441496     /home/sharath/.gradle/wrapper/dists/gradle-2.14.1-all/8bnwg5hd3w55iofp58khbp6yv/gradle-2.14.1/lib/native-platform-freebsd-amd64-0.10.jar
83d16000-83d17000 r-xs 00003000 08:06 441495     /home/sharath/.gradle/wrapper/dists/gradle-2.14.1-all/8bnwg5hd3w55iofp58khbp6yv/gradle-2.14.1/lib/native-platform-freebsd-i386-0.10.jar
83d17000-83d18000 r-xs 00005000 08:06 441494     /home/sharath/.gradle/wrapper/dists/gradle-2.14.1-all/8bnwg5hd3w55iofp58khbp6yv/gradle-2.14.1/lib/native-platform-windows-i386-0.10.jar
83d18000-83d19000 r-xs 00005000 08:06 441493     /home/sharath/.gradle/wrapper/dists/gradle-2.14.1-all/8bnwg5hd3w55iofp58khbp6yv/gradle-2.14.1/lib/native-platform-windows-amd64-0.10.jar
83d19000-83d1a000 r-xs 00003000 08:06 441492     /home/sharath/.gradle/wrapper/dists/gradle-2.14.1-all/8bnwg5hd3w55iofp58khbp6yv/gradle-2.14.1/lib/native-platform-linux-i386-0.10.jar
83d1a000-83d1b000 r-xs 00003000 08:06 441491     /home/sharath/.gradle/wrapper/dists/gradle-2.14.1-all/8bnwg5hd3w55iofp58khbp6yv/gradle-2.14.1/lib/native-platform-linux-amd64-0.10.jar
83d1b000-83d1c000 r-xs 00002000 08:06 441490     /home/sharath/.gradle/wrapper/dists/gradle-2.14.1-all/8bnwg5hd3w55iofp58khbp6yv/gradle-2.14.1/lib/native-platform-osx-amd64-0.10.jar
83d1c000-83d1e000 r-xs 00008000 08:06 441483     /home/sharath/.gradle/wrapper/dists/gradle-2.14.1-all/8bnwg5hd3w55iofp58khbp6yv/gradle-2.14.1/lib/jansi-1.2.1.jar
83d1e000-83d21000 r-xs 0000d000 08:06 441482     /home/sharath/.gradle/wrapper/dists/gradle-2.14.1-all/8bnwg5hd3w55iofp58khbp6yv/gradle-2.14.1/lib/native-platform-0.10.jar
83d21000-83d25000 r-xs 000e4000 08:06 441481     /home/sharath/.gradle/wrapper/dists/gradle-2.14.1-all/8bnwg5hd3w55iofp58khbp6yv/gradle-2.14.1/lib/jna-3.2.7.jar
83d25000-83d27000 r-xs 00009000 08:06 441459     /home/sharath/.gradle/wrapper/dists/gradle-2.14.1-all/8bnwg5hd3w55iofp58khbp6yv/gradle-2.14.1/lib/gradle-native-2.14.1.jar
83d27000-83d29000 r-xs 00005000 08:06 441456     /home/sharath/.gradle/wrapper/dists/gradle-2.14.1-all/8bnwg5hd3w55iofp58khbp6yv/gradle-2.14.1/lib/gradle-cli-2.14.1.jar
83d29000-83d38000 r-xs 00080000 08:06 441465     /home/sharath/.gradle/wrapper/dists/gradle-2.14.1-all/8bnwg5hd3w55iofp58khbp6yv/gradle-2.14.1/lib/gradle-model-core-2.14.1.jar
83d38000-83d3c000 r-xs 00027000 08:06 441470     /home/sharath/.gradle/wrapper/dists/gradle-2.14.1-all/8bnwg5hd3w55iofp58khbp6yv/gradle-2.14.1/lib/commons-io-2.2.jar
83d3c000-83d49000 r-xs 00083000 08:06 441469     /home/sharath/.gradle/wrapper/dists/gradle-2.14.1-all/8bnwg5hd3w55iofp58khbp6yv/gradle-2.14.1/lib/commons-collections-3.2.2.jar
83d49000-83db8000 r-xs 0063e000 08:06 441464     /home/sharath/.gradle/wrapper/dists/gradle-2.14.1-all/8bnwg5hd3w55iofp58khbp6yv/gradle-2.14.1/lib/groovy-all-2.4.4.jar
83db8000-83de0000 r-xs 001cf000 08:06 441461     /home/sharath/.gradle/wrapper/dists/gradle-2.14.1-all/8bnwg5hd3w55iofp58khbp6yv/gradle-2.14.1/lib/guava-jdk5-17.0.jar
83de0000-83dff000 r-xs 001d1000 08:06 441468     /home/sharath/.gradle/wrapper/dists/gradle-2.14.1-all/8bnwg5hd3w55iofp58khbp6yv/gradle-2.14.1/lib/ant-1.9.6.jar
83dff000-83e36000 r-xs 001bd000 08:06 441455     /home/sharath/.gradle/wrapper/dists/gradle-2.14.1-all/8bnwg5hd3w55iofp58khbp6yv/gradle-2.14.1/lib/gradle-core-2.14.1.jar
83e36000-85a37000 rwxp 00000000 00:00 0 
85a37000-85a38000 ---p 00000000 00:00 0 
85a38000-85ab8000 rwxp 00000000 00:00 0 
85ab8000-85abb000 ---p 00000000 00:00 0 
85abb000-85b09000 rwxp 00000000 00:00 0 
85b09000-85b0c000 ---p 00000000 00:00 0 
85b0c000-85b8a000 rwxp 00000000 00:00 0 
85b8a000-85b8d000 ---p 00000000 00:00 0 
85b8d000-85c0b000 rwxp 00000000 00:00 0 
85c0b000-85c0e000 ---p 00000000 00:00 0 
85c0e000-85c5c000 rwxp 00000000 00:00 0 
85c5c000-85cad000 r-xp 00000000 08:06 930897     /usr/lib/locale/aa_DJ.utf8/LC_CTYPE
85cad000-85ddd000 r-xp 00000000 08:06 930896     /usr/lib/locale/aa_DJ.utf8/LC_COLLATE
85ddd000-85de0000 ---p 00000000 00:00 0 
85de0000-85e2e000 rwxp 00000000 00:00 0 
85e2e000-85e31000 ---p 00000000 00:00 0 
85e31000-85e7f000 rwxp 00000000 00:00 0 
85e7f000-85e80000 ---p 00000000 00:00 0 
85e80000-85f00000 rwxp 00000000 00:00 0 
85f00000-86000000 rwxp 00000000 00:00 0 
86000000-86001000 r-xs 00002000 08:06 441489     /home/sharath/.gradle/wrapper/dists/gradle-2.14.1-all/8bnwg5hd3w55iofp58khbp6yv/gradle-2.14.1/lib/native-platform-osx-i386-0.10.jar
86001000-86003000 r-xs 00007000 08:06 441466     /home/sharath/.gradle/wrapper/dists/gradle-2.14.1-all/8bnwg5hd3w55iofp58khbp6yv/gradle-2.14.1/lib/gradle-model-groovy-2.14.1.jar
86003000-86008000 r-xs 00038000 08:06 441467     /home/sharath/.gradle/wrapper/dists/gradle-2.14.1-all/8bnwg5hd3w55iofp58khbp6yv/gradle-2.14.1/lib/asm-all-5.1.jar
86008000-8600d000 r-xs 00041000 08:06 441462     /home/sharath/.gradle/wrapper/dists/gradle-2.14.1-all/8bnwg5hd3w55iofp58khbp6yv/gradle-2.14.1/lib/commons-lang-2.6.jar
8600d000-86015000 r-xs 0003a000 08:06 441453     /home/sharath/.gradle/wrapper/dists/gradle-2.14.1-all/8bnwg5hd3w55iofp58khbp6yv/gradle-2.14.1/lib/gradle-base-services-2.14.1.jar
86015000-8602b000 r-xp 00000000 08:06 139360     /usr/lib/jvm/java-8-openjdk-i386/jre/lib/i386/libnet.so
8602b000-8602c000 r-xp 00015000 08:06 139360     /usr/lib/jvm/java-8-openjdk-i386/jre/lib/i386/libnet.so
8602c000-8602d000 rwxp 00016000 08:06 139360     /usr/lib/jvm/java-8-openjdk-i386/jre/lib/i386/libnet.so
8602d000-861fc000 r-xs 03c21000 08:06 139392     /usr/lib/jvm/java-8-openjdk-i386/jre/lib/rt.jar
861fc000-86642000 rwxp 00000000 00:00 0 
86642000-86648000 ---p 00000000 00:00 0 
86648000-87800000 rwxp 00000000 00:00 0 
87800000-878ff000 rwxp 00000000 00:00 0 
878ff000-87900000 ---p 00000000 00:00 0 
87900000-87901000 r-xs 00006000 08:06 441473     /home/sharath/.gradle/wrapper/dists/gradle-2.14.1-all/8bnwg5hd3w55iofp58khbp6yv/gradle-2.14.1/lib/gradle-base-services-groovy-2.14.1.jar
87901000-87902000 r-xs 00002000 08:06 441477     /home/sharath/.gradle/wrapper/dists/gradle-2.14.1-all/8bnwg5hd3w55iofp58khbp6yv/gradle-2.14.1/lib/gradle-docs-2.14.1.jar
87902000-87903000 r-xs 00000000 08:06 441472     /home/sharath/.gradle/wrapper/dists/gradle-2.14.1-all/8bnwg5hd3w55iofp58khbp6yv/gradle-2.14.1/lib/javax.inject-1.jar
87903000-87914000 r-xp 00000000 08:06 139361     /usr/lib/jvm/java-8-openjdk-i386/jre/lib/i386/libnio.so
87914000-87915000 r-xp 00010000 08:06 139361     /usr/lib/jvm/java-8-openjdk-i386/jre/lib/i386/libnio.so
87915000-87916000 rwxp 00011000 08:06 139361     /usr/lib/jvm/java-8-openjdk-i386/jre/lib/i386/libnio.so
87916000-87931000 r-xs 00394000 08:06 139319     /usr/lib/jvm/java-8-openjdk-i386/jre/lib/ext/cldrdata.jar
87931000-8797f000 rwxp 00000000 00:00 0 
8797f000-87980000 ---p 00000000 00:00 0 
87980000-87a00000 rwxp 00000000 00:00 0 
87a00000-87a29000 rwxp 00000000 00:00 0 
87a29000-87b00000 ---p 00000000 00:00 0 
87b00000-87b01000 r-xs 00000000 08:06 441471     /home/sharath/.gradle/wrapper/dists/gradle-2.14.1-all/8bnwg5hd3w55iofp58khbp6yv/gradle-2.14.1/lib/jcip-annotations-1.0.jar
87b01000-87b02000 r-xs 00001000 08:06 441463     /home/sharath/.gradle/wrapper/dists/gradle-2.14.1-all/8bnwg5hd3w55iofp58khbp6yv/gradle-2.14.1/lib/gradle-process-services-2.14.1.jar
87b02000-87b03000 r-xs 00000000 08:06 441454     /home/sharath/.gradle/wrapper/dists/gradle-2.14.1-all/8bnwg5hd3w55iofp58khbp6yv/gradle-2.14.1/lib/gradle-jvm-services-2.14.1.jar
87b03000-87b04000 r-xs 00007000 08:06 441460     /home/sharath/.gradle/wrapper/dists/gradle-2.14.1-all/8bnwg5hd3w55iofp58khbp6yv/gradle-2.14.1/lib/slf4j-api-1.7.10.jar
87b04000-87b05000 r-xs 00004000 08:06 441484     /home/sharath/.gradle/wrapper/dists/gradle-2.14.1-all/8bnwg5hd3w55iofp58khbp6yv/gradle-2.14.1/lib/ant-launcher-1.9.6.jar
87b05000-87b10000 r-xs 00051000 08:06 441450     /home/sharath/.gradle/wrapper/dists/gradle-2.14.1-all/8bnwg5hd3w55iofp58khbp6yv/gradle-2.14.1/lib/gradle-launcher-2.14.1.jar
87b10000-87b15000 r-xs 0009a000 08:06 139386     /usr/lib/jvm/java-8-openjdk-i386/jre/lib/jsse.jar
87b15000-87b17000 r-xs 0000b000 08:06 382935     /home/sharath/dev/sampleApp_typescript/react-native/android/gradle/wrapper/gradle-wrapper.jar
87b17000-87b18000 r-xs 0000a000 08:06 139322     /usr/lib/jvm/java-8-openjdk-i386/jre/lib/ext/jaccess.jar
87b18000-87b1e000 r-xs 0003a000 08:06 139326     /usr/lib/jvm/java-8-openjdk-i386/jre/lib/ext/sunjce_provider.jar
87b1e000-87b22000 r-xs 00037000 08:06 139327     /usr/lib/jvm/java-8-openjdk-i386/jre/lib/ext/sunpkcs11.jar
87b22000-87b24000 r-xs 00007000 08:06 190081     /usr/share/java/java-atk-wrapper.jar
87b24000-87b7f000 rwxp 00000000 00:00 0 
87b7f000-87b80000 ---p 00000000 00:00 0 
87b80000-8a380000 rwxp 00000000 00:00 0 
8a380000-9cc00000 ---p 00000000 00:00 0 
9cc00000-a7280000 rwxp 00000000 00:00 0 
a7280000-a7400000 ---p 00000000 00:00 0 
a7400000-a7403000 r-xs 0000f000 08:06 139321     /usr/lib/jvm/java-8-openjdk-i386/jre/lib/ext/icedtea-sound.jar
a7403000-a7405000 r-xs 00001000 08:06 139320     /usr/lib/jvm/java-8-openjdk-i386/jre/lib/ext/dnsns.jar
a7405000-a740f000 r-xs 00116000 08:06 139323     /usr/lib/jvm/java-8-openjdk-i386/jre/lib/ext/localedata.jar
a740f000-a742a000 r-xs 001d6000 08:06 139324     /usr/lib/jvm/java-8-openjdk-i386/jre/lib/ext/nashorn.jar
a742a000-a743e000 rwxp 00000000 00:00 0 
a743e000-a74d2000 ---p 00000000 00:00 0 
a74d2000-a74e6000 rwxp 00000000 00:00 0 
a74e6000-a757a000 ---p 00000000 00:00 0 
a757a000-a75ce000 rwxp 00000000 00:00 0 
a75ce000-a760f000 rwxp 00000000 00:00 0 
a760f000-a798f000 ---p 00000000 00:00 0 
a798f000-a8987000 rwxp 00000000 00:00 0 
a8987000-b698f000 ---p 00000000 00:00 0 
b698f000-b69a5000 r-xp 00000000 08:06 263281     /lib/i386-linux-gnu/libnsl-2.24.so
b69a5000-b69a6000 r-xp 00016000 08:06 263281     /lib/i386-linux-gnu/libnsl-2.24.so
b69a6000-b69a7000 rwxp 00017000 08:06 263281     /lib/i386-linux-gnu/libnsl-2.24.so
b69a7000-b69a9000 rwxp 00000000 00:00 0 
b69a9000-b69aa000 r-xs 00010000 08:06 139328     /usr/lib/jvm/java-8-openjdk-i386/jre/lib/ext/zipfs.jar
b69aa000-b69ac000 r-xs 00008000 08:06 139325     /usr/lib/jvm/java-8-openjdk-i386/jre/lib/ext/sunec.jar
b69ac000-b69ad000 r-xp 00000000 08:06 930927     /usr/lib/locale/aa_ET/LC_NUMERIC
b69ad000-b69ae000 r-xp 00000000 08:06 267035     /usr/lib/locale/en_US.utf8/LC_TIME
b69ae000-b69af000 r-xp 00000000 08:06 139900     /usr/lib/locale/chr_US/LC_MONETARY
b69af000-b69b0000 r-xp 00000000 08:06 266822     /usr/lib/locale/en_AG/LC_MESSAGES/SYS_LC_MESSAGES
b69b0000-b69b1000 r-xp 00000000 08:06 139902     /usr/lib/locale/chr_US/LC_PAPER
b69b1000-b69b8000 r-xs 00000000 08:06 1050545    /usr/lib/i386-linux-gnu/gconv/gconv-modules.cache
b69b8000-b69c4000 rwxp 00000000 00:00 0 
b69c4000-b69cc000 r-xp 00000000 08:06 139369     /usr/lib/jvm/java-8-openjdk-i386/jre/lib/i386/libzip.so
b69cc000-b69cd000 r-xp 00007000 08:06 139369     /usr/lib/jvm/java-8-openjdk-i386/jre/lib/i386/libzip.so
b69cd000-b69ce000 rwxp 00008000 08:06 139369     /usr/lib/jvm/java-8-openjdk-i386/jre/lib/i386/libzip.so
b69ce000-b69d6000 rwxs 00000000 08:06 981664     /tmp/hsperfdata_sharath/2267
b69d6000-b69fe000 r-xp 00000000 08:06 139348     /usr/lib/jvm/java-8-openjdk-i386/jre/lib/i386/libjava.so
b69fe000-b69ff000 r-xp 00027000 08:06 139348     /usr/lib/jvm/java-8-openjdk-i386/jre/lib/i386/libjava.so
b69ff000-b6a00000 rwxp 00028000 08:06 139348     /usr/lib/jvm/java-8-openjdk-i386/jre/lib/i386/libjava.so
b6a00000-b6af8000 rwxp 00000000 00:00 0 
b6af8000-b6b00000 ---p 00000000 00:00 0 
b6b00000-b6b01000 r-xp 00000000 08:06 139901     /usr/lib/locale/chr_US/LC_NAME
b6b01000-b6b02000 r-xp 00000000 08:06 267032     /usr/lib/locale/en_US.utf8/LC_ADDRESS
b6b02000-b6b0d000 r-xp 00000000 08:06 263287     /lib/i386-linux-gnu/libnss_files-2.24.so
b6b0d000-b6b0e000 r-xp 0000a000 08:06 263287     /lib/i386-linux-gnu/libnss_files-2.24.so
b6b0e000-b6b0f000 rwxp 0000b000 08:06 263287     /lib/i386-linux-gnu/libnss_files-2.24.so
b6b0f000-b6b15000 rwxp 00000000 00:00 0 
b6b15000-b6b1c000 r-xp 00000000 08:06 263331     /lib/i386-linux-gnu/librt-2.24.so
b6b1c000-b6b1d000 r-xp 00006000 08:06 263331     /lib/i386-linux-gnu/librt-2.24.so
b6b1d000-b6b1e000 rwxp 00007000 08:06 263331     /lib/i386-linux-gnu/librt-2.24.so
b6b1e000-b6b21000 ---p 00000000 00:00 0 
b6b21000-b6b6f000 rwxp 00000000 00:00 0 
b6b6f000-b6b8a000 r-xp 00000000 08:06 263236     /lib/i386-linux-gnu/libgcc_s.so.1
b6b8a000-b6b8b000 r-xp 0001a000 08:06 263236     /lib/i386-linux-gnu/libgcc_s.so.1
b6b8b000-b6b8c000 rwxp 0001b000 08:06 263236     /lib/i386-linux-gnu/libgcc_s.so.1
b6b8c000-b6bdf000 r-xp 00000000 08:06 263266     /lib/i386-linux-gnu/libm-2.24.so
b6bdf000-b6be0000 r-xp 00052000 08:06 263266     /lib/i386-linux-gnu/libm-2.24.so
b6be0000-b6be1000 rwxp 00053000 08:06 263266     /lib/i386-linux-gnu/libm-2.24.so
b6be1000-b6d53000 r-xp 00000000 08:06 1053025    /usr/lib/i386-linux-gnu/libstdc++.so.6.0.24
b6d53000-b6d59000 r-xp 00171000 08:06 1053025    /usr/lib/i386-linux-gnu/libstdc++.so.6.0.24
b6d59000-b6d5a000 rwxp 00177000 08:06 1053025    /usr/lib/i386-linux-gnu/libstdc++.so.6.0.24
b6d5a000-b6d5d000 rwxp 00000000 00:00 0 
b6d5d000-b784f000 r-xp 00000000 08:06 139373     /usr/lib/jvm/java-8-openjdk-i386/jre/lib/i386/server/libjvm.so
b784f000-b7850000 ---p 00af2000 08:06 139373     /usr/lib/jvm/java-8-openjdk-i386/jre/lib/i386/server/libjvm.so
b7850000-b789c000 r-xp 00af2000 08:06 139373     /usr/lib/jvm/java-8-openjdk-i386/jre/lib/i386/server/libjvm.so
b789c000-b78b3000 rwxp 00b3e000 08:06 139373     /usr/lib/jvm/java-8-openjdk-i386/jre/lib/i386/server/libjvm.so
b78b3000-b7cd4000 rwxp 00000000 00:00 0 
b7cd4000-b7e85000 r-xp 00000000 08:06 263199     /lib/i386-linux-gnu/libc-2.24.so
b7e85000-b7e87000 r-xp 001b0000 08:06 263199     /lib/i386-linux-gnu/libc-2.24.so
b7e87000-b7e88000 rwxp 001b2000 08:06 263199     /lib/i386-linux-gnu/libc-2.24.so
b7e88000-b7e8b000 rwxp 00000000 00:00 0 
b7e8b000-b7e8e000 r-xp 00000000 08:06 263222     /lib/i386-linux-gnu/libdl-2.24.so
b7e8e000-b7e8f000 r-xp 00002000 08:06 263222     /lib/i386-linux-gnu/libdl-2.24.so
b7e8f000-b7e90000 rwxp 00003000 08:06 263222     /lib/i386-linux-gnu/libdl-2.24.so
b7e90000-b7e9d000 r-xp 00000000 08:06 139333     /usr/lib/jvm/java-8-openjdk-i386/jre/lib/i386/jli/libjli.so
b7e9d000-b7e9e000 r-xp 0000c000 08:06 139333     /usr/lib/jvm/java-8-openjdk-i386/jre/lib/i386/jli/libjli.so
b7e9e000-b7e9f000 rwxp 0000d000 08:06 139333     /usr/lib/jvm/java-8-openjdk-i386/jre/lib/i386/jli/libjli.so
b7e9f000-b7eb8000 r-xp 00000000 08:06 263365     /lib/i386-linux-gnu/libz.so.1.2.8
b7eb8000-b7eb9000 r-xp 00018000 08:06 263365     /lib/i386-linux-gnu/libz.so.1.2.8
b7eb9000-b7eba000 rwxp 00019000 08:06 263365     /lib/i386-linux-gnu/libz.so.1.2.8
b7eba000-b7ed3000 r-xp 00000000 08:06 263323     /lib/i386-linux-gnu/libpthread-2.24.so
b7ed3000-b7ed4000 r-xp 00018000 08:06 263323     /lib/i386-linux-gnu/libpthread-2.24.so
b7ed4000-b7ed5000 rwxp 00019000 08:06 263323     /lib/i386-linux-gnu/libpthread-2.24.so
b7ed5000-b7ed7000 rwxp 00000000 00:00 0 
b7ed7000-b7ed8000 r-xp 00000000 08:06 139903     /usr/lib/locale/chr_US/LC_TELEPHONE
b7ed8000-b7ed9000 r-xp 00000000 08:06 139899     /usr/lib/locale/chr_US/LC_MEASUREMENT
b7ed9000-b7eda000 r-xp 00000000 08:06 267033     /usr/lib/locale/en_US.utf8/LC_IDENTIFICATION
b7eda000-b7ee5000 r-xp 00000000 08:06 263298     /lib/i386-linux-gnu/libnss_nis-2.24.so
b7ee5000-b7ee6000 r-xp 0000a000 08:06 263298     /lib/i386-linux-gnu/libnss_nis-2.24.so
b7ee6000-b7ee7000 rwxp 0000b000 08:06 263298     /lib/i386-linux-gnu/libnss_nis-2.24.so
b7ee7000-b7eef000 r-xp 00000000 08:06 263283     /lib/i386-linux-gnu/libnss_compat-2.24.so
b7eef000-b7ef0000 r-xp 00007000 08:06 263283     /lib/i386-linux-gnu/libnss_compat-2.24.so
b7ef0000-b7ef1000 rwxp 00008000 08:06 263283     /lib/i386-linux-gnu/libnss_compat-2.24.so
b7ef1000-b7ef2000 rwxp 00000000 00:00 0 
b7ef2000-b7ef3000 ---p 00000000 00:00 0 
b7ef3000-b7f01000 r-xp 00000000 08:06 139368     /usr/lib/jvm/java-8-openjdk-i386/jre/lib/i386/libverify.so
b7f01000-b7f02000 ---p 0000e000 08:06 139368     /usr/lib/jvm/java-8-openjdk-i386/jre/lib/i386/libverify.so
b7f02000-b7f03000 r-xp 0000e000 08:06 139368     /usr/lib/jvm/java-8-openjdk-i386/jre/lib/i386/libverify.so
b7f03000-b7f04000 rwxp 0000f000 08:06 139368     /usr/lib/jvm/java-8-openjdk-i386/jre/lib/i386/libverify.so
b7f04000-b7f07000 rwxp 00000000 00:00 0 
b7f07000-b7f0a000 r--p 00000000 00:00 0          [vvar]
b7f0a000-b7f0c000 r-xp 00000000 00:00 0          [vdso]
b7f0c000-b7f2f000 r-xp 00000000 08:06 263168     /lib/i386-linux-gnu/ld-2.24.so
b7f2f000-b7f30000 r-xp 00022000 08:06 263168     /lib/i386-linux-gnu/ld-2.24.so
b7f30000-b7f31000 rwxp 00023000 08:06 263168     /lib/i386-linux-gnu/ld-2.24.so
bfa80000-bfaa1000 rw-p 00000000 00:00 0          [stack]

VM Arguments:
jvm_args: -Dorg.gradle.appname=gradlew 
java_command: org.gradle.wrapper.GradleWrapperMain installDebug
java_class_path (initial): /home/sharath/dev/sampleApp_typescript/react-native/android/gradle/wrapper/gradle-wrapper.jar
Launcher Type: SUN_STANDARD

Environment Variables:
PATH=/home/sharath/.nvm/versions/node/v9.3.0/bin:/usr/local/bin:/usr/bin:/bin:/usr/local/games:/usr/games:/home/sharath/Android/Sdk/tools:/home/sharath/Android/Sdk/platform-tools:/home/sharath/Android/Sdk/tools:/home/sharath/Android/Sdk/platform-tools:/home/sharath/Android/Sdk/tools:/home/sharath/Android/Sdk/platform-tools
USERNAME=sharath
SHELL=/bin/bash
DISPLAY=:1

Signal Handlers:
SIGSEGV: [libjvm.so+0x8fb2f0], sa_mask[0]=11111111011111111101111111111110, sa_flags=SA_RESTART|SA_SIGINFO
SIGBUS: [libjvm.so+0x8fb2f0], sa_mask[0]=11111111011111111101111111111110, sa_flags=SA_RESTART|SA_SIGINFO
SIGFPE: [libjvm.so+0x74dfc0], sa_mask[0]=11111111011111111101111111111110, sa_flags=SA_RESTART|SA_SIGINFO
SIGPIPE: [libjvm.so+0x74dfc0], sa_mask[0]=11111111011111111101111111111110, sa_flags=SA_RESTART|SA_SIGINFO
SIGXFSZ: [libjvm.so+0x74dfc0], sa_mask[0]=11111111011111111101111111111110, sa_flags=SA_RESTART|SA_SIGINFO
SIGILL: [libjvm.so+0x74dfc0], sa_mask[0]=11111111011111111101111111111110, sa_flags=SA_RESTART|SA_SIGINFO
SIGUSR1: SIG_DFL, sa_mask[0]=00000000000000000000000000000000, sa_flags=none
SIGUSR2: [libjvm.so+0x74de00], sa_mask[0]=00000000000000000000000000000000, sa_flags=SA_RESTART|SA_SIGINFO
SIGHUP: [libjvm.so+0x74e350], sa_mask[0]=11111111011111111101111111111110, sa_flags=SA_RESTART|SA_SIGINFO
SIGINT: [libjvm.so+0x74e350], sa_mask[0]=11111111011111111101111111111110, sa_flags=SA_RESTART|SA_SIGINFO
SIGTERM: [libjvm.so+0x74e350], sa_mask[0]=11111111011111111101111111111110, sa_flags=SA_RESTART|SA_SIGINFO
SIGQUIT: [libjvm.so+0x74e350], sa_mask[0]=11111111011111111101111111111110, sa_flags=SA_RESTART|SA_SIGINFO


---------------  S Y S T E M  ---------------

OS:DISTRIB_ID=Kali
DISTRIB_RELEASE=kali-rolling
DISTRIB_CODENAME=kali-rolling
DISTRIB_DESCRIPTION="Kali GNU/Linux Rolling"

uname:Linux 4.13.0-kali1-686-pae #1 SMP Debian 4.13.10-1kali2 (2017-11-08) i686
libc:glibc 2.24 NPTL 2.24 
rlimit: STACK 8192k, CORE 0k, NPROC 15862, NOFILE 1048576, AS infinity
load average:2.46 1.36 0.56

/proc/meminfo:
MemTotal:        2057072 kB
MemFree:          248396 kB
MemAvailable:     271424 kB
Buffers:           18964 kB
Cached:           479712 kB
SwapCached:            0 kB
Active:          1315020 kB
Inactive:         405872 kB
Active(anon):    1224948 kB
Inactive(anon):   277324 kB
Active(file):      90072 kB
Inactive(file):   128548 kB
Unevictable:           0 kB
Mlocked:               0 kB
HighTotal:       1175236 kB
HighFree:          95960 kB
LowTotal:         881836 kB
LowFree:          152436 kB
SwapTotal:             0 kB
SwapFree:              0 kB
Dirty:              5432 kB
Writeback:             0 kB
AnonPages:       1219724 kB
Mapped:           168396 kB
Shmem:            280016 kB
Slab:              45236 kB
SReclaimable:      21496 kB
SUnreclaim:        23740 kB
KernelStack:        5320 kB
PageTables:        17096 kB
NFS_Unstable:          0 kB
Bounce:                0 kB
WritebackTmp:          0 kB
CommitLimit:     1028536 kB
Committed_AS:    6520992 kB
VmallocTotal:     122880 kB
VmallocUsed:           0 kB
VmallocChunk:          0 kB
HardwareCorrupted:     0 kB
AnonHugePages:    339968 kB
ShmemHugePages:        0 kB
ShmemPmdMapped:        0 kB
HugePages_Total:       0
HugePages_Free:        0
HugePages_Rsvd:        0
HugePages_Surp:        0
Hugepagesize:       2048 kB
DirectMap4k:       12280 kB
DirectMap2M:      899072 kB


CPU:total 2 (initial active 2) (2 cores per cpu, 1 threads per core) family 6 model 15 stepping 2, cmov, cx8, fxsr, mmx, sse, sse2, sse3, ssse3, tsc

/proc/cpuinfo:
processor	: 0
vendor_id	: GenuineIntel
cpu family	: 6
model		: 15
model name	: Intel(R) Core(TM)2 CPU          4400  @ 2.00GHz
stepping	: 2
microcode	: 0x5d
cpu MHz		: 1995.022
cache size	: 2048 KB
physical id	: 0
siblings	: 2
core id		: 0
cpu cores	: 2
apicid		: 0
initial apicid	: 0
fdiv_bug	: no
f00f_bug	: no
coma_bug	: no
fpu		: yes
fpu_exception	: yes
cpuid level	: 10
wp		: yes
flags		: fpu vme de pse tsc msr pae mce cx8 apic sep mtrr pge mca cmov pat pse36 clflush dts acpi mmx fxsr sse sse2 ss ht tm pbe nx lm constant_tsc arch_perfmon pebs bts cpuid aperfmperf pni dtes64 monitor ds_cpl est tm2 ssse3 cx16 xtpr pdcm lahf_lm dtherm
bugs		:
bogomips	: 3990.04
clflush size	: 64
cache_alignment	: 64
address sizes	: 36 bits physical, 48 bits virtual
power management:

processor	: 1
vendor_id	: GenuineIntel
cpu family	: 6
model		: 15
model name	: Intel(R) Core(TM)2 CPU          4400  @ 2.00GHz
stepping	: 2
microcode	: 0x5d
cpu MHz		: 1995.022
cache size	: 2048 KB
physical id	: 0
siblings	: 2
core id		: 1
cpu cores	: 2
apicid		: 1
initial apicid	: 1
fdiv_bug	: no
f00f_bug	: no
coma_bug	: no
fpu		: yes
fpu_exception	: yes
cpuid level	: 10
wp		: yes
flags		: fpu vme de pse tsc msr pae mce cx8 apic sep mtrr pge mca cmov pat pse36 clflush dts acpi mmx fxsr sse sse2 ss ht tm pbe nx lm constant_tsc arch_perfmon pebs bts cpuid aperfmperf pni dtes64 monitor ds_cpl est tm2 ssse3 cx16 xtpr pdcm lahf_lm dtherm
bugs		:
bogomips	: 3990.01
clflush size	: 64
cache_alignment	: 64
address sizes	: 36 bits physical, 48 bits virtual
power management:



Memory: 4k page, physical 2057072k(248396k free), swap 0k(0k free)

vm_info: OpenJDK Server VM (25.151-b12) for linux-x86 JRE (1.8.0_151-8u151-b12-1-b12), built on Nov  1 2017 06:12:56 by "buildd" with gcc 7.2.1 20171025

time: Fri Jan 26 09:18:17 2018
elapsed time: 49 seconds (0d 0h 0m 49s)

